[17:40:20.590][info] [#0:/home/yanfenggao/.local/share/nvim/mason/packages/lua-language-server/libexec/main.lua:68]: Lua Lsp startup, root: 	/home/yanfenggao/.local/share/nvim/mason/packages/lua-language-server/libexec
[17:40:20.591][info] [#0:/home/yanfenggao/.local/share/nvim/mason/packages/lua-language-server/libexec/main.lua:69]: ROOT:	/home/yanfenggao/.local/share/nvim/mason/packages/lua-language-server/libexec
[17:40:20.591][info] [#0:/home/yanfenggao/.local/share/nvim/mason/packages/lua-language-server/libexec/main.lua:70]: LOGPATH:	/home/yanfenggao/.local/share/nvim/mason/packages/lua-language-server/libexec/log
[17:40:20.591][info] [#0:/home/yanfenggao/.local/share/nvim/mason/packages/lua-language-server/libexec/main.lua:71]: METAPATH:	/home/yanfenggao/.local/share/nvim/mason/packages/lua-language-server/libexec/meta
[17:40:20.591][info] [#0:/home/yanfenggao/.local/share/nvim/mason/packages/lua-language-server/libexec/main.lua:72]: VERSION:	3.11.1
[17:40:20.650][info] [#0:script/proto/proto.lua:260]: Listen Mode: stdio
[17:40:20.650][info] [#0:script/service/service.lua:145]: 
========= Medical Examination Report =========
    --------------- Memory ---------------
        Total: 2.246 MB
        # 00 : 2.246 MB
        # 01 : 0.000 MB
        # 02 : 0.000 MB
        # 03 : 0.000 MB
        # 04 : 0.000 MB
    --------------- Coroutine ---------------
        Total:     0
        Running:   0
        Suspended: 0
        Normal:    0
        Dead:      0
    --------------- Cache ---------------
        Total: 1
        Dead:  0
    ---------------  RPC  ---------------
        Holdon:   0
        Waiting:  0
==============================================
[17:40:20.759][info] [#0:script/client.lua:657]: Client init	{
  capabilities = {
    general = {
      positionEncodings = { "utf-16" }
    },
    textDocument = {
      callHierarchy = {
        dynamicRegistration = false
      },
      codeAction = {
        codeActionLiteralSupport = {
          codeActionKind = {
            valueSet = { "", "quickfix", "refactor", "refactor.extract", "refactor.inline", "refactor.rewrite", "source", "source.organizeImports" }
          }
        },
        dataSupport = true,
        dynamicRegistration = true,
        isPreferredSupport = true,
        resolveSupport = {
          properties = { "edit" }
        }
      },
      codeLens = {
        dynamicRegistration = false,
        resolveSupport = {
          properties = { "command" }
        }
      },
      completion = {
        completionItem = {
          commitCharactersSupport = true,
          deprecatedSupport = true,
          documentationFormat = { "markdown", "plaintext" },
          insertReplaceSupport = true,
          insertTextModeSupport = {
            valueSet = { 1, 2 }
          },
          labelDetailsSupport = true,
          preselectSupport = true,
          resolveSupport = {
            properties = { "documentation", "detail", "additionalTextEdits", "sortText", "filterText", "insertText", "textEdit", "insertTextFormat", "insertTextMode" }
          },
          snippetSupport = true,
          tagSupport = {
            valueSet = { 1 }
          }
        },
        completionItemKind = {
          valueSet = { 1, 2, 3, 4, 5, 6, 7, 8, 9, 10, 11, 12, 13, 14, 15, 16, 17, 18, 19, 20, 21, 22, 23, 24, 25 }
        },
        completionList = {
          itemDefaults = { "commitCharacters", "editRange", "insertTextFormat", "insertTextMode", "data" }
        },
        contextSupport = true,
        dynamicRegistration = false,
        insertTextMode = 1
      },
      declaration = {
        linkSupport = true
      },
      definition = {
        dynamicRegistration = true,
        linkSupport = true
      },
      diagnostic = {
        dynamicRegistration = false
      },
      documentHighlight = {
        dynamicRegistration = false
      },
      documentSymbol = {
        dynamicRegistration = false,
        hierarchicalDocumentSymbolSupport = true,
        symbolKind = {
          valueSet = { 1, 2, 3, 4, 5, 6, 7, 8, 9, 10, 11, 12, 13, 14, 15, 16, 17, 18, 19, 20, 21, 22, 23, 24, 25, 26 }
        }
      },
      formatting = {
        dynamicRegistration = true
      },
      hover = {
        contentFormat = { "markdown", "plaintext" },
        dynamicRegistration = true
      },
      implementation = {
        linkSupport = true
      },
      inlayHint = {
        dynamicRegistration = true,
        resolveSupport = {
          properties = { "textEdits", "tooltip", "location", "command" }
        }
      },
      publishDiagnostics = {
        dataSupport = true,
        relatedInformation = true,
        tagSupport = {
          valueSet = { 1, 2 }
        }
      },
      rangeFormatting = {
        dynamicRegistration = true,
        rangesSupport = true
      },
      references = {
        dynamicRegistration = false
      },
      rename = {
        dynamicRegistration = true,
        prepareSupport = true
      },
      semanticTokens = {
        augmentsSyntaxTokens = true,
        dynamicRegistration = false,
        formats = { "relative" },
        multilineTokenSupport = false,
        overlappingTokenSupport = true,
        requests = {
          full = {
            delta = true
          },
          range = false
        },
        serverCancelSupport = false,
        tokenModifiers = { "declaration", "definition", "readonly", "static", "deprecated", "abstract", "async", "modification", "documentation", "defaultLibrary" },
        tokenTypes = { "namespace", "type", "class", "enum", "interface", "struct", "typeParameter", "parameter", "variable", "property", "enumMember", "event", "function", "method", "macro", "keyword", "modifier", "comment", "string", "number", "regexp", "operator", "decorator" }
      },
      signatureHelp = {
        dynamicRegistration = false,
        signatureInformation = {
          activeParameterSupport = true,
          documentationFormat = { "markdown", "plaintext" },
          parameterInformation = {
            labelOffsetSupport = true
          }
        }
      },
      synchronization = {
        didSave = true,
        dynamicRegistration = false,
        willSave = true,
        willSaveWaitUntil = true
      },
      typeDefinition = {
        linkSupport = true
      }
    },
    window = {
      showDocument = {
        support = true
      },
      showMessage = {
        messageActionItem = {
          additionalPropertiesSupport = true
        }
      },
      workDoneProgress = true
    },
    workspace = {
      applyEdit = true,
      configuration = true,
      didChangeConfiguration = {
        dynamicRegistration = false
      },
      didChangeWatchedFiles = {
        dynamicRegistration = false,
        relativePatternSupport = true
      },
      fileOperations = {
        didRename = true,
        willRename = true
      },
      inlayHint = {
        refreshSupport = true
      },
      semanticTokens = {
        refreshSupport = true
      },
      symbol = {
        dynamicRegistration = false,
        symbolKind = {
          valueSet = { 1, 2, 3, 4, 5, 6, 7, 8, 9, 10, 11, 12, 13, 14, 15, 16, 17, 18, 19, 20, 21, 22, 23, 24, 25, 26 }
        }
      },
      workspaceEdit = {
        resourceOperations = { "rename", "create", "delete" }
      },
      workspaceFolders = true
    }
  },
  clientInfo = {
    name = "Neovim",
    version = "0.11.0-dev+gfae4d3fa1"
  },
  initializationOptions = {},
  processId = 1966390,
  rootPath = "/home/yanfenggao/.config/nvim-kickstart",
  rootUri = "file:///home/yanfenggao/.config/nvim-kickstart",
  trace = "off",
  workDoneToken = "1",
  workspaceFolders = { {
      name = "/home/yanfenggao/.config/nvim-kickstart",
      uri = "file:///home/yanfenggao/.config/nvim-kickstart"
    } }
}
[17:40:20.760][info] [#0:script/language.lua:137]: VSC language: nil
[17:40:20.760][info] [#0:script/language.lua:138]: LS  language: en-us
[17:40:20.760][info] [#0:script/workspace/workspace.lua:38]: Workspace init root: 	file:///home/yanfenggao/.config/nvim-kickstart
[17:40:20.760][info] [#0:script/workspace/workspace.lua:42]: Log path: 	/home/yanfenggao/.local/share/nvim/mason/packages/lua-language-server/libexec/log/file_home_yanfenggao_.config_nvim-kickstart.log
[17:40:20.761][info] [#0:script/workspace/workspace.lua:48]: Workspace create: 	file:///home/yanfenggao/.config/nvim-kickstart
[17:40:21.166][info] [#0:script/provider/provider.lua:48]: Load config from client	file:///home/yanfenggao/.config/nvim-kickstart
[17:40:21.166][info] [#0:script/provider/provider.lua:49]: {
  Lua = {
    codeLens = {
      enable = true
    },
    completion = {
      callSnippet = "Replace"
    },
    doc = {
      privateName = { "^_" }
    },
    hint = {
      arrayIndex = "Disable",
      enable = true,
      paramName = "Disable",
      paramType = true,
      semicolon = "Disable",
      setType = false
    },
    runtime = {
      path = { "?.lua", "?/init.lua" },
      pathStrict = true,
      version = "LuaJIT"
    },
    workspace = {
      checkThirdParty = false,
      ignoreDir = { "/lua" },
      library = { "/home/yanfenggao/tools/nvim-linux64/share/nvim/runtime/lua", "/home/yanfenggao/.config/nvim-kickstart/lua", "/home/yanfenggao/.local/share/nvim/lazy/lazy.nvim/lua" }
    }
  }
}
[17:40:21.167][info] [#0:script/provider/provider.lua:48]: Load config from client	file:///home/yanfenggao/.config/nvim-kickstart
[17:40:21.167][info] [#0:script/provider/provider.lua:49]: {
  Lua = {
    codeLens = {
      enable = true
    },
    completion = {
      callSnippet = "Replace"
    },
    doc = {
      privateName = { "^_" }
    },
    hint = {
      arrayIndex = "Disable",
      enable = true,
      paramName = "Disable",
      paramType = true,
      semicolon = "Disable",
      setType = false
    },
    runtime = {
      path = { "?.lua", "?/init.lua" },
      pathStrict = true,
      version = "LuaJIT"
    },
    workspace = {
      checkThirdParty = false,
      ignoreDir = { "/lua" },
      library = { "/home/yanfenggao/tools/nvim-linux64/share/nvim/runtime/lua", "/home/yanfenggao/.config/nvim-kickstart/lua", "/home/yanfenggao/.local/share/nvim/lazy/lazy.nvim/lua" }
    }
  }
}
[17:40:21.168][info] [#0:script/provider/provider.lua:48]: Load config from client	file:///home/yanfenggao/.config/nvim-kickstart
[17:40:21.168][info] [#0:script/provider/provider.lua:49]: {
  Lua = {
    codeLens = {
      enable = true
    },
    completion = {
      callSnippet = "Replace"
    },
    doc = {
      privateName = { "^_" }
    },
    hint = {
      arrayIndex = "Disable",
      enable = true,
      paramName = "Disable",
      paramType = true,
      semicolon = "Disable",
      setType = false
    },
    runtime = {
      path = { "?.lua", "?/init.lua" },
      pathStrict = true,
      version = "LuaJIT"
    },
    workspace = {
      checkThirdParty = false,
      ignoreDir = { "/lua" },
      library = { "/home/yanfenggao/tools/nvim-linux64/share/nvim/runtime/lua", "/home/yanfenggao/.config/nvim-kickstart/lua", "/home/yanfenggao/.local/share/nvim/lazy/lazy.nvim/lua" }
    }
  }
}
[17:40:21.269][warn] [#0:script/config/loader.lua:116]: No config?	{}
[17:40:21.269][info] [#0:script/provider/provider.lua:64]: Load config from client	fallback
[17:40:21.269][info] [#0:script/provider/provider.lua:65]: nil
[17:40:21.269][warn] [#0:script/config/loader.lua:116]: No config?	{}
[17:40:21.269][info] [#0:script/provider/provider.lua:64]: Load config from client	fallback
[17:40:21.269][info] [#0:script/provider/provider.lua:65]: nil
[17:40:21.269][warn] [#0:script/config/loader.lua:116]: No config?	{}
[17:40:21.269][info] [#0:script/provider/provider.lua:64]: Load config from client	fallback
[17:40:21.269][info] [#0:script/provider/provider.lua:65]: nil
[17:40:21.398][info] [#0:script/library.lua:212]: Init builtin library at:	file:///home/yanfenggao/.config/nvim-kickstart
[17:40:21.694][info] [#0:script/library.lua:212]: Init builtin library at:	nil
[17:40:21.939][info] [#0:script/workspace/workspace.lua:324]: Preload start:	file:///home/yanfenggao/.config/nvim-kickstart
[17:40:21.953][info] [#0:script/workspace/workspace.lua:330]: Scan files at:	file:///home/yanfenggao/.config/nvim-kickstart
[17:40:21.956][info] [#0:script/workspace/workspace.lua:324]: Preload start:	<fallback>
[17:40:21.959][info] [#0:script/workspace/workspace.lua:353]: Scan library at:	file:///home/yanfenggao/.local/share/nvim/mason/packages/lua-language-server/libexec/meta/Lua%205.4%20en-us%20utf8/table.lua
[17:40:21.960][info] [#0:script/workspace/workspace.lua:353]: Scan library at:	file:///home/yanfenggao/.local/share/nvim/mason/packages/lua-language-server/libexec/meta/Lua%205.4%20en-us%20utf8/utf8.lua
[17:40:21.960][info] [#0:script/workspace/workspace.lua:353]: Scan library at:	file:///home/yanfenggao/.local/share/nvim/mason/packages/lua-language-server/libexec/meta/Lua%205.4%20en-us%20utf8/io.lua
[17:40:21.961][info] [#0:script/workspace/workspace.lua:353]: Scan library at:	file:///home/yanfenggao/.local/share/nvim/mason/packages/lua-language-server/libexec/meta/Lua%205.4%20en-us%20utf8/builtin.lua
[17:40:21.961][info] [#0:script/workspace/workspace.lua:353]: Scan library at:	file:///home/yanfenggao/.local/share/nvim/mason/packages/lua-language-server/libexec/meta/Lua%205.4%20en-us%20utf8/string.lua
[17:40:21.962][info] [#0:script/workspace/workspace.lua:353]: Scan library at:	file:///home/yanfenggao/.local/share/nvim/mason/packages/lua-language-server/libexec/meta/Lua%205.4%20en-us%20utf8/basic.lua
[17:40:21.962][info] [#0:script/workspace/workspace.lua:353]: Scan library at:	file:///home/yanfenggao/.local/share/nvim/mason/packages/lua-language-server/libexec/meta/Lua%205.4%20en-us%20utf8/math.lua
[17:40:21.963][info] [#0:script/workspace/workspace.lua:353]: Scan library at:	file:///home/yanfenggao/.local/share/nvim/mason/packages/lua-language-server/libexec/meta/Lua%205.4%20en-us%20utf8/package.lua
[17:40:21.963][info] [#0:script/workspace/workspace.lua:353]: Scan library at:	file:///home/yanfenggao/.local/share/nvim/mason/packages/lua-language-server/libexec/meta/Lua%205.4%20en-us%20utf8/debug.lua
[17:40:21.963][info] [#0:script/workspace/workspace.lua:353]: Scan library at:	file:///home/yanfenggao/tools/nvim-linux64/share/nvim/runtime/lua
[17:40:21.968][info] [#0:script/workspace/workspace.lua:353]: Scan library at:	file:///home/yanfenggao/.local/share/nvim/mason/packages/lua-language-server/libexec/meta/Lua%205.4%20en-us%20utf8/coroutine.lua
[17:40:21.969][info] [#0:script/workspace/workspace.lua:353]: Scan library at:	file:///home/yanfenggao/.local/share/nvim/mason/packages/lua-language-server/libexec/meta/Lua%205.4%20en-us%20utf8/os.lua
[17:40:21.983][info] [#0:script/workspace/workspace.lua:353]: Scan library at:	file:///home/yanfenggao/.local/share/nvim/mason/packages/lua-language-server/libexec/meta/LuaJIT%20en-us%20utf8/math.lua
[17:40:21.984][info] [#0:script/workspace/workspace.lua:353]: Scan library at:	file:///home/yanfenggao/.local/share/nvim/mason/packages/lua-language-server/libexec/meta/LuaJIT%20en-us%20utf8/debug.lua
[17:40:21.984][info] [#0:script/workspace/workspace.lua:353]: Scan library at:	file:///home/yanfenggao/.local/share/nvim/mason/packages/lua-language-server/libexec/meta/LuaJIT%20en-us%20utf8/io.lua
[17:40:21.984][info] [#0:script/workspace/workspace.lua:353]: Scan library at:	file:///home/yanfenggao/.local/share/nvim/mason/packages/lua-language-server/libexec/meta/LuaJIT%20en-us%20utf8/jit.lua
[17:40:21.985][info] [#0:script/workspace/workspace.lua:353]: Scan library at:	file:///home/yanfenggao/.local/share/nvim/mason/packages/lua-language-server/libexec/meta/LuaJIT%20en-us%20utf8/coroutine.lua
[17:40:21.985][info] [#0:script/workspace/workspace.lua:353]: Scan library at:	file:///home/yanfenggao/.local/share/nvim/mason/packages/lua-language-server/libexec/meta/LuaJIT%20en-us%20utf8/string/buffer.lua
[17:40:21.985][info] [#0:script/workspace/workspace.lua:353]: Scan library at:	file:///home/yanfenggao/.local/share/nvim/mason/packages/lua-language-server/libexec/meta/LuaJIT%20en-us%20utf8/builtin.lua
[17:40:21.985][info] [#0:script/workspace/workspace.lua:353]: Scan library at:	file:///home/yanfenggao/.local/share/nvim/mason/packages/lua-language-server/libexec/meta/LuaJIT%20en-us%20utf8/jit/profile.lua
[17:40:21.985][info] [#0:script/workspace/workspace.lua:353]: Scan library at:	file:///home/yanfenggao/.local/share/nvim/mason/packages/lua-language-server/libexec/meta/LuaJIT%20en-us%20utf8/ffi.lua
[17:40:21.986][info] [#0:script/workspace/workspace.lua:353]: Scan library at:	file:///home/yanfenggao/.local/share/nvim/mason/packages/lua-language-server/libexec/meta/LuaJIT%20en-us%20utf8/bit.lua
[17:40:21.986][info] [#0:script/workspace/workspace.lua:353]: Scan library at:	file:///home/yanfenggao/.local/share/nvim/mason/packages/lua-language-server/libexec/meta/LuaJIT%20en-us%20utf8/table.lua
[17:40:21.986][info] [#0:script/workspace/workspace.lua:353]: Scan library at:	file:///home/yanfenggao/.local/share/nvim/mason/packages/lua-language-server/libexec/meta/LuaJIT%20en-us%20utf8/package.lua
[17:40:21.986][info] [#0:script/workspace/workspace.lua:353]: Scan library at:	file:///home/yanfenggao/.local/share/nvim/lazy/lazy.nvim/lua
[17:40:21.997][info] [#0:script/workspace/workspace.lua:353]: Scan library at:	file:///home/yanfenggao/.local/share/nvim/mason/packages/lua-language-server/libexec/meta/LuaJIT%20en-us%20utf8/table/new.lua
[17:40:21.998][info] [#0:script/workspace/workspace.lua:353]: Scan library at:	file:///home/yanfenggao/.local/share/nvim/mason/packages/lua-language-server/libexec/meta/LuaJIT%20en-us%20utf8/string.lua
[17:40:21.998][info] [#0:script/workspace/workspace.lua:353]: Scan library at:	file:///home/yanfenggao/.local/share/nvim/mason/packages/lua-language-server/libexec/meta/LuaJIT%20en-us%20utf8/table/clear.lua
[17:40:21.998][info] [#0:script/workspace/workspace.lua:353]: Scan library at:	file:///home/yanfenggao/.local/share/nvim/mason/packages/lua-language-server/libexec/meta/LuaJIT%20en-us%20utf8/os.lua
[17:40:21.998][info] [#0:script/workspace/workspace.lua:353]: Scan library at:	file:///home/yanfenggao/.local/share/nvim/mason/packages/lua-language-server/libexec/meta/LuaJIT%20en-us%20utf8/basic.lua
[17:40:21.998][info] [#0:script/workspace/workspace.lua:353]: Scan library at:	file:///home/yanfenggao/.config/nvim-kickstart/lua
[17:40:22.002][info] [#0:script/workspace/workspace.lua:353]: Scan library at:	file:///home/yanfenggao/.local/share/nvim/mason/packages/lua-language-server/libexec/meta/LuaJIT%20en-us%20utf8/jit/util.lua
[17:40:22.103][info] [#0:script/workspace/workspace.lua:379]: Found 11 files at:	<fallback>
[17:40:22.103][info] [#0:script/workspace/loading.lua:160]: Load files from disk:	<fallback>
[17:40:22.103][info] [#0:script/workspace/workspace.lua:379]: Found 212 files at:	file:///home/yanfenggao/.config/nvim-kickstart
[17:40:22.103][info] [#0:script/workspace/loading.lua:160]: Load files from disk:	file:///home/yanfenggao/.config/nvim-kickstart
[17:40:22.105][info] [#0:script/workspace/loading.lua:100]: Preload file at: file:///home/yanfenggao/.local/share/nvim/mason/packages/lua-language-server/libexec/meta/Lua%205.4%20en-us%20utf8/os.lua , size = 5.600 KB
[17:40:22.116][info] [#0:script/workspace/loading.lua:112]: ++++As library of:	file:///home/yanfenggao/.local/share/nvim/mason/packages/lua-language-server/libexec/meta/Lua%205.4%20en-us%20utf8/os.lua
[17:40:22.116][info] [#0:script/workspace/loading.lua:100]: Preload file at: file:///home/yanfenggao/.local/share/nvim/mason/packages/lua-language-server/libexec/meta/LuaJIT%20en-us%20utf8/jit/util.lua , size = 1.984 KB
[17:40:22.123][info] [#0:script/workspace/loading.lua:112]: ++++As library of:	file:///home/yanfenggao/.local/share/nvim/mason/packages/lua-language-server/libexec/meta/LuaJIT%20en-us%20utf8/jit/util.lua
[17:40:22.123][info] [#0:script/workspace/loading.lua:100]: Preload file at: file:///home/yanfenggao/.config/nvim-kickstart/lua/options.lua , size = 1.799 KB
[17:40:22.125][info] [#0:script/workspace/loading.lua:112]: ++++As library of:	file:///home/yanfenggao/.config/nvim-kickstart/lua
[17:40:22.125][info] [#0:script/workspace/loading.lua:100]: Preload file at: file:///home/yanfenggao/.local/share/nvim/mason/packages/lua-language-server/libexec/meta/Lua%205.4%20en-us%20utf8/coroutine.lua , size = 2.590 KB
[17:40:22.127][info] [#0:script/workspace/loading.lua:112]: ++++As library of:	file:///home/yanfenggao/.local/share/nvim/mason/packages/lua-language-server/libexec/meta/Lua%205.4%20en-us%20utf8/coroutine.lua
[17:40:22.128][info] [#0:script/workspace/loading.lua:100]: Preload file at: file:///home/yanfenggao/.config/nvim-kickstart/lua/custom/plugins/init.lua , size = 0.205 KB
[17:40:22.128][info] [#0:script/workspace/loading.lua:112]: ++++As library of:	file:///home/yanfenggao/.config/nvim-kickstart/lua
[17:40:22.128][info] [#0:script/workspace/loading.lua:100]: Preload file at: file:///home/yanfenggao/.local/share/nvim/mason/packages/lua-language-server/libexec/meta/Lua%205.4%20en-us%20utf8/debug.lua , size = 7.637 KB
[17:40:22.134][info] [#0:script/workspace/loading.lua:112]: ++++As library of:	file:///home/yanfenggao/.local/share/nvim/mason/packages/lua-language-server/libexec/meta/Lua%205.4%20en-us%20utf8/debug.lua
[17:40:22.134][info] [#0:script/workspace/loading.lua:100]: Preload file at: file:///home/yanfenggao/.config/nvim-kickstart/lua/keymaps.lua , size = 2.002 KB
[17:40:22.135][info] [#0:script/workspace/loading.lua:112]: ++++As library of:	file:///home/yanfenggao/.config/nvim-kickstart/lua
[17:40:22.135][info] [#0:script/workspace/loading.lua:100]: Preload file at: file:///home/yanfenggao/.local/share/nvim/mason/packages/lua-language-server/libexec/meta/Lua%205.4%20en-us%20utf8/package.lua , size = 2.944 KB
[17:40:22.140][info] [#0:script/workspace/loading.lua:112]: ++++As library of:	file:///home/yanfenggao/.local/share/nvim/mason/packages/lua-language-server/libexec/meta/Lua%205.4%20en-us%20utf8/package.lua
[17:40:22.140][info] [#0:script/workspace/loading.lua:100]: Preload file at: file:///home/yanfenggao/.config/nvim-kickstart/lua/kickstart/health.lua , size = 1.507 KB
[17:40:22.141][info] [#0:script/workspace/loading.lua:112]: ++++As library of:	file:///home/yanfenggao/.config/nvim-kickstart/lua
[17:40:22.141][info] [#0:script/workspace/loading.lua:100]: Preload file at: file:///home/yanfenggao/.local/share/nvim/mason/packages/lua-language-server/libexec/meta/Lua%205.4%20en-us%20utf8/math.lua , size = 8.509 KB
[17:40:22.146][info] [#0:script/workspace/loading.lua:112]: ++++As library of:	file:///home/yanfenggao/.local/share/nvim/mason/packages/lua-language-server/libexec/meta/Lua%205.4%20en-us%20utf8/math.lua
[17:40:22.146][info] [#0:script/workspace/loading.lua:100]: Preload file at: file:///home/yanfenggao/.config/nvim-kickstart/lua/kickstart/plugins/tokyonight.lua , size = 0.837 KB
[17:40:22.146][info] [#0:script/workspace/loading.lua:112]: ++++As library of:	file:///home/yanfenggao/.config/nvim-kickstart/lua
[17:40:22.146][info] [#0:script/workspace/loading.lua:100]: Preload file at: file:///home/yanfenggao/.local/share/nvim/mason/packages/lua-language-server/libexec/meta/Lua%205.4%20en-us%20utf8/basic.lua , size = 15.621 KB
[17:40:22.154][info] [#0:script/workspace/loading.lua:112]: ++++As library of:	file:///home/yanfenggao/.local/share/nvim/mason/packages/lua-language-server/libexec/meta/Lua%205.4%20en-us%20utf8/basic.lua
[17:40:22.154][info] [#0:script/workspace/loading.lua:100]: Preload file at: file:///home/yanfenggao/.config/nvim-kickstart/lua/kickstart/plugins/which-key.lua , size = 2.288 KB
[17:40:22.155][info] [#0:script/workspace/loading.lua:112]: ++++As library of:	file:///home/yanfenggao/.config/nvim-kickstart/lua
[17:40:22.155][info] [#0:script/workspace/loading.lua:100]: Preload file at: file:///home/yanfenggao/.local/share/nvim/mason/packages/lua-language-server/libexec/meta/Lua%205.4%20en-us%20utf8/string.lua , size = 6.327 KB
[17:40:22.161][info] [#0:script/workspace/loading.lua:112]: ++++As library of:	file:///home/yanfenggao/.local/share/nvim/mason/packages/lua-language-server/libexec/meta/Lua%205.4%20en-us%20utf8/string.lua
[17:40:22.161][info] [#0:script/workspace/loading.lua:100]: Preload file at: file:///home/yanfenggao/.config/nvim-kickstart/lua/kickstart/plugins/conform.lua , size = 1.343 KB
[17:40:22.162][info] [#0:script/workspace/loading.lua:112]: ++++As library of:	file:///home/yanfenggao/.config/nvim-kickstart/lua
[17:40:22.162][info] [#0:script/workspace/loading.lua:100]: Preload file at: file:///home/yanfenggao/.local/share/nvim/mason/packages/lua-language-server/libexec/meta/Lua%205.4%20en-us%20utf8/builtin.lua , size = 0.302 KB
[17:40:22.162][info] [#0:script/workspace/loading.lua:112]: ++++As library of:	file:///home/yanfenggao/.local/share/nvim/mason/packages/lua-language-server/libexec/meta/Lua%205.4%20en-us%20utf8/builtin.lua
[17:40:22.162][info] [#0:script/workspace/loading.lua:100]: Preload file at: file:///home/yanfenggao/.config/nvim-kickstart/lua/kickstart/plugins/treesitter.lua , size = 1.394 KB
[17:40:22.163][info] [#0:script/workspace/loading.lua:112]: ++++As library of:	file:///home/yanfenggao/.config/nvim-kickstart/lua
[17:40:22.163][info] [#0:script/workspace/loading.lua:100]: Preload file at: file:///home/yanfenggao/.local/share/nvim/mason/packages/lua-language-server/libexec/meta/Lua%205.4%20en-us%20utf8/io.lua , size = 6.364 KB
[17:40:22.166][info] [#0:script/workspace/loading.lua:112]: ++++As library of:	file:///home/yanfenggao/.local/share/nvim/mason/packages/lua-language-server/libexec/meta/Lua%205.4%20en-us%20utf8/io.lua
[17:40:22.166][info] [#0:script/workspace/loading.lua:100]: Preload file at: file:///home/yanfenggao/.config/nvim-kickstart/lua/kickstart/plugins/indent_line.lua , size = 0.212 KB
[17:40:22.166][info] [#0:script/workspace/loading.lua:112]: ++++As library of:	file:///home/yanfenggao/.config/nvim-kickstart/lua
[17:40:22.166][info] [#0:script/workspace/loading.lua:100]: Preload file at: file:///home/yanfenggao/.local/share/nvim/mason/packages/lua-language-server/libexec/meta/Lua%205.4%20en-us%20utf8/utf8.lua , size = 2.386 KB
[17:40:22.168][info] [#0:script/workspace/loading.lua:112]: ++++As library of:	file:///home/yanfenggao/.local/share/nvim/mason/packages/lua-language-server/libexec/meta/Lua%205.4%20en-us%20utf8/utf8.lua
[17:40:22.168][info] [#0:script/workspace/loading.lua:100]: Preload file at: file:///home/yanfenggao/.config/nvim-kickstart/lua/kickstart/plugins/todo-comments.lua , size = 0.199 KB
[17:40:22.168][info] [#0:script/workspace/loading.lua:112]: ++++As library of:	file:///home/yanfenggao/.config/nvim-kickstart/lua
[17:40:22.168][info] [#0:script/workspace/loading.lua:100]: Preload file at: file:///home/yanfenggao/.config/nvim-kickstart/lua/kickstart/plugins/autopairs.lua , size = 0.486 KB
[17:40:22.169][info] [#0:script/workspace/loading.lua:112]: ++++As library of:	file:///home/yanfenggao/.config/nvim-kickstart/lua
[17:40:22.169][info] [#0:script/workspace/loading.lua:100]: Preload file at: file:///home/yanfenggao/.config/nvim-kickstart/lua/kickstart/plugins/gitsigns.lua , size = 2.723 KB
[17:40:22.170][info] [#0:script/workspace/loading.lua:112]: ++++As library of:	file:///home/yanfenggao/.config/nvim-kickstart/lua
[17:40:22.170][info] [#0:script/workspace/loading.lua:100]: Preload file at: file:///home/yanfenggao/.config/nvim-kickstart/lua/kickstart/plugins/neo-tree.lua , size = 0.561 KB
[17:40:22.171][info] [#0:script/workspace/loading.lua:112]: ++++As library of:	file:///home/yanfenggao/.config/nvim-kickstart/lua
[17:40:22.171][info] [#0:script/workspace/loading.lua:100]: Preload file at: file:///home/yanfenggao/.local/share/nvim/mason/packages/lua-language-server/libexec/meta/Lua%205.4%20en-us%20utf8/table.lua , size = 4.235 KB
[17:40:22.174][info] [#0:script/workspace/loading.lua:112]: ++++As library of:	file:///home/yanfenggao/.local/share/nvim/mason/packages/lua-language-server/libexec/meta/Lua%205.4%20en-us%20utf8/table.lua
[17:40:22.174][info] [#0:script/workspace/loading.lua:100]: Preload file at: file:///home/yanfenggao/.config/nvim-kickstart/lua/kickstart/plugins/debug.lua , size = 3.435 KB
[17:40:22.175][info] [#0:script/workspace/loading.lua:112]: ++++As library of:	file:///home/yanfenggao/.config/nvim-kickstart/lua
[17:40:22.175][info] [#0:script/workspace/loading.lua:100]: Preload file at: file:///home/yanfenggao/.config/nvim-kickstart/lua/kickstart/plugins/lspconfig.lua , size = 10.852 KB
[17:40:22.182][info] [#0:script/workspace/loading.lua:112]: ++++As library of:	file:///home/yanfenggao/.config/nvim-kickstart/lua
[17:40:22.182][info] [#0:script/workspace/loading.lua:100]: Preload file at: file:///home/yanfenggao/.config/nvim-kickstart/lua/kickstart/plugins/cmp.lua , size = 4.244 KB
[17:40:22.183][info] [#0:script/workspace/loading.lua:112]: ++++As library of:	file:///home/yanfenggao/.config/nvim-kickstart/lua
[17:40:22.183][info] [#0:script/workspace/loading.lua:100]: Preload file at: file:///home/yanfenggao/.config/nvim-kickstart/lua/kickstart/plugins/lint.lua , size = 1.850 KB
[17:40:22.184][info] [#0:script/workspace/loading.lua:112]: ++++As library of:	file:///home/yanfenggao/.config/nvim-kickstart/lua
[17:40:22.184][info] [#0:script/workspace/loading.lua:100]: Preload file at: file:///home/yanfenggao/.config/nvim-kickstart/lua/kickstart/plugins/mini.lua , size = 1.413 KB
[17:40:22.185][info] [#0:script/workspace/loading.lua:112]: ++++As library of:	file:///home/yanfenggao/.config/nvim-kickstart/lua
[17:40:22.185][info] [#0:script/workspace/loading.lua:88]: Skip loaded file: file:///home/yanfenggao/.config/nvim-kickstart/lua/lazy-plugins.lua
[17:40:22.185][info] [#0:script/workspace/loading.lua:112]: ++++As library of:	file:///home/yanfenggao/.config/nvim-kickstart/lua
[17:40:22.185][info] [#0:script/workspace/loading.lua:100]: Preload file at: file:///home/yanfenggao/.config/nvim-kickstart/lua/kickstart/plugins/telescope.lua , size = 4.923 KB
[17:40:22.186][info] [#0:script/workspace/loading.lua:112]: ++++As library of:	file:///home/yanfenggao/.config/nvim-kickstart/lua
[17:40:22.187][info] [#0:script/workspace/loading.lua:100]: Preload file at: file:///home/yanfenggao/.config/nvim-kickstart/lua/lazy-bootstrap.lua , size = 0.591 KB
[17:40:22.187][info] [#0:script/workspace/loading.lua:112]: ++++As library of:	file:///home/yanfenggao/.config/nvim-kickstart/lua
[17:40:22.187][info] [#0:script/workspace/loading.lua:100]: Preload file at: file:///home/yanfenggao/.local/share/nvim/mason/packages/lua-language-server/libexec/meta/LuaJIT%20en-us%20utf8/os.lua , size = 5.600 KB
[17:40:22.190][info] [#0:script/workspace/loading.lua:112]: ++++As library of:	file:///home/yanfenggao/.local/share/nvim/mason/packages/lua-language-server/libexec/meta/LuaJIT%20en-us%20utf8/os.lua
[17:40:22.190][info] [#0:script/workspace/loading.lua:100]: Preload file at: file:///home/yanfenggao/.local/share/nvim/mason/packages/lua-language-server/libexec/meta/LuaJIT%20en-us%20utf8/basic.lua , size = 15.233 KB
[17:40:22.197][info] [#0:script/workspace/loading.lua:112]: ++++As library of:	file:///home/yanfenggao/.local/share/nvim/mason/packages/lua-language-server/libexec/meta/LuaJIT%20en-us%20utf8/basic.lua
[17:40:22.197][info] [#0:script/workspace/loading.lua:100]: Preload file at: file:///home/yanfenggao/.local/share/nvim/mason/packages/lua-language-server/libexec/meta/LuaJIT%20en-us%20utf8/table/clear.lua , size = 0.797 KB
[17:40:22.197][info] [#0:script/workspace/loading.lua:112]: ++++As library of:	file:///home/yanfenggao/.local/share/nvim/mason/packages/lua-language-server/libexec/meta/LuaJIT%20en-us%20utf8/table/clear.lua
[17:40:22.197][info] [#0:script/workspace/loading.lua:100]: Preload file at: file:///home/yanfenggao/.local/share/nvim/mason/packages/lua-language-server/libexec/meta/LuaJIT%20en-us%20utf8/string.lua , size = 6.310 KB
[17:40:22.201][info] [#0:script/workspace/loading.lua:112]: ++++As library of:	file:///home/yanfenggao/.local/share/nvim/mason/packages/lua-language-server/libexec/meta/LuaJIT%20en-us%20utf8/string.lua
[17:40:22.201][info] [#0:script/workspace/loading.lua:100]: Preload file at: file:///home/yanfenggao/.local/share/nvim/mason/packages/lua-language-server/libexec/meta/LuaJIT%20en-us%20utf8/table/new.lua , size = 0.642 KB
[17:40:22.202][info] [#0:script/workspace/loading.lua:112]: ++++As library of:	file:///home/yanfenggao/.local/share/nvim/mason/packages/lua-language-server/libexec/meta/LuaJIT%20en-us%20utf8/table/new.lua
[17:40:22.202][info] [#0:script/workspace/loading.lua:100]: Preload file at: file:///home/yanfenggao/.local/share/nvim/lazy/lazy.nvim/lua/lazy/minit.lua , size = 4.986 KB
[17:40:22.205][info] [#0:script/workspace/loading.lua:112]: ++++As library of:	file:///home/yanfenggao/.local/share/nvim/lazy/lazy.nvim/lua
[17:40:22.205][info] [#0:script/workspace/loading.lua:172]: Loaded files takes [0.108] sec: <fallback>
[17:40:22.205][info] [#0:script/workspace/loading.lua:181]: Compile files takes [0.000] sec: <fallback>
[17:40:22.205][info] [#0:script/workspace/loading.lua:182]: Loaded finish:	<fallback>
[17:40:22.205][info] [#0:script/workspace/workspace.lua:381]: Preload finish at:	<fallback>
[17:40:22.208][info] [#0:script/workspace/loading.lua:100]: Preload file at: file:///home/yanfenggao/.local/share/nvim/lazy/lazy.nvim/lua/lazy/status.lua , size = 0.353 KB
[17:40:22.209][info] [#0:script/workspace/loading.lua:112]: ++++As library of:	file:///home/yanfenggao/.local/share/nvim/lazy/lazy.nvim/lua
[17:40:22.209][info] [#0:script/workspace/loading.lua:100]: Preload file at: file:///home/yanfenggao/.local/share/nvim/lazy/lazy.nvim/lua/lazy/view/commands.lua , size = 3.889 KB
[17:40:22.212][info] [#0:script/workspace/loading.lua:112]: ++++As library of:	file:///home/yanfenggao/.local/share/nvim/lazy/lazy.nvim/lua
[17:40:22.212][info] [#0:script/workspace/loading.lua:100]: Preload file at: file:///home/yanfenggao/.local/share/nvim/lazy/lazy.nvim/lua/lazy/view/init.lua , size = 9.394 KB
[17:40:22.223][info] [#0:script/workspace/loading.lua:112]: ++++As library of:	file:///home/yanfenggao/.local/share/nvim/lazy/lazy.nvim/lua
[17:40:22.223][info] [#0:script/workspace/loading.lua:100]: Preload file at: file:///home/yanfenggao/.local/share/nvim/lazy/lazy.nvim/lua/lazy/view/float.lua , size = 9.536 KB
[17:40:22.230][info] [#0:script/workspace/loading.lua:112]: ++++As library of:	file:///home/yanfenggao/.local/share/nvim/lazy/lazy.nvim/lua
[17:40:22.230][info] [#0:script/workspace/loading.lua:100]: Preload file at: file:///home/yanfenggao/.local/share/nvim/lazy/lazy.nvim/lua/lazy/view/config.lua , size = 3.507 KB
[17:40:22.232][info] [#0:script/workspace/loading.lua:112]: ++++As library of:	file:///home/yanfenggao/.local/share/nvim/lazy/lazy.nvim/lua
[17:40:22.232][info] [#0:script/workspace/loading.lua:100]: Preload file at: file:///home/yanfenggao/.local/share/nvim/lazy/lazy.nvim/lua/lazy/view/text.lua , size = 3.813 KB
[17:40:22.235][info] [#0:script/workspace/loading.lua:112]: ++++As library of:	file:///home/yanfenggao/.local/share/nvim/lazy/lazy.nvim/lua
[17:40:22.235][info] [#0:script/workspace/loading.lua:100]: Preload file at: file:///home/yanfenggao/.local/share/nvim/lazy/lazy.nvim/lua/lazy/view/diff.lua , size = 1.585 KB
[17:40:22.236][info] [#0:script/workspace/loading.lua:112]: ++++As library of:	file:///home/yanfenggao/.local/share/nvim/lazy/lazy.nvim/lua
[17:40:22.236][info] [#0:script/workspace/loading.lua:100]: Preload file at: file:///home/yanfenggao/.local/share/nvim/lazy/lazy.nvim/lua/lazy/view/sections.lua , size = 2.430 KB
[17:40:22.238][info] [#0:script/workspace/loading.lua:112]: ++++As library of:	file:///home/yanfenggao/.local/share/nvim/lazy/lazy.nvim/lua
[17:40:22.238][info] [#0:script/workspace/loading.lua:100]: Preload file at: file:///home/yanfenggao/.local/share/nvim/lazy/lazy.nvim/lua/lazy/view/colors.lua , size = 1.820 KB
[17:40:22.239][info] [#0:script/workspace/loading.lua:112]: ++++As library of:	file:///home/yanfenggao/.local/share/nvim/lazy/lazy.nvim/lua
[17:40:22.239][info] [#0:script/workspace/loading.lua:100]: Preload file at: file:///home/yanfenggao/.local/share/nvim/lazy/lazy.nvim/lua/lazy/init.lua , size = 3.749 KB
[17:40:22.242][info] [#0:script/workspace/loading.lua:112]: ++++As library of:	file:///home/yanfenggao/.local/share/nvim/lazy/lazy.nvim/lua
[17:40:22.242][info] [#0:script/workspace/loading.lua:100]: Preload file at: file:///home/yanfenggao/.local/share/nvim/lazy/lazy.nvim/lua/lazy/view/render.lua , size = 23.067 KB
[17:40:22.259][info] [#0:script/workspace/loading.lua:112]: ++++As library of:	file:///home/yanfenggao/.local/share/nvim/lazy/lazy.nvim/lua
[17:40:22.260][info] [#0:script/workspace/loading.lua:100]: Preload file at: file:///home/yanfenggao/.local/share/nvim/lazy/lazy.nvim/lua/lazy/manage/git.lua , size = 6.279 KB
[17:40:22.264][info] [#0:script/workspace/loading.lua:112]: ++++As library of:	file:///home/yanfenggao/.local/share/nvim/lazy/lazy.nvim/lua
[17:40:22.264][info] [#0:script/workspace/loading.lua:100]: Preload file at: file:///home/yanfenggao/.local/share/nvim/lazy/lazy.nvim/lua/lazy/manage/init.lua , size = 5.873 KB
[17:40:22.274][info] [#0:script/workspace/loading.lua:112]: ++++As library of:	file:///home/yanfenggao/.local/share/nvim/lazy/lazy.nvim/lua
[17:40:22.274][info] [#0:script/workspace/loading.lua:100]: Preload file at: file:///home/yanfenggao/.local/share/nvim/lazy/lazy.nvim/lua/lazy/manage/lock.lua , size = 1.668 KB
[17:40:22.275][info] [#0:script/workspace/loading.lua:112]: ++++As library of:	file:///home/yanfenggao/.local/share/nvim/lazy/lazy.nvim/lua
[17:40:22.275][info] [#0:script/workspace/loading.lua:100]: Preload file at: file:///home/yanfenggao/.local/share/nvim/lazy/lazy.nvim/lua/lazy/manage/semver.lua , size = 4.455 KB
[17:40:22.279][info] [#0:script/workspace/loading.lua:112]: ++++As library of:	file:///home/yanfenggao/.local/share/nvim/lazy/lazy.nvim/lua
[17:40:22.279][info] [#0:script/workspace/loading.lua:100]: Preload file at: file:///home/yanfenggao/.local/share/nvim/lazy/lazy.nvim/lua/lazy/manage/process.lua , size = 5.447 KB
[17:40:22.283][info] [#0:script/workspace/loading.lua:112]: ++++As library of:	file:///home/yanfenggao/.local/share/nvim/lazy/lazy.nvim/lua
[17:40:22.284][info] [#0:script/workspace/loading.lua:100]: Preload file at: file:///home/yanfenggao/.local/share/nvim/lazy/lazy.nvim/lua/lazy/manage/runner.lua , size = 4.847 KB
[17:40:22.287][info] [#0:script/workspace/loading.lua:112]: ++++As library of:	file:///home/yanfenggao/.local/share/nvim/lazy/lazy.nvim/lua
[17:40:22.287][info] [#0:script/workspace/loading.lua:100]: Preload file at: file:///home/yanfenggao/.local/share/nvim/lazy/lazy.nvim/lua/lazy/manage/checker.lua , size = 2.479 KB
[17:40:22.289][info] [#0:script/workspace/loading.lua:112]: ++++As library of:	file:///home/yanfenggao/.local/share/nvim/lazy/lazy.nvim/lua
[17:40:22.289][info] [#0:script/workspace/loading.lua:100]: Preload file at: file:///home/yanfenggao/.local/share/nvim/lazy/lazy.nvim/lua/lazy/manage/task/git.lua , size = 10.134 KB
[17:40:22.294][info] [#0:script/workspace/loading.lua:112]: ++++As library of:	file:///home/yanfenggao/.local/share/nvim/lazy/lazy.nvim/lua
[17:40:22.294][info] [#0:script/workspace/loading.lua:100]: Preload file at: file:///home/yanfenggao/.local/share/nvim/lazy/lazy.nvim/lua/lazy/manage/task/plugin.lua , size = 2.479 KB
[17:40:22.296][info] [#0:script/workspace/loading.lua:112]: ++++As library of:	file:///home/yanfenggao/.local/share/nvim/lazy/lazy.nvim/lua
[17:40:22.297][info] [#0:script/workspace/loading.lua:100]: Preload file at: file:///home/yanfenggao/.local/share/nvim/lazy/lazy.nvim/lua/lazy/manage/task/init.lua , size = 5.805 KB
[17:40:22.302][info] [#0:script/workspace/loading.lua:112]: ++++As library of:	file:///home/yanfenggao/.local/share/nvim/lazy/lazy.nvim/lua
[17:40:22.302][info] [#0:script/workspace/loading.lua:100]: Preload file at: file:///home/yanfenggao/.local/share/nvim/lazy/lazy.nvim/lua/lazy/manage/task/fs.lua , size = 1.002 KB
[17:40:22.303][info] [#0:script/workspace/loading.lua:112]: ++++As library of:	file:///home/yanfenggao/.local/share/nvim/lazy/lazy.nvim/lua
[17:40:22.303][info] [#0:script/workspace/loading.lua:100]: Preload file at: file:///home/yanfenggao/.local/share/nvim/lazy/lazy.nvim/lua/lazy/manage/reloader.lua , size = 2.817 KB
[17:40:22.305][info] [#0:script/workspace/loading.lua:112]: ++++As library of:	file:///home/yanfenggao/.local/share/nvim/lazy/lazy.nvim/lua
[17:40:22.305][info] [#0:script/workspace/loading.lua:100]: Preload file at: file:///home/yanfenggao/.local/share/nvim/lazy/lazy.nvim/lua/lazy/pkg/lazy.lua , size = 0.720 KB
[17:40:22.306][info] [#0:script/workspace/loading.lua:112]: ++++As library of:	file:///home/yanfenggao/.local/share/nvim/lazy/lazy.nvim/lua
[17:40:22.306][info] [#0:script/workspace/loading.lua:100]: Preload file at: file:///home/yanfenggao/.local/share/nvim/lazy/lazy.nvim/lua/lazy/pkg/init.lua , size = 3.028 KB
[17:40:22.309][info] [#0:script/workspace/loading.lua:112]: ++++As library of:	file:///home/yanfenggao/.local/share/nvim/lazy/lazy.nvim/lua
[17:40:22.309][info] [#0:script/workspace/loading.lua:100]: Preload file at: file:///home/yanfenggao/.local/share/nvim/lazy/lazy.nvim/lua/lazy/pkg/packspec.lua , size = 1.137 KB
[17:40:22.310][info] [#0:script/workspace/loading.lua:112]: ++++As library of:	file:///home/yanfenggao/.local/share/nvim/lazy/lazy.nvim/lua
[17:40:22.310][info] [#0:script/workspace/loading.lua:100]: Preload file at: file:///home/yanfenggao/.local/share/nvim/lazy/lazy.nvim/lua/lazy/pkg/rockspec.lua , size = 7.989 KB
[17:40:22.315][info] [#0:script/workspace/loading.lua:112]: ++++As library of:	file:///home/yanfenggao/.local/share/nvim/lazy/lazy.nvim/lua
[17:40:22.315][info] [#0:script/workspace/loading.lua:100]: Preload file at: file:///home/yanfenggao/.local/share/nvim/lazy/lazy.nvim/lua/lazy/build.lua , size = 3.018 KB
[17:40:22.318][info] [#0:script/workspace/loading.lua:112]: ++++As library of:	file:///home/yanfenggao/.local/share/nvim/lazy/lazy.nvim/lua
[17:40:22.318][info] [#0:script/workspace/loading.lua:100]: Preload file at: file:///home/yanfenggao/.local/share/nvim/lazy/lazy.nvim/lua/lazy/health.lua , size = 5.792 KB
[17:40:22.321][info] [#0:script/workspace/loading.lua:112]: ++++As library of:	file:///home/yanfenggao/.local/share/nvim/lazy/lazy.nvim/lua
[17:40:22.321][info] [#0:script/workspace/loading.lua:100]: Preload file at: file:///home/yanfenggao/.local/share/nvim/lazy/lazy.nvim/lua/lazy/help.lua , size = 2.216 KB
[17:40:22.323][info] [#0:script/workspace/loading.lua:112]: ++++As library of:	file:///home/yanfenggao/.local/share/nvim/lazy/lazy.nvim/lua
[17:40:22.323][info] [#0:script/workspace/loading.lua:100]: Preload file at: file:///home/yanfenggao/.local/share/nvim/lazy/lazy.nvim/lua/lazy/async.lua , size = 4.302 KB
[17:40:22.327][info] [#0:script/workspace/loading.lua:112]: ++++As library of:	file:///home/yanfenggao/.local/share/nvim/lazy/lazy.nvim/lua
[17:40:22.327][info] [#0:script/workspace/loading.lua:100]: Preload file at: file:///home/yanfenggao/.local/share/nvim/lazy/lazy.nvim/lua/lazy/docs.lua , size = 4.638 KB
[17:40:22.331][info] [#0:script/workspace/loading.lua:112]: ++++As library of:	file:///home/yanfenggao/.local/share/nvim/lazy/lazy.nvim/lua
[17:40:22.331][info] [#0:script/workspace/loading.lua:100]: Preload file at: file:///home/yanfenggao/.local/share/nvim/lazy/lazy.nvim/lua/lazy/terminal.lua , size = 2.394 KB
[17:40:22.333][info] [#0:script/workspace/loading.lua:112]: ++++As library of:	file:///home/yanfenggao/.local/share/nvim/lazy/lazy.nvim/lua
[17:40:22.333][info] [#0:script/workspace/loading.lua:100]: Preload file at: file:///home/yanfenggao/.local/share/nvim/lazy/lazy.nvim/lua/lazy/core/plugin.lua , size = 12.248 KB
[17:40:22.342][info] [#0:script/workspace/loading.lua:112]: ++++As library of:	file:///home/yanfenggao/.local/share/nvim/lazy/lazy.nvim/lua
[17:40:22.342][info] [#0:script/workspace/loading.lua:100]: Preload file at: file:///home/yanfenggao/.local/share/nvim/lazy/lazy.nvim/lua/lazy/core/loader.lua , size = 14.743 KB
[17:40:22.362][info] [#0:script/workspace/loading.lua:112]: ++++As library of:	file:///home/yanfenggao/.local/share/nvim/lazy/lazy.nvim/lua
[17:40:22.362][info] [#0:script/workspace/loading.lua:100]: Preload file at: file:///home/yanfenggao/.local/share/nvim/lazy/lazy.nvim/lua/lazy/core/config.lua , size = 11.884 KB
[17:40:22.367][info] [#0:script/workspace/loading.lua:112]: ++++As library of:	file:///home/yanfenggao/.local/share/nvim/lazy/lazy.nvim/lua
[17:40:22.367][info] [#0:script/workspace/loading.lua:100]: Preload file at: file:///home/yanfenggao/.local/share/nvim/lazy/lazy.nvim/lua/lazy/core/handler/ft.lua , size = 0.442 KB
[17:40:22.367][info] [#0:script/workspace/loading.lua:112]: ++++As library of:	file:///home/yanfenggao/.local/share/nvim/lazy/lazy.nvim/lua
[17:40:22.368][info] [#0:script/workspace/loading.lua:100]: Preload file at: file:///home/yanfenggao/.local/share/nvim/lazy/lazy.nvim/lua/lazy/core/handler/init.lua , size = 3.170 KB
[17:40:22.371][info] [#0:script/workspace/loading.lua:112]: ++++As library of:	file:///home/yanfenggao/.local/share/nvim/lazy/lazy.nvim/lua
[17:40:22.371][info] [#0:script/workspace/loading.lua:100]: Preload file at: file:///home/yanfenggao/.local/share/nvim/lazy/lazy.nvim/lua/lazy/core/handler/event.lua , size = 4.956 KB
[17:40:22.374][info] [#0:script/workspace/loading.lua:112]: ++++As library of:	file:///home/yanfenggao/.local/share/nvim/lazy/lazy.nvim/lua
[17:40:22.374][info] [#0:script/workspace/loading.lua:100]: Preload file at: file:///home/yanfenggao/.local/share/nvim/lazy/lazy.nvim/lua/lazy/core/handler/keys.lua , size = 5.294 KB
[17:40:22.378][info] [#0:script/workspace/loading.lua:112]: ++++As library of:	file:///home/yanfenggao/.local/share/nvim/lazy/lazy.nvim/lua
[17:40:22.378][info] [#0:script/workspace/loading.lua:100]: Preload file at: file:///home/yanfenggao/.local/share/nvim/lazy/lazy.nvim/lua/lazy/core/handler/cmd.lua , size = 1.638 KB
[17:40:22.379][info] [#0:script/workspace/loading.lua:112]: ++++As library of:	file:///home/yanfenggao/.local/share/nvim/lazy/lazy.nvim/lua
[17:40:22.379][info] [#0:script/workspace/loading.lua:100]: Preload file at: file:///home/yanfenggao/.local/share/nvim/lazy/lazy.nvim/lua/lazy/core/fragments.lua , size = 4.215 KB
[17:40:22.382][info] [#0:script/workspace/loading.lua:112]: ++++As library of:	file:///home/yanfenggao/.local/share/nvim/lazy/lazy.nvim/lua
[17:40:22.382][info] [#0:script/workspace/loading.lua:100]: Preload file at: file:///home/yanfenggao/.local/share/nvim/lazy/lazy.nvim/lua/lazy/core/meta.lua , size = 9.192 KB
[17:40:22.388][info] [#0:script/workspace/loading.lua:112]: ++++As library of:	file:///home/yanfenggao/.local/share/nvim/lazy/lazy.nvim/lua
[17:40:22.388][info] [#0:script/workspace/loading.lua:100]: Preload file at: file:///home/yanfenggao/.local/share/nvim/lazy/lazy.nvim/lua/lazy/core/util.lua , size = 12.315 KB
[17:40:22.397][info] [#0:script/workspace/loading.lua:112]: ++++As library of:	file:///home/yanfenggao/.local/share/nvim/lazy/lazy.nvim/lua
[17:40:22.397][info] [#0:script/workspace/loading.lua:100]: Preload file at: file:///home/yanfenggao/.local/share/nvim/lazy/lazy.nvim/lua/lazy/core/cache.lua , size = 16.584 KB
[17:40:22.408][info] [#0:script/workspace/loading.lua:112]: ++++As library of:	file:///home/yanfenggao/.local/share/nvim/lazy/lazy.nvim/lua
[17:40:22.408][info] [#0:script/workspace/loading.lua:100]: Preload file at: file:///home/yanfenggao/.local/share/nvim/lazy/lazy.nvim/lua/lazy/state.lua , size = 0.859 KB
[17:40:22.409][info] [#0:script/workspace/loading.lua:112]: ++++As library of:	file:///home/yanfenggao/.local/share/nvim/lazy/lazy.nvim/lua
[17:40:22.409][info] [#0:script/workspace/loading.lua:100]: Preload file at: file:///home/yanfenggao/.local/share/nvim/lazy/lazy.nvim/lua/lazy/stats.lua , size = 2.153 KB
[17:40:22.411][info] [#0:script/workspace/loading.lua:112]: ++++As library of:	file:///home/yanfenggao/.local/share/nvim/lazy/lazy.nvim/lua
[17:40:22.411][info] [#0:script/workspace/loading.lua:100]: Preload file at: file:///home/yanfenggao/.local/share/nvim/lazy/lazy.nvim/lua/lazy/types.lua , size = 3.558 KB
[17:40:22.413][info] [#0:script/workspace/loading.lua:112]: ++++As library of:	file:///home/yanfenggao/.local/share/nvim/lazy/lazy.nvim/lua
[17:40:22.413][info] [#0:script/workspace/loading.lua:100]: Preload file at: file:///home/yanfenggao/.local/share/nvim/lazy/lazy.nvim/lua/lazy/util.lua , size = 6.888 KB
[17:40:22.419][info] [#0:script/workspace/loading.lua:112]: ++++As library of:	file:///home/yanfenggao/.local/share/nvim/lazy/lazy.nvim/lua
[17:40:22.419][info] [#0:script/workspace/loading.lua:100]: Preload file at: file:///home/yanfenggao/.local/share/nvim/lazy/lazy.nvim/lua/lazy/example.lua , size = 2.644 KB
[17:40:22.420][info] [#0:script/workspace/loading.lua:112]: ++++As library of:	file:///home/yanfenggao/.local/share/nvim/lazy/lazy.nvim/lua
[17:40:22.420][info] [#0:script/workspace/loading.lua:100]: Preload file at: file:///home/yanfenggao/.local/share/nvim/lazy/lazy.nvim/lua/lazy/community/init.lua , size = 0.511 KB
[17:40:22.421][info] [#0:script/workspace/loading.lua:112]: ++++As library of:	file:///home/yanfenggao/.local/share/nvim/lazy/lazy.nvim/lua
[17:40:22.421][info] [#0:script/workspace/loading.lua:100]: Preload file at: file:///home/yanfenggao/.local/share/nvim/lazy/lazy.nvim/lua/lazy/community/_generated.lua , size = 17.725 KB
[17:40:22.427][info] [#0:script/workspace/loading.lua:112]: ++++As library of:	file:///home/yanfenggao/.local/share/nvim/lazy/lazy.nvim/lua
[17:40:22.427][info] [#0:script/workspace/loading.lua:100]: Preload file at: file:///home/yanfenggao/.local/share/nvim/lazy/lazy.nvim/lua/lazy/community/specs.lua , size = 0.115 KB
[17:40:22.427][info] [#0:script/workspace/loading.lua:112]: ++++As library of:	file:///home/yanfenggao/.local/share/nvim/lazy/lazy.nvim/lua
[17:40:22.427][info] [#0:script/workspace/loading.lua:100]: Preload file at: file:///home/yanfenggao/.local/share/nvim/mason/packages/lua-language-server/libexec/meta/LuaJIT%20en-us%20utf8/package.lua , size = 2.699 KB
[17:40:22.428][info] [#0:script/workspace/loading.lua:112]: ++++As library of:	file:///home/yanfenggao/.local/share/nvim/mason/packages/lua-language-server/libexec/meta/LuaJIT%20en-us%20utf8/package.lua
[17:40:22.429][info] [#0:script/workspace/loading.lua:100]: Preload file at: file:///home/yanfenggao/.local/share/nvim/mason/packages/lua-language-server/libexec/meta/LuaJIT%20en-us%20utf8/table.lua , size = 4.235 KB
[17:40:22.431][info] [#0:script/workspace/loading.lua:112]: ++++As library of:	file:///home/yanfenggao/.local/share/nvim/mason/packages/lua-language-server/libexec/meta/LuaJIT%20en-us%20utf8/table.lua
[17:40:22.431][info] [#0:script/workspace/loading.lua:100]: Preload file at: file:///home/yanfenggao/.local/share/nvim/mason/packages/lua-language-server/libexec/meta/LuaJIT%20en-us%20utf8/bit.lua , size = 1.319 KB
[17:40:22.433][info] [#0:script/workspace/loading.lua:112]: ++++As library of:	file:///home/yanfenggao/.local/share/nvim/mason/packages/lua-language-server/libexec/meta/LuaJIT%20en-us%20utf8/bit.lua
[17:40:22.433][info] [#0:script/workspace/loading.lua:100]: Preload file at: file:///home/yanfenggao/.local/share/nvim/mason/packages/lua-language-server/libexec/meta/LuaJIT%20en-us%20utf8/ffi.lua , size = 2.529 KB
[17:40:22.435][info] [#0:script/workspace/loading.lua:112]: ++++As library of:	file:///home/yanfenggao/.local/share/nvim/mason/packages/lua-language-server/libexec/meta/LuaJIT%20en-us%20utf8/ffi.lua
[17:40:22.435][info] [#0:script/workspace/loading.lua:100]: Preload file at: file:///home/yanfenggao/.local/share/nvim/mason/packages/lua-language-server/libexec/meta/LuaJIT%20en-us%20utf8/jit/profile.lua , size = 0.348 KB
[17:40:22.436][info] [#0:script/workspace/loading.lua:112]: ++++As library of:	file:///home/yanfenggao/.local/share/nvim/mason/packages/lua-language-server/libexec/meta/LuaJIT%20en-us%20utf8/jit/profile.lua
[17:40:22.436][info] [#0:script/workspace/loading.lua:100]: Preload file at: file:///home/yanfenggao/.local/share/nvim/mason/packages/lua-language-server/libexec/meta/LuaJIT%20en-us%20utf8/builtin.lua , size = 0.302 KB
[17:40:22.437][info] [#0:script/workspace/loading.lua:112]: ++++As library of:	file:///home/yanfenggao/.local/share/nvim/mason/packages/lua-language-server/libexec/meta/LuaJIT%20en-us%20utf8/builtin.lua
[17:40:22.437][info] [#0:script/workspace/loading.lua:100]: Preload file at: file:///home/yanfenggao/.local/share/nvim/mason/packages/lua-language-server/libexec/meta/LuaJIT%20en-us%20utf8/string/buffer.lua , size = 18.123 KB
[17:40:22.441][info] [#0:script/workspace/loading.lua:112]: ++++As library of:	file:///home/yanfenggao/.local/share/nvim/mason/packages/lua-language-server/libexec/meta/LuaJIT%20en-us%20utf8/string/buffer.lua
[17:40:22.441][info] [#0:script/workspace/loading.lua:100]: Preload file at: file:///home/yanfenggao/.local/share/nvim/mason/packages/lua-language-server/libexec/meta/LuaJIT%20en-us%20utf8/coroutine.lua , size = 2.541 KB
[17:40:22.443][info] [#0:script/workspace/loading.lua:112]: ++++As library of:	file:///home/yanfenggao/.local/share/nvim/mason/packages/lua-language-server/libexec/meta/LuaJIT%20en-us%20utf8/coroutine.lua
[17:40:22.443][info] [#0:script/workspace/loading.lua:100]: Preload file at: file:///home/yanfenggao/.local/share/nvim/mason/packages/lua-language-server/libexec/meta/LuaJIT%20en-us%20utf8/jit.lua , size = 0.884 KB
[17:40:22.444][info] [#0:script/workspace/loading.lua:112]: ++++As library of:	file:///home/yanfenggao/.local/share/nvim/mason/packages/lua-language-server/libexec/meta/LuaJIT%20en-us%20utf8/jit.lua
[17:40:22.444][info] [#0:script/workspace/loading.lua:100]: Preload file at: file:///home/yanfenggao/.local/share/nvim/mason/packages/lua-language-server/libexec/meta/LuaJIT%20en-us%20utf8/io.lua , size = 6.364 KB
[17:40:22.448][info] [#0:script/workspace/loading.lua:112]: ++++As library of:	file:///home/yanfenggao/.local/share/nvim/mason/packages/lua-language-server/libexec/meta/LuaJIT%20en-us%20utf8/io.lua
[17:40:22.448][info] [#0:script/workspace/loading.lua:100]: Preload file at: file:///home/yanfenggao/.local/share/nvim/mason/packages/lua-language-server/libexec/meta/LuaJIT%20en-us%20utf8/debug.lua , size = 7.310 KB
[17:40:22.452][info] [#0:script/workspace/loading.lua:112]: ++++As library of:	file:///home/yanfenggao/.local/share/nvim/mason/packages/lua-language-server/libexec/meta/LuaJIT%20en-us%20utf8/debug.lua
[17:40:22.452][info] [#0:script/workspace/loading.lua:100]: Preload file at: file:///home/yanfenggao/.local/share/nvim/mason/packages/lua-language-server/libexec/meta/LuaJIT%20en-us%20utf8/math.lua , size = 7.949 KB
[17:40:22.457][info] [#0:script/workspace/loading.lua:112]: ++++As library of:	file:///home/yanfenggao/.local/share/nvim/mason/packages/lua-language-server/libexec/meta/LuaJIT%20en-us%20utf8/math.lua
[17:40:22.457][info] [#0:script/workspace/loading.lua:100]: Preload file at: file:///home/yanfenggao/tools/nvim-linux64/share/nvim/runtime/lua/_vim9script.lua , size = 15.418 KB
[17:40:22.483][info] [#0:script/workspace/loading.lua:112]: ++++As library of:	file:///home/yanfenggao/tools/nvim-linux64/share/nvim/runtime/lua
[17:40:22.484][info] [#0:script/workspace/loading.lua:100]: Preload file at: file:///home/yanfenggao/tools/nvim-linux64/share/nvim/runtime/lua/man.lua , size = 23.961 KB
[17:40:22.496][info] [#0:script/workspace/loading.lua:112]: ++++As library of:	file:///home/yanfenggao/tools/nvim-linux64/share/nvim/runtime/lua
[17:40:22.496][info] [#0:script/workspace/loading.lua:100]: Preload file at: file:///home/yanfenggao/tools/nvim-linux64/share/nvim/runtime/lua/editorconfig.lua , size = 11.239 KB
[17:40:22.502][info] [#0:script/workspace/loading.lua:112]: ++++As library of:	file:///home/yanfenggao/tools/nvim-linux64/share/nvim/runtime/lua
[17:40:22.502][info] [#0:script/workspace/loading.lua:100]: Preload file at: file:///home/yanfenggao/tools/nvim-linux64/share/nvim/runtime/lua/jit/dis_mips64.lua , size = 0.689 KB
[17:40:22.502][info] [#0:script/workspace/loading.lua:112]: ++++As library of:	file:///home/yanfenggao/tools/nvim-linux64/share/nvim/runtime/lua
[17:40:22.502][info] [#0:script/workspace/loading.lua:100]: Preload file at: file:///home/yanfenggao/tools/nvim-linux64/share/nvim/runtime/lua/jit/vmdef.lua , size = 7.920 KB
[17:40:22.504][info] [#0:script/workspace/loading.lua:112]: ++++As library of:	file:///home/yanfenggao/tools/nvim-linux64/share/nvim/runtime/lua
[17:40:22.504][info] [#0:script/workspace/loading.lua:100]: Preload file at: file:///home/yanfenggao/tools/nvim-linux64/share/nvim/runtime/lua/jit/bcsave.lua , size = 17.090 KB
[17:40:22.514][info] [#0:script/workspace/loading.lua:112]: ++++As library of:	file:///home/yanfenggao/tools/nvim-linux64/share/nvim/runtime/lua
[17:40:22.514][info] [#0:script/workspace/loading.lua:100]: Preload file at: file:///home/yanfenggao/tools/nvim-linux64/share/nvim/runtime/lua/jit/dis_mips64r6el.lua , size = 0.711 KB
[17:40:22.515][info] [#0:script/workspace/loading.lua:112]: ++++As library of:	file:///home/yanfenggao/tools/nvim-linux64/share/nvim/runtime/lua
[17:40:22.515][info] [#0:script/workspace/loading.lua:100]: Preload file at: file:///home/yanfenggao/tools/nvim-linux64/share/nvim/runtime/lua/jit/dis_ppc.lua , size = 19.825 KB
[17:40:22.524][info] [#0:script/workspace/loading.lua:112]: ++++As library of:	file:///home/yanfenggao/tools/nvim-linux64/share/nvim/runtime/lua
[17:40:22.524][info] [#0:script/workspace/loading.lua:100]: Preload file at: file:///home/yanfenggao/tools/nvim-linux64/share/nvim/runtime/lua/jit/dis_mips64r6.lua , size = 0.700 KB
[17:40:22.525][info] [#0:script/workspace/loading.lua:112]: ++++As library of:	file:///home/yanfenggao/tools/nvim-linux64/share/nvim/runtime/lua
[17:40:22.525][info] [#0:script/workspace/loading.lua:100]: Preload file at: file:///home/yanfenggao/tools/nvim-linux64/share/nvim/runtime/lua/jit/dis_x64.lua , size = 0.695 KB
[17:40:22.525][info] [#0:script/workspace/loading.lua:112]: ++++As library of:	file:///home/yanfenggao/tools/nvim-linux64/share/nvim/runtime/lua
[17:40:22.525][info] [#0:script/workspace/loading.lua:100]: Preload file at: file:///home/yanfenggao/tools/nvim-linux64/share/nvim/runtime/lua/jit/dis_mips.lua , size = 21.494 KB
[17:40:22.537][info] [#0:script/workspace/loading.lua:112]: ++++As library of:	file:///home/yanfenggao/tools/nvim-linux64/share/nvim/runtime/lua
[17:40:22.537][info] [#0:script/workspace/loading.lua:100]: Preload file at: file:///home/yanfenggao/tools/nvim-linux64/share/nvim/runtime/lua/jit/zone.lua , size = 0.979 KB
[17:40:22.538][info] [#0:script/workspace/loading.lua:112]: ++++As library of:	file:///home/yanfenggao/tools/nvim-linux64/share/nvim/runtime/lua
[17:40:22.538][info] [#0:script/workspace/loading.lua:100]: Preload file at: file:///home/yanfenggao/tools/nvim-linux64/share/nvim/runtime/lua/jit/bc.lua , size = 5.417 KB
[17:40:22.542][info] [#0:script/workspace/loading.lua:112]: ++++As library of:	file:///home/yanfenggao/tools/nvim-linux64/share/nvim/runtime/lua
[17:40:22.542][info] [#0:script/workspace/loading.lua:100]: Preload file at: file:///home/yanfenggao/tools/nvim-linux64/share/nvim/runtime/lua/jit/dis_arm64be.lua , size = 0.604 KB
[17:40:22.542][info] [#0:script/workspace/loading.lua:112]: ++++As library of:	file:///home/yanfenggao/tools/nvim-linux64/share/nvim/runtime/lua
[17:40:22.542][info] [#0:script/workspace/loading.lua:100]: Preload file at: file:///home/yanfenggao/tools/nvim-linux64/share/nvim/runtime/lua/jit/dis_arm.lua , size = 18.891 KB
[17:40:22.554][info] [#0:script/workspace/loading.lua:112]: ++++As library of:	file:///home/yanfenggao/tools/nvim-linux64/share/nvim/runtime/lua
[17:40:22.554][info] [#0:script/workspace/loading.lua:100]: Preload file at: file:///home/yanfenggao/tools/nvim-linux64/share/nvim/runtime/lua/jit/v.lua , size = 5.731 KB
[17:40:22.556][info] [#0:script/workspace/loading.lua:112]: ++++As library of:	file:///home/yanfenggao/tools/nvim-linux64/share/nvim/runtime/lua
[17:40:22.557][info] [#0:script/workspace/loading.lua:100]: Preload file at: file:///home/yanfenggao/tools/nvim-linux64/share/nvim/runtime/lua/jit/dis_mipsel.lua , size = 0.698 KB
[17:40:22.557][info] [#0:script/workspace/loading.lua:112]: ++++As library of:	file:///home/yanfenggao/tools/nvim-linux64/share/nvim/runtime/lua
[17:40:22.557][info] [#0:script/workspace/loading.lua:100]: Preload file at: file:///home/yanfenggao/tools/nvim-linux64/share/nvim/runtime/lua/jit/dis_x86.lua , size = 33.033 KB
[17:40:22.576][info] [#0:script/workspace/loading.lua:112]: ++++As library of:	file:///home/yanfenggao/tools/nvim-linux64/share/nvim/runtime/lua
[17:40:22.576][info] [#0:script/workspace/loading.lua:100]: Preload file at: file:///home/yanfenggao/tools/nvim-linux64/share/nvim/runtime/lua/jit/p.lua , size = 8.891 KB
[17:40:22.581][info] [#0:script/workspace/loading.lua:112]: ++++As library of:	file:///home/yanfenggao/tools/nvim-linux64/share/nvim/runtime/lua
[17:40:22.581][info] [#0:script/workspace/loading.lua:100]: Preload file at: file:///home/yanfenggao/tools/nvim-linux64/share/nvim/runtime/lua/jit/dump.lua , size = 20.269 KB
[17:40:22.594][info] [#0:script/workspace/loading.lua:112]: ++++As library of:	file:///home/yanfenggao/tools/nvim-linux64/share/nvim/runtime/lua
[17:40:22.594][info] [#0:script/workspace/loading.lua:100]: Preload file at: file:///home/yanfenggao/tools/nvim-linux64/share/nvim/runtime/lua/jit/dis_mips64el.lua , size = 0.700 KB
[17:40:22.594][info] [#0:script/workspace/loading.lua:112]: ++++As library of:	file:///home/yanfenggao/tools/nvim-linux64/share/nvim/runtime/lua
[17:40:22.594][info] [#0:script/workspace/loading.lua:100]: Preload file at: file:///home/yanfenggao/tools/nvim-linux64/share/nvim/runtime/lua/jit/dis_arm64.lua , size = 29.971 KB
[17:40:22.613][info] [#0:script/workspace/loading.lua:112]: ++++As library of:	file:///home/yanfenggao/tools/nvim-linux64/share/nvim/runtime/lua
[17:40:22.614][info] [#0:script/workspace/loading.lua:100]: Preload file at: file:///home/yanfenggao/tools/nvim-linux64/share/nvim/runtime/lua/vim/deprecated/health.lua , size = 1.260 KB
[17:40:22.615][info] [#0:script/workspace/loading.lua:112]: ++++As library of:	file:///home/yanfenggao/tools/nvim-linux64/share/nvim/runtime/lua
[17:40:22.615][info] [#0:script/workspace/loading.lua:100]: Preload file at: file:///home/yanfenggao/tools/nvim-linux64/share/nvim/runtime/lua/vim/filetype.lua , size = 75.192 KB
[17:40:22.676][info] [#0:script/workspace/loading.lua:112]: ++++As library of:	file:///home/yanfenggao/tools/nvim-linux64/share/nvim/runtime/lua
[17:40:22.676][info] [#0:script/workspace/loading.lua:100]: Preload file at: file:///home/yanfenggao/tools/nvim-linux64/share/nvim/runtime/lua/vim/lsp.lua , size = 41.056 KB
[17:40:22.694][info] [#0:script/workspace/loading.lua:112]: ++++As library of:	file:///home/yanfenggao/tools/nvim-linux64/share/nvim/runtime/lua
[17:40:22.694][info] [#0:script/workspace/loading.lua:100]: Preload file at: file:///home/yanfenggao/tools/nvim-linux64/share/nvim/runtime/lua/vim/_watch.lua , size = 9.741 KB
[17:40:22.699][info] [#0:script/workspace/loading.lua:112]: ++++As library of:	file:///home/yanfenggao/tools/nvim-linux64/share/nvim/runtime/lua
[17:40:22.699][info] [#0:script/workspace/loading.lua:100]: Preload file at: file:///home/yanfenggao/tools/nvim-linux64/share/nvim/runtime/lua/vim/snippet.lua , size = 21.881 KB
[17:40:22.711][info] [#0:script/workspace/loading.lua:112]: ++++As library of:	file:///home/yanfenggao/tools/nvim-linux64/share/nvim/runtime/lua
[17:40:22.711][info] [#0:script/workspace/loading.lua:100]: Preload file at: file:///home/yanfenggao/tools/nvim-linux64/share/nvim/runtime/lua/vim/_meta.lua , size = 1.016 KB
[17:40:22.712][info] [#0:script/workspace/loading.lua:112]: ++++As library of:	file:///home/yanfenggao/tools/nvim-linux64/share/nvim/runtime/lua
[17:40:22.712][info] [#0:script/workspace/loading.lua:100]: Preload file at: file:///home/yanfenggao/tools/nvim-linux64/share/nvim/runtime/lua/vim/func.lua , size = 1.753 KB
[17:40:22.712][info] [#0:script/workspace/loading.lua:112]: ++++As library of:	file:///home/yanfenggao/tools/nvim-linux64/share/nvim/runtime/lua
[17:40:22.713][info] [#0:script/workspace/loading.lua:100]: Preload file at: file:///home/yanfenggao/tools/nvim-linux64/share/nvim/runtime/lua/vim/treesitter.lua , size = 14.652 KB
[17:40:22.720][info] [#0:script/workspace/loading.lua:112]: ++++As library of:	file:///home/yanfenggao/tools/nvim-linux64/share/nvim/runtime/lua
[17:40:22.720][info] [#0:script/workspace/loading.lua:100]: Preload file at: file:///home/yanfenggao/tools/nvim-linux64/share/nvim/runtime/lua/vim/fs.lua , size = 19.991 KB
[17:40:22.730][info] [#0:script/workspace/loading.lua:112]: ++++As library of:	file:///home/yanfenggao/tools/nvim-linux64/share/nvim/runtime/lua
[17:40:22.730][info] [#0:script/workspace/loading.lua:100]: Preload file at: file:///home/yanfenggao/tools/nvim-linux64/share/nvim/runtime/lua/vim/highlight.lua , size = 5.704 KB
[17:40:22.733][info] [#0:script/workspace/loading.lua:112]: ++++As library of:	file:///home/yanfenggao/tools/nvim-linux64/share/nvim/runtime/lua
[17:40:22.733][info] [#0:script/workspace/loading.lua:100]: Preload file at: file:///home/yanfenggao/tools/nvim-linux64/share/nvim/runtime/lua/vim/provider/ruby.lua , size = 1.563 KB
[17:40:22.735][info] [#0:script/workspace/loading.lua:112]: ++++As library of:	file:///home/yanfenggao/tools/nvim-linux64/share/nvim/runtime/lua
[17:40:22.735][info] [#0:script/workspace/loading.lua:100]: Preload file at: file:///home/yanfenggao/tools/nvim-linux64/share/nvim/runtime/lua/vim/provider/health.lua , size = 28.593 KB
[17:40:22.748][info] [#0:script/workspace/loading.lua:112]: ++++As library of:	file:///home/yanfenggao/tools/nvim-linux64/share/nvim/runtime/lua
[17:40:22.748][info] [#0:script/workspace/loading.lua:100]: Preload file at: file:///home/yanfenggao/tools/nvim-linux64/share/nvim/runtime/lua/vim/provider/perl.lua , size = 1.998 KB
[17:40:22.750][info] [#0:script/workspace/loading.lua:112]: ++++As library of:	file:///home/yanfenggao/tools/nvim-linux64/share/nvim/runtime/lua
[17:40:22.750][info] [#0:script/workspace/loading.lua:100]: Preload file at: file:///home/yanfenggao/tools/nvim-linux64/share/nvim/runtime/lua/vim/provider/python.lua , size = 4.224 KB
[17:40:22.752][info] [#0:script/workspace/loading.lua:112]: ++++As library of:	file:///home/yanfenggao/tools/nvim-linux64/share/nvim/runtime/lua
[17:40:22.752][info] [#0:script/workspace/loading.lua:100]: Preload file at: file:///home/yanfenggao/tools/nvim-linux64/share/nvim/runtime/lua/vim/loader.lua , size = 15.825 KB
[17:40:22.763][info] [#0:script/workspace/loading.lua:112]: ++++As library of:	file:///home/yanfenggao/tools/nvim-linux64/share/nvim/runtime/lua
[17:40:22.763][info] [#0:script/workspace/loading.lua:100]: Preload file at: file:///home/yanfenggao/tools/nvim-linux64/share/nvim/runtime/lua/vim/ui/clipboard/osc52.lua , size = 2.137 KB
[17:40:22.764][info] [#0:script/workspace/loading.lua:112]: ++++As library of:	file:///home/yanfenggao/tools/nvim-linux64/share/nvim/runtime/lua
[17:40:22.764][info] [#0:script/workspace/loading.lua:100]: Preload file at: file:///home/yanfenggao/tools/nvim-linux64/share/nvim/runtime/lua/vim/_editor.lua , size = 37.918 KB
[17:40:22.784][info] [#0:script/workspace/loading.lua:112]: ++++As library of:	file:///home/yanfenggao/tools/nvim-linux64/share/nvim/runtime/lua
[17:40:22.784][info] [#0:script/workspace/loading.lua:100]: Preload file at: file:///home/yanfenggao/tools/nvim-linux64/share/nvim/runtime/lua/vim/_meta/builtin_types.lua , size = 5.408 KB
[17:40:22.787][info] [#0:script/workspace/loading.lua:112]: ++++As library of:	file:///home/yanfenggao/tools/nvim-linux64/share/nvim/runtime/lua
[17:40:22.787][info] [#0:script/workspace/loading.lua:100]: Preload file at: file:///home/yanfenggao/tools/nvim-linux64/share/nvim/runtime/lua/vim/_meta/lpeg.lua , size = 15.348 KB
[17:40:22.793][info] [#0:script/workspace/loading.lua:112]: ++++As library of:	file:///home/yanfenggao/tools/nvim-linux64/share/nvim/runtime/lua
[17:40:22.793][info] [#0:script/workspace/loading.lua:100]: Preload file at: file:///home/yanfenggao/tools/nvim-linux64/share/nvim/runtime/lua/vim/_meta/json.lua , size = 1.359 KB
[17:40:22.794][info] [#0:script/workspace/loading.lua:112]: ++++As library of:	file:///home/yanfenggao/tools/nvim-linux64/share/nvim/runtime/lua
[17:40:22.794][info] [#0:script/workspace/loading.lua:100]: Preload file at: file:///home/yanfenggao/tools/nvim-linux64/share/nvim/runtime/lua/vim/_meta/api_keysets.lua , size = 8.349 KB
[17:40:22.799][info] [#0:script/workspace/loading.lua:112]: ++++As library of:	file:///home/yanfenggao/tools/nvim-linux64/share/nvim/runtime/lua
[17:40:22.799][info] [#0:script/workspace/loading.lua:100]: Preload file at: file:///home/yanfenggao/tools/nvim-linux64/share/nvim/runtime/lua/vim/_meta/regex.lua , size = 1.580 KB
[17:40:22.800][info] [#0:script/workspace/loading.lua:112]: ++++As library of:	file:///home/yanfenggao/tools/nvim-linux64/share/nvim/runtime/lua
[17:40:22.801][info] [#0:script/workspace/loading.lua:100]: Preload file at: file:///home/yanfenggao/tools/nvim-linux64/share/nvim/runtime/lua/vim/_meta/options.lua , size = 328.105 KB
[17:40:22.956][info] [#0:script/workspace/loading.lua:112]: ++++As library of:	file:///home/yanfenggao/tools/nvim-linux64/share/nvim/runtime/lua
[17:40:22.957][info] [#0:script/workspace/loading.lua:100]: Preload file at: file:///home/yanfenggao/tools/nvim-linux64/share/nvim/runtime/lua/vim/_meta/mpack.lua , size = 0.478 KB
[17:40:22.958][info] [#0:script/workspace/loading.lua:112]: ++++As library of:	file:///home/yanfenggao/tools/nvim-linux64/share/nvim/runtime/lua
[17:40:22.958][info] [#0:script/workspace/loading.lua:100]: Preload file at: file:///home/yanfenggao/tools/nvim-linux64/share/nvim/runtime/lua/vim/_meta/diff.lua , size = 2.493 KB
[17:40:22.959][info] [#0:script/workspace/loading.lua:112]: ++++As library of:	file:///home/yanfenggao/tools/nvim-linux64/share/nvim/runtime/lua
[17:40:22.959][info] [#0:script/workspace/loading.lua:100]: Preload file at: file:///home/yanfenggao/tools/nvim-linux64/share/nvim/runtime/lua/vim/_meta/vvars.lua , size = 25.343 KB
[17:40:22.967][info] [#0:script/workspace/loading.lua:112]: ++++As library of:	file:///home/yanfenggao/tools/nvim-linux64/share/nvim/runtime/lua
[17:40:22.967][info] [#0:script/workspace/loading.lua:100]: Preload file at: file:///home/yanfenggao/tools/nvim-linux64/share/nvim/runtime/lua/vim/_meta/api.lua , size = 105.971 KB
[17:40:23.003][info] [#0:script/workspace/loading.lua:112]: ++++As library of:	file:///home/yanfenggao/tools/nvim-linux64/share/nvim/runtime/lua
[17:40:23.003][info] [#0:script/workspace/loading.lua:100]: Preload file at: file:///home/yanfenggao/tools/nvim-linux64/share/nvim/runtime/lua/vim/_meta/builtin.lua , size = 11.225 KB
[17:40:23.006][info] [#0:script/workspace/loading.lua:112]: ++++As library of:	file:///home/yanfenggao/tools/nvim-linux64/share/nvim/runtime/lua
[17:40:23.006][info] [#0:script/workspace/loading.lua:100]: Preload file at: file:///home/yanfenggao/tools/nvim-linux64/share/nvim/runtime/lua/vim/_meta/api_keysets_extra.lua , size = 4.973 KB
[17:40:23.010][info] [#0:script/workspace/loading.lua:112]: ++++As library of:	file:///home/yanfenggao/tools/nvim-linux64/share/nvim/runtime/lua
[17:40:23.010][info] [#0:script/workspace/loading.lua:100]: Preload file at: file:///home/yanfenggao/tools/nvim-linux64/share/nvim/runtime/lua/vim/_meta/misc.lua , size = 0.291 KB
[17:40:23.010][info] [#0:script/workspace/loading.lua:112]: ++++As library of:	file:///home/yanfenggao/tools/nvim-linux64/share/nvim/runtime/lua
[17:40:23.011][info] [#0:script/workspace/loading.lua:100]: Preload file at: file:///home/yanfenggao/tools/nvim-linux64/share/nvim/runtime/lua/vim/_meta/base64.lua , size = 0.307 KB
[17:40:23.011][info] [#0:script/workspace/loading.lua:112]: ++++As library of:	file:///home/yanfenggao/tools/nvim-linux64/share/nvim/runtime/lua
[17:40:23.011][info] [#0:script/workspace/loading.lua:100]: Preload file at: file:///home/yanfenggao/tools/nvim-linux64/share/nvim/runtime/lua/vim/_meta/re.lua , size = 2.217 KB
[17:40:23.013][info] [#0:script/workspace/loading.lua:112]: ++++As library of:	file:///home/yanfenggao/tools/nvim-linux64/share/nvim/runtime/lua
[17:40:23.013][info] [#0:script/workspace/loading.lua:100]: Preload file at: file:///home/yanfenggao/tools/nvim-linux64/share/nvim/runtime/lua/vim/_meta/spell.lua , size = 0.929 KB
[17:40:23.013][info] [#0:script/workspace/loading.lua:112]: ++++As library of:	file:///home/yanfenggao/tools/nvim-linux64/share/nvim/runtime/lua
[17:40:23.013][info] [#0:script/workspace/loading.lua:100]: Preload file at: file:///home/yanfenggao/tools/nvim-linux64/share/nvim/runtime/lua/vim/inspect.lua , size = 8.864 KB
[17:40:23.022][info] [#0:script/workspace/loading.lua:112]: ++++As library of:	file:///home/yanfenggao/tools/nvim-linux64/share/nvim/runtime/lua
[17:40:23.022][info] [#0:script/workspace/loading.lua:100]: Preload file at: file:///home/yanfenggao/tools/nvim-linux64/share/nvim/runtime/lua/vim/_meta/vimfn.lua , size = 405.741 KB
[17:40:23.140][info] [#0:script/workspace/loading.lua:112]: ++++As library of:	file:///home/yanfenggao/tools/nvim-linux64/share/nvim/runtime/lua
[17:40:23.142][info] [#0:script/workspace/loading.lua:100]: Preload file at: file:///home/yanfenggao/tools/nvim-linux64/share/nvim/runtime/lua/vim/filetype/options.lua , size = 2.559 KB
[17:40:23.144][info] [#0:script/workspace/loading.lua:112]: ++++As library of:	file:///home/yanfenggao/tools/nvim-linux64/share/nvim/runtime/lua
[17:40:23.145][info] [#0:script/workspace/loading.lua:100]: Preload file at: file:///home/yanfenggao/tools/nvim-linux64/share/nvim/runtime/lua/vim/uri.lua , size = 3.569 KB
[17:40:23.147][info] [#0:script/workspace/loading.lua:112]: ++++As library of:	file:///home/yanfenggao/tools/nvim-linux64/share/nvim/runtime/lua
[17:40:23.147][info] [#0:script/workspace/loading.lua:100]: Preload file at: file:///home/yanfenggao/tools/nvim-linux64/share/nvim/runtime/lua/vim/text.lua , size = 0.783 KB
[17:40:23.148][info] [#0:script/workspace/loading.lua:112]: ++++As library of:	file:///home/yanfenggao/tools/nvim-linux64/share/nvim/runtime/lua
[17:40:23.148][info] [#0:script/workspace/loading.lua:100]: Preload file at: file:///home/yanfenggao/tools/nvim-linux64/share/nvim/runtime/lua/vim/filetype/detect.lua , size = 59.799 KB
[17:40:23.179][info] [#0:script/workspace/loading.lua:112]: ++++As library of:	file:///home/yanfenggao/tools/nvim-linux64/share/nvim/runtime/lua
[17:40:23.180][info] [#0:script/workspace/loading.lua:100]: Preload file at: file:///home/yanfenggao/tools/nvim-linux64/share/nvim/runtime/lua/vim/func/_memoize.lua , size = 1.354 KB
[17:40:23.181][info] [#0:script/workspace/loading.lua:112]: ++++As library of:	file:///home/yanfenggao/tools/nvim-linux64/share/nvim/runtime/lua
[17:40:23.181][info] [#0:script/workspace/loading.lua:100]: Preload file at: file:///home/yanfenggao/tools/nvim-linux64/share/nvim/runtime/lua/vim/version.lua , size = 13.708 KB
[17:40:23.189][info] [#0:script/workspace/loading.lua:112]: ++++As library of:	file:///home/yanfenggao/tools/nvim-linux64/share/nvim/runtime/lua
[17:40:23.189][info] [#0:script/workspace/loading.lua:100]: Preload file at: file:///home/yanfenggao/tools/nvim-linux64/share/nvim/runtime/lua/vim/F.lua , size = 1.076 KB
[17:40:23.190][info] [#0:script/workspace/loading.lua:112]: ++++As library of:	file:///home/yanfenggao/tools/nvim-linux64/share/nvim/runtime/lua
[17:40:23.190][info] [#0:script/workspace/loading.lua:100]: Preload file at: file:///home/yanfenggao/tools/nvim-linux64/share/nvim/runtime/lua/vim/provider.lua , size = 0.197 KB
[17:40:23.191][info] [#0:script/workspace/loading.lua:112]: ++++As library of:	file:///home/yanfenggao/tools/nvim-linux64/share/nvim/runtime/lua
[17:40:23.191][info] [#0:script/workspace/loading.lua:100]: Preload file at: file:///home/yanfenggao/tools/nvim-linux64/share/nvim/runtime/lua/vim/glob.lua , size = 3.261 KB
[17:40:23.193][info] [#0:script/workspace/loading.lua:112]: ++++As library of:	file:///home/yanfenggao/tools/nvim-linux64/share/nvim/runtime/lua
[17:40:23.194][info] [#0:script/workspace/loading.lua:100]: Preload file at: file:///home/yanfenggao/tools/nvim-linux64/share/nvim/runtime/lua/vim/diagnostic.lua , size = 72.462 KB
[17:40:23.304][info] [#0:script/workspace/loading.lua:112]: ++++As library of:	file:///home/yanfenggao/tools/nvim-linux64/share/nvim/runtime/lua
[17:40:23.306][info] [#0:script/workspace/loading.lua:100]: Preload file at: file:///home/yanfenggao/tools/nvim-linux64/share/nvim/runtime/lua/vim/iter.lua , size = 25.863 KB
[17:40:23.321][info] [#0:script/workspace/loading.lua:112]: ++++As library of:	file:///home/yanfenggao/tools/nvim-linux64/share/nvim/runtime/lua
[17:40:23.321][info] [#0:script/workspace/loading.lua:100]: Preload file at: file:///home/yanfenggao/tools/nvim-linux64/share/nvim/runtime/lua/vim/shared.lua , size = 37.258 KB
[17:40:23.341][info] [#0:script/workspace/loading.lua:112]: ++++As library of:	file:///home/yanfenggao/tools/nvim-linux64/share/nvim/runtime/lua
[17:40:23.341][info] [#0:script/workspace/loading.lua:100]: Preload file at: file:///home/yanfenggao/tools/nvim-linux64/share/nvim/runtime/lua/vim/health.lua , size = 12.767 KB
[17:40:23.347][info] [#0:script/workspace/loading.lua:112]: ++++As library of:	file:///home/yanfenggao/tools/nvim-linux64/share/nvim/runtime/lua
[17:40:23.348][info] [#0:script/workspace/loading.lua:100]: Preload file at: file:///home/yanfenggao/tools/nvim-linux64/share/nvim/runtime/lua/vim/keymap.lua , size = 3.624 KB
[17:40:23.350][info] [#0:script/workspace/loading.lua:112]: ++++As library of:	file:///home/yanfenggao/tools/nvim-linux64/share/nvim/runtime/lua
[17:40:23.350][info] [#0:script/workspace/loading.lua:100]: Preload file at: file:///home/yanfenggao/tools/nvim-linux64/share/nvim/runtime/lua/vim/_defaults.lua , size = 26.367 KB
[17:40:23.362][info] [#0:script/workspace/loading.lua:112]: ++++As library of:	file:///home/yanfenggao/tools/nvim-linux64/share/nvim/runtime/lua
[17:40:23.363][info] [#0:script/workspace/loading.lua:100]: Preload file at: file:///home/yanfenggao/tools/nvim-linux64/share/nvim/runtime/lua/vim/secure.lua , size = 5.043 KB
[17:40:23.366][info] [#0:script/workspace/loading.lua:112]: ++++As library of:	file:///home/yanfenggao/tools/nvim-linux64/share/nvim/runtime/lua
[17:40:23.366][info] [#0:script/workspace/loading.lua:100]: Preload file at: file:///home/yanfenggao/tools/nvim-linux64/share/nvim/runtime/lua/vim/_options.lua , size = 25.297 KB
[17:40:23.376][info] [#0:script/workspace/loading.lua:112]: ++++As library of:	file:///home/yanfenggao/tools/nvim-linux64/share/nvim/runtime/lua
[17:40:23.376][info] [#0:script/workspace/loading.lua:100]: Preload file at: file:///home/yanfenggao/tools/nvim-linux64/share/nvim/runtime/lua/vim/termcap.lua , size = 3.103 KB
[17:40:23.378][info] [#0:script/workspace/loading.lua:112]: ++++As library of:	file:///home/yanfenggao/tools/nvim-linux64/share/nvim/runtime/lua
[17:40:23.378][info] [#0:script/workspace/loading.lua:100]: Preload file at: file:///home/yanfenggao/tools/nvim-linux64/share/nvim/runtime/lua/vim/_comment.lua , size = 8.562 KB
[17:40:23.382][info] [#0:script/workspace/loading.lua:112]: ++++As library of:	file:///home/yanfenggao/tools/nvim-linux64/share/nvim/runtime/lua
[17:40:23.383][info] [#0:script/workspace/loading.lua:100]: Preload file at: file:///home/yanfenggao/tools/nvim-linux64/share/nvim/runtime/lua/vim/_init_packages.lua , size = 3.023 KB
[17:40:23.385][info] [#0:script/workspace/loading.lua:112]: ++++As library of:	file:///home/yanfenggao/tools/nvim-linux64/share/nvim/runtime/lua
[17:40:23.385][info] [#0:script/workspace/loading.lua:100]: Preload file at: file:///home/yanfenggao/tools/nvim-linux64/share/nvim/runtime/lua/vim/_system.lua , size = 9.135 KB
[17:40:23.391][info] [#0:script/workspace/loading.lua:112]: ++++As library of:	file:///home/yanfenggao/tools/nvim-linux64/share/nvim/runtime/lua
[17:40:23.391][info] [#0:script/workspace/loading.lua:100]: Preload file at: file:///home/yanfenggao/tools/nvim-linux64/share/nvim/runtime/lua/vim/health/health.lua , size = 12.696 KB
[17:40:23.397][info] [#0:script/workspace/loading.lua:112]: ++++As library of:	file:///home/yanfenggao/tools/nvim-linux64/share/nvim/runtime/lua
[17:40:23.397][info] [#0:script/workspace/loading.lua:100]: Preload file at: file:///home/yanfenggao/tools/nvim-linux64/share/nvim/runtime/lua/vim/re.lua , size = 6.495 KB
[17:40:23.402][info] [#0:script/workspace/loading.lua:112]: ++++As library of:	file:///home/yanfenggao/tools/nvim-linux64/share/nvim/runtime/lua
[17:40:23.402][info] [#0:script/workspace/loading.lua:100]: Preload file at: file:///home/yanfenggao/tools/nvim-linux64/share/nvim/runtime/lua/vim/treesitter/languagetree.lua , size = 32.823 KB
[17:40:23.419][info] [#0:script/workspace/loading.lua:112]: ++++As library of:	file:///home/yanfenggao/tools/nvim-linux64/share/nvim/runtime/lua
[17:40:23.419][info] [#0:script/workspace/loading.lua:100]: Preload file at: file:///home/yanfenggao/tools/nvim-linux64/share/nvim/runtime/lua/vim/treesitter/dev.lua , size = 20.469 KB
[17:40:23.431][info] [#0:script/workspace/loading.lua:112]: ++++As library of:	file:///home/yanfenggao/tools/nvim-linux64/share/nvim/runtime/lua
[17:40:23.432][info] [#0:script/workspace/loading.lua:100]: Preload file at: file:///home/yanfenggao/tools/nvim-linux64/share/nvim/runtime/lua/vim/treesitter/language.lua , size = 5.125 KB
[17:40:23.435][info] [#0:script/workspace/loading.lua:112]: ++++As library of:	file:///home/yanfenggao/tools/nvim-linux64/share/nvim/runtime/lua
[17:40:23.435][info] [#0:script/workspace/loading.lua:100]: Preload file at: file:///home/yanfenggao/tools/nvim-linux64/share/nvim/runtime/lua/vim/treesitter/_range.lua , size = 3.923 KB
[17:40:23.438][info] [#0:script/workspace/loading.lua:112]: ++++As library of:	file:///home/yanfenggao/tools/nvim-linux64/share/nvim/runtime/lua
[17:40:23.439][info] [#0:script/workspace/loading.lua:100]: Preload file at: file:///home/yanfenggao/tools/nvim-linux64/share/nvim/runtime/lua/vim/treesitter/_meta/misc.lua , size = 2.495 KB
[17:40:23.441][info] [#0:script/workspace/loading.lua:112]: ++++As library of:	file:///home/yanfenggao/tools/nvim-linux64/share/nvim/runtime/lua
[17:40:23.441][info] [#0:script/workspace/loading.lua:100]: Preload file at: file:///home/yanfenggao/tools/nvim-linux64/share/nvim/runtime/lua/vim/treesitter/_meta/tsnode.lua , size = 5.981 KB
[17:40:23.445][info] [#0:script/workspace/loading.lua:112]: ++++As library of:	file:///home/yanfenggao/tools/nvim-linux64/share/nvim/runtime/lua
[17:40:23.445][info] [#0:script/workspace/loading.lua:100]: Preload file at: file:///home/yanfenggao/tools/nvim-linux64/share/nvim/runtime/lua/vim/treesitter/_meta/tstree.lua , size = 1.234 KB
[17:40:23.446][info] [#0:script/workspace/loading.lua:112]: ++++As library of:	file:///home/yanfenggao/tools/nvim-linux64/share/nvim/runtime/lua
[17:40:23.446][info] [#0:script/workspace/loading.lua:100]: Preload file at: file:///home/yanfenggao/tools/nvim-linux64/share/nvim/runtime/lua/vim/treesitter/_query_linter.lua , size = 7.700 KB
[17:40:23.451][info] [#0:script/workspace/loading.lua:112]: ++++As library of:	file:///home/yanfenggao/tools/nvim-linux64/share/nvim/runtime/lua
[17:40:23.451][info] [#0:script/workspace/loading.lua:100]: Preload file at: file:///home/yanfenggao/tools/nvim-linux64/share/nvim/runtime/lua/vim/treesitter/health.lua , size = 0.989 KB
[17:40:23.452][info] [#0:script/workspace/loading.lua:112]: ++++As library of:	file:///home/yanfenggao/tools/nvim-linux64/share/nvim/runtime/lua
[17:40:23.452][info] [#0:script/workspace/loading.lua:100]: Preload file at: file:///home/yanfenggao/tools/nvim-linux64/share/nvim/runtime/lua/vim/treesitter/query.lua , size = 31.771 KB
[17:40:23.469][info] [#0:script/workspace/loading.lua:112]: ++++As library of:	file:///home/yanfenggao/tools/nvim-linux64/share/nvim/runtime/lua
[17:40:23.469][info] [#0:script/workspace/loading.lua:100]: Preload file at: file:///home/yanfenggao/tools/nvim-linux64/share/nvim/runtime/lua/vim/treesitter/_fold.lua , size = 14.430 KB
[17:40:23.476][info] [#0:script/workspace/loading.lua:112]: ++++As library of:	file:///home/yanfenggao/tools/nvim-linux64/share/nvim/runtime/lua
[17:40:23.477][info] [#0:script/workspace/loading.lua:100]: Preload file at: file:///home/yanfenggao/tools/nvim-linux64/share/nvim/runtime/lua/vim/treesitter/highlighter.lua , size = 11.807 KB
[17:40:23.484][info] [#0:script/workspace/loading.lua:112]: ++++As library of:	file:///home/yanfenggao/tools/nvim-linux64/share/nvim/runtime/lua
[17:40:23.484][info] [#0:script/workspace/loading.lua:100]: Preload file at: file:///home/yanfenggao/tools/nvim-linux64/share/nvim/runtime/lua/vim/_inspector.lua , size = 7.518 KB
[17:40:23.488][info] [#0:script/workspace/loading.lua:112]: ++++As library of:	file:///home/yanfenggao/tools/nvim-linux64/share/nvim/runtime/lua
[17:40:23.488][info] [#0:script/workspace/loading.lua:100]: Preload file at: file:///home/yanfenggao/tools/nvim-linux64/share/nvim/runtime/lua/vim/lsp/_meta.lua , size = 0.440 KB
[17:40:23.489][info] [#0:script/workspace/loading.lua:112]: ++++As library of:	file:///home/yanfenggao/tools/nvim-linux64/share/nvim/runtime/lua
[17:40:23.489][info] [#0:script/workspace/loading.lua:100]: Preload file at: file:///home/yanfenggao/tools/nvim-linux64/share/nvim/runtime/lua/vim/lsp/buf.lua , size = 32.057 KB
[17:40:23.504][info] [#0:script/workspace/loading.lua:112]: ++++As library of:	file:///home/yanfenggao/tools/nvim-linux64/share/nvim/runtime/lua
[17:40:23.504][info] [#0:script/workspace/loading.lua:100]: Preload file at: file:///home/yanfenggao/tools/nvim-linux64/share/nvim/runtime/lua/vim/lsp/client.lua , size = 38.034 KB
[17:40:23.523][info] [#0:script/workspace/loading.lua:112]: ++++As library of:	file:///home/yanfenggao/tools/nvim-linux64/share/nvim/runtime/lua
[17:40:23.523][info] [#0:script/workspace/loading.lua:100]: Preload file at: file:///home/yanfenggao/tools/nvim-linux64/share/nvim/runtime/lua/vim/lsp/completion.lua , size = 22.663 KB
[17:40:23.535][info] [#0:script/workspace/loading.lua:112]: ++++As library of:	file:///home/yanfenggao/tools/nvim-linux64/share/nvim/runtime/lua
[17:40:23.641][info] [#0:script/workspace/loading.lua:100]: Preload file at: file:///home/yanfenggao/tools/nvim-linux64/share/nvim/runtime/lua/vim/lsp/_snippet_grammar.lua , size = 6.179 KB
[17:40:23.654][info] [#0:script/workspace/loading.lua:112]: ++++As library of:	file:///home/yanfenggao/tools/nvim-linux64/share/nvim/runtime/lua
[17:40:23.654][info] [#0:script/workspace/loading.lua:100]: Preload file at: file:///home/yanfenggao/tools/nvim-linux64/share/nvim/runtime/lua/vim/lsp/handlers.lua , size = 26.850 KB
[17:40:23.674][info] [#0:script/workspace/loading.lua:112]: ++++As library of:	file:///home/yanfenggao/tools/nvim-linux64/share/nvim/runtime/lua
[17:40:23.674][info] [#0:script/workspace/loading.lua:100]: Preload file at: file:///home/yanfenggao/tools/nvim-linux64/share/nvim/runtime/lua/vim/lsp/codelens.lua , size = 9.336 KB
[17:40:23.680][info] [#0:script/workspace/loading.lua:112]: ++++As library of:	file:///home/yanfenggao/tools/nvim-linux64/share/nvim/runtime/lua
[17:40:23.680][info] [#0:script/workspace/loading.lua:100]: Preload file at: file:///home/yanfenggao/tools/nvim-linux64/share/nvim/runtime/lua/vim/lsp/_watchfiles.lua , size = 6.893 KB
[17:40:23.684][info] [#0:script/workspace/loading.lua:112]: ++++As library of:	file:///home/yanfenggao/tools/nvim-linux64/share/nvim/runtime/lua
[17:40:23.684][info] [#0:script/workspace/loading.lua:100]: Preload file at: file:///home/yanfenggao/tools/nvim-linux64/share/nvim/runtime/lua/vim/lsp/log.lua , size = 4.695 KB
[17:40:23.687][info] [#0:script/workspace/loading.lua:112]: ++++As library of:	file:///home/yanfenggao/tools/nvim-linux64/share/nvim/runtime/lua
[17:40:23.687][info] [#0:script/workspace/loading.lua:100]: Preload file at: file:///home/yanfenggao/tools/nvim-linux64/share/nvim/runtime/lua/vim/lsp/_meta/protocol.lua , size = 182.005 KB
[17:40:23.744][info] [#0:script/workspace/loading.lua:112]: ++++As library of:	file:///home/yanfenggao/tools/nvim-linux64/share/nvim/runtime/lua
[17:40:23.744][info] [#0:script/workspace/loading.lua:100]: Preload file at: file:///home/yanfenggao/tools/nvim-linux64/share/nvim/runtime/lua/vim/lsp/diagnostic.lua , size = 14.132 KB
[17:40:23.751][info] [#0:script/workspace/loading.lua:112]: ++++As library of:	file:///home/yanfenggao/tools/nvim-linux64/share/nvim/runtime/lua
[17:40:23.751][info] [#0:script/workspace/loading.lua:100]: Preload file at: file:///home/yanfenggao/tools/nvim-linux64/share/nvim/runtime/lua/vim/lsp/health.lua , size = 5.412 KB
[17:40:23.755][info] [#0:script/workspace/loading.lua:112]: ++++As library of:	file:///home/yanfenggao/tools/nvim-linux64/share/nvim/runtime/lua
[17:40:23.755][info] [#0:script/workspace/loading.lua:100]: Preload file at: file:///home/yanfenggao/tools/nvim-linux64/share/nvim/runtime/lua/vim/lsp/_tagfunc.lua , size = 2.787 KB
[17:40:23.757][info] [#0:script/workspace/loading.lua:112]: ++++As library of:	file:///home/yanfenggao/tools/nvim-linux64/share/nvim/runtime/lua
[17:40:23.757][info] [#0:script/workspace/loading.lua:100]: Preload file at: file:///home/yanfenggao/tools/nvim-linux64/share/nvim/runtime/lua/vim/lsp/protocol.lua , size = 36.793 KB
[17:40:23.765][info] [#0:script/workspace/loading.lua:112]: ++++As library of:	file:///home/yanfenggao/tools/nvim-linux64/share/nvim/runtime/lua
[17:40:23.765][info] [#0:script/workspace/loading.lua:100]: Preload file at: file:///home/yanfenggao/tools/nvim-linux64/share/nvim/runtime/lua/vim/lsp/rpc.lua , size = 26.228 KB
[17:40:23.779][info] [#0:script/workspace/loading.lua:112]: ++++As library of:	file:///home/yanfenggao/tools/nvim-linux64/share/nvim/runtime/lua
[17:40:23.779][info] [#0:script/workspace/loading.lua:100]: Preload file at: file:///home/yanfenggao/tools/nvim-linux64/share/nvim/runtime/lua/vim/lsp/_dynamic.lua , size = 2.922 KB
[17:40:23.781][info] [#0:script/workspace/loading.lua:112]: ++++As library of:	file:///home/yanfenggao/tools/nvim-linux64/share/nvim/runtime/lua
[17:40:23.781][info] [#0:script/workspace/loading.lua:100]: Preload file at: file:///home/yanfenggao/tools/nvim-linux64/share/nvim/runtime/lua/vim/lsp/inlay_hint.lua , size = 12.187 KB
[17:40:23.788][info] [#0:script/workspace/loading.lua:112]: ++++As library of:	file:///home/yanfenggao/tools/nvim-linux64/share/nvim/runtime/lua
[17:40:23.788][info] [#0:script/workspace/loading.lua:100]: Preload file at: file:///home/yanfenggao/tools/nvim-linux64/share/nvim/runtime/lua/vim/lsp/_changetracking.lua , size = 11.492 KB
[17:40:23.794][info] [#0:script/workspace/loading.lua:112]: ++++As library of:	file:///home/yanfenggao/tools/nvim-linux64/share/nvim/runtime/lua
[17:40:23.794][info] [#0:script/workspace/loading.lua:100]: Preload file at: file:///home/yanfenggao/tools/nvim-linux64/share/nvim/runtime/lua/vim/lsp/sync.lua , size = 16.744 KB
[17:40:23.801][info] [#0:script/workspace/loading.lua:112]: ++++As library of:	file:///home/yanfenggao/tools/nvim-linux64/share/nvim/runtime/lua
[17:40:23.801][info] [#0:script/workspace/loading.lua:100]: Preload file at: file:///home/yanfenggao/tools/nvim-linux64/share/nvim/runtime/lua/vim/lsp/util.lua , size = 75.569 KB
[17:40:23.840][info] [#0:script/workspace/loading.lua:112]: ++++As library of:	file:///home/yanfenggao/tools/nvim-linux64/share/nvim/runtime/lua
[17:40:23.840][info] [#0:script/workspace/loading.lua:100]: Preload file at: file:///home/yanfenggao/tools/nvim-linux64/share/nvim/runtime/lua/vim/ui.lua , size = 7.497 KB
[17:40:23.844][info] [#0:script/workspace/loading.lua:112]: ++++As library of:	file:///home/yanfenggao/tools/nvim-linux64/share/nvim/runtime/lua
[17:40:23.844][info] [#0:script/workspace/loading.lua:100]: Preload file at: file:///home/yanfenggao/tools/nvim-linux64/share/nvim/runtime/lua/vim/lsp/semantic_tokens.lua , size = 26.599 KB
[17:40:23.960][warn] [#0:script/files.lua:704]: Compile [file:///home/yanfenggao/tools/nvim-linux64/share/nvim/runtime/lua/vim/lsp/semantic_tokens.lua] takes [0.116] sec, size [27.237] kb.
[17:40:23.965][info] [#0:script/workspace/loading.lua:112]: ++++As library of:	file:///home/yanfenggao/tools/nvim-linux64/share/nvim/runtime/lua
[17:40:23.966][info] [#0:script/workspace/loading.lua:100]: Preload file at: file:///home/yanfenggao/tools/nvim-linux64/share/nvim/runtime/lua/vim/vimhelp.lua , size = 2.286 KB
[17:40:23.967][info] [#0:script/workspace/loading.lua:112]: ++++As library of:	file:///home/yanfenggao/tools/nvim-linux64/share/nvim/runtime/lua
[17:40:23.967][info] [#0:script/workspace/loading.lua:100]: Preload file at: file:///home/yanfenggao/tools/nvim-linux64/share/nvim/runtime/lua/coxpcall.lua , size = 3.451 KB
[17:40:23.969][info] [#0:script/workspace/loading.lua:112]: ++++As library of:	file:///home/yanfenggao/tools/nvim-linux64/share/nvim/runtime/lua
[17:40:23.969][info] [#0:script/workspace/loading.lua:100]: Preload file at: file:///home/yanfenggao/.config/nvim-kickstart/init.lua , size = 4.436 KB
[17:40:23.970][info] [#0:script/workspace/loading.lua:100]: Preload file at: file:///home/yanfenggao/tools/nvim-linux64/share/nvim/runtime/lua/tohtml.lua , size = 43.129 KB
[17:40:23.999][info] [#0:script/workspace/loading.lua:112]: ++++As library of:	file:///home/yanfenggao/tools/nvim-linux64/share/nvim/runtime/lua
[17:40:24.101][info] [#0:script/workspace/loading.lua:172]: Loaded files takes [1.817] sec: file:///home/yanfenggao/.config/nvim-kickstart
[17:40:24.101][info] [#0:script/workspace/loading.lua:181]: Compile files takes [0.000] sec: file:///home/yanfenggao/.config/nvim-kickstart
[17:40:24.101][info] [#0:script/workspace/loading.lua:182]: Loaded finish:	file:///home/yanfenggao/.config/nvim-kickstart
[17:40:24.101][info] [#0:script/workspace/workspace.lua:381]: Preload finish at:	file:///home/yanfenggao/.config/nvim-kickstart
[17:40:24.139][warn] [#0:script/proto/proto.lua:189]: Method [textDocument/didOpen] takes [1.974]sec. {
  jsonrpc = "2.0",
  method = "textDocument/didOpen",
  params = {
    textDocument = {
      languageId = "lua",
      text = '"***"',
      uri = "file:///home/yanfenggao/.config/nvim-kickstart/lua/lazy-plugins.lua",
      version = 0
    }
  }
}
[17:40:24.146][info] [#0:script/provider/diagnostic.lua:560]: Diagnostics scope [file:///home/yanfenggao/.config/nvim-kickstart], files count:[212]
[17:40:24.161][warn] [#0:script/proto/proto.lua:189]: Method [textDocument/documentHighlight] takes [1.922]sec. {
  id = 12,
  jsonrpc = "2.0",
  method = "textDocument/documentHighlight",
  params = {
    position = {
      character = 0,
      line = 0
    },
    textDocument = {
      uri = "file:///home/yanfenggao/.config/nvim-kickstart/lua/lazy-plugins.lua"
    }
  }
}
[17:40:24.168][warn] [#0:script/proto/proto.lua:189]: Method [textDocument/semanticTokens/full] takes [1.928]sec. {
  id = 10,
  jsonrpc = "2.0",
  method = "textDocument/semanticTokens/full",
  params = {
    textDocument = {
      uri = "file:///home/yanfenggao/.config/nvim-kickstart/lua/lazy-plugins.lua"
    }
  }
}
[17:40:24.175][warn] [#0:script/proto/proto.lua:189]: Method [textDocument/inlayHint] takes [1.930]sec. {
  id = 7,
  jsonrpc = "2.0",
  method = "textDocument/inlayHint",
  params = {
    range = {
      end = {
        character = 0,
        line = 89
      },
      start = {
        character = 0,
        line = 0
      }
    },
    textDocument = {
      uri = "file:///home/yanfenggao/.config/nvim-kickstart/lua/lazy-plugins.lua"
    }
  }
}
[17:40:24.175][warn] [#0:script/proto/proto.lua:189]: Method [textDocument/inlayHint] takes [1.930]sec. {
  id = 9,
  jsonrpc = "2.0",
  method = "textDocument/inlayHint",
  params = {
    range = {
      end = {
        character = 0,
        line = 89
      },
      start = {
        character = 0,
        line = 0
      }
    },
    textDocument = {
      uri = "file:///home/yanfenggao/.config/nvim-kickstart/lua/lazy-plugins.lua"
    }
  }
}
[17:40:24.175][warn] [#0:script/proto/proto.lua:189]: Method [textDocument/inlayHint] takes [1.930]sec. {
  id = 11,
  jsonrpc = "2.0",
  method = "textDocument/inlayHint",
  params = {
    range = {
      end = {
        character = 0,
        line = 89
      },
      start = {
        character = 0,
        line = 0
      }
    },
    textDocument = {
      uri = "file:///home/yanfenggao/.config/nvim-kickstart/lua/lazy-plugins.lua"
    }
  }
}
[17:40:24.212][warn] [#0:script/proto/proto.lua:189]: Method [textDocument/documentSymbol] takes [2.036]sec. {
  id = 5,
  jsonrpc = "2.0",
  method = "textDocument/documentSymbol",
  params = {
    textDocument = {
      uri = "file:///home/yanfenggao/.config/nvim-kickstart/lua/lazy-plugins.lua"
    }
  }
}
[17:40:24.295][info] [#0:script/provider/diagnostic.lua:577]: Diagnostics scope [file:///home/yanfenggao/.config/nvim-kickstart] finished, takes [0.101] sec.
[17:40:57.663][warn] [#0:script/pub/report.lua:24]: Load proto error:	Disconnected!
