[10:34:14.544][info] [#0:/home/yanfenggao/.local/share/nvim/mason/packages/lua-language-server/libexec/main.lua:68]: Lua Lsp startup, root: 	/home/yanfenggao/.local/share/nvim/mason/packages/lua-language-server/libexec
[10:34:14.544][info] [#0:/home/yanfenggao/.local/share/nvim/mason/packages/lua-language-server/libexec/main.lua:69]: ROOT:	/home/yanfenggao/.local/share/nvim/mason/packages/lua-language-server/libexec
[10:34:14.544][info] [#0:/home/yanfenggao/.local/share/nvim/mason/packages/lua-language-server/libexec/main.lua:70]: LOGPATH:	/home/yanfenggao/.local/share/nvim/mason/packages/lua-language-server/libexec/log
[10:34:14.544][info] [#0:/home/yanfenggao/.local/share/nvim/mason/packages/lua-language-server/libexec/main.lua:71]: METAPATH:	/home/yanfenggao/.local/share/nvim/mason/packages/lua-language-server/libexec/meta
[10:34:14.545][info] [#0:/home/yanfenggao/.local/share/nvim/mason/packages/lua-language-server/libexec/main.lua:72]: VERSION:	3.11.1
[10:34:14.598][info] [#0:script/proto/proto.lua:260]: Listen Mode: stdio
[10:34:14.598][info] [#0:script/service/service.lua:145]: 
========= Medical Examination Report =========
    --------------- Memory ---------------
        Total: 2.246 MB
        # 00 : 2.246 MB
        # 01 : 0.000 MB
        # 02 : 0.000 MB
        # 03 : 0.000 MB
        # 04 : 0.000 MB
    --------------- Coroutine ---------------
        Total:     0
        Running:   0
        Suspended: 0
        Normal:    0
        Dead:      0
    --------------- Cache ---------------
        Total: 1
        Dead:  0
    ---------------  RPC  ---------------
        Holdon:   0
        Waiting:  0
==============================================
[10:34:14.707][info] [#0:script/client.lua:657]: Client init	{
  capabilities = {
    general = {
      positionEncodings = { "utf-16" }
    },
    textDocument = {
      callHierarchy = {
        dynamicRegistration = false
      },
      codeAction = {
        codeActionLiteralSupport = {
          codeActionKind = {
            valueSet = { "", "quickfix", "refactor", "refactor.extract", "refactor.inline", "refactor.rewrite", "source", "source.organizeImports" }
          }
        },
        dataSupport = true,
        dynamicRegistration = true,
        isPreferredSupport = true,
        resolveSupport = {
          properties = { "edit" }
        }
      },
      codeLens = {
        dynamicRegistration = false,
        resolveSupport = {
          properties = { "command" }
        }
      },
      completion = {
        completionItem = {
          commitCharactersSupport = true,
          deprecatedSupport = true,
          documentationFormat = { "markdown", "plaintext" },
          insertReplaceSupport = true,
          insertTextModeSupport = {
            valueSet = { 1, 2 }
          },
          labelDetailsSupport = true,
          preselectSupport = true,
          resolveSupport = {
            properties = { "documentation", "detail", "additionalTextEdits", "sortText", "filterText", "insertText", "textEdit", "insertTextFormat", "insertTextMode" }
          },
          snippetSupport = true,
          tagSupport = {
            valueSet = { 1 }
          }
        },
        completionItemKind = {
          valueSet = { 1, 2, 3, 4, 5, 6, 7, 8, 9, 10, 11, 12, 13, 14, 15, 16, 17, 18, 19, 20, 21, 22, 23, 24, 25 }
        },
        completionList = {
          itemDefaults = { "commitCharacters", "editRange", "insertTextFormat", "insertTextMode", "data" }
        },
        contextSupport = true,
        dynamicRegistration = false,
        insertTextMode = 1
      },
      declaration = {
        linkSupport = true
      },
      definition = {
        dynamicRegistration = true,
        linkSupport = true
      },
      diagnostic = {
        dynamicRegistration = false
      },
      documentHighlight = {
        dynamicRegistration = false
      },
      documentSymbol = {
        dynamicRegistration = false,
        hierarchicalDocumentSymbolSupport = true,
        symbolKind = {
          valueSet = { 1, 2, 3, 4, 5, 6, 7, 8, 9, 10, 11, 12, 13, 14, 15, 16, 17, 18, 19, 20, 21, 22, 23, 24, 25, 26 }
        }
      },
      formatting = {
        dynamicRegistration = true
      },
      hover = {
        contentFormat = { "markdown", "plaintext" },
        dynamicRegistration = true
      },
      implementation = {
        linkSupport = true
      },
      inlayHint = {
        dynamicRegistration = true,
        resolveSupport = {
          properties = { "textEdits", "tooltip", "location", "command" }
        }
      },
      publishDiagnostics = {
        dataSupport = true,
        relatedInformation = true,
        tagSupport = {
          valueSet = { 1, 2 }
        }
      },
      rangeFormatting = {
        dynamicRegistration = true,
        rangesSupport = true
      },
      references = {
        dynamicRegistration = false
      },
      rename = {
        dynamicRegistration = true,
        prepareSupport = true
      },
      semanticTokens = {
        augmentsSyntaxTokens = true,
        dynamicRegistration = false,
        formats = { "relative" },
        multilineTokenSupport = false,
        overlappingTokenSupport = true,
        requests = {
          full = {
            delta = true
          },
          range = false
        },
        serverCancelSupport = false,
        tokenModifiers = { "declaration", "definition", "readonly", "static", "deprecated", "abstract", "async", "modification", "documentation", "defaultLibrary" },
        tokenTypes = { "namespace", "type", "class", "enum", "interface", "struct", "typeParameter", "parameter", "variable", "property", "enumMember", "event", "function", "method", "macro", "keyword", "modifier", "comment", "string", "number", "regexp", "operator", "decorator" }
      },
      signatureHelp = {
        dynamicRegistration = false,
        signatureInformation = {
          activeParameterSupport = true,
          documentationFormat = { "markdown", "plaintext" },
          parameterInformation = {
            labelOffsetSupport = true
          }
        }
      },
      synchronization = {
        didSave = true,
        dynamicRegistration = false,
        willSave = true,
        willSaveWaitUntil = true
      },
      typeDefinition = {
        linkSupport = true
      }
    },
    window = {
      showDocument = {
        support = true
      },
      showMessage = {
        messageActionItem = {
          additionalPropertiesSupport = true
        }
      },
      workDoneProgress = true
    },
    workspace = {
      applyEdit = true,
      configuration = true,
      didChangeConfiguration = {
        dynamicRegistration = false
      },
      didChangeWatchedFiles = {
        dynamicRegistration = false,
        relativePatternSupport = true
      },
      fileOperations = {
        didRename = true,
        willRename = true
      },
      inlayHint = {
        refreshSupport = true
      },
      semanticTokens = {
        refreshSupport = true
      },
      symbol = {
        dynamicRegistration = false,
        symbolKind = {
          valueSet = { 1, 2, 3, 4, 5, 6, 7, 8, 9, 10, 11, 12, 13, 14, 15, 16, 17, 18, 19, 20, 21, 22, 23, 24, 25, 26 }
        }
      },
      workspaceEdit = {
        resourceOperations = { "rename", "create", "delete" }
      },
      workspaceFolders = true
    }
  },
  clientInfo = {
    name = "Neovim",
    version = "0.11.0-dev+gfae4d3fa1"
  },
  initializationOptions = {},
  processId = 1516217,
  rootPath = "/",
  rootUri = "file://",
  trace = "off",
  workDoneToken = "1",
  workspaceFolders = { {
      name = "",
      uri = "file://"
    } }
}
[10:34:14.708][info] [#0:script/language.lua:137]: VSC language: nil
[10:34:14.708][info] [#0:script/language.lua:138]: LS  language: en-us
[10:34:14.708][info] [#0:script/workspace/workspace.lua:38]: Workspace init root: 	file://
[10:34:14.708][info] [#0:script/workspace/workspace.lua:42]: Log path: 	/home/yanfenggao/.local/share/nvim/mason/packages/lua-language-server/libexec/log/file_.log
[10:34:14.709][info] [#0:script/workspace/workspace.lua:48]: Workspace create: 	file://
[10:34:15.114][warn] [#0:script/config/loader.lua:116]: No config?	{}
[10:34:15.115][warn] [#0:script/config/loader.lua:116]: No config?	{}
[10:34:15.115][warn] [#0:script/config/loader.lua:116]: No config?	{}
[10:34:15.115][warn] [#0:script/config/loader.lua:116]: No config?	{}
[10:34:15.115][info] [#0:script/provider/provider.lua:64]: Load config from client	fallback
[10:34:15.115][info] [#0:script/provider/provider.lua:65]: nil
[10:34:15.116][warn] [#0:script/config/loader.lua:116]: No config?	{}
[10:34:15.116][info] [#0:script/provider/provider.lua:64]: Load config from client	fallback
[10:34:15.116][info] [#0:script/provider/provider.lua:65]: nil
[10:34:15.116][warn] [#0:script/config/loader.lua:116]: No config?	{}
[10:34:15.116][info] [#0:script/provider/provider.lua:64]: Load config from client	fallback
[10:34:15.116][info] [#0:script/provider/provider.lua:65]: nil
[10:34:15.241][info] [#0:script/library.lua:212]: Init builtin library at:	file://
[10:34:15.558][info] [#0:script/library.lua:212]: Init builtin library at:	nil
[10:34:15.782][info] [#0:script/workspace/workspace.lua:324]: Preload start:	file://
[10:34:15.792][info] [#0:script/workspace/workspace.lua:330]: Scan files at:	file://
[10:34:15.792][info] [#0:script/workspace/workspace.lua:324]: Preload start:	<fallback>
[10:34:15.796][info] [#0:script/workspace/workspace.lua:353]: Scan library at:	file:///home/yanfenggao/.local/share/nvim/mason/packages/lua-language-server/libexec/meta/Lua%205.4%20en-us%20utf8/table.lua
[10:34:15.798][info] [#0:script/workspace/workspace.lua:353]: Scan library at:	file:///home/yanfenggao/.local/share/nvim/mason/packages/lua-language-server/libexec/meta/Lua%205.4%20en-us%20utf8/table.lua
[10:34:15.798][info] [#0:script/workspace/workspace.lua:353]: Scan library at:	file:///home/yanfenggao/.local/share/nvim/mason/packages/lua-language-server/libexec/meta/Lua%205.4%20en-us%20utf8/utf8.lua
[10:34:15.798][info] [#0:script/workspace/workspace.lua:353]: Scan library at:	file:///home/yanfenggao/.local/share/nvim/mason/packages/lua-language-server/libexec/meta/Lua%205.4%20en-us%20utf8/utf8.lua
[10:34:15.798][info] [#0:script/workspace/workspace.lua:353]: Scan library at:	file:///home/yanfenggao/.local/share/nvim/mason/packages/lua-language-server/libexec/meta/Lua%205.4%20en-us%20utf8/io.lua
[10:34:15.798][info] [#0:script/workspace/workspace.lua:353]: Scan library at:	file:///home/yanfenggao/.local/share/nvim/mason/packages/lua-language-server/libexec/meta/Lua%205.4%20en-us%20utf8/io.lua
[10:34:15.799][info] [#0:script/workspace/workspace.lua:353]: Scan library at:	file:///home/yanfenggao/.local/share/nvim/mason/packages/lua-language-server/libexec/meta/Lua%205.4%20en-us%20utf8/builtin.lua
[10:34:15.799][info] [#0:script/workspace/workspace.lua:353]: Scan library at:	file:///home/yanfenggao/.local/share/nvim/mason/packages/lua-language-server/libexec/meta/Lua%205.4%20en-us%20utf8/builtin.lua
[10:34:15.799][info] [#0:script/workspace/workspace.lua:353]: Scan library at:	file:///home/yanfenggao/.local/share/nvim/mason/packages/lua-language-server/libexec/meta/Lua%205.4%20en-us%20utf8/string.lua
[10:34:15.799][info] [#0:script/workspace/workspace.lua:353]: Scan library at:	file:///home/yanfenggao/.local/share/nvim/mason/packages/lua-language-server/libexec/meta/Lua%205.4%20en-us%20utf8/string.lua
[10:34:15.799][info] [#0:script/workspace/workspace.lua:353]: Scan library at:	file:///home/yanfenggao/.local/share/nvim/mason/packages/lua-language-server/libexec/meta/Lua%205.4%20en-us%20utf8/basic.lua
[10:34:15.800][info] [#0:script/workspace/workspace.lua:353]: Scan library at:	file:///home/yanfenggao/.local/share/nvim/mason/packages/lua-language-server/libexec/meta/Lua%205.4%20en-us%20utf8/basic.lua
[10:34:15.800][info] [#0:script/workspace/workspace.lua:353]: Scan library at:	file:///home/yanfenggao/.local/share/nvim/mason/packages/lua-language-server/libexec/meta/Lua%205.4%20en-us%20utf8/math.lua
[10:34:15.800][info] [#0:script/workspace/workspace.lua:353]: Scan library at:	file:///home/yanfenggao/.local/share/nvim/mason/packages/lua-language-server/libexec/meta/Lua%205.4%20en-us%20utf8/math.lua
[10:34:15.800][info] [#0:script/workspace/workspace.lua:353]: Scan library at:	file:///home/yanfenggao/.local/share/nvim/mason/packages/lua-language-server/libexec/meta/Lua%205.4%20en-us%20utf8/package.lua
[10:34:15.801][info] [#0:script/workspace/workspace.lua:353]: Scan library at:	file:///home/yanfenggao/.local/share/nvim/mason/packages/lua-language-server/libexec/meta/Lua%205.4%20en-us%20utf8/package.lua
[10:34:15.801][info] [#0:script/workspace/workspace.lua:353]: Scan library at:	file:///home/yanfenggao/.local/share/nvim/mason/packages/lua-language-server/libexec/meta/Lua%205.4%20en-us%20utf8/debug.lua
[10:34:15.801][info] [#0:script/workspace/workspace.lua:353]: Scan library at:	file:///home/yanfenggao/.local/share/nvim/mason/packages/lua-language-server/libexec/meta/Lua%205.4%20en-us%20utf8/debug.lua
[10:34:15.801][info] [#0:script/workspace/workspace.lua:353]: Scan library at:	file:///home/yanfenggao/.local/share/nvim/mason/packages/lua-language-server/libexec/meta/Lua%205.4%20en-us%20utf8/coroutine.lua
[10:34:15.801][info] [#0:script/workspace/workspace.lua:353]: Scan library at:	file:///home/yanfenggao/.local/share/nvim/mason/packages/lua-language-server/libexec/meta/Lua%205.4%20en-us%20utf8/coroutine.lua
[10:34:15.802][info] [#0:script/workspace/workspace.lua:353]: Scan library at:	file:///home/yanfenggao/.local/share/nvim/mason/packages/lua-language-server/libexec/meta/Lua%205.4%20en-us%20utf8/os.lua
[10:34:15.802][info] [#0:script/workspace/workspace.lua:353]: Scan library at:	file:///home/yanfenggao/.local/share/nvim/mason/packages/lua-language-server/libexec/meta/Lua%205.4%20en-us%20utf8/os.lua
[10:34:15.903][info] [#0:script/workspace/workspace.lua:379]: Found 11 files at:	<fallback>
[10:34:15.903][info] [#0:script/workspace/loading.lua:160]: Load files from disk:	<fallback>
[10:34:15.903][info] [#0:script/workspace/workspace.lua:379]: Found 11 files at:	file://
[10:34:15.903][info] [#0:script/workspace/loading.lua:160]: Load files from disk:	file://
[10:34:16.005][info] [#0:script/workspace/loading.lua:100]: Preload file at: file:///home/yanfenggao/.local/share/nvim/mason/packages/lua-language-server/libexec/meta/Lua%205.4%20en-us%20utf8/os.lua , size = 5.600 KB
[10:34:16.016][info] [#0:script/workspace/loading.lua:112]: ++++As library of:	file:///home/yanfenggao/.local/share/nvim/mason/packages/lua-language-server/libexec/meta/Lua%205.4%20en-us%20utf8/os.lua
[10:34:16.016][info] [#0:script/workspace/loading.lua:100]: Preload file at: file:///home/yanfenggao/.local/share/nvim/mason/packages/lua-language-server/libexec/meta/Lua%205.4%20en-us%20utf8/coroutine.lua , size = 2.590 KB
[10:34:16.020][info] [#0:script/workspace/loading.lua:112]: ++++As library of:	file:///home/yanfenggao/.local/share/nvim/mason/packages/lua-language-server/libexec/meta/Lua%205.4%20en-us%20utf8/coroutine.lua
[10:34:16.020][info] [#0:script/workspace/loading.lua:97]: Skip loaded file: file:///home/yanfenggao/.local/share/nvim/mason/packages/lua-language-server/libexec/meta/Lua%205.4%20en-us%20utf8/os.lua
[10:34:16.020][info] [#0:script/workspace/loading.lua:97]: Skip loaded file: file:///home/yanfenggao/.local/share/nvim/mason/packages/lua-language-server/libexec/meta/Lua%205.4%20en-us%20utf8/coroutine.lua
[10:34:16.020][info] [#0:script/workspace/loading.lua:100]: Preload file at: file:///home/yanfenggao/.local/share/nvim/mason/packages/lua-language-server/libexec/meta/Lua%205.4%20en-us%20utf8/debug.lua , size = 7.637 KB
[10:34:16.031][info] [#0:script/workspace/loading.lua:112]: ++++As library of:	file:///home/yanfenggao/.local/share/nvim/mason/packages/lua-language-server/libexec/meta/Lua%205.4%20en-us%20utf8/debug.lua
[10:34:16.031][info] [#0:script/workspace/loading.lua:97]: Skip loaded file: file:///home/yanfenggao/.local/share/nvim/mason/packages/lua-language-server/libexec/meta/Lua%205.4%20en-us%20utf8/debug.lua
[10:34:16.031][info] [#0:script/workspace/loading.lua:100]: Preload file at: file:///home/yanfenggao/.local/share/nvim/mason/packages/lua-language-server/libexec/meta/Lua%205.4%20en-us%20utf8/package.lua , size = 2.944 KB
[10:34:16.033][info] [#0:script/workspace/loading.lua:112]: ++++As library of:	file:///home/yanfenggao/.local/share/nvim/mason/packages/lua-language-server/libexec/meta/Lua%205.4%20en-us%20utf8/package.lua
[10:34:16.033][info] [#0:script/workspace/loading.lua:97]: Skip loaded file: file:///home/yanfenggao/.local/share/nvim/mason/packages/lua-language-server/libexec/meta/Lua%205.4%20en-us%20utf8/package.lua
[10:34:16.033][info] [#0:script/workspace/loading.lua:100]: Preload file at: file:///home/yanfenggao/.local/share/nvim/mason/packages/lua-language-server/libexec/meta/Lua%205.4%20en-us%20utf8/math.lua , size = 8.509 KB
[10:34:16.039][info] [#0:script/workspace/loading.lua:112]: ++++As library of:	file:///home/yanfenggao/.local/share/nvim/mason/packages/lua-language-server/libexec/meta/Lua%205.4%20en-us%20utf8/math.lua
[10:34:16.039][info] [#0:script/workspace/loading.lua:97]: Skip loaded file: file:///home/yanfenggao/.local/share/nvim/mason/packages/lua-language-server/libexec/meta/Lua%205.4%20en-us%20utf8/math.lua
[10:34:16.039][info] [#0:script/workspace/loading.lua:100]: Preload file at: file:///home/yanfenggao/.local/share/nvim/mason/packages/lua-language-server/libexec/meta/Lua%205.4%20en-us%20utf8/basic.lua , size = 15.621 KB
[10:34:16.048][info] [#0:script/workspace/loading.lua:112]: ++++As library of:	file:///home/yanfenggao/.local/share/nvim/mason/packages/lua-language-server/libexec/meta/Lua%205.4%20en-us%20utf8/basic.lua
[10:34:16.048][info] [#0:script/workspace/loading.lua:97]: Skip loaded file: file:///home/yanfenggao/.local/share/nvim/mason/packages/lua-language-server/libexec/meta/Lua%205.4%20en-us%20utf8/basic.lua
[10:34:16.048][info] [#0:script/workspace/loading.lua:100]: Preload file at: file:///home/yanfenggao/.local/share/nvim/mason/packages/lua-language-server/libexec/meta/Lua%205.4%20en-us%20utf8/string.lua , size = 6.327 KB
[10:34:16.051][info] [#0:script/workspace/loading.lua:112]: ++++As library of:	file:///home/yanfenggao/.local/share/nvim/mason/packages/lua-language-server/libexec/meta/Lua%205.4%20en-us%20utf8/string.lua
[10:34:16.051][info] [#0:script/workspace/loading.lua:97]: Skip loaded file: file:///home/yanfenggao/.local/share/nvim/mason/packages/lua-language-server/libexec/meta/Lua%205.4%20en-us%20utf8/string.lua
[10:34:16.051][info] [#0:script/workspace/loading.lua:100]: Preload file at: file:///home/yanfenggao/.local/share/nvim/mason/packages/lua-language-server/libexec/meta/Lua%205.4%20en-us%20utf8/builtin.lua , size = 0.302 KB
[10:34:16.052][info] [#0:script/workspace/loading.lua:112]: ++++As library of:	file:///home/yanfenggao/.local/share/nvim/mason/packages/lua-language-server/libexec/meta/Lua%205.4%20en-us%20utf8/builtin.lua
[10:34:16.052][info] [#0:script/workspace/loading.lua:97]: Skip loaded file: file:///home/yanfenggao/.local/share/nvim/mason/packages/lua-language-server/libexec/meta/Lua%205.4%20en-us%20utf8/builtin.lua
[10:34:16.052][info] [#0:script/workspace/loading.lua:100]: Preload file at: file:///home/yanfenggao/.local/share/nvim/mason/packages/lua-language-server/libexec/meta/Lua%205.4%20en-us%20utf8/io.lua , size = 6.364 KB
[10:34:16.055][info] [#0:script/workspace/loading.lua:112]: ++++As library of:	file:///home/yanfenggao/.local/share/nvim/mason/packages/lua-language-server/libexec/meta/Lua%205.4%20en-us%20utf8/io.lua
[10:34:16.055][info] [#0:script/workspace/loading.lua:97]: Skip loaded file: file:///home/yanfenggao/.local/share/nvim/mason/packages/lua-language-server/libexec/meta/Lua%205.4%20en-us%20utf8/io.lua
[10:34:16.055][info] [#0:script/workspace/loading.lua:100]: Preload file at: file:///home/yanfenggao/.local/share/nvim/mason/packages/lua-language-server/libexec/meta/Lua%205.4%20en-us%20utf8/utf8.lua , size = 2.386 KB
[10:34:16.057][info] [#0:script/workspace/loading.lua:112]: ++++As library of:	file:///home/yanfenggao/.local/share/nvim/mason/packages/lua-language-server/libexec/meta/Lua%205.4%20en-us%20utf8/utf8.lua
[10:34:16.057][info] [#0:script/workspace/loading.lua:97]: Skip loaded file: file:///home/yanfenggao/.local/share/nvim/mason/packages/lua-language-server/libexec/meta/Lua%205.4%20en-us%20utf8/utf8.lua
[10:34:16.057][info] [#0:script/workspace/loading.lua:100]: Preload file at: file:///home/yanfenggao/.local/share/nvim/mason/packages/lua-language-server/libexec/meta/Lua%205.4%20en-us%20utf8/table.lua , size = 4.235 KB
[10:34:16.061][info] [#0:script/workspace/loading.lua:112]: ++++As library of:	file:///home/yanfenggao/.local/share/nvim/mason/packages/lua-language-server/libexec/meta/Lua%205.4%20en-us%20utf8/table.lua
[10:34:16.061][info] [#0:script/workspace/loading.lua:97]: Skip loaded file: file:///home/yanfenggao/.local/share/nvim/mason/packages/lua-language-server/libexec/meta/Lua%205.4%20en-us%20utf8/table.lua
[10:34:16.161][info] [#0:script/workspace/loading.lua:172]: Loaded files takes [0.063] sec: <fallback>
[10:34:16.162][info] [#0:script/workspace/loading.lua:181]: Compile files takes [0.000] sec: <fallback>
[10:34:16.162][info] [#0:script/workspace/loading.lua:182]: Loaded finish:	<fallback>
[10:34:16.162][info] [#0:script/workspace/workspace.lua:381]: Preload finish at:	<fallback>
[10:34:16.167][info] [#0:script/workspace/loading.lua:172]: Loaded files takes [0.068] sec: file://
[10:34:16.167][info] [#0:script/workspace/loading.lua:181]: Compile files takes [0.000] sec: file://
[10:34:16.167][info] [#0:script/workspace/loading.lua:182]: Loaded finish:	file://
[10:34:16.167][info] [#0:script/workspace/workspace.lua:381]: Preload finish at:	file://
[10:34:16.179][info] [#0:script/provider/diagnostic.lua:560]: Diagnostics scope [file://], files count:[12]
[10:34:16.380][info] [#0:script/provider/diagnostic.lua:577]: Diagnostics scope [file://] finished, takes [0.112] sec.
[10:35:05.410][warn] [#0:script/pub/report.lua:24]: Load proto error:	Disconnected!
