[15:20:18.271][info] [#0:/home/yanfenggao/.local/share/nvim/mason/packages/lua-language-server/libexec/main.lua:68]: Lua Lsp startup, root: 	/home/yanfenggao/.local/share/nvim/mason/packages/lua-language-server/libexec
[15:20:18.271][info] [#0:/home/yanfenggao/.local/share/nvim/mason/packages/lua-language-server/libexec/main.lua:69]: ROOT:	/home/yanfenggao/.local/share/nvim/mason/packages/lua-language-server/libexec
[15:20:18.271][info] [#0:/home/yanfenggao/.local/share/nvim/mason/packages/lua-language-server/libexec/main.lua:70]: LOGPATH:	/home/yanfenggao/.local/share/nvim/mason/packages/lua-language-server/libexec/log
[15:20:18.271][info] [#0:/home/yanfenggao/.local/share/nvim/mason/packages/lua-language-server/libexec/main.lua:71]: METAPATH:	/home/yanfenggao/.local/share/nvim/mason/packages/lua-language-server/libexec/meta
[15:20:18.272][info] [#0:/home/yanfenggao/.local/share/nvim/mason/packages/lua-language-server/libexec/main.lua:72]: VERSION:	3.11.1
[15:20:18.309][info] [#0:script/proto/proto.lua:260]: Listen Mode: stdio
[15:20:18.309][info] [#0:script/service/service.lua:145]: 
========= Medical Examination Report =========
    --------------- Memory ---------------
        Total: 2.246 MB
        # 00 : 2.246 MB
        # 01 : 0.000 MB
        # 02 : 0.000 MB
        # 03 : 0.000 MB
        # 04 : 0.000 MB
    --------------- Coroutine ---------------
        Total:     0
        Running:   0
        Suspended: 0
        Normal:    0
        Dead:      0
    --------------- Cache ---------------
        Total: 1
        Dead:  0
    ---------------  RPC  ---------------
        Holdon:   0
        Waiting:  0
==============================================
[15:20:18.515][info] [#0:script/client.lua:657]: Client init	{
  capabilities = {
    general = {
      positionEncodings = { "utf-16" }
    },
    textDocument = {
      callHierarchy = {
        dynamicRegistration = false
      },
      codeAction = {
        codeActionLiteralSupport = {
          codeActionKind = {
            valueSet = { "", "quickfix", "refactor", "refactor.extract", "refactor.inline", "refactor.rewrite", "source", "source.organizeImports" }
          }
        },
        dataSupport = true,
        dynamicRegistration = true,
        isPreferredSupport = true,
        resolveSupport = {
          properties = { "edit" }
        }
      },
      codeLens = {
        dynamicRegistration = false,
        resolveSupport = {
          properties = { "command" }
        }
      },
      completion = {
        completionItem = {
          commitCharactersSupport = true,
          deprecatedSupport = true,
          documentationFormat = { "markdown", "plaintext" },
          insertReplaceSupport = true,
          insertTextModeSupport = {
            valueSet = { 1, 2 }
          },
          labelDetailsSupport = true,
          preselectSupport = true,
          resolveSupport = {
            properties = { "documentation", "detail", "additionalTextEdits", "sortText", "filterText", "insertText", "textEdit", "insertTextFormat", "insertTextMode" }
          },
          snippetSupport = true,
          tagSupport = {
            valueSet = { 1 }
          }
        },
        completionItemKind = {
          valueSet = { 1, 2, 3, 4, 5, 6, 7, 8, 9, 10, 11, 12, 13, 14, 15, 16, 17, 18, 19, 20, 21, 22, 23, 24, 25 }
        },
        completionList = {
          itemDefaults = { "commitCharacters", "editRange", "insertTextFormat", "insertTextMode", "data" }
        },
        contextSupport = true,
        dynamicRegistration = false,
        insertTextMode = 1
      },
      declaration = {
        linkSupport = true
      },
      definition = {
        dynamicRegistration = true,
        linkSupport = true
      },
      diagnostic = {
        dynamicRegistration = false
      },
      documentHighlight = {
        dynamicRegistration = false
      },
      documentSymbol = {
        dynamicRegistration = false,
        hierarchicalDocumentSymbolSupport = true,
        symbolKind = {
          valueSet = { 1, 2, 3, 4, 5, 6, 7, 8, 9, 10, 11, 12, 13, 14, 15, 16, 17, 18, 19, 20, 21, 22, 23, 24, 25, 26 }
        }
      },
      formatting = {
        dynamicRegistration = true
      },
      hover = {
        contentFormat = { "markdown", "plaintext" },
        dynamicRegistration = true
      },
      implementation = {
        linkSupport = true
      },
      inlayHint = {
        dynamicRegistration = true,
        resolveSupport = {
          properties = { "textEdits", "tooltip", "location", "command" }
        }
      },
      publishDiagnostics = {
        dataSupport = true,
        relatedInformation = true,
        tagSupport = {
          valueSet = { 1, 2 }
        }
      },
      rangeFormatting = {
        dynamicRegistration = true,
        rangesSupport = true
      },
      references = {
        dynamicRegistration = false
      },
      rename = {
        dynamicRegistration = true,
        prepareSupport = true
      },
      semanticTokens = {
        augmentsSyntaxTokens = true,
        dynamicRegistration = false,
        formats = { "relative" },
        multilineTokenSupport = false,
        overlappingTokenSupport = true,
        requests = {
          full = {
            delta = true
          },
          range = false
        },
        serverCancelSupport = false,
        tokenModifiers = { "declaration", "definition", "readonly", "static", "deprecated", "abstract", "async", "modification", "documentation", "defaultLibrary" },
        tokenTypes = { "namespace", "type", "class", "enum", "interface", "struct", "typeParameter", "parameter", "variable", "property", "enumMember", "event", "function", "method", "macro", "keyword", "modifier", "comment", "string", "number", "regexp", "operator", "decorator" }
      },
      signatureHelp = {
        dynamicRegistration = false,
        signatureInformation = {
          activeParameterSupport = true,
          documentationFormat = { "markdown", "plaintext" },
          parameterInformation = {
            labelOffsetSupport = true
          }
        }
      },
      synchronization = {
        didSave = true,
        dynamicRegistration = false,
        willSave = true,
        willSaveWaitUntil = true
      },
      typeDefinition = {
        linkSupport = true
      }
    },
    window = {
      showDocument = {
        support = true
      },
      showMessage = {
        messageActionItem = {
          additionalPropertiesSupport = true
        }
      },
      workDoneProgress = true
    },
    workspace = {
      applyEdit = true,
      configuration = true,
      didChangeConfiguration = {
        dynamicRegistration = false
      },
      didChangeWatchedFiles = {
        dynamicRegistration = false,
        relativePatternSupport = true
      },
      fileOperations = {
        didRename = true,
        willRename = true
      },
      inlayHint = {
        refreshSupport = true
      },
      semanticTokens = {
        refreshSupport = true
      },
      symbol = {
        dynamicRegistration = false,
        symbolKind = {
          valueSet = { 1, 2, 3, 4, 5, 6, 7, 8, 9, 10, 11, 12, 13, 14, 15, 16, 17, 18, 19, 20, 21, 22, 23, 24, 25, 26 }
        }
      },
      workspaceEdit = {
        resourceOperations = { "rename", "create", "delete" }
      },
      workspaceFolders = true
    }
  },
  clientInfo = {
    name = "Neovim",
    version = "0.11.0-dev+gfae4d3fa1"
  },
  initializationOptions = {},
  processId = 1927884,
  rootPath = "/home/yanfenggao/.local/share/nvim/depends/nvim-autopairs",
  rootUri = "file:///home/yanfenggao/.local/share/nvim/depends/nvim-autopairs",
  trace = "off",
  workDoneToken = "1",
  workspaceFolders = { {
      name = "/home/yanfenggao/.local/share/nvim/depends/nvim-autopairs",
      uri = "file:///home/yanfenggao/.local/share/nvim/depends/nvim-autopairs"
    } }
}
[15:20:18.516][info] [#0:script/language.lua:137]: VSC language: nil
[15:20:18.516][info] [#0:script/language.lua:138]: LS  language: en-us
[15:20:18.516][info] [#0:script/workspace/workspace.lua:38]: Workspace init root: 	file:///home/yanfenggao/.local/share/nvim/depends/nvim-autopairs
[15:20:18.516][info] [#0:script/workspace/workspace.lua:42]: Log path: 	/home/yanfenggao/.local/share/nvim/mason/packages/lua-language-server/libexec/log/file_home_yanfenggao_.local_share_nvim_depends_nvim-autopairs.log
[15:20:18.517][info] [#0:script/workspace/workspace.lua:48]: Workspace create: 	file:///home/yanfenggao/.local/share/nvim/depends/nvim-autopairs
[15:20:18.822][info] [#0:script/provider/provider.lua:48]: Load config from client	file:///home/yanfenggao/.local/share/nvim/depends/nvim-autopairs
[15:20:18.822][info] [#0:script/provider/provider.lua:49]: {
  Lua = {
    codeLens = {
      enable = true
    },
    completion = {
      callSnippet = "Replace"
    },
    doc = {
      privateName = { "^_" }
    },
    hint = {
      arrayIndex = "Disable",
      enable = true,
      paramName = "Disable",
      paramType = true,
      semicolon = "Disable",
      setType = false
    },
    runtime = {
      path = { "?.lua", "?/init.lua" },
      pathStrict = true,
      version = "LuaJIT"
    },
    workspace = {
      checkThirdParty = false,
      ignoreDir = { "/lua" },
      library = { "/home/yanfenggao/tools/nvim-linux64/share/nvim/runtime/lua", "/home/yanfenggao/.local/share/nvim/depends/nvim-autopairs/lua" }
    }
  }
}
[15:20:18.823][info] [#0:script/provider/provider.lua:55]: Load config from .luarc.json/.luarc.jsonc	file:///home/yanfenggao/.local/share/nvim/depends/nvim-autopairs
[15:20:18.823][info] [#0:script/provider/provider.lua:56]: {
  ["$schema"] = "https://raw.githubusercontent.com/sumneko/vscode-lua/master/setting/schema.json",
  ["Lua.diagnostics.disable"] = { "undefined-field" }
}
[15:20:18.823][info] [#0:script/provider/provider.lua:48]: Load config from client	file:///home/yanfenggao/.local/share/nvim/depends/nvim-autopairs
[15:20:18.823][info] [#0:script/provider/provider.lua:49]: {
  Lua = {
    codeLens = {
      enable = true
    },
    completion = {
      callSnippet = "Replace"
    },
    doc = {
      privateName = { "^_" }
    },
    hint = {
      arrayIndex = "Disable",
      enable = true,
      paramName = "Disable",
      paramType = true,
      semicolon = "Disable",
      setType = false
    },
    runtime = {
      path = { "?.lua", "?/init.lua" },
      pathStrict = true,
      version = "LuaJIT"
    },
    workspace = {
      checkThirdParty = false,
      ignoreDir = { "/lua" },
      library = { "/home/yanfenggao/tools/nvim-linux64/share/nvim/runtime/lua", "/home/yanfenggao/.local/share/nvim/depends/nvim-autopairs/lua" }
    }
  }
}
[15:20:18.824][info] [#0:script/provider/provider.lua:55]: Load config from .luarc.json/.luarc.jsonc	file:///home/yanfenggao/.local/share/nvim/depends/nvim-autopairs
[15:20:18.824][info] [#0:script/provider/provider.lua:56]: {
  ["$schema"] = "https://raw.githubusercontent.com/sumneko/vscode-lua/master/setting/schema.json",
  ["Lua.diagnostics.disable"] = { "undefined-field" }
}
[15:20:18.824][warn] [#0:script/config/loader.lua:116]: No config?	{}
[15:20:18.824][info] [#0:script/provider/provider.lua:64]: Load config from client	fallback
[15:20:18.824][info] [#0:script/provider/provider.lua:65]: nil
[15:20:18.825][warn] [#0:script/config/loader.lua:116]: No config?	{}
[15:20:18.825][info] [#0:script/provider/provider.lua:64]: Load config from client	fallback
[15:20:18.825][info] [#0:script/provider/provider.lua:65]: nil
[15:20:18.950][info] [#0:script/library.lua:212]: Init builtin library at:	file:///home/yanfenggao/.local/share/nvim/depends/nvim-autopairs
[15:20:19.246][info] [#0:script/library.lua:212]: Init builtin library at:	nil
[15:20:19.395][info] [#0:script/provider/provider.lua:48]: Load config from client	file:///home/yanfenggao/.local/share/nvim/depends/nvim-autopairs
[15:20:19.395][info] [#0:script/provider/provider.lua:49]: {
  Lua = {
    codeLens = {
      enable = true
    },
    completion = {
      callSnippet = "Replace"
    },
    doc = {
      privateName = { "^_" }
    },
    hint = {
      arrayIndex = "Disable",
      enable = true,
      paramName = "Disable",
      paramType = true,
      semicolon = "Disable",
      setType = false
    },
    runtime = {
      path = { "?.lua", "?/init.lua" },
      pathStrict = true,
      version = "LuaJIT"
    },
    workspace = {
      checkThirdParty = false,
      ignoreDir = { "/lua" },
      library = { "/home/yanfenggao/tools/nvim-linux64/share/nvim/runtime/lua", "/home/yanfenggao/.local/share/nvim/depends/nvim-autopairs/lua" }
    }
  }
}
[15:20:19.395][info] [#0:script/provider/provider.lua:55]: Load config from .luarc.json/.luarc.jsonc	file:///home/yanfenggao/.local/share/nvim/depends/nvim-autopairs
[15:20:19.395][info] [#0:script/provider/provider.lua:56]: {
  ["$schema"] = "https://raw.githubusercontent.com/sumneko/vscode-lua/master/setting/schema.json",
  ["Lua.diagnostics.disable"] = { "undefined-field" }
}
[15:20:19.497][info] [#0:script/workspace/workspace.lua:324]: Preload start:	file:///home/yanfenggao/.local/share/nvim/depends/nvim-autopairs
[15:20:19.510][info] [#0:script/workspace/workspace.lua:330]: Scan files at:	file:///home/yanfenggao/.local/share/nvim/depends/nvim-autopairs
[15:20:19.513][info] [#0:script/workspace/workspace.lua:324]: Preload start:	<fallback>
[15:20:19.517][info] [#0:script/workspace/workspace.lua:353]: Scan library at:	file:///home/yanfenggao/.local/share/nvim/mason/packages/lua-language-server/libexec/meta/Lua%205.4%20en-us%20utf8/table.lua
[15:20:19.517][warn] [#0:script/config/loader.lua:116]: No config?	{}
[15:20:19.517][info] [#0:script/provider/provider.lua:64]: Load config from client	fallback
[15:20:19.517][info] [#0:script/provider/provider.lua:65]: nil
[15:20:19.518][info] [#0:script/workspace/workspace.lua:353]: Scan library at:	file:///home/yanfenggao/.local/share/nvim/mason/packages/lua-language-server/libexec/meta/Lua%205.4%20en-us%20utf8/utf8.lua
[15:20:19.519][info] [#0:script/workspace/workspace.lua:353]: Scan library at:	file:///home/yanfenggao/.local/share/nvim/mason/packages/lua-language-server/libexec/meta/Lua%205.4%20en-us%20utf8/io.lua
[15:20:19.519][info] [#0:script/workspace/workspace.lua:353]: Scan library at:	file:///home/yanfenggao/.local/share/nvim/mason/packages/lua-language-server/libexec/meta/Lua%205.4%20en-us%20utf8/builtin.lua
[15:20:19.519][info] [#0:script/workspace/workspace.lua:353]: Scan library at:	file:///home/yanfenggao/.local/share/nvim/mason/packages/lua-language-server/libexec/meta/Lua%205.4%20en-us%20utf8/string.lua
[15:20:19.520][info] [#0:script/workspace/workspace.lua:353]: Scan library at:	file:///home/yanfenggao/.local/share/nvim/mason/packages/lua-language-server/libexec/meta/Lua%205.4%20en-us%20utf8/basic.lua
[15:20:19.520][info] [#0:script/workspace/workspace.lua:353]: Scan library at:	file:///home/yanfenggao/.local/share/nvim/mason/packages/lua-language-server/libexec/meta/Lua%205.4%20en-us%20utf8/math.lua
[15:20:19.520][info] [#0:script/workspace/workspace.lua:353]: Scan library at:	file:///home/yanfenggao/.local/share/nvim/mason/packages/lua-language-server/libexec/meta/Lua%205.4%20en-us%20utf8/package.lua
[15:20:19.521][info] [#0:script/workspace/workspace.lua:353]: Scan library at:	file:///home/yanfenggao/.local/share/nvim/mason/packages/lua-language-server/libexec/meta/Lua%205.4%20en-us%20utf8/debug.lua
[15:20:19.521][info] [#0:script/workspace/workspace.lua:353]: Scan library at:	file:///home/yanfenggao/.local/share/nvim/mason/packages/lua-language-server/libexec/meta/Lua%205.4%20en-us%20utf8/coroutine.lua
[15:20:19.521][info] [#0:script/workspace/workspace.lua:353]: Scan library at:	file:///home/yanfenggao/.local/share/nvim/mason/packages/lua-language-server/libexec/meta/Lua%205.4%20en-us%20utf8/os.lua
[15:20:19.524][info] [#0:script/workspace/workspace.lua:353]: Scan library at:	file:///home/yanfenggao/tools/nvim-linux64/share/nvim/runtime/lua
[15:20:19.549][info] [#0:script/workspace/workspace.lua:353]: Scan library at:	file:///home/yanfenggao/.local/share/nvim/mason/packages/lua-language-server/libexec/meta/LuaJIT%20en-us%20utf8/math.lua
[15:20:19.550][info] [#0:script/workspace/workspace.lua:353]: Scan library at:	file:///home/yanfenggao/.local/share/nvim/mason/packages/lua-language-server/libexec/meta/LuaJIT%20en-us%20utf8/debug.lua
[15:20:19.550][info] [#0:script/workspace/workspace.lua:353]: Scan library at:	file:///home/yanfenggao/.local/share/nvim/mason/packages/lua-language-server/libexec/meta/LuaJIT%20en-us%20utf8/io.lua
[15:20:19.551][info] [#0:script/workspace/workspace.lua:353]: Scan library at:	file:///home/yanfenggao/.local/share/nvim/mason/packages/lua-language-server/libexec/meta/LuaJIT%20en-us%20utf8/jit.lua
[15:20:19.551][info] [#0:script/workspace/workspace.lua:353]: Scan library at:	file:///home/yanfenggao/.local/share/nvim/mason/packages/lua-language-server/libexec/meta/LuaJIT%20en-us%20utf8/coroutine.lua
[15:20:19.551][info] [#0:script/workspace/workspace.lua:353]: Scan library at:	file:///home/yanfenggao/.local/share/nvim/mason/packages/lua-language-server/libexec/meta/LuaJIT%20en-us%20utf8/string/buffer.lua
[15:20:19.551][info] [#0:script/workspace/workspace.lua:353]: Scan library at:	file:///home/yanfenggao/.local/share/nvim/mason/packages/lua-language-server/libexec/meta/LuaJIT%20en-us%20utf8/builtin.lua
[15:20:19.551][info] [#0:script/workspace/workspace.lua:353]: Scan library at:	file:///home/yanfenggao/.local/share/nvim/mason/packages/lua-language-server/libexec/meta/LuaJIT%20en-us%20utf8/jit/profile.lua
[15:20:19.552][info] [#0:script/workspace/workspace.lua:353]: Scan library at:	file:///home/yanfenggao/.local/share/nvim/mason/packages/lua-language-server/libexec/meta/LuaJIT%20en-us%20utf8/ffi.lua
[15:20:19.552][info] [#0:script/workspace/workspace.lua:353]: Scan library at:	file:///home/yanfenggao/.local/share/nvim/mason/packages/lua-language-server/libexec/meta/LuaJIT%20en-us%20utf8/table.lua
[15:20:19.552][info] [#0:script/workspace/workspace.lua:353]: Scan library at:	file:///home/yanfenggao/.local/share/nvim/mason/packages/lua-language-server/libexec/meta/LuaJIT%20en-us%20utf8/jit/util.lua
[15:20:19.552][info] [#0:script/workspace/workspace.lua:353]: Scan library at:	file:///home/yanfenggao/.local/share/nvim/mason/packages/lua-language-server/libexec/meta/LuaJIT%20en-us%20utf8/bit.lua
[15:20:19.552][info] [#0:script/workspace/workspace.lua:353]: Scan library at:	file:///home/yanfenggao/.local/share/nvim/mason/packages/lua-language-server/libexec/meta/LuaJIT%20en-us%20utf8/table/new.lua
[15:20:19.553][info] [#0:script/workspace/workspace.lua:353]: Scan library at:	file:///home/yanfenggao/.local/share/nvim/mason/packages/lua-language-server/libexec/meta/LuaJIT%20en-us%20utf8/string.lua
[15:20:19.553][info] [#0:script/workspace/workspace.lua:353]: Scan library at:	file:///home/yanfenggao/.local/share/nvim/depends/nvim-autopairs/lua
[15:20:19.556][info] [#0:script/workspace/workspace.lua:353]: Scan library at:	file:///home/yanfenggao/.local/share/nvim/mason/packages/lua-language-server/libexec/meta/LuaJIT%20en-us%20utf8/os.lua
[15:20:19.556][info] [#0:script/workspace/workspace.lua:353]: Scan library at:	file:///home/yanfenggao/.local/share/nvim/mason/packages/lua-language-server/libexec/meta/LuaJIT%20en-us%20utf8/basic.lua
[15:20:19.556][info] [#0:script/workspace/workspace.lua:353]: Scan library at:	file:///home/yanfenggao/.local/share/nvim/mason/packages/lua-language-server/libexec/meta/LuaJIT%20en-us%20utf8/table/clear.lua
[15:20:19.556][info] [#0:script/workspace/workspace.lua:353]: Scan library at:	file:///home/yanfenggao/.local/share/nvim/mason/packages/lua-language-server/libexec/meta/LuaJIT%20en-us%20utf8/package.lua
[15:20:19.657][info] [#0:script/workspace/workspace.lua:379]: Found 11 files at:	<fallback>
[15:20:19.657][info] [#0:script/workspace/loading.lua:160]: Load files from disk:	<fallback>
[15:20:19.657][info] [#0:script/workspace/workspace.lua:379]: Found 162 files at:	file:///home/yanfenggao/.local/share/nvim/depends/nvim-autopairs
[15:20:19.657][info] [#0:script/workspace/loading.lua:160]: Load files from disk:	file:///home/yanfenggao/.local/share/nvim/depends/nvim-autopairs
[15:20:19.659][info] [#0:script/workspace/loading.lua:100]: Preload file at: file:///home/yanfenggao/.local/share/nvim/mason/packages/lua-language-server/libexec/meta/Lua%205.4%20en-us%20utf8/os.lua , size = 5.600 KB
[15:20:19.670][info] [#0:script/workspace/loading.lua:112]: ++++As library of:	file:///home/yanfenggao/.local/share/nvim/mason/packages/lua-language-server/libexec/meta/Lua%205.4%20en-us%20utf8/os.lua
[15:20:19.670][info] [#0:script/workspace/loading.lua:100]: Preload file at: file:///home/yanfenggao/.local/share/nvim/mason/packages/lua-language-server/libexec/meta/LuaJIT%20en-us%20utf8/package.lua , size = 2.699 KB
[15:20:19.677][info] [#0:script/workspace/loading.lua:112]: ++++As library of:	file:///home/yanfenggao/.local/share/nvim/mason/packages/lua-language-server/libexec/meta/LuaJIT%20en-us%20utf8/package.lua
[15:20:19.677][info] [#0:script/workspace/loading.lua:100]: Preload file at: file:///home/yanfenggao/.local/share/nvim/mason/packages/lua-language-server/libexec/meta/Lua%205.4%20en-us%20utf8/coroutine.lua , size = 2.590 KB
[15:20:19.680][info] [#0:script/workspace/loading.lua:112]: ++++As library of:	file:///home/yanfenggao/.local/share/nvim/mason/packages/lua-language-server/libexec/meta/Lua%205.4%20en-us%20utf8/coroutine.lua
[15:20:19.680][info] [#0:script/workspace/loading.lua:100]: Preload file at: file:///home/yanfenggao/.local/share/nvim/mason/packages/lua-language-server/libexec/meta/LuaJIT%20en-us%20utf8/table/clear.lua , size = 0.797 KB
[15:20:19.681][info] [#0:script/workspace/loading.lua:112]: ++++As library of:	file:///home/yanfenggao/.local/share/nvim/mason/packages/lua-language-server/libexec/meta/LuaJIT%20en-us%20utf8/table/clear.lua
[15:20:19.681][info] [#0:script/workspace/loading.lua:100]: Preload file at: file:///home/yanfenggao/.local/share/nvim/mason/packages/lua-language-server/libexec/meta/Lua%205.4%20en-us%20utf8/debug.lua , size = 7.637 KB
[15:20:19.687][info] [#0:script/workspace/loading.lua:112]: ++++As library of:	file:///home/yanfenggao/.local/share/nvim/mason/packages/lua-language-server/libexec/meta/Lua%205.4%20en-us%20utf8/debug.lua
[15:20:19.687][info] [#0:script/workspace/loading.lua:100]: Preload file at: file:///home/yanfenggao/.local/share/nvim/mason/packages/lua-language-server/libexec/meta/LuaJIT%20en-us%20utf8/basic.lua , size = 15.233 KB
[15:20:19.698][info] [#0:script/workspace/loading.lua:112]: ++++As library of:	file:///home/yanfenggao/.local/share/nvim/mason/packages/lua-language-server/libexec/meta/LuaJIT%20en-us%20utf8/basic.lua
[15:20:19.698][info] [#0:script/workspace/loading.lua:100]: Preload file at: file:///home/yanfenggao/.local/share/nvim/mason/packages/lua-language-server/libexec/meta/Lua%205.4%20en-us%20utf8/package.lua , size = 2.944 KB
[15:20:19.700][info] [#0:script/workspace/loading.lua:112]: ++++As library of:	file:///home/yanfenggao/.local/share/nvim/mason/packages/lua-language-server/libexec/meta/Lua%205.4%20en-us%20utf8/package.lua
[15:20:19.700][info] [#0:script/workspace/loading.lua:100]: Preload file at: file:///home/yanfenggao/.local/share/nvim/mason/packages/lua-language-server/libexec/meta/LuaJIT%20en-us%20utf8/os.lua , size = 5.600 KB
[15:20:19.702][info] [#0:script/workspace/loading.lua:112]: ++++As library of:	file:///home/yanfenggao/.local/share/nvim/mason/packages/lua-language-server/libexec/meta/LuaJIT%20en-us%20utf8/os.lua
[15:20:19.702][info] [#0:script/workspace/loading.lua:100]: Preload file at: file:///home/yanfenggao/.local/share/nvim/mason/packages/lua-language-server/libexec/meta/Lua%205.4%20en-us%20utf8/math.lua , size = 8.509 KB
[15:20:19.707][info] [#0:script/workspace/loading.lua:112]: ++++As library of:	file:///home/yanfenggao/.local/share/nvim/mason/packages/lua-language-server/libexec/meta/Lua%205.4%20en-us%20utf8/math.lua
[15:20:19.708][info] [#0:script/workspace/loading.lua:100]: Preload file at: file:///home/yanfenggao/.local/share/nvim/depends/nvim-autopairs/lua/nvim-autopairs/ts-utils.lua , size = 0.628 KB
[15:20:19.708][info] [#0:script/workspace/loading.lua:112]: ++++As library of:	file:///home/yanfenggao/.local/share/nvim/depends/nvim-autopairs/lua
[15:20:19.708][info] [#0:script/workspace/loading.lua:100]: Preload file at: file:///home/yanfenggao/.local/share/nvim/mason/packages/lua-language-server/libexec/meta/Lua%205.4%20en-us%20utf8/basic.lua , size = 15.621 KB
[15:20:19.718][info] [#0:script/workspace/loading.lua:112]: ++++As library of:	file:///home/yanfenggao/.local/share/nvim/mason/packages/lua-language-server/libexec/meta/Lua%205.4%20en-us%20utf8/basic.lua
[15:20:19.718][info] [#0:script/workspace/loading.lua:100]: Preload file at: file:///home/yanfenggao/.local/share/nvim/depends/nvim-autopairs/lua/nvim-autopairs/completion/handlers.lua , size = 2.672 KB
[15:20:19.720][info] [#0:script/workspace/loading.lua:112]: ++++As library of:	file:///home/yanfenggao/.local/share/nvim/depends/nvim-autopairs/lua
[15:20:19.720][info] [#0:script/workspace/loading.lua:100]: Preload file at: file:///home/yanfenggao/.local/share/nvim/mason/packages/lua-language-server/libexec/meta/Lua%205.4%20en-us%20utf8/string.lua , size = 6.327 KB
[15:20:19.723][info] [#0:script/workspace/loading.lua:112]: ++++As library of:	file:///home/yanfenggao/.local/share/nvim/mason/packages/lua-language-server/libexec/meta/Lua%205.4%20en-us%20utf8/string.lua
[15:20:19.723][info] [#0:script/workspace/loading.lua:100]: Preload file at: file:///home/yanfenggao/.local/share/nvim/depends/nvim-autopairs/lua/nvim-autopairs/completion/compe.lua , size = 2.811 KB
[15:20:19.725][info] [#0:script/workspace/loading.lua:112]: ++++As library of:	file:///home/yanfenggao/.local/share/nvim/depends/nvim-autopairs/lua
[15:20:19.725][info] [#0:script/workspace/loading.lua:100]: Preload file at: file:///home/yanfenggao/.local/share/nvim/mason/packages/lua-language-server/libexec/meta/Lua%205.4%20en-us%20utf8/builtin.lua , size = 0.302 KB
[15:20:19.726][info] [#0:script/workspace/loading.lua:112]: ++++As library of:	file:///home/yanfenggao/.local/share/nvim/mason/packages/lua-language-server/libexec/meta/Lua%205.4%20en-us%20utf8/builtin.lua
[15:20:19.726][info] [#0:script/workspace/loading.lua:100]: Preload file at: file:///home/yanfenggao/.local/share/nvim/depends/nvim-autopairs/lua/nvim-autopairs/completion/cmp.lua , size = 2.413 KB
[15:20:19.727][info] [#0:script/workspace/loading.lua:112]: ++++As library of:	file:///home/yanfenggao/.local/share/nvim/depends/nvim-autopairs/lua
[15:20:19.727][info] [#0:script/workspace/loading.lua:100]: Preload file at: file:///home/yanfenggao/.local/share/nvim/mason/packages/lua-language-server/libexec/meta/Lua%205.4%20en-us%20utf8/io.lua , size = 6.364 KB
[15:20:19.731][info] [#0:script/workspace/loading.lua:112]: ++++As library of:	file:///home/yanfenggao/.local/share/nvim/mason/packages/lua-language-server/libexec/meta/Lua%205.4%20en-us%20utf8/io.lua
[15:20:19.731][info] [#0:script/workspace/loading.lua:100]: Preload file at: file:///home/yanfenggao/.local/share/nvim/mason/packages/lua-language-server/libexec/meta/Lua%205.4%20en-us%20utf8/utf8.lua , size = 2.386 KB
[15:20:19.733][info] [#0:script/workspace/loading.lua:112]: ++++As library of:	file:///home/yanfenggao/.local/share/nvim/mason/packages/lua-language-server/libexec/meta/Lua%205.4%20en-us%20utf8/utf8.lua
[15:20:19.733][info] [#0:script/workspace/loading.lua:100]: Preload file at: file:///home/yanfenggao/.local/share/nvim/depends/nvim-autopairs/lua/nvim-autopairs/fastwrap.lua , size = 8.259 KB
[15:20:19.741][info] [#0:script/workspace/loading.lua:112]: ++++As library of:	file:///home/yanfenggao/.local/share/nvim/depends/nvim-autopairs/lua
[15:20:19.741][info] [#0:script/workspace/loading.lua:100]: Preload file at: file:///home/yanfenggao/.local/share/nvim/depends/nvim-autopairs/lua/nvim-autopairs/_log.lua , size = 0.324 KB
[15:20:19.741][info] [#0:script/workspace/loading.lua:112]: ++++As library of:	file:///home/yanfenggao/.local/share/nvim/depends/nvim-autopairs/lua
[15:20:19.741][info] [#0:script/workspace/loading.lua:100]: Preload file at: file:///home/yanfenggao/.local/share/nvim/mason/packages/lua-language-server/libexec/meta/Lua%205.4%20en-us%20utf8/table.lua , size = 4.235 KB
[15:20:19.743][info] [#0:script/workspace/loading.lua:112]: ++++As library of:	file:///home/yanfenggao/.local/share/nvim/mason/packages/lua-language-server/libexec/meta/Lua%205.4%20en-us%20utf8/table.lua
[15:20:19.743][info] [#0:script/workspace/loading.lua:100]: Preload file at: file:///home/yanfenggao/.local/share/nvim/depends/nvim-autopairs/lua/nvim-autopairs/utils.lua , size = 5.087 KB
[15:20:19.747][info] [#0:script/workspace/loading.lua:112]: ++++As library of:	file:///home/yanfenggao/.local/share/nvim/depends/nvim-autopairs/lua
[15:20:19.747][info] [#0:script/workspace/loading.lua:100]: Preload file at: file:///home/yanfenggao/.local/share/nvim/depends/nvim-autopairs/lua/nvim-autopairs/ts-rule.lua , size = 0.490 KB
[15:20:19.747][info] [#0:script/workspace/loading.lua:112]: ++++As library of:	file:///home/yanfenggao/.local/share/nvim/depends/nvim-autopairs/lua
[15:20:19.747][info] [#0:script/workspace/loading.lua:100]: Preload file at: file:///home/yanfenggao/.local/share/nvim/depends/nvim-autopairs/lua/nvim-autopairs/rule.lua , size = 5.771 KB
[15:20:19.751][info] [#0:script/workspace/loading.lua:112]: ++++As library of:	file:///home/yanfenggao/.local/share/nvim/depends/nvim-autopairs/lua
[15:20:19.751][info] [#0:script/workspace/loading.lua:100]: Preload file at: file:///home/yanfenggao/.local/share/nvim/depends/nvim-autopairs/lua/nvim-autopairs/conds.lua , size = 9.363 KB
[15:20:19.756][info] [#0:script/workspace/loading.lua:112]: ++++As library of:	file:///home/yanfenggao/.local/share/nvim/depends/nvim-autopairs/lua
[15:20:19.756][info] [#0:script/workspace/loading.lua:100]: Preload file at: file:///home/yanfenggao/.local/share/nvim/depends/nvim-autopairs/lua/nvim-autopairs/ts-conds.lua , size = 5.437 KB
[15:20:19.759][info] [#0:script/workspace/loading.lua:112]: ++++As library of:	file:///home/yanfenggao/.local/share/nvim/depends/nvim-autopairs/lua
[15:20:19.759][info] [#0:script/workspace/loading.lua:100]: Preload file at: file:///home/yanfenggao/.local/share/nvim/depends/nvim-autopairs/lua/nvim-autopairs/rules/endwise-ruby.lua , size = 0.680 KB
[15:20:19.759][info] [#0:script/workspace/loading.lua:112]: ++++As library of:	file:///home/yanfenggao/.local/share/nvim/depends/nvim-autopairs/lua
[15:20:19.759][info] [#0:script/workspace/loading.lua:172]: Loaded files takes [0.108] sec: <fallback>
[15:20:19.759][info] [#0:script/workspace/loading.lua:181]: Compile files takes [0.000] sec: <fallback>
[15:20:19.759][info] [#0:script/workspace/loading.lua:182]: Loaded finish:	<fallback>
[15:20:19.759][info] [#0:script/workspace/workspace.lua:381]: Preload finish at:	<fallback>
[15:20:19.762][info] [#0:script/workspace/loading.lua:100]: Preload file at: file:///home/yanfenggao/.local/share/nvim/depends/nvim-autopairs/lua/nvim-autopairs/rules/endwise-lua.lua , size = 0.242 KB
[15:20:19.763][info] [#0:script/workspace/loading.lua:112]: ++++As library of:	file:///home/yanfenggao/.local/share/nvim/depends/nvim-autopairs/lua
[15:20:19.763][info] [#0:script/workspace/loading.lua:88]: Skip loaded file: file:///home/yanfenggao/.local/share/nvim/depends/nvim-autopairs/lua/nvim-autopairs.lua
[15:20:19.763][info] [#0:script/workspace/loading.lua:112]: ++++As library of:	file:///home/yanfenggao/.local/share/nvim/depends/nvim-autopairs/lua
[15:20:19.763][info] [#0:script/workspace/loading.lua:100]: Preload file at: file:///home/yanfenggao/.local/share/nvim/depends/nvim-autopairs/lua/nvim-autopairs/rules/basic.lua , size = 3.143 KB
[15:20:19.765][info] [#0:script/workspace/loading.lua:112]: ++++As library of:	file:///home/yanfenggao/.local/share/nvim/depends/nvim-autopairs/lua
[15:20:19.765][info] [#0:script/workspace/loading.lua:100]: Preload file at: file:///home/yanfenggao/.local/share/nvim/depends/nvim-autopairs/lua/nvim-autopairs/rules/ts_basic.lua , size = 0.522 KB
[15:20:19.765][info] [#0:script/workspace/loading.lua:112]: ++++As library of:	file:///home/yanfenggao/.local/share/nvim/depends/nvim-autopairs/lua
[15:20:19.765][info] [#0:script/workspace/loading.lua:100]: Preload file at: file:///home/yanfenggao/.local/share/nvim/depends/nvim-autopairs/lua/nvim-autopairs/rules/endwise-elixir.lua , size = 0.218 KB
[15:20:19.765][info] [#0:script/workspace/loading.lua:112]: ++++As library of:	file:///home/yanfenggao/.local/share/nvim/depends/nvim-autopairs/lua
[15:20:19.766][info] [#0:script/workspace/loading.lua:100]: Preload file at: file:///home/yanfenggao/.local/share/nvim/mason/packages/lua-language-server/libexec/meta/LuaJIT%20en-us%20utf8/string.lua , size = 6.310 KB
[15:20:19.769][info] [#0:script/workspace/loading.lua:112]: ++++As library of:	file:///home/yanfenggao/.local/share/nvim/mason/packages/lua-language-server/libexec/meta/LuaJIT%20en-us%20utf8/string.lua
[15:20:19.769][info] [#0:script/workspace/loading.lua:100]: Preload file at: file:///home/yanfenggao/.local/share/nvim/mason/packages/lua-language-server/libexec/meta/LuaJIT%20en-us%20utf8/table/new.lua , size = 0.642 KB
[15:20:19.770][info] [#0:script/workspace/loading.lua:112]: ++++As library of:	file:///home/yanfenggao/.local/share/nvim/mason/packages/lua-language-server/libexec/meta/LuaJIT%20en-us%20utf8/table/new.lua
[15:20:19.770][info] [#0:script/workspace/loading.lua:100]: Preload file at: file:///home/yanfenggao/.local/share/nvim/mason/packages/lua-language-server/libexec/meta/LuaJIT%20en-us%20utf8/bit.lua , size = 1.319 KB
[15:20:19.772][info] [#0:script/workspace/loading.lua:112]: ++++As library of:	file:///home/yanfenggao/.local/share/nvim/mason/packages/lua-language-server/libexec/meta/LuaJIT%20en-us%20utf8/bit.lua
[15:20:19.772][info] [#0:script/workspace/loading.lua:100]: Preload file at: file:///home/yanfenggao/.local/share/nvim/mason/packages/lua-language-server/libexec/meta/LuaJIT%20en-us%20utf8/jit/util.lua , size = 1.984 KB
[15:20:19.774][info] [#0:script/workspace/loading.lua:112]: ++++As library of:	file:///home/yanfenggao/.local/share/nvim/mason/packages/lua-language-server/libexec/meta/LuaJIT%20en-us%20utf8/jit/util.lua
[15:20:19.774][info] [#0:script/workspace/loading.lua:100]: Preload file at: file:///home/yanfenggao/.local/share/nvim/mason/packages/lua-language-server/libexec/meta/LuaJIT%20en-us%20utf8/table.lua , size = 4.235 KB
[15:20:19.780][info] [#0:script/workspace/loading.lua:112]: ++++As library of:	file:///home/yanfenggao/.local/share/nvim/mason/packages/lua-language-server/libexec/meta/LuaJIT%20en-us%20utf8/table.lua
[15:20:19.781][info] [#0:script/workspace/loading.lua:100]: Preload file at: file:///home/yanfenggao/.local/share/nvim/mason/packages/lua-language-server/libexec/meta/LuaJIT%20en-us%20utf8/ffi.lua , size = 2.529 KB
[15:20:19.783][info] [#0:script/workspace/loading.lua:112]: ++++As library of:	file:///home/yanfenggao/.local/share/nvim/mason/packages/lua-language-server/libexec/meta/LuaJIT%20en-us%20utf8/ffi.lua
[15:20:19.783][info] [#0:script/workspace/loading.lua:100]: Preload file at: file:///home/yanfenggao/.local/share/nvim/mason/packages/lua-language-server/libexec/meta/LuaJIT%20en-us%20utf8/jit/profile.lua , size = 0.348 KB
[15:20:19.784][info] [#0:script/workspace/loading.lua:112]: ++++As library of:	file:///home/yanfenggao/.local/share/nvim/mason/packages/lua-language-server/libexec/meta/LuaJIT%20en-us%20utf8/jit/profile.lua
[15:20:19.784][info] [#0:script/workspace/loading.lua:100]: Preload file at: file:///home/yanfenggao/.local/share/nvim/mason/packages/lua-language-server/libexec/meta/LuaJIT%20en-us%20utf8/builtin.lua , size = 0.302 KB
[15:20:19.784][info] [#0:script/workspace/loading.lua:112]: ++++As library of:	file:///home/yanfenggao/.local/share/nvim/mason/packages/lua-language-server/libexec/meta/LuaJIT%20en-us%20utf8/builtin.lua
[15:20:19.784][info] [#0:script/workspace/loading.lua:100]: Preload file at: file:///home/yanfenggao/.local/share/nvim/mason/packages/lua-language-server/libexec/meta/LuaJIT%20en-us%20utf8/string/buffer.lua , size = 18.123 KB
[15:20:19.788][info] [#0:script/workspace/loading.lua:112]: ++++As library of:	file:///home/yanfenggao/.local/share/nvim/mason/packages/lua-language-server/libexec/meta/LuaJIT%20en-us%20utf8/string/buffer.lua
[15:20:19.789][info] [#0:script/workspace/loading.lua:100]: Preload file at: file:///home/yanfenggao/.local/share/nvim/mason/packages/lua-language-server/libexec/meta/LuaJIT%20en-us%20utf8/coroutine.lua , size = 2.541 KB
[15:20:19.790][info] [#0:script/workspace/loading.lua:112]: ++++As library of:	file:///home/yanfenggao/.local/share/nvim/mason/packages/lua-language-server/libexec/meta/LuaJIT%20en-us%20utf8/coroutine.lua
[15:20:19.790][info] [#0:script/workspace/loading.lua:100]: Preload file at: file:///home/yanfenggao/.local/share/nvim/mason/packages/lua-language-server/libexec/meta/LuaJIT%20en-us%20utf8/jit.lua , size = 0.884 KB
[15:20:19.791][info] [#0:script/workspace/loading.lua:112]: ++++As library of:	file:///home/yanfenggao/.local/share/nvim/mason/packages/lua-language-server/libexec/meta/LuaJIT%20en-us%20utf8/jit.lua
[15:20:19.791][info] [#0:script/workspace/loading.lua:100]: Preload file at: file:///home/yanfenggao/.local/share/nvim/mason/packages/lua-language-server/libexec/meta/LuaJIT%20en-us%20utf8/io.lua , size = 6.364 KB
[15:20:19.795][info] [#0:script/workspace/loading.lua:112]: ++++As library of:	file:///home/yanfenggao/.local/share/nvim/mason/packages/lua-language-server/libexec/meta/LuaJIT%20en-us%20utf8/io.lua
[15:20:19.795][info] [#0:script/workspace/loading.lua:100]: Preload file at: file:///home/yanfenggao/.local/share/nvim/mason/packages/lua-language-server/libexec/meta/LuaJIT%20en-us%20utf8/debug.lua , size = 7.310 KB
[15:20:19.799][info] [#0:script/workspace/loading.lua:112]: ++++As library of:	file:///home/yanfenggao/.local/share/nvim/mason/packages/lua-language-server/libexec/meta/LuaJIT%20en-us%20utf8/debug.lua
[15:20:19.799][info] [#0:script/workspace/loading.lua:100]: Preload file at: file:///home/yanfenggao/.local/share/nvim/mason/packages/lua-language-server/libexec/meta/LuaJIT%20en-us%20utf8/math.lua , size = 7.949 KB
[15:20:19.804][info] [#0:script/workspace/loading.lua:112]: ++++As library of:	file:///home/yanfenggao/.local/share/nvim/mason/packages/lua-language-server/libexec/meta/LuaJIT%20en-us%20utf8/math.lua
[15:20:19.804][info] [#0:script/workspace/loading.lua:100]: Preload file at: file:///home/yanfenggao/tools/nvim-linux64/share/nvim/runtime/lua/man.lua , size = 23.961 KB
[15:20:19.817][info] [#0:script/workspace/loading.lua:112]: ++++As library of:	file:///home/yanfenggao/tools/nvim-linux64/share/nvim/runtime/lua
[15:20:19.817][info] [#0:script/workspace/loading.lua:100]: Preload file at: file:///home/yanfenggao/tools/nvim-linux64/share/nvim/runtime/lua/_vim9script.lua , size = 15.418 KB
[15:20:19.826][info] [#0:script/workspace/loading.lua:112]: ++++As library of:	file:///home/yanfenggao/tools/nvim-linux64/share/nvim/runtime/lua
[15:20:19.826][info] [#0:script/workspace/loading.lua:100]: Preload file at: file:///home/yanfenggao/tools/nvim-linux64/share/nvim/runtime/lua/editorconfig.lua , size = 11.239 KB
[15:20:19.837][info] [#0:script/workspace/loading.lua:112]: ++++As library of:	file:///home/yanfenggao/tools/nvim-linux64/share/nvim/runtime/lua
[15:20:19.837][info] [#0:script/workspace/loading.lua:100]: Preload file at: file:///home/yanfenggao/tools/nvim-linux64/share/nvim/runtime/lua/jit/dis_mips64.lua , size = 0.689 KB
[15:20:19.837][info] [#0:script/workspace/loading.lua:112]: ++++As library of:	file:///home/yanfenggao/tools/nvim-linux64/share/nvim/runtime/lua
[15:20:19.838][info] [#0:script/workspace/loading.lua:100]: Preload file at: file:///home/yanfenggao/tools/nvim-linux64/share/nvim/runtime/lua/jit/bcsave.lua , size = 17.090 KB
[15:20:19.847][info] [#0:script/workspace/loading.lua:112]: ++++As library of:	file:///home/yanfenggao/tools/nvim-linux64/share/nvim/runtime/lua
[15:20:19.847][info] [#0:script/workspace/loading.lua:100]: Preload file at: file:///home/yanfenggao/tools/nvim-linux64/share/nvim/runtime/lua/jit/vmdef.lua , size = 7.920 KB
[15:20:19.849][info] [#0:script/workspace/loading.lua:112]: ++++As library of:	file:///home/yanfenggao/tools/nvim-linux64/share/nvim/runtime/lua
[15:20:19.849][info] [#0:script/workspace/loading.lua:100]: Preload file at: file:///home/yanfenggao/tools/nvim-linux64/share/nvim/runtime/lua/jit/dis_mips64r6el.lua , size = 0.711 KB
[15:20:19.850][info] [#0:script/workspace/loading.lua:112]: ++++As library of:	file:///home/yanfenggao/tools/nvim-linux64/share/nvim/runtime/lua
[15:20:19.850][info] [#0:script/workspace/loading.lua:100]: Preload file at: file:///home/yanfenggao/tools/nvim-linux64/share/nvim/runtime/lua/jit/dis_ppc.lua , size = 19.825 KB
[15:20:19.859][info] [#0:script/workspace/loading.lua:112]: ++++As library of:	file:///home/yanfenggao/tools/nvim-linux64/share/nvim/runtime/lua
[15:20:19.860][info] [#0:script/workspace/loading.lua:100]: Preload file at: file:///home/yanfenggao/tools/nvim-linux64/share/nvim/runtime/lua/jit/dis_mips64r6.lua , size = 0.700 KB
[15:20:19.860][info] [#0:script/workspace/loading.lua:112]: ++++As library of:	file:///home/yanfenggao/tools/nvim-linux64/share/nvim/runtime/lua
[15:20:19.860][info] [#0:script/workspace/loading.lua:100]: Preload file at: file:///home/yanfenggao/tools/nvim-linux64/share/nvim/runtime/lua/jit/dis_x64.lua , size = 0.695 KB
[15:20:19.861][info] [#0:script/workspace/loading.lua:112]: ++++As library of:	file:///home/yanfenggao/tools/nvim-linux64/share/nvim/runtime/lua
[15:20:19.861][info] [#0:script/workspace/loading.lua:100]: Preload file at: file:///home/yanfenggao/tools/nvim-linux64/share/nvim/runtime/lua/jit/dis_mips.lua , size = 21.494 KB
[15:20:19.873][info] [#0:script/workspace/loading.lua:112]: ++++As library of:	file:///home/yanfenggao/tools/nvim-linux64/share/nvim/runtime/lua
[15:20:19.873][info] [#0:script/workspace/loading.lua:100]: Preload file at: file:///home/yanfenggao/tools/nvim-linux64/share/nvim/runtime/lua/jit/zone.lua , size = 0.979 KB
[15:20:19.874][info] [#0:script/workspace/loading.lua:112]: ++++As library of:	file:///home/yanfenggao/tools/nvim-linux64/share/nvim/runtime/lua
[15:20:19.874][info] [#0:script/workspace/loading.lua:100]: Preload file at: file:///home/yanfenggao/tools/nvim-linux64/share/nvim/runtime/lua/jit/bc.lua , size = 5.417 KB
[15:20:19.877][info] [#0:script/workspace/loading.lua:112]: ++++As library of:	file:///home/yanfenggao/tools/nvim-linux64/share/nvim/runtime/lua
[15:20:19.877][info] [#0:script/workspace/loading.lua:100]: Preload file at: file:///home/yanfenggao/tools/nvim-linux64/share/nvim/runtime/lua/jit/dis_arm64be.lua , size = 0.604 KB
[15:20:19.878][info] [#0:script/workspace/loading.lua:112]: ++++As library of:	file:///home/yanfenggao/tools/nvim-linux64/share/nvim/runtime/lua
[15:20:19.878][info] [#0:script/workspace/loading.lua:100]: Preload file at: file:///home/yanfenggao/tools/nvim-linux64/share/nvim/runtime/lua/jit/dis_arm.lua , size = 18.891 KB
[15:20:19.890][info] [#0:script/workspace/loading.lua:112]: ++++As library of:	file:///home/yanfenggao/tools/nvim-linux64/share/nvim/runtime/lua
[15:20:19.890][info] [#0:script/workspace/loading.lua:100]: Preload file at: file:///home/yanfenggao/tools/nvim-linux64/share/nvim/runtime/lua/jit/v.lua , size = 5.731 KB
[15:20:19.893][info] [#0:script/workspace/loading.lua:112]: ++++As library of:	file:///home/yanfenggao/tools/nvim-linux64/share/nvim/runtime/lua
[15:20:19.893][info] [#0:script/workspace/loading.lua:100]: Preload file at: file:///home/yanfenggao/tools/nvim-linux64/share/nvim/runtime/lua/jit/dis_mipsel.lua , size = 0.698 KB
[15:20:19.893][info] [#0:script/workspace/loading.lua:112]: ++++As library of:	file:///home/yanfenggao/tools/nvim-linux64/share/nvim/runtime/lua
[15:20:19.893][info] [#0:script/workspace/loading.lua:100]: Preload file at: file:///home/yanfenggao/tools/nvim-linux64/share/nvim/runtime/lua/jit/dis_x86.lua , size = 33.033 KB
[15:20:19.920][info] [#0:script/workspace/loading.lua:112]: ++++As library of:	file:///home/yanfenggao/tools/nvim-linux64/share/nvim/runtime/lua
[15:20:19.920][info] [#0:script/workspace/loading.lua:100]: Preload file at: file:///home/yanfenggao/tools/nvim-linux64/share/nvim/runtime/lua/jit/dump.lua , size = 20.269 KB
[15:20:19.932][info] [#0:script/workspace/loading.lua:112]: ++++As library of:	file:///home/yanfenggao/tools/nvim-linux64/share/nvim/runtime/lua
[15:20:19.933][info] [#0:script/workspace/loading.lua:100]: Preload file at: file:///home/yanfenggao/tools/nvim-linux64/share/nvim/runtime/lua/jit/p.lua , size = 8.891 KB
[15:20:19.938][info] [#0:script/workspace/loading.lua:112]: ++++As library of:	file:///home/yanfenggao/tools/nvim-linux64/share/nvim/runtime/lua
[15:20:19.938][info] [#0:script/workspace/loading.lua:100]: Preload file at: file:///home/yanfenggao/tools/nvim-linux64/share/nvim/runtime/lua/jit/dis_mips64el.lua , size = 0.700 KB
[15:20:19.938][info] [#0:script/workspace/loading.lua:112]: ++++As library of:	file:///home/yanfenggao/tools/nvim-linux64/share/nvim/runtime/lua
[15:20:19.938][info] [#0:script/workspace/loading.lua:100]: Preload file at: file:///home/yanfenggao/tools/nvim-linux64/share/nvim/runtime/lua/jit/dis_arm64.lua , size = 29.971 KB
[15:20:19.956][info] [#0:script/workspace/loading.lua:112]: ++++As library of:	file:///home/yanfenggao/tools/nvim-linux64/share/nvim/runtime/lua
[15:20:19.956][info] [#0:script/workspace/loading.lua:100]: Preload file at: file:///home/yanfenggao/tools/nvim-linux64/share/nvim/runtime/lua/vim/deprecated/health.lua , size = 1.260 KB
[15:20:19.957][info] [#0:script/workspace/loading.lua:112]: ++++As library of:	file:///home/yanfenggao/tools/nvim-linux64/share/nvim/runtime/lua
[15:20:19.957][info] [#0:script/workspace/loading.lua:100]: Preload file at: file:///home/yanfenggao/tools/nvim-linux64/share/nvim/runtime/lua/vim/filetype.lua , size = 75.192 KB
[15:20:19.991][info] [#0:script/workspace/loading.lua:112]: ++++As library of:	file:///home/yanfenggao/tools/nvim-linux64/share/nvim/runtime/lua
[15:20:19.991][info] [#0:script/workspace/loading.lua:100]: Preload file at: file:///home/yanfenggao/tools/nvim-linux64/share/nvim/runtime/lua/vim/snippet.lua , size = 21.881 KB
[15:20:20.004][info] [#0:script/workspace/loading.lua:112]: ++++As library of:	file:///home/yanfenggao/tools/nvim-linux64/share/nvim/runtime/lua
[15:20:20.004][info] [#0:script/workspace/loading.lua:100]: Preload file at: file:///home/yanfenggao/tools/nvim-linux64/share/nvim/runtime/lua/vim/lsp.lua , size = 41.056 KB
[15:20:20.039][info] [#0:script/workspace/loading.lua:112]: ++++As library of:	file:///home/yanfenggao/tools/nvim-linux64/share/nvim/runtime/lua
[15:20:20.039][info] [#0:script/workspace/loading.lua:100]: Preload file at: file:///home/yanfenggao/tools/nvim-linux64/share/nvim/runtime/lua/vim/_watch.lua , size = 9.741 KB
[15:20:20.044][info] [#0:script/workspace/loading.lua:112]: ++++As library of:	file:///home/yanfenggao/tools/nvim-linux64/share/nvim/runtime/lua
[15:20:20.044][info] [#0:script/workspace/loading.lua:100]: Preload file at: file:///home/yanfenggao/tools/nvim-linux64/share/nvim/runtime/lua/vim/_meta.lua , size = 1.016 KB
[15:20:20.045][info] [#0:script/workspace/loading.lua:112]: ++++As library of:	file:///home/yanfenggao/tools/nvim-linux64/share/nvim/runtime/lua
[15:20:20.045][info] [#0:script/workspace/loading.lua:100]: Preload file at: file:///home/yanfenggao/tools/nvim-linux64/share/nvim/runtime/lua/vim/func.lua , size = 1.753 KB
[15:20:20.046][info] [#0:script/workspace/loading.lua:112]: ++++As library of:	file:///home/yanfenggao/tools/nvim-linux64/share/nvim/runtime/lua
[15:20:20.046][info] [#0:script/workspace/loading.lua:100]: Preload file at: file:///home/yanfenggao/tools/nvim-linux64/share/nvim/runtime/lua/vim/treesitter.lua , size = 14.652 KB
[15:20:20.053][info] [#0:script/workspace/loading.lua:112]: ++++As library of:	file:///home/yanfenggao/tools/nvim-linux64/share/nvim/runtime/lua
[15:20:20.054][info] [#0:script/workspace/loading.lua:100]: Preload file at: file:///home/yanfenggao/tools/nvim-linux64/share/nvim/runtime/lua/vim/highlight.lua , size = 5.704 KB
[15:20:20.057][info] [#0:script/workspace/loading.lua:112]: ++++As library of:	file:///home/yanfenggao/tools/nvim-linux64/share/nvim/runtime/lua
[15:20:20.057][info] [#0:script/workspace/loading.lua:100]: Preload file at: file:///home/yanfenggao/tools/nvim-linux64/share/nvim/runtime/lua/vim/fs.lua , size = 19.991 KB
[15:20:20.067][info] [#0:script/workspace/loading.lua:112]: ++++As library of:	file:///home/yanfenggao/tools/nvim-linux64/share/nvim/runtime/lua
[15:20:20.067][info] [#0:script/workspace/loading.lua:100]: Preload file at: file:///home/yanfenggao/tools/nvim-linux64/share/nvim/runtime/lua/vim/provider/ruby.lua , size = 1.563 KB
[15:20:20.068][info] [#0:script/workspace/loading.lua:112]: ++++As library of:	file:///home/yanfenggao/tools/nvim-linux64/share/nvim/runtime/lua
[15:20:20.068][info] [#0:script/workspace/loading.lua:100]: Preload file at: file:///home/yanfenggao/tools/nvim-linux64/share/nvim/runtime/lua/vim/provider/health.lua , size = 28.593 KB
[15:20:20.081][info] [#0:script/workspace/loading.lua:112]: ++++As library of:	file:///home/yanfenggao/tools/nvim-linux64/share/nvim/runtime/lua
[15:20:20.081][info] [#0:script/workspace/loading.lua:100]: Preload file at: file:///home/yanfenggao/tools/nvim-linux64/share/nvim/runtime/lua/vim/provider/perl.lua , size = 1.998 KB
[15:20:20.082][info] [#0:script/workspace/loading.lua:112]: ++++As library of:	file:///home/yanfenggao/tools/nvim-linux64/share/nvim/runtime/lua
[15:20:20.082][info] [#0:script/workspace/loading.lua:100]: Preload file at: file:///home/yanfenggao/tools/nvim-linux64/share/nvim/runtime/lua/vim/provider/python.lua , size = 4.224 KB
[15:20:20.085][info] [#0:script/workspace/loading.lua:112]: ++++As library of:	file:///home/yanfenggao/tools/nvim-linux64/share/nvim/runtime/lua
[15:20:20.085][info] [#0:script/workspace/loading.lua:100]: Preload file at: file:///home/yanfenggao/tools/nvim-linux64/share/nvim/runtime/lua/vim/loader.lua , size = 15.825 KB
[15:20:20.095][info] [#0:script/workspace/loading.lua:112]: ++++As library of:	file:///home/yanfenggao/tools/nvim-linux64/share/nvim/runtime/lua
[15:20:20.095][info] [#0:script/workspace/loading.lua:100]: Preload file at: file:///home/yanfenggao/tools/nvim-linux64/share/nvim/runtime/lua/vim/ui/clipboard/osc52.lua , size = 2.137 KB
[15:20:20.097][info] [#0:script/workspace/loading.lua:112]: ++++As library of:	file:///home/yanfenggao/tools/nvim-linux64/share/nvim/runtime/lua
[15:20:20.097][info] [#0:script/workspace/loading.lua:100]: Preload file at: file:///home/yanfenggao/tools/nvim-linux64/share/nvim/runtime/lua/vim/_editor.lua , size = 37.918 KB
[15:20:20.117][info] [#0:script/workspace/loading.lua:112]: ++++As library of:	file:///home/yanfenggao/tools/nvim-linux64/share/nvim/runtime/lua
[15:20:20.117][info] [#0:script/workspace/loading.lua:100]: Preload file at: file:///home/yanfenggao/tools/nvim-linux64/share/nvim/runtime/lua/vim/_meta/builtin_types.lua , size = 5.408 KB
[15:20:20.120][info] [#0:script/workspace/loading.lua:112]: ++++As library of:	file:///home/yanfenggao/tools/nvim-linux64/share/nvim/runtime/lua
[15:20:20.120][info] [#0:script/workspace/loading.lua:100]: Preload file at: file:///home/yanfenggao/tools/nvim-linux64/share/nvim/runtime/lua/vim/_meta/lpeg.lua , size = 15.348 KB
[15:20:20.126][info] [#0:script/workspace/loading.lua:112]: ++++As library of:	file:///home/yanfenggao/tools/nvim-linux64/share/nvim/runtime/lua
[15:20:20.126][info] [#0:script/workspace/loading.lua:100]: Preload file at: file:///home/yanfenggao/tools/nvim-linux64/share/nvim/runtime/lua/vim/_meta/json.lua , size = 1.359 KB
[15:20:20.127][info] [#0:script/workspace/loading.lua:112]: ++++As library of:	file:///home/yanfenggao/tools/nvim-linux64/share/nvim/runtime/lua
[15:20:20.127][info] [#0:script/workspace/loading.lua:100]: Preload file at: file:///home/yanfenggao/tools/nvim-linux64/share/nvim/runtime/lua/vim/_meta/api_keysets.lua , size = 8.349 KB
[15:20:20.132][info] [#0:script/workspace/loading.lua:112]: ++++As library of:	file:///home/yanfenggao/tools/nvim-linux64/share/nvim/runtime/lua
[15:20:20.133][info] [#0:script/workspace/loading.lua:100]: Preload file at: file:///home/yanfenggao/tools/nvim-linux64/share/nvim/runtime/lua/vim/_meta/regex.lua , size = 1.580 KB
[15:20:20.133][info] [#0:script/workspace/loading.lua:112]: ++++As library of:	file:///home/yanfenggao/tools/nvim-linux64/share/nvim/runtime/lua
[15:20:20.134][info] [#0:script/workspace/loading.lua:100]: Preload file at: file:///home/yanfenggao/tools/nvim-linux64/share/nvim/runtime/lua/vim/_meta/options.lua , size = 328.105 KB
[15:20:20.260][info] [#0:script/workspace/loading.lua:112]: ++++As library of:	file:///home/yanfenggao/tools/nvim-linux64/share/nvim/runtime/lua
[15:20:20.260][info] [#0:script/workspace/loading.lua:100]: Preload file at: file:///home/yanfenggao/tools/nvim-linux64/share/nvim/runtime/lua/vim/_meta/diff.lua , size = 2.493 KB
[15:20:20.261][info] [#0:script/workspace/loading.lua:112]: ++++As library of:	file:///home/yanfenggao/tools/nvim-linux64/share/nvim/runtime/lua
[15:20:20.261][info] [#0:script/workspace/loading.lua:100]: Preload file at: file:///home/yanfenggao/tools/nvim-linux64/share/nvim/runtime/lua/vim/_meta/mpack.lua , size = 0.478 KB
[15:20:20.262][info] [#0:script/workspace/loading.lua:112]: ++++As library of:	file:///home/yanfenggao/tools/nvim-linux64/share/nvim/runtime/lua
[15:20:20.262][info] [#0:script/workspace/loading.lua:100]: Preload file at: file:///home/yanfenggao/tools/nvim-linux64/share/nvim/runtime/lua/vim/_meta/vvars.lua , size = 25.343 KB
[15:20:20.270][info] [#0:script/workspace/loading.lua:112]: ++++As library of:	file:///home/yanfenggao/tools/nvim-linux64/share/nvim/runtime/lua
[15:20:20.270][info] [#0:script/workspace/loading.lua:100]: Preload file at: file:///home/yanfenggao/tools/nvim-linux64/share/nvim/runtime/lua/vim/_meta/api.lua , size = 105.971 KB
[15:20:20.306][info] [#0:script/workspace/loading.lua:112]: ++++As library of:	file:///home/yanfenggao/tools/nvim-linux64/share/nvim/runtime/lua
[15:20:20.306][info] [#0:script/workspace/loading.lua:100]: Preload file at: file:///home/yanfenggao/tools/nvim-linux64/share/nvim/runtime/lua/vim/_meta/builtin.lua , size = 11.225 KB
[15:20:20.310][info] [#0:script/workspace/loading.lua:112]: ++++As library of:	file:///home/yanfenggao/tools/nvim-linux64/share/nvim/runtime/lua
[15:20:20.310][info] [#0:script/workspace/loading.lua:100]: Preload file at: file:///home/yanfenggao/tools/nvim-linux64/share/nvim/runtime/lua/vim/_meta/api_keysets_extra.lua , size = 4.973 KB
[15:20:20.313][info] [#0:script/workspace/loading.lua:112]: ++++As library of:	file:///home/yanfenggao/tools/nvim-linux64/share/nvim/runtime/lua
[15:20:20.314][info] [#0:script/workspace/loading.lua:100]: Preload file at: file:///home/yanfenggao/tools/nvim-linux64/share/nvim/runtime/lua/vim/_meta/misc.lua , size = 0.291 KB
[15:20:20.314][info] [#0:script/workspace/loading.lua:112]: ++++As library of:	file:///home/yanfenggao/tools/nvim-linux64/share/nvim/runtime/lua
[15:20:20.314][info] [#0:script/workspace/loading.lua:100]: Preload file at: file:///home/yanfenggao/tools/nvim-linux64/share/nvim/runtime/lua/vim/_meta/base64.lua , size = 0.307 KB
[15:20:20.315][info] [#0:script/workspace/loading.lua:112]: ++++As library of:	file:///home/yanfenggao/tools/nvim-linux64/share/nvim/runtime/lua
[15:20:20.315][info] [#0:script/workspace/loading.lua:100]: Preload file at: file:///home/yanfenggao/tools/nvim-linux64/share/nvim/runtime/lua/vim/_meta/re.lua , size = 2.217 KB
[15:20:20.316][info] [#0:script/workspace/loading.lua:112]: ++++As library of:	file:///home/yanfenggao/tools/nvim-linux64/share/nvim/runtime/lua
[15:20:20.316][info] [#0:script/workspace/loading.lua:100]: Preload file at: file:///home/yanfenggao/tools/nvim-linux64/share/nvim/runtime/lua/vim/_meta/spell.lua , size = 0.929 KB
[15:20:20.317][info] [#0:script/workspace/loading.lua:112]: ++++As library of:	file:///home/yanfenggao/tools/nvim-linux64/share/nvim/runtime/lua
[15:20:20.317][info] [#0:script/workspace/loading.lua:100]: Preload file at: file:///home/yanfenggao/tools/nvim-linux64/share/nvim/runtime/lua/vim/inspect.lua , size = 8.864 KB
[15:20:20.322][info] [#0:script/workspace/loading.lua:112]: ++++As library of:	file:///home/yanfenggao/tools/nvim-linux64/share/nvim/runtime/lua
[15:20:20.322][info] [#0:script/workspace/loading.lua:100]: Preload file at: file:///home/yanfenggao/tools/nvim-linux64/share/nvim/runtime/lua/vim/filetype/options.lua , size = 2.559 KB
[15:20:20.324][info] [#0:script/workspace/loading.lua:112]: ++++As library of:	file:///home/yanfenggao/tools/nvim-linux64/share/nvim/runtime/lua
[15:20:20.324][info] [#0:script/workspace/loading.lua:100]: Preload file at: file:///home/yanfenggao/tools/nvim-linux64/share/nvim/runtime/lua/vim/filetype/detect.lua , size = 59.799 KB
[15:20:20.356][info] [#0:script/workspace/loading.lua:112]: ++++As library of:	file:///home/yanfenggao/tools/nvim-linux64/share/nvim/runtime/lua
[15:20:20.356][info] [#0:script/workspace/loading.lua:100]: Preload file at: file:///home/yanfenggao/tools/nvim-linux64/share/nvim/runtime/lua/vim/uri.lua , size = 3.569 KB
[15:20:20.359][info] [#0:script/workspace/loading.lua:112]: ++++As library of:	file:///home/yanfenggao/tools/nvim-linux64/share/nvim/runtime/lua
[15:20:20.359][info] [#0:script/workspace/loading.lua:100]: Preload file at: file:///home/yanfenggao/tools/nvim-linux64/share/nvim/runtime/lua/vim/_meta/vimfn.lua , size = 405.741 KB
[15:20:20.530][info] [#0:script/workspace/loading.lua:112]: ++++As library of:	file:///home/yanfenggao/tools/nvim-linux64/share/nvim/runtime/lua
[15:20:20.530][info] [#0:script/workspace/loading.lua:100]: Preload file at: file:///home/yanfenggao/tools/nvim-linux64/share/nvim/runtime/lua/vim/text.lua , size = 0.783 KB
[15:20:20.532][info] [#0:script/workspace/loading.lua:112]: ++++As library of:	file:///home/yanfenggao/tools/nvim-linux64/share/nvim/runtime/lua
[15:20:20.532][info] [#0:script/workspace/loading.lua:100]: Preload file at: file:///home/yanfenggao/tools/nvim-linux64/share/nvim/runtime/lua/vim/func/_memoize.lua , size = 1.354 KB
[15:20:20.533][info] [#0:script/workspace/loading.lua:112]: ++++As library of:	file:///home/yanfenggao/tools/nvim-linux64/share/nvim/runtime/lua
[15:20:20.533][info] [#0:script/workspace/loading.lua:100]: Preload file at: file:///home/yanfenggao/tools/nvim-linux64/share/nvim/runtime/lua/vim/version.lua , size = 13.708 KB
[15:20:20.541][info] [#0:script/workspace/loading.lua:112]: ++++As library of:	file:///home/yanfenggao/tools/nvim-linux64/share/nvim/runtime/lua
[15:20:20.541][info] [#0:script/workspace/loading.lua:100]: Preload file at: file:///home/yanfenggao/tools/nvim-linux64/share/nvim/runtime/lua/vim/F.lua , size = 1.076 KB
[15:20:20.542][info] [#0:script/workspace/loading.lua:112]: ++++As library of:	file:///home/yanfenggao/tools/nvim-linux64/share/nvim/runtime/lua
[15:20:20.542][info] [#0:script/workspace/loading.lua:100]: Preload file at: file:///home/yanfenggao/tools/nvim-linux64/share/nvim/runtime/lua/vim/provider.lua , size = 0.197 KB
[15:20:20.543][info] [#0:script/workspace/loading.lua:112]: ++++As library of:	file:///home/yanfenggao/tools/nvim-linux64/share/nvim/runtime/lua
[15:20:20.543][info] [#0:script/workspace/loading.lua:100]: Preload file at: file:///home/yanfenggao/tools/nvim-linux64/share/nvim/runtime/lua/vim/glob.lua , size = 3.261 KB
[15:20:20.545][info] [#0:script/workspace/loading.lua:112]: ++++As library of:	file:///home/yanfenggao/tools/nvim-linux64/share/nvim/runtime/lua
[15:20:20.545][info] [#0:script/workspace/loading.lua:100]: Preload file at: file:///home/yanfenggao/tools/nvim-linux64/share/nvim/runtime/lua/vim/diagnostic.lua , size = 72.462 KB
[15:20:20.583][info] [#0:script/workspace/loading.lua:112]: ++++As library of:	file:///home/yanfenggao/tools/nvim-linux64/share/nvim/runtime/lua
[15:20:20.584][info] [#0:script/workspace/loading.lua:100]: Preload file at: file:///home/yanfenggao/tools/nvim-linux64/share/nvim/runtime/lua/vim/iter.lua , size = 25.863 KB
[15:20:20.599][info] [#0:script/workspace/loading.lua:112]: ++++As library of:	file:///home/yanfenggao/tools/nvim-linux64/share/nvim/runtime/lua
[15:20:20.599][info] [#0:script/workspace/loading.lua:100]: Preload file at: file:///home/yanfenggao/tools/nvim-linux64/share/nvim/runtime/lua/vim/shared.lua , size = 37.258 KB
[15:20:20.621][info] [#0:script/workspace/loading.lua:112]: ++++As library of:	file:///home/yanfenggao/tools/nvim-linux64/share/nvim/runtime/lua
[15:20:20.621][info] [#0:script/workspace/loading.lua:100]: Preload file at: file:///home/yanfenggao/tools/nvim-linux64/share/nvim/runtime/lua/vim/health.lua , size = 12.767 KB
[15:20:20.627][info] [#0:script/workspace/loading.lua:112]: ++++As library of:	file:///home/yanfenggao/tools/nvim-linux64/share/nvim/runtime/lua
[15:20:20.627][info] [#0:script/workspace/loading.lua:100]: Preload file at: file:///home/yanfenggao/tools/nvim-linux64/share/nvim/runtime/lua/vim/keymap.lua , size = 3.624 KB
[15:20:20.630][info] [#0:script/workspace/loading.lua:112]: ++++As library of:	file:///home/yanfenggao/tools/nvim-linux64/share/nvim/runtime/lua
[15:20:20.630][info] [#0:script/workspace/loading.lua:100]: Preload file at: file:///home/yanfenggao/tools/nvim-linux64/share/nvim/runtime/lua/vim/_defaults.lua , size = 26.367 KB
[15:20:20.643][info] [#0:script/workspace/loading.lua:112]: ++++As library of:	file:///home/yanfenggao/tools/nvim-linux64/share/nvim/runtime/lua
[15:20:20.643][info] [#0:script/workspace/loading.lua:100]: Preload file at: file:///home/yanfenggao/tools/nvim-linux64/share/nvim/runtime/lua/vim/secure.lua , size = 5.043 KB
[15:20:20.647][info] [#0:script/workspace/loading.lua:112]: ++++As library of:	file:///home/yanfenggao/tools/nvim-linux64/share/nvim/runtime/lua
[15:20:20.647][info] [#0:script/workspace/loading.lua:100]: Preload file at: file:///home/yanfenggao/tools/nvim-linux64/share/nvim/runtime/lua/vim/_options.lua , size = 25.297 KB
[15:20:20.658][info] [#0:script/workspace/loading.lua:112]: ++++As library of:	file:///home/yanfenggao/tools/nvim-linux64/share/nvim/runtime/lua
[15:20:20.658][info] [#0:script/workspace/loading.lua:100]: Preload file at: file:///home/yanfenggao/tools/nvim-linux64/share/nvim/runtime/lua/vim/_comment.lua , size = 8.562 KB
[15:20:20.663][info] [#0:script/workspace/loading.lua:112]: ++++As library of:	file:///home/yanfenggao/tools/nvim-linux64/share/nvim/runtime/lua
[15:20:20.663][info] [#0:script/workspace/loading.lua:100]: Preload file at: file:///home/yanfenggao/tools/nvim-linux64/share/nvim/runtime/lua/vim/termcap.lua , size = 3.103 KB
[15:20:20.665][info] [#0:script/workspace/loading.lua:112]: ++++As library of:	file:///home/yanfenggao/tools/nvim-linux64/share/nvim/runtime/lua
[15:20:20.665][info] [#0:script/workspace/loading.lua:100]: Preload file at: file:///home/yanfenggao/tools/nvim-linux64/share/nvim/runtime/lua/vim/_init_packages.lua , size = 3.023 KB
[15:20:20.667][info] [#0:script/workspace/loading.lua:112]: ++++As library of:	file:///home/yanfenggao/tools/nvim-linux64/share/nvim/runtime/lua
[15:20:20.667][info] [#0:script/workspace/loading.lua:100]: Preload file at: file:///home/yanfenggao/tools/nvim-linux64/share/nvim/runtime/lua/vim/_system.lua , size = 9.135 KB
[15:20:20.674][info] [#0:script/workspace/loading.lua:112]: ++++As library of:	file:///home/yanfenggao/tools/nvim-linux64/share/nvim/runtime/lua
[15:20:20.677][info] [#0:script/workspace/loading.lua:100]: Preload file at: file:///home/yanfenggao/tools/nvim-linux64/share/nvim/runtime/lua/vim/health/health.lua , size = 12.696 KB
[15:20:20.684][info] [#0:script/workspace/loading.lua:112]: ++++As library of:	file:///home/yanfenggao/tools/nvim-linux64/share/nvim/runtime/lua
[15:20:20.684][info] [#0:script/workspace/loading.lua:100]: Preload file at: file:///home/yanfenggao/tools/nvim-linux64/share/nvim/runtime/lua/vim/re.lua , size = 6.495 KB
[15:20:20.690][info] [#0:script/workspace/loading.lua:112]: ++++As library of:	file:///home/yanfenggao/tools/nvim-linux64/share/nvim/runtime/lua
[15:20:20.690][info] [#0:script/workspace/loading.lua:100]: Preload file at: file:///home/yanfenggao/tools/nvim-linux64/share/nvim/runtime/lua/vim/treesitter/languagetree.lua , size = 32.823 KB
[15:20:20.708][info] [#0:script/workspace/loading.lua:112]: ++++As library of:	file:///home/yanfenggao/tools/nvim-linux64/share/nvim/runtime/lua
[15:20:20.709][info] [#0:script/workspace/loading.lua:100]: Preload file at: file:///home/yanfenggao/tools/nvim-linux64/share/nvim/runtime/lua/vim/treesitter/dev.lua , size = 20.469 KB
[15:20:20.721][info] [#0:script/workspace/loading.lua:112]: ++++As library of:	file:///home/yanfenggao/tools/nvim-linux64/share/nvim/runtime/lua
[15:20:20.721][info] [#0:script/workspace/loading.lua:100]: Preload file at: file:///home/yanfenggao/tools/nvim-linux64/share/nvim/runtime/lua/vim/treesitter/language.lua , size = 5.125 KB
[15:20:20.724][info] [#0:script/workspace/loading.lua:112]: ++++As library of:	file:///home/yanfenggao/tools/nvim-linux64/share/nvim/runtime/lua
[15:20:20.724][info] [#0:script/workspace/loading.lua:100]: Preload file at: file:///home/yanfenggao/tools/nvim-linux64/share/nvim/runtime/lua/vim/treesitter/_range.lua , size = 3.923 KB
[15:20:20.727][info] [#0:script/workspace/loading.lua:112]: ++++As library of:	file:///home/yanfenggao/tools/nvim-linux64/share/nvim/runtime/lua
[15:20:20.727][info] [#0:script/workspace/loading.lua:100]: Preload file at: file:///home/yanfenggao/tools/nvim-linux64/share/nvim/runtime/lua/vim/treesitter/_meta/misc.lua , size = 2.495 KB
[15:20:20.730][info] [#0:script/workspace/loading.lua:112]: ++++As library of:	file:///home/yanfenggao/tools/nvim-linux64/share/nvim/runtime/lua
[15:20:20.730][info] [#0:script/workspace/loading.lua:100]: Preload file at: file:///home/yanfenggao/tools/nvim-linux64/share/nvim/runtime/lua/vim/treesitter/_meta/tsnode.lua , size = 5.981 KB
[15:20:20.733][info] [#0:script/workspace/loading.lua:112]: ++++As library of:	file:///home/yanfenggao/tools/nvim-linux64/share/nvim/runtime/lua
[15:20:20.733][info] [#0:script/workspace/loading.lua:100]: Preload file at: file:///home/yanfenggao/tools/nvim-linux64/share/nvim/runtime/lua/vim/treesitter/_meta/tstree.lua , size = 1.234 KB
[15:20:20.734][info] [#0:script/workspace/loading.lua:112]: ++++As library of:	file:///home/yanfenggao/tools/nvim-linux64/share/nvim/runtime/lua
[15:20:20.735][info] [#0:script/workspace/loading.lua:100]: Preload file at: file:///home/yanfenggao/tools/nvim-linux64/share/nvim/runtime/lua/vim/treesitter/_query_linter.lua , size = 7.700 KB
[15:20:20.740][info] [#0:script/workspace/loading.lua:112]: ++++As library of:	file:///home/yanfenggao/tools/nvim-linux64/share/nvim/runtime/lua
[15:20:20.740][info] [#0:script/workspace/loading.lua:100]: Preload file at: file:///home/yanfenggao/tools/nvim-linux64/share/nvim/runtime/lua/vim/treesitter/health.lua , size = 0.989 KB
[15:20:20.741][info] [#0:script/workspace/loading.lua:112]: ++++As library of:	file:///home/yanfenggao/tools/nvim-linux64/share/nvim/runtime/lua
[15:20:20.741][info] [#0:script/workspace/loading.lua:100]: Preload file at: file:///home/yanfenggao/tools/nvim-linux64/share/nvim/runtime/lua/vim/treesitter/query.lua , size = 31.771 KB
[15:20:20.758][info] [#0:script/workspace/loading.lua:112]: ++++As library of:	file:///home/yanfenggao/tools/nvim-linux64/share/nvim/runtime/lua
[15:20:20.758][info] [#0:script/workspace/loading.lua:100]: Preload file at: file:///home/yanfenggao/tools/nvim-linux64/share/nvim/runtime/lua/vim/treesitter/_fold.lua , size = 14.430 KB
[15:20:20.765][info] [#0:script/workspace/loading.lua:112]: ++++As library of:	file:///home/yanfenggao/tools/nvim-linux64/share/nvim/runtime/lua
[15:20:20.765][info] [#0:script/workspace/loading.lua:100]: Preload file at: file:///home/yanfenggao/tools/nvim-linux64/share/nvim/runtime/lua/vim/treesitter/highlighter.lua , size = 11.807 KB
[15:20:20.772][info] [#0:script/workspace/loading.lua:112]: ++++As library of:	file:///home/yanfenggao/tools/nvim-linux64/share/nvim/runtime/lua
[15:20:20.773][info] [#0:script/workspace/loading.lua:100]: Preload file at: file:///home/yanfenggao/tools/nvim-linux64/share/nvim/runtime/lua/vim/_inspector.lua , size = 7.518 KB
[15:20:20.778][info] [#0:script/workspace/loading.lua:112]: ++++As library of:	file:///home/yanfenggao/tools/nvim-linux64/share/nvim/runtime/lua
[15:20:20.778][info] [#0:script/workspace/loading.lua:100]: Preload file at: file:///home/yanfenggao/tools/nvim-linux64/share/nvim/runtime/lua/vim/lsp/_meta.lua , size = 0.440 KB
[15:20:20.779][info] [#0:script/workspace/loading.lua:112]: ++++As library of:	file:///home/yanfenggao/tools/nvim-linux64/share/nvim/runtime/lua
[15:20:20.779][info] [#0:script/workspace/loading.lua:100]: Preload file at: file:///home/yanfenggao/tools/nvim-linux64/share/nvim/runtime/lua/vim/lsp/buf.lua , size = 32.057 KB
[15:20:20.795][info] [#0:script/workspace/loading.lua:112]: ++++As library of:	file:///home/yanfenggao/tools/nvim-linux64/share/nvim/runtime/lua
[15:20:20.795][info] [#0:script/workspace/loading.lua:100]: Preload file at: file:///home/yanfenggao/tools/nvim-linux64/share/nvim/runtime/lua/vim/lsp/client.lua , size = 38.034 KB
[15:20:20.893][info] [#0:script/workspace/loading.lua:112]: ++++As library of:	file:///home/yanfenggao/tools/nvim-linux64/share/nvim/runtime/lua
[15:20:20.893][info] [#0:script/workspace/loading.lua:100]: Preload file at: file:///home/yanfenggao/tools/nvim-linux64/share/nvim/runtime/lua/vim/lsp/completion.lua , size = 22.663 KB
[15:20:20.906][info] [#0:script/workspace/loading.lua:112]: ++++As library of:	file:///home/yanfenggao/tools/nvim-linux64/share/nvim/runtime/lua
[15:20:20.906][info] [#0:script/workspace/loading.lua:100]: Preload file at: file:///home/yanfenggao/tools/nvim-linux64/share/nvim/runtime/lua/vim/lsp/_snippet_grammar.lua , size = 6.179 KB
[15:20:20.910][info] [#0:script/workspace/loading.lua:112]: ++++As library of:	file:///home/yanfenggao/tools/nvim-linux64/share/nvim/runtime/lua
[15:20:20.914][info] [#0:script/workspace/loading.lua:100]: Preload file at: file:///home/yanfenggao/tools/nvim-linux64/share/nvim/runtime/lua/vim/lsp/handlers.lua , size = 26.850 KB
[15:20:20.928][info] [#0:script/workspace/loading.lua:112]: ++++As library of:	file:///home/yanfenggao/tools/nvim-linux64/share/nvim/runtime/lua
[15:20:20.928][info] [#0:script/workspace/loading.lua:100]: Preload file at: file:///home/yanfenggao/tools/nvim-linux64/share/nvim/runtime/lua/vim/lsp/codelens.lua , size = 9.336 KB
[15:20:20.934][info] [#0:script/workspace/loading.lua:112]: ++++As library of:	file:///home/yanfenggao/tools/nvim-linux64/share/nvim/runtime/lua
[15:20:20.934][info] [#0:script/workspace/loading.lua:100]: Preload file at: file:///home/yanfenggao/tools/nvim-linux64/share/nvim/runtime/lua/vim/lsp/_watchfiles.lua , size = 6.893 KB
[15:20:20.937][info] [#0:script/workspace/loading.lua:112]: ++++As library of:	file:///home/yanfenggao/tools/nvim-linux64/share/nvim/runtime/lua
[15:20:20.937][info] [#0:script/workspace/loading.lua:100]: Preload file at: file:///home/yanfenggao/tools/nvim-linux64/share/nvim/runtime/lua/vim/lsp/log.lua , size = 4.695 KB
[15:20:20.940][info] [#0:script/workspace/loading.lua:112]: ++++As library of:	file:///home/yanfenggao/tools/nvim-linux64/share/nvim/runtime/lua
[15:20:20.940][info] [#0:script/workspace/loading.lua:100]: Preload file at: file:///home/yanfenggao/tools/nvim-linux64/share/nvim/runtime/lua/vim/lsp/_meta/protocol.lua , size = 182.005 KB
[15:20:20.994][info] [#0:script/workspace/loading.lua:112]: ++++As library of:	file:///home/yanfenggao/tools/nvim-linux64/share/nvim/runtime/lua
[15:20:20.994][info] [#0:script/workspace/loading.lua:100]: Preload file at: file:///home/yanfenggao/tools/nvim-linux64/share/nvim/runtime/lua/vim/lsp/diagnostic.lua , size = 14.132 KB
[15:20:21.001][info] [#0:script/workspace/loading.lua:112]: ++++As library of:	file:///home/yanfenggao/tools/nvim-linux64/share/nvim/runtime/lua
[15:20:21.003][info] [#0:script/workspace/loading.lua:100]: Preload file at: file:///home/yanfenggao/tools/nvim-linux64/share/nvim/runtime/lua/vim/lsp/health.lua , size = 5.412 KB
[15:20:21.006][info] [#0:script/workspace/loading.lua:112]: ++++As library of:	file:///home/yanfenggao/tools/nvim-linux64/share/nvim/runtime/lua
[15:20:21.006][info] [#0:script/workspace/loading.lua:100]: Preload file at: file:///home/yanfenggao/tools/nvim-linux64/share/nvim/runtime/lua/vim/lsp/_tagfunc.lua , size = 2.787 KB
[15:20:21.008][info] [#0:script/workspace/loading.lua:112]: ++++As library of:	file:///home/yanfenggao/tools/nvim-linux64/share/nvim/runtime/lua
[15:20:21.008][info] [#0:script/workspace/loading.lua:100]: Preload file at: file:///home/yanfenggao/tools/nvim-linux64/share/nvim/runtime/lua/vim/lsp/protocol.lua , size = 36.793 KB
[15:20:21.016][info] [#0:script/workspace/loading.lua:112]: ++++As library of:	file:///home/yanfenggao/tools/nvim-linux64/share/nvim/runtime/lua
[15:20:21.016][info] [#0:script/workspace/loading.lua:100]: Preload file at: file:///home/yanfenggao/tools/nvim-linux64/share/nvim/runtime/lua/vim/lsp/rpc.lua , size = 26.228 KB
[15:20:21.029][info] [#0:script/workspace/loading.lua:112]: ++++As library of:	file:///home/yanfenggao/tools/nvim-linux64/share/nvim/runtime/lua
[15:20:21.029][info] [#0:script/workspace/loading.lua:100]: Preload file at: file:///home/yanfenggao/tools/nvim-linux64/share/nvim/runtime/lua/vim/lsp/_dynamic.lua , size = 2.922 KB
[15:20:21.031][info] [#0:script/workspace/loading.lua:112]: ++++As library of:	file:///home/yanfenggao/tools/nvim-linux64/share/nvim/runtime/lua
[15:20:21.032][info] [#0:script/workspace/loading.lua:100]: Preload file at: file:///home/yanfenggao/tools/nvim-linux64/share/nvim/runtime/lua/vim/lsp/inlay_hint.lua , size = 12.187 KB
[15:20:21.039][info] [#0:script/workspace/loading.lua:112]: ++++As library of:	file:///home/yanfenggao/tools/nvim-linux64/share/nvim/runtime/lua
[15:20:21.039][info] [#0:script/workspace/loading.lua:100]: Preload file at: file:///home/yanfenggao/tools/nvim-linux64/share/nvim/runtime/lua/vim/lsp/_changetracking.lua , size = 11.492 KB
[15:20:21.045][info] [#0:script/workspace/loading.lua:112]: ++++As library of:	file:///home/yanfenggao/tools/nvim-linux64/share/nvim/runtime/lua
[15:20:21.045][info] [#0:script/workspace/loading.lua:100]: Preload file at: file:///home/yanfenggao/tools/nvim-linux64/share/nvim/runtime/lua/vim/lsp/sync.lua , size = 16.744 KB
[15:20:21.052][info] [#0:script/workspace/loading.lua:112]: ++++As library of:	file:///home/yanfenggao/tools/nvim-linux64/share/nvim/runtime/lua
[15:20:21.052][info] [#0:script/workspace/loading.lua:100]: Preload file at: file:///home/yanfenggao/tools/nvim-linux64/share/nvim/runtime/lua/vim/lsp/util.lua , size = 75.569 KB
[15:20:21.091][info] [#0:script/workspace/loading.lua:112]: ++++As library of:	file:///home/yanfenggao/tools/nvim-linux64/share/nvim/runtime/lua
[15:20:21.091][info] [#0:script/workspace/loading.lua:100]: Preload file at: file:///home/yanfenggao/tools/nvim-linux64/share/nvim/runtime/lua/vim/lsp/semantic_tokens.lua , size = 26.599 KB
[15:20:21.103][info] [#0:script/workspace/loading.lua:112]: ++++As library of:	file:///home/yanfenggao/tools/nvim-linux64/share/nvim/runtime/lua
[15:20:21.105][info] [#0:script/workspace/loading.lua:100]: Preload file at: file:///home/yanfenggao/tools/nvim-linux64/share/nvim/runtime/lua/vim/ui.lua , size = 7.497 KB
[15:20:21.109][info] [#0:script/workspace/loading.lua:112]: ++++As library of:	file:///home/yanfenggao/tools/nvim-linux64/share/nvim/runtime/lua
[15:20:21.109][info] [#0:script/workspace/loading.lua:100]: Preload file at: file:///home/yanfenggao/tools/nvim-linux64/share/nvim/runtime/lua/vim/vimhelp.lua , size = 2.286 KB
[15:20:21.111][info] [#0:script/workspace/loading.lua:112]: ++++As library of:	file:///home/yanfenggao/tools/nvim-linux64/share/nvim/runtime/lua
[15:20:21.111][info] [#0:script/workspace/loading.lua:100]: Preload file at: file:///home/yanfenggao/tools/nvim-linux64/share/nvim/runtime/lua/coxpcall.lua , size = 3.451 KB
[15:20:21.113][info] [#0:script/workspace/loading.lua:112]: ++++As library of:	file:///home/yanfenggao/tools/nvim-linux64/share/nvim/runtime/lua
[15:20:21.113][info] [#0:script/workspace/loading.lua:100]: Preload file at: file:///home/yanfenggao/.local/share/nvim/depends/nvim-autopairs/tests/nvim-autopairs_spec.lua , size = 22.844 KB
[15:20:21.121][info] [#0:script/workspace/loading.lua:100]: Preload file at: file:///home/yanfenggao/tools/nvim-linux64/share/nvim/runtime/lua/tohtml.lua , size = 43.129 KB
[15:20:21.148][info] [#0:script/workspace/loading.lua:112]: ++++As library of:	file:///home/yanfenggao/tools/nvim-linux64/share/nvim/runtime/lua
[15:20:21.148][info] [#0:script/workspace/loading.lua:100]: Preload file at: file:///home/yanfenggao/.local/share/nvim/depends/nvim-autopairs/tests/utils_spec.lua , size = 1.198 KB
[15:20:21.149][info] [#0:script/workspace/loading.lua:100]: Preload file at: file:///home/yanfenggao/.local/share/nvim/depends/nvim-autopairs/tests/endwise/init.lua , size = 0.096 KB
[15:20:21.150][info] [#0:script/workspace/loading.lua:100]: Preload file at: file:///home/yanfenggao/.local/share/nvim/depends/nvim-autopairs/tests/endwise/sample.lua , size = 0.180 KB
[15:20:21.150][info] [#0:script/workspace/loading.lua:100]: Preload file at: file:///home/yanfenggao/.local/share/nvim/depends/nvim-autopairs/tests/fastwrap_spec.lua , size = 1.508 KB
[15:20:21.151][info] [#0:script/workspace/loading.lua:100]: Preload file at: file:///home/yanfenggao/.local/share/nvim/depends/nvim-autopairs/tests/afterquote_spec.lua , size = 2.560 KB
[15:20:21.152][info] [#0:script/workspace/loading.lua:100]: Preload file at: file:///home/yanfenggao/.local/share/nvim/depends/nvim-autopairs/tests/test_utils.lua , size = 5.709 KB
[15:20:21.155][info] [#0:script/workspace/loading.lua:100]: Preload file at: file:///home/yanfenggao/.local/share/nvim/depends/nvim-autopairs/tests/endwise_spec.lua , size = 1.959 KB
[15:20:21.257][info] [#0:script/workspace/loading.lua:100]: Preload file at: file:///home/yanfenggao/.local/share/nvim/depends/nvim-autopairs/tests/treesitter_spec.lua , size = 3.557 KB
[15:20:21.367][info] [#0:script/workspace/loading.lua:172]: Loaded files takes [1.532] sec: file:///home/yanfenggao/.local/share/nvim/depends/nvim-autopairs
[15:20:21.367][info] [#0:script/workspace/loading.lua:181]: Compile files takes [0.000] sec: file:///home/yanfenggao/.local/share/nvim/depends/nvim-autopairs
[15:20:21.368][info] [#0:script/workspace/loading.lua:182]: Loaded finish:	file:///home/yanfenggao/.local/share/nvim/depends/nvim-autopairs
[15:20:21.368][info] [#0:script/workspace/workspace.lua:381]: Preload finish at:	file:///home/yanfenggao/.local/share/nvim/depends/nvim-autopairs
[15:20:21.414][warn] [#0:script/proto/proto.lua:189]: Method [textDocument/didOpen] takes [1.698]sec. {
  jsonrpc = "2.0",
  method = "textDocument/didOpen",
  params = {
    textDocument = {
      languageId = "lua",
      text = '"***"',
      uri = "file:///home/yanfenggao/.local/share/nvim/depends/nvim-autopairs/lua/nvim-autopairs.lua",
      version = 0
    }
  }
}
[15:20:21.437][info] [#0:script/provider/diagnostic.lua:560]: Diagnostics scope [file:///home/yanfenggao/.local/share/nvim/depends/nvim-autopairs], files count:[162]
[15:20:21.438][warn] [#0:script/proto/proto.lua:189]: Method [textDocument/documentHighlight] takes [1.646]sec. {
  id = 14,
  jsonrpc = "2.0",
  method = "textDocument/documentHighlight",
  params = {
    position = {
      character = 0,
      line = 664
    },
    textDocument = {
      uri = "file:///home/yanfenggao/.local/share/nvim/depends/nvim-autopairs/lua/nvim-autopairs.lua"
    }
  }
}
[15:20:21.593][warn] [#0:script/proto/proto.lua:189]: Method [textDocument/semanticTokens/full] takes [1.764]sec. {
  id = 17,
  jsonrpc = "2.0",
  method = "textDocument/semanticTokens/full",
  params = {
    textDocument = {
      uri = "file:///home/yanfenggao/.local/share/nvim/depends/nvim-autopairs/lua/nvim-autopairs.lua"
    }
  }
}
[15:20:21.774][warn] [#0:script/proto/proto.lua:189]: Method [textDocument/inlayHint] takes [1.892]sec. {
  id = 7,
  jsonrpc = "2.0",
  method = "textDocument/inlayHint",
  params = {
    range = {
      end = {
        character = 0,
        line = 672
      },
      start = {
        character = 0,
        line = 0
      }
    },
    textDocument = {
      uri = "file:///home/yanfenggao/.local/share/nvim/depends/nvim-autopairs/lua/nvim-autopairs.lua"
    }
  }
}
[15:20:21.774][warn] [#0:script/proto/proto.lua:189]: Method [textDocument/inlayHint] takes [1.893]sec. {
  id = 9,
  jsonrpc = "2.0",
  method = "textDocument/inlayHint",
  params = {
    range = {
      end = {
        character = 0,
        line = 672
      },
      start = {
        character = 0,
        line = 0
      }
    },
    textDocument = {
      uri = "file:///home/yanfenggao/.local/share/nvim/depends/nvim-autopairs/lua/nvim-autopairs.lua"
    }
  }
}
[15:20:21.774][warn] [#0:script/proto/proto.lua:189]: Method [textDocument/inlayHint] takes [1.893]sec. {
  id = 11,
  jsonrpc = "2.0",
  method = "textDocument/inlayHint",
  params = {
    range = {
      end = {
        character = 0,
        line = 672
      },
      start = {
        character = 0,
        line = 0
      }
    },
    textDocument = {
      uri = "file:///home/yanfenggao/.local/share/nvim/depends/nvim-autopairs/lua/nvim-autopairs.lua"
    }
  }
}
[15:20:21.775][warn] [#0:script/proto/proto.lua:189]: Method [textDocument/inlayHint] takes [1.893]sec. {
  id = 13,
  jsonrpc = "2.0",
  method = "textDocument/inlayHint",
  params = {
    range = {
      end = {
        character = 0,
        line = 672
      },
      start = {
        character = 0,
        line = 0
      }
    },
    textDocument = {
      uri = "file:///home/yanfenggao/.local/share/nvim/depends/nvim-autopairs/lua/nvim-autopairs.lua"
    }
  }
}
[15:20:21.775][warn] [#0:script/proto/proto.lua:189]: Method [textDocument/inlayHint] takes [1.873]sec. {
  id = 16,
  jsonrpc = "2.0",
  method = "textDocument/inlayHint",
  params = {
    range = {
      end = {
        character = 0,
        line = 672
      },
      start = {
        character = 0,
        line = 0
      }
    },
    textDocument = {
      uri = "file:///home/yanfenggao/.local/share/nvim/depends/nvim-autopairs/lua/nvim-autopairs.lua"
    }
  }
}
[15:20:21.776][warn] [#0:script/proto/proto.lua:189]: Method [textDocument/inlayHint] takes [1.870]sec. {
  id = 18,
  jsonrpc = "2.0",
  method = "textDocument/inlayHint",
  params = {
    range = {
      end = {
        character = 0,
        line = 672
      },
      start = {
        character = 0,
        line = 0
      }
    },
    textDocument = {
      uri = "file:///home/yanfenggao/.local/share/nvim/depends/nvim-autopairs/lua/nvim-autopairs.lua"
    }
  }
}
[15:20:21.821][warn] [#0:script/proto/proto.lua:189]: Method [textDocument/documentSymbol] takes [1.995]sec. {
  id = 4,
  jsonrpc = "2.0",
  method = "textDocument/documentSymbol",
  params = {
    textDocument = {
      uri = "file:///home/yanfenggao/.local/share/nvim/depends/nvim-autopairs/lua/nvim-autopairs.lua"
    }
  }
}
[15:20:22.524][info] [#0:script/provider/diagnostic.lua:577]: Diagnostics scope [file:///home/yanfenggao/.local/share/nvim/depends/nvim-autopairs] finished, takes [0.744] sec.
[15:22:13.140][info] [#0:script/provider/provider.lua:173]: Server shutdown.
[15:22:13.241][warn] [#0:script/pub/report.lua:24]: Load proto error:	Disconnected!
