[20:27:28.160][info] [#0:/home/yanfenggao/.local/share/nvim/mason/packages/lua-language-server/libexec/main.lua:68]: Lua Lsp startup, root: 	/home/yanfenggao/.local/share/nvim/mason/packages/lua-language-server/libexec
[20:27:28.161][info] [#0:/home/yanfenggao/.local/share/nvim/mason/packages/lua-language-server/libexec/main.lua:69]: ROOT:	/home/yanfenggao/.local/share/nvim/mason/packages/lua-language-server/libexec
[20:27:28.161][info] [#0:/home/yanfenggao/.local/share/nvim/mason/packages/lua-language-server/libexec/main.lua:70]: LOGPATH:	/home/yanfenggao/.local/share/nvim/mason/packages/lua-language-server/libexec/log
[20:27:28.161][info] [#0:/home/yanfenggao/.local/share/nvim/mason/packages/lua-language-server/libexec/main.lua:71]: METAPATH:	/home/yanfenggao/.local/share/nvim/mason/packages/lua-language-server/libexec/meta
[20:27:28.161][info] [#0:/home/yanfenggao/.local/share/nvim/mason/packages/lua-language-server/libexec/main.lua:72]: VERSION:	3.11.1
[20:27:28.225][info] [#0:script/proto/proto.lua:260]: Listen Mode: stdio
[20:27:28.225][info] [#0:script/service/service.lua:145]: 
========= Medical Examination Report =========
    --------------- Memory ---------------
        Total: 2.246 MB
        # 00 : 2.246 MB
        # 01 : 0.000 MB
        # 02 : 0.000 MB
        # 03 : 0.000 MB
        # 04 : 0.000 MB
    --------------- Coroutine ---------------
        Total:     0
        Running:   0
        Suspended: 0
        Normal:    0
        Dead:      0
    --------------- Cache ---------------
        Total: 1
        Dead:  0
    ---------------  RPC  ---------------
        Holdon:   0
        Waiting:  0
==============================================
[20:27:28.338][info] [#0:script/client.lua:657]: Client init	{
  capabilities = {
    general = {
      positionEncodings = { "utf-16" }
    },
    textDocument = {
      callHierarchy = {
        dynamicRegistration = false
      },
      codeAction = {
        codeActionLiteralSupport = {
          codeActionKind = {
            valueSet = { "", "quickfix", "refactor", "refactor.extract", "refactor.inline", "refactor.rewrite", "source", "source.organizeImports" }
          }
        },
        dataSupport = true,
        dynamicRegistration = true,
        isPreferredSupport = true,
        resolveSupport = {
          properties = { "edit" }
        }
      },
      codeLens = {
        dynamicRegistration = false,
        resolveSupport = {
          properties = { "command" }
        }
      },
      completion = {
        completionItem = {
          commitCharactersSupport = true,
          deprecatedSupport = true,
          documentationFormat = { "markdown", "plaintext" },
          insertReplaceSupport = true,
          insertTextModeSupport = {
            valueSet = { 1, 2 }
          },
          labelDetailsSupport = true,
          preselectSupport = true,
          resolveSupport = {
            properties = { "documentation", "detail", "additionalTextEdits", "sortText", "filterText", "insertText", "textEdit", "insertTextFormat", "insertTextMode" }
          },
          snippetSupport = true,
          tagSupport = {
            valueSet = { 1 }
          }
        },
        completionItemKind = {
          valueSet = { 1, 2, 3, 4, 5, 6, 7, 8, 9, 10, 11, 12, 13, 14, 15, 16, 17, 18, 19, 20, 21, 22, 23, 24, 25 }
        },
        completionList = {
          itemDefaults = { "commitCharacters", "editRange", "insertTextFormat", "insertTextMode", "data" }
        },
        contextSupport = true,
        dynamicRegistration = false,
        insertTextMode = 1
      },
      declaration = {
        linkSupport = true
      },
      definition = {
        dynamicRegistration = true,
        linkSupport = true
      },
      diagnostic = {
        dynamicRegistration = false
      },
      documentHighlight = {
        dynamicRegistration = false
      },
      documentSymbol = {
        dynamicRegistration = false,
        hierarchicalDocumentSymbolSupport = true,
        symbolKind = {
          valueSet = { 1, 2, 3, 4, 5, 6, 7, 8, 9, 10, 11, 12, 13, 14, 15, 16, 17, 18, 19, 20, 21, 22, 23, 24, 25, 26 }
        }
      },
      formatting = {
        dynamicRegistration = true
      },
      hover = {
        contentFormat = { "markdown", "plaintext" },
        dynamicRegistration = true
      },
      implementation = {
        linkSupport = true
      },
      inlayHint = {
        dynamicRegistration = true,
        resolveSupport = {
          properties = { "textEdits", "tooltip", "location", "command" }
        }
      },
      publishDiagnostics = {
        dataSupport = true,
        relatedInformation = true,
        tagSupport = {
          valueSet = { 1, 2 }
        }
      },
      rangeFormatting = {
        dynamicRegistration = true,
        rangesSupport = true
      },
      references = {
        dynamicRegistration = false
      },
      rename = {
        dynamicRegistration = true,
        prepareSupport = true
      },
      semanticTokens = {
        augmentsSyntaxTokens = true,
        dynamicRegistration = false,
        formats = { "relative" },
        multilineTokenSupport = false,
        overlappingTokenSupport = true,
        requests = {
          full = {
            delta = true
          },
          range = false
        },
        serverCancelSupport = false,
        tokenModifiers = { "declaration", "definition", "readonly", "static", "deprecated", "abstract", "async", "modification", "documentation", "defaultLibrary" },
        tokenTypes = { "namespace", "type", "class", "enum", "interface", "struct", "typeParameter", "parameter", "variable", "property", "enumMember", "event", "function", "method", "macro", "keyword", "modifier", "comment", "string", "number", "regexp", "operator", "decorator" }
      },
      signatureHelp = {
        dynamicRegistration = false,
        signatureInformation = {
          activeParameterSupport = true,
          documentationFormat = { "markdown", "plaintext" },
          parameterInformation = {
            labelOffsetSupport = true
          }
        }
      },
      synchronization = {
        didSave = true,
        dynamicRegistration = false,
        willSave = true,
        willSaveWaitUntil = true
      },
      typeDefinition = {
        linkSupport = true
      }
    },
    window = {
      showDocument = {
        support = true
      },
      showMessage = {
        messageActionItem = {
          additionalPropertiesSupport = true
        }
      },
      workDoneProgress = true
    },
    workspace = {
      applyEdit = true,
      configuration = true,
      didChangeConfiguration = {
        dynamicRegistration = false
      },
      didChangeWatchedFiles = {
        dynamicRegistration = false,
        relativePatternSupport = true
      },
      fileOperations = {
        didRename = true,
        willRename = true
      },
      inlayHint = {
        refreshSupport = true
      },
      semanticTokens = {
        refreshSupport = true
      },
      symbol = {
        dynamicRegistration = false,
        symbolKind = {
          valueSet = { 1, 2, 3, 4, 5, 6, 7, 8, 9, 10, 11, 12, 13, 14, 15, 16, 17, 18, 19, 20, 21, 22, 23, 24, 25, 26 }
        }
      },
      workspaceEdit = {
        resourceOperations = { "rename", "create", "delete" }
      },
      workspaceFolders = true
    }
  },
  clientInfo = {
    name = "Neovim",
    version = "0.11.0-dev+gfae4d3fa1"
  },
  initializationOptions = {},
  processId = 1275924,
  rootPath = "/home/yanfenggao/.local/share/nvim/lazy/nvim-cmp",
  rootUri = "file:///home/yanfenggao/.local/share/nvim/lazy/nvim-cmp",
  trace = "off",
  workDoneToken = "1",
  workspaceFolders = { {
      name = "/home/yanfenggao/.local/share/nvim/lazy/nvim-cmp",
      uri = "file:///home/yanfenggao/.local/share/nvim/lazy/nvim-cmp"
    } }
}
[20:27:28.338][info] [#0:script/language.lua:137]: VSC language: nil
[20:27:28.339][info] [#0:script/language.lua:138]: LS  language: en-us
[20:27:28.339][info] [#0:script/workspace/workspace.lua:38]: Workspace init root: 	file:///home/yanfenggao/.local/share/nvim/lazy/nvim-cmp
[20:27:28.339][info] [#0:script/workspace/workspace.lua:42]: Log path: 	/home/yanfenggao/.local/share/nvim/mason/packages/lua-language-server/libexec/log/file_home_yanfenggao_.local_share_nvim_lazy_nvim-cmp.log
[20:27:28.340][info] [#0:script/workspace/workspace.lua:48]: Workspace create: 	file:///home/yanfenggao/.local/share/nvim/lazy/nvim-cmp
[20:27:28.645][info] [#0:script/provider/provider.lua:48]: Load config from client	file:///home/yanfenggao/.local/share/nvim/lazy/nvim-cmp
[20:27:28.645][info] [#0:script/provider/provider.lua:49]: {
  Lua = {
    codeLens = {
      enable = true
    },
    completion = {
      callSnippet = "Replace"
    },
    doc = {
      privateName = { "^_" }
    },
    hint = {
      arrayIndex = "Disable",
      enable = true,
      paramName = "Disable",
      paramType = true,
      semicolon = "Disable",
      setType = false
    },
    runtime = {
      path = { "?.lua", "?/init.lua" },
      pathStrict = true,
      version = "LuaJIT"
    },
    workspace = {
      checkThirdParty = false,
      ignoreDir = { "/lua" },
      library = { "/home/yanfenggao/tools/nvim-linux64/share/nvim/runtime/lua", "/home/yanfenggao/.local/share/nvim/lazy/nvim-cmp/lua" }
    }
  }
}
[20:27:28.646][info] [#0:script/provider/provider.lua:48]: Load config from client	file:///home/yanfenggao/.local/share/nvim/lazy/nvim-cmp
[20:27:28.646][info] [#0:script/provider/provider.lua:49]: {
  Lua = {
    codeLens = {
      enable = true
    },
    completion = {
      callSnippet = "Replace"
    },
    doc = {
      privateName = { "^_" }
    },
    hint = {
      arrayIndex = "Disable",
      enable = true,
      paramName = "Disable",
      paramType = true,
      semicolon = "Disable",
      setType = false
    },
    runtime = {
      path = { "?.lua", "?/init.lua" },
      pathStrict = true,
      version = "LuaJIT"
    },
    workspace = {
      checkThirdParty = false,
      ignoreDir = { "/lua" },
      library = { "/home/yanfenggao/tools/nvim-linux64/share/nvim/runtime/lua", "/home/yanfenggao/.local/share/nvim/lazy/nvim-cmp/lua" }
    }
  }
}
[20:27:28.647][info] [#0:script/provider/provider.lua:48]: Load config from client	file:///home/yanfenggao/.local/share/nvim/lazy/nvim-cmp
[20:27:28.647][info] [#0:script/provider/provider.lua:49]: {
  Lua = {
    codeLens = {
      enable = true
    },
    completion = {
      callSnippet = "Replace"
    },
    doc = {
      privateName = { "^_" }
    },
    hint = {
      arrayIndex = "Disable",
      enable = true,
      paramName = "Disable",
      paramType = true,
      semicolon = "Disable",
      setType = false
    },
    runtime = {
      path = { "?.lua", "?/init.lua" },
      pathStrict = true,
      version = "LuaJIT"
    },
    workspace = {
      checkThirdParty = false,
      ignoreDir = { "/lua" },
      library = { "/home/yanfenggao/tools/nvim-linux64/share/nvim/runtime/lua", "/home/yanfenggao/.local/share/nvim/lazy/nvim-cmp/lua" }
    }
  }
}
[20:27:28.748][warn] [#0:script/config/loader.lua:116]: No config?	{}
[20:27:28.748][info] [#0:script/provider/provider.lua:64]: Load config from client	fallback
[20:27:28.748][info] [#0:script/provider/provider.lua:65]: nil
[20:27:28.748][warn] [#0:script/config/loader.lua:116]: No config?	{}
[20:27:28.748][info] [#0:script/provider/provider.lua:64]: Load config from client	fallback
[20:27:28.748][info] [#0:script/provider/provider.lua:65]: nil
[20:27:28.748][warn] [#0:script/config/loader.lua:116]: No config?	{}
[20:27:28.748][info] [#0:script/provider/provider.lua:64]: Load config from client	fallback
[20:27:28.748][info] [#0:script/provider/provider.lua:65]: nil
[20:27:28.875][info] [#0:script/library.lua:212]: Init builtin library at:	file:///home/yanfenggao/.local/share/nvim/lazy/nvim-cmp
[20:27:29.106][info] [#0:script/library.lua:212]: Init builtin library at:	nil
[20:27:29.339][info] [#0:script/workspace/workspace.lua:324]: Preload start:	file:///home/yanfenggao/.local/share/nvim/lazy/nvim-cmp
[20:27:29.351][info] [#0:script/workspace/workspace.lua:330]: Scan files at:	file:///home/yanfenggao/.local/share/nvim/lazy/nvim-cmp
[20:27:29.356][info] [#0:script/workspace/workspace.lua:324]: Preload start:	<fallback>
[20:27:29.360][info] [#0:script/workspace/workspace.lua:353]: Scan library at:	file:///home/yanfenggao/.local/share/nvim/mason/packages/lua-language-server/libexec/meta/Lua%205.4%20en-us%20utf8/table.lua
[20:27:29.360][info] [#0:script/workspace/workspace.lua:353]: Scan library at:	file:///home/yanfenggao/.local/share/nvim/mason/packages/lua-language-server/libexec/meta/Lua%205.4%20en-us%20utf8/utf8.lua
[20:27:29.360][info] [#0:script/workspace/workspace.lua:353]: Scan library at:	file:///home/yanfenggao/.local/share/nvim/mason/packages/lua-language-server/libexec/meta/Lua%205.4%20en-us%20utf8/io.lua
[20:27:29.361][info] [#0:script/workspace/workspace.lua:353]: Scan library at:	file:///home/yanfenggao/.local/share/nvim/mason/packages/lua-language-server/libexec/meta/Lua%205.4%20en-us%20utf8/builtin.lua
[20:27:29.361][info] [#0:script/workspace/workspace.lua:353]: Scan library at:	file:///home/yanfenggao/.local/share/nvim/mason/packages/lua-language-server/libexec/meta/Lua%205.4%20en-us%20utf8/string.lua
[20:27:29.362][info] [#0:script/workspace/workspace.lua:353]: Scan library at:	file:///home/yanfenggao/.local/share/nvim/mason/packages/lua-language-server/libexec/meta/Lua%205.4%20en-us%20utf8/basic.lua
[20:27:29.362][info] [#0:script/workspace/workspace.lua:353]: Scan library at:	file:///home/yanfenggao/.local/share/nvim/mason/packages/lua-language-server/libexec/meta/Lua%205.4%20en-us%20utf8/math.lua
[20:27:29.362][info] [#0:script/workspace/workspace.lua:353]: Scan library at:	file:///home/yanfenggao/.local/share/nvim/mason/packages/lua-language-server/libexec/meta/Lua%205.4%20en-us%20utf8/package.lua
[20:27:29.363][info] [#0:script/workspace/workspace.lua:353]: Scan library at:	file:///home/yanfenggao/.local/share/nvim/mason/packages/lua-language-server/libexec/meta/Lua%205.4%20en-us%20utf8/debug.lua
[20:27:29.363][info] [#0:script/workspace/workspace.lua:353]: Scan library at:	file:///home/yanfenggao/.local/share/nvim/mason/packages/lua-language-server/libexec/meta/Lua%205.4%20en-us%20utf8/coroutine.lua
[20:27:29.364][info] [#0:script/workspace/workspace.lua:353]: Scan library at:	file:///home/yanfenggao/.local/share/nvim/mason/packages/lua-language-server/libexec/meta/Lua%205.4%20en-us%20utf8/os.lua
[20:27:29.365][info] [#0:script/workspace/workspace.lua:353]: Scan library at:	file:///home/yanfenggao/tools/nvim-linux64/share/nvim/runtime/lua
[20:27:29.384][info] [#0:script/workspace/workspace.lua:353]: Scan library at:	file:///home/yanfenggao/.local/share/nvim/mason/packages/lua-language-server/libexec/meta/LuaJIT%20en-us%20utf8/math.lua
[20:27:29.384][info] [#0:script/workspace/workspace.lua:353]: Scan library at:	file:///home/yanfenggao/.local/share/nvim/mason/packages/lua-language-server/libexec/meta/LuaJIT%20en-us%20utf8/debug.lua
[20:27:29.384][info] [#0:script/workspace/workspace.lua:353]: Scan library at:	file:///home/yanfenggao/.local/share/nvim/mason/packages/lua-language-server/libexec/meta/LuaJIT%20en-us%20utf8/io.lua
[20:27:29.385][info] [#0:script/workspace/workspace.lua:353]: Scan library at:	file:///home/yanfenggao/.local/share/nvim/mason/packages/lua-language-server/libexec/meta/LuaJIT%20en-us%20utf8/jit.lua
[20:27:29.385][info] [#0:script/workspace/workspace.lua:353]: Scan library at:	file:///home/yanfenggao/.local/share/nvim/lazy/nvim-cmp/lua
[20:27:29.392][info] [#0:script/workspace/workspace.lua:353]: Scan library at:	file:///home/yanfenggao/.local/share/nvim/mason/packages/lua-language-server/libexec/meta/LuaJIT%20en-us%20utf8/string/buffer.lua
[20:27:29.392][info] [#0:script/workspace/workspace.lua:353]: Scan library at:	file:///home/yanfenggao/.local/share/nvim/mason/packages/lua-language-server/libexec/meta/LuaJIT%20en-us%20utf8/builtin.lua
[20:27:29.393][info] [#0:script/workspace/workspace.lua:353]: Scan library at:	file:///home/yanfenggao/.local/share/nvim/mason/packages/lua-language-server/libexec/meta/LuaJIT%20en-us%20utf8/jit/profile.lua
[20:27:29.393][info] [#0:script/workspace/workspace.lua:353]: Scan library at:	file:///home/yanfenggao/.local/share/nvim/mason/packages/lua-language-server/libexec/meta/LuaJIT%20en-us%20utf8/ffi.lua
[20:27:29.393][info] [#0:script/workspace/workspace.lua:353]: Scan library at:	file:///home/yanfenggao/.local/share/nvim/mason/packages/lua-language-server/libexec/meta/LuaJIT%20en-us%20utf8/table.lua
[20:27:29.393][info] [#0:script/workspace/workspace.lua:353]: Scan library at:	file:///home/yanfenggao/.local/share/nvim/mason/packages/lua-language-server/libexec/meta/LuaJIT%20en-us%20utf8/jit/util.lua
[20:27:29.393][info] [#0:script/workspace/workspace.lua:353]: Scan library at:	file:///home/yanfenggao/.local/share/nvim/mason/packages/lua-language-server/libexec/meta/LuaJIT%20en-us%20utf8/bit.lua
[20:27:29.393][info] [#0:script/workspace/workspace.lua:353]: Scan library at:	file:///home/yanfenggao/.local/share/nvim/mason/packages/lua-language-server/libexec/meta/LuaJIT%20en-us%20utf8/table/new.lua
[20:27:29.394][info] [#0:script/workspace/workspace.lua:353]: Scan library at:	file:///home/yanfenggao/.local/share/nvim/mason/packages/lua-language-server/libexec/meta/LuaJIT%20en-us%20utf8/string.lua
[20:27:29.394][info] [#0:script/workspace/workspace.lua:353]: Scan library at:	file:///home/yanfenggao/.local/share/nvim/mason/packages/lua-language-server/libexec/meta/LuaJIT%20en-us%20utf8/table/clear.lua
[20:27:29.394][info] [#0:script/workspace/workspace.lua:353]: Scan library at:	file:///home/yanfenggao/.local/share/nvim/mason/packages/lua-language-server/libexec/meta/LuaJIT%20en-us%20utf8/os.lua
[20:27:29.394][info] [#0:script/workspace/workspace.lua:353]: Scan library at:	file:///home/yanfenggao/.local/share/nvim/mason/packages/lua-language-server/libexec/meta/LuaJIT%20en-us%20utf8/basic.lua
[20:27:29.394][info] [#0:script/workspace/workspace.lua:353]: Scan library at:	file:///home/yanfenggao/.local/share/nvim/mason/packages/lua-language-server/libexec/meta/LuaJIT%20en-us%20utf8/coroutine.lua
[20:27:29.395][info] [#0:script/workspace/workspace.lua:353]: Scan library at:	file:///home/yanfenggao/.local/share/nvim/mason/packages/lua-language-server/libexec/meta/LuaJIT%20en-us%20utf8/package.lua
[20:27:29.495][info] [#0:script/workspace/workspace.lua:379]: Found 11 files at:	<fallback>
[20:27:29.495][info] [#0:script/workspace/loading.lua:160]: Load files from disk:	<fallback>
[20:27:29.495][info] [#0:script/workspace/workspace.lua:379]: Found 193 files at:	file:///home/yanfenggao/.local/share/nvim/lazy/nvim-cmp
[20:27:29.495][info] [#0:script/workspace/loading.lua:160]: Load files from disk:	file:///home/yanfenggao/.local/share/nvim/lazy/nvim-cmp
[20:27:29.497][info] [#0:script/workspace/loading.lua:100]: Preload file at: file:///home/yanfenggao/.local/share/nvim/mason/packages/lua-language-server/libexec/meta/Lua%205.4%20en-us%20utf8/os.lua , size = 5.600 KB
[20:27:29.508][info] [#0:script/workspace/loading.lua:112]: ++++As library of:	file:///home/yanfenggao/.local/share/nvim/mason/packages/lua-language-server/libexec/meta/Lua%205.4%20en-us%20utf8/os.lua
[20:27:29.508][info] [#0:script/workspace/loading.lua:100]: Preload file at: file:///home/yanfenggao/.local/share/nvim/mason/packages/lua-language-server/libexec/meta/LuaJIT%20en-us%20utf8/package.lua , size = 2.699 KB
[20:27:29.514][info] [#0:script/workspace/loading.lua:112]: ++++As library of:	file:///home/yanfenggao/.local/share/nvim/mason/packages/lua-language-server/libexec/meta/LuaJIT%20en-us%20utf8/package.lua
[20:27:29.514][info] [#0:script/workspace/loading.lua:100]: Preload file at: file:///home/yanfenggao/.local/share/nvim/mason/packages/lua-language-server/libexec/meta/Lua%205.4%20en-us%20utf8/coroutine.lua , size = 2.590 KB
[20:27:29.517][info] [#0:script/workspace/loading.lua:112]: ++++As library of:	file:///home/yanfenggao/.local/share/nvim/mason/packages/lua-language-server/libexec/meta/Lua%205.4%20en-us%20utf8/coroutine.lua
[20:27:29.518][info] [#0:script/workspace/loading.lua:100]: Preload file at: file:///home/yanfenggao/.local/share/nvim/mason/packages/lua-language-server/libexec/meta/LuaJIT%20en-us%20utf8/coroutine.lua , size = 2.541 KB
[20:27:29.521][info] [#0:script/workspace/loading.lua:112]: ++++As library of:	file:///home/yanfenggao/.local/share/nvim/mason/packages/lua-language-server/libexec/meta/LuaJIT%20en-us%20utf8/coroutine.lua
[20:27:29.521][info] [#0:script/workspace/loading.lua:100]: Preload file at: file:///home/yanfenggao/.local/share/nvim/mason/packages/lua-language-server/libexec/meta/Lua%205.4%20en-us%20utf8/debug.lua , size = 7.637 KB
[20:27:29.527][info] [#0:script/workspace/loading.lua:112]: ++++As library of:	file:///home/yanfenggao/.local/share/nvim/mason/packages/lua-language-server/libexec/meta/Lua%205.4%20en-us%20utf8/debug.lua
[20:27:29.527][info] [#0:script/workspace/loading.lua:100]: Preload file at: file:///home/yanfenggao/.local/share/nvim/mason/packages/lua-language-server/libexec/meta/Lua%205.4%20en-us%20utf8/package.lua , size = 2.944 KB
[20:27:29.531][info] [#0:script/workspace/loading.lua:112]: ++++As library of:	file:///home/yanfenggao/.local/share/nvim/mason/packages/lua-language-server/libexec/meta/Lua%205.4%20en-us%20utf8/package.lua
[20:27:29.531][info] [#0:script/workspace/loading.lua:100]: Preload file at: file:///home/yanfenggao/.local/share/nvim/mason/packages/lua-language-server/libexec/meta/LuaJIT%20en-us%20utf8/basic.lua , size = 15.233 KB
[20:27:29.537][info] [#0:script/workspace/loading.lua:112]: ++++As library of:	file:///home/yanfenggao/.local/share/nvim/mason/packages/lua-language-server/libexec/meta/LuaJIT%20en-us%20utf8/basic.lua
[20:27:29.537][info] [#0:script/workspace/loading.lua:100]: Preload file at: file:///home/yanfenggao/.local/share/nvim/mason/packages/lua-language-server/libexec/meta/LuaJIT%20en-us%20utf8/os.lua , size = 5.600 KB
[20:27:29.540][info] [#0:script/workspace/loading.lua:112]: ++++As library of:	file:///home/yanfenggao/.local/share/nvim/mason/packages/lua-language-server/libexec/meta/LuaJIT%20en-us%20utf8/os.lua
[20:27:29.540][info] [#0:script/workspace/loading.lua:100]: Preload file at: file:///home/yanfenggao/.local/share/nvim/mason/packages/lua-language-server/libexec/meta/Lua%205.4%20en-us%20utf8/math.lua , size = 8.509 KB
[20:27:29.547][info] [#0:script/workspace/loading.lua:112]: ++++As library of:	file:///home/yanfenggao/.local/share/nvim/mason/packages/lua-language-server/libexec/meta/Lua%205.4%20en-us%20utf8/math.lua
[20:27:29.547][info] [#0:script/workspace/loading.lua:100]: Preload file at: file:///home/yanfenggao/.local/share/nvim/mason/packages/lua-language-server/libexec/meta/LuaJIT%20en-us%20utf8/table/clear.lua , size = 0.797 KB
[20:27:29.548][info] [#0:script/workspace/loading.lua:112]: ++++As library of:	file:///home/yanfenggao/.local/share/nvim/mason/packages/lua-language-server/libexec/meta/LuaJIT%20en-us%20utf8/table/clear.lua
[20:27:29.548][info] [#0:script/workspace/loading.lua:100]: Preload file at: file:///home/yanfenggao/.local/share/nvim/mason/packages/lua-language-server/libexec/meta/LuaJIT%20en-us%20utf8/string.lua , size = 6.310 KB
[20:27:29.551][info] [#0:script/workspace/loading.lua:112]: ++++As library of:	file:///home/yanfenggao/.local/share/nvim/mason/packages/lua-language-server/libexec/meta/LuaJIT%20en-us%20utf8/string.lua
[20:27:29.551][info] [#0:script/workspace/loading.lua:100]: Preload file at: file:///home/yanfenggao/.local/share/nvim/mason/packages/lua-language-server/libexec/meta/Lua%205.4%20en-us%20utf8/basic.lua , size = 15.621 KB
[20:27:29.558][info] [#0:script/workspace/loading.lua:112]: ++++As library of:	file:///home/yanfenggao/.local/share/nvim/mason/packages/lua-language-server/libexec/meta/Lua%205.4%20en-us%20utf8/basic.lua
[20:27:29.558][info] [#0:script/workspace/loading.lua:100]: Preload file at: file:///home/yanfenggao/.local/share/nvim/mason/packages/lua-language-server/libexec/meta/LuaJIT%20en-us%20utf8/table/new.lua , size = 0.642 KB
[20:27:29.559][info] [#0:script/workspace/loading.lua:112]: ++++As library of:	file:///home/yanfenggao/.local/share/nvim/mason/packages/lua-language-server/libexec/meta/LuaJIT%20en-us%20utf8/table/new.lua
[20:27:29.559][info] [#0:script/workspace/loading.lua:100]: Preload file at: file:///home/yanfenggao/.local/share/nvim/mason/packages/lua-language-server/libexec/meta/Lua%205.4%20en-us%20utf8/string.lua , size = 6.327 KB
[20:27:29.562][info] [#0:script/workspace/loading.lua:112]: ++++As library of:	file:///home/yanfenggao/.local/share/nvim/mason/packages/lua-language-server/libexec/meta/Lua%205.4%20en-us%20utf8/string.lua
[20:27:29.562][info] [#0:script/workspace/loading.lua:100]: Preload file at: file:///home/yanfenggao/.local/share/nvim/mason/packages/lua-language-server/libexec/meta/Lua%205.4%20en-us%20utf8/builtin.lua , size = 0.302 KB
[20:27:29.563][info] [#0:script/workspace/loading.lua:112]: ++++As library of:	file:///home/yanfenggao/.local/share/nvim/mason/packages/lua-language-server/libexec/meta/Lua%205.4%20en-us%20utf8/builtin.lua
[20:27:29.563][info] [#0:script/workspace/loading.lua:100]: Preload file at: file:///home/yanfenggao/.local/share/nvim/mason/packages/lua-language-server/libexec/meta/LuaJIT%20en-us%20utf8/bit.lua , size = 1.319 KB
[20:27:29.567][info] [#0:script/workspace/loading.lua:112]: ++++As library of:	file:///home/yanfenggao/.local/share/nvim/mason/packages/lua-language-server/libexec/meta/LuaJIT%20en-us%20utf8/bit.lua
[20:27:29.567][info] [#0:script/workspace/loading.lua:100]: Preload file at: file:///home/yanfenggao/.local/share/nvim/mason/packages/lua-language-server/libexec/meta/LuaJIT%20en-us%20utf8/jit/util.lua , size = 1.984 KB
[20:27:29.569][info] [#0:script/workspace/loading.lua:112]: ++++As library of:	file:///home/yanfenggao/.local/share/nvim/mason/packages/lua-language-server/libexec/meta/LuaJIT%20en-us%20utf8/jit/util.lua
[20:27:29.569][info] [#0:script/workspace/loading.lua:100]: Preload file at: file:///home/yanfenggao/.local/share/nvim/mason/packages/lua-language-server/libexec/meta/Lua%205.4%20en-us%20utf8/io.lua , size = 6.364 KB
[20:27:29.572][info] [#0:script/workspace/loading.lua:112]: ++++As library of:	file:///home/yanfenggao/.local/share/nvim/mason/packages/lua-language-server/libexec/meta/Lua%205.4%20en-us%20utf8/io.lua
[20:27:29.572][info] [#0:script/workspace/loading.lua:100]: Preload file at: file:///home/yanfenggao/.local/share/nvim/mason/packages/lua-language-server/libexec/meta/Lua%205.4%20en-us%20utf8/utf8.lua , size = 2.386 KB
[20:27:29.573][info] [#0:script/workspace/loading.lua:112]: ++++As library of:	file:///home/yanfenggao/.local/share/nvim/mason/packages/lua-language-server/libexec/meta/Lua%205.4%20en-us%20utf8/utf8.lua
[20:27:29.573][info] [#0:script/workspace/loading.lua:100]: Preload file at: file:///home/yanfenggao/.local/share/nvim/mason/packages/lua-language-server/libexec/meta/LuaJIT%20en-us%20utf8/table.lua , size = 4.235 KB
[20:27:29.576][info] [#0:script/workspace/loading.lua:112]: ++++As library of:	file:///home/yanfenggao/.local/share/nvim/mason/packages/lua-language-server/libexec/meta/LuaJIT%20en-us%20utf8/table.lua
[20:27:29.576][info] [#0:script/workspace/loading.lua:100]: Preload file at: file:///home/yanfenggao/.local/share/nvim/mason/packages/lua-language-server/libexec/meta/Lua%205.4%20en-us%20utf8/table.lua , size = 4.235 KB
[20:27:29.578][info] [#0:script/workspace/loading.lua:112]: ++++As library of:	file:///home/yanfenggao/.local/share/nvim/mason/packages/lua-language-server/libexec/meta/Lua%205.4%20en-us%20utf8/table.lua
[20:27:29.578][info] [#0:script/workspace/loading.lua:100]: Preload file at: file:///home/yanfenggao/.local/share/nvim/mason/packages/lua-language-server/libexec/meta/LuaJIT%20en-us%20utf8/ffi.lua , size = 2.529 KB
[20:27:29.580][info] [#0:script/workspace/loading.lua:112]: ++++As library of:	file:///home/yanfenggao/.local/share/nvim/mason/packages/lua-language-server/libexec/meta/LuaJIT%20en-us%20utf8/ffi.lua
[20:27:29.580][info] [#0:script/workspace/loading.lua:100]: Preload file at: file:///home/yanfenggao/.local/share/nvim/mason/packages/lua-language-server/libexec/meta/LuaJIT%20en-us%20utf8/jit/profile.lua , size = 0.348 KB
[20:27:29.581][info] [#0:script/workspace/loading.lua:112]: ++++As library of:	file:///home/yanfenggao/.local/share/nvim/mason/packages/lua-language-server/libexec/meta/LuaJIT%20en-us%20utf8/jit/profile.lua
[20:27:29.581][info] [#0:script/workspace/loading.lua:100]: Preload file at: file:///home/yanfenggao/.local/share/nvim/mason/packages/lua-language-server/libexec/meta/LuaJIT%20en-us%20utf8/builtin.lua , size = 0.302 KB
[20:27:29.582][info] [#0:script/workspace/loading.lua:112]: ++++As library of:	file:///home/yanfenggao/.local/share/nvim/mason/packages/lua-language-server/libexec/meta/LuaJIT%20en-us%20utf8/builtin.lua
[20:27:29.582][info] [#0:script/workspace/loading.lua:100]: Preload file at: file:///home/yanfenggao/.local/share/nvim/mason/packages/lua-language-server/libexec/meta/LuaJIT%20en-us%20utf8/string/buffer.lua , size = 18.123 KB
[20:27:29.587][info] [#0:script/workspace/loading.lua:112]: ++++As library of:	file:///home/yanfenggao/.local/share/nvim/mason/packages/lua-language-server/libexec/meta/LuaJIT%20en-us%20utf8/string/buffer.lua
[20:27:29.587][info] [#0:script/workspace/loading.lua:100]: Preload file at: file:///home/yanfenggao/.local/share/nvim/lazy/nvim-cmp/lua/cmp/view/ghost_text_view.lua , size = 3.873 KB
[20:27:29.589][info] [#0:script/workspace/loading.lua:112]: ++++As library of:	file:///home/yanfenggao/.local/share/nvim/lazy/nvim-cmp/lua
[20:27:29.589][info] [#0:script/workspace/loading.lua:100]: Preload file at: file:///home/yanfenggao/.local/share/nvim/lazy/nvim-cmp/lua/cmp/view/docs_view.lua , size = 4.180 KB
[20:27:29.595][info] [#0:script/workspace/loading.lua:112]: ++++As library of:	file:///home/yanfenggao/.local/share/nvim/lazy/nvim-cmp/lua
[20:27:29.596][info] [#0:script/workspace/loading.lua:100]: Preload file at: file:///home/yanfenggao/.local/share/nvim/lazy/nvim-cmp/lua/cmp/view/custom_entries_view.lua , size = 15.977 KB
[20:27:29.604][info] [#0:script/workspace/loading.lua:112]: ++++As library of:	file:///home/yanfenggao/.local/share/nvim/lazy/nvim-cmp/lua
[20:27:29.604][info] [#0:script/workspace/loading.lua:100]: Preload file at: file:///home/yanfenggao/.local/share/nvim/lazy/nvim-cmp/lua/cmp/view/native_entries_view.lua , size = 4.987 KB
[20:27:29.607][info] [#0:script/workspace/loading.lua:112]: ++++As library of:	file:///home/yanfenggao/.local/share/nvim/lazy/nvim-cmp/lua
[20:27:29.607][info] [#0:script/workspace/loading.lua:100]: Preload file at: file:///home/yanfenggao/.local/share/nvim/lazy/nvim-cmp/lua/cmp/view/wildmenu_entries_view.lua , size = 7.914 KB
[20:27:29.612][info] [#0:script/workspace/loading.lua:112]: ++++As library of:	file:///home/yanfenggao/.local/share/nvim/lazy/nvim-cmp/lua
[20:27:29.612][info] [#0:script/workspace/loading.lua:100]: Preload file at: file:///home/yanfenggao/.local/share/nvim/lazy/nvim-cmp/lua/cmp/context.lua , size = 3.052 KB
[20:27:29.614][info] [#0:script/workspace/loading.lua:112]: ++++As library of:	file:///home/yanfenggao/.local/share/nvim/lazy/nvim-cmp/lua
[20:27:29.614][info] [#0:script/workspace/loading.lua:100]: Preload file at: file:///home/yanfenggao/.local/share/nvim/lazy/nvim-cmp/lua/cmp/source.lua , size = 12.410 KB
[20:27:29.621][info] [#0:script/workspace/loading.lua:112]: ++++As library of:	file:///home/yanfenggao/.local/share/nvim/lazy/nvim-cmp/lua
[20:27:29.621][info] [#0:script/workspace/loading.lua:172]: Loaded files takes [0.130] sec: <fallback>
[20:27:29.621][info] [#0:script/workspace/loading.lua:181]: Compile files takes [0.000] sec: <fallback>
[20:27:29.621][info] [#0:script/workspace/loading.lua:182]: Loaded finish:	<fallback>
[20:27:29.621][info] [#0:script/workspace/workspace.lua:381]: Preload finish at:	<fallback>
[20:27:29.625][info] [#0:script/workspace/loading.lua:100]: Preload file at: file:///home/yanfenggao/.local/share/nvim/lazy/nvim-cmp/lua/cmp/init.lua , size = 9.999 KB
[20:27:29.631][info] [#0:script/workspace/loading.lua:112]: ++++As library of:	file:///home/yanfenggao/.local/share/nvim/lazy/nvim-cmp/lua
[20:27:29.632][info] [#0:script/workspace/loading.lua:100]: Preload file at: file:///home/yanfenggao/.local/share/nvim/lazy/nvim-cmp/lua/cmp/entry.lua , size = 20.961 KB
[20:27:29.643][info] [#0:script/workspace/loading.lua:112]: ++++As library of:	file:///home/yanfenggao/.local/share/nvim/lazy/nvim-cmp/lua
[20:27:29.643][info] [#0:script/workspace/loading.lua:100]: Preload file at: file:///home/yanfenggao/.local/share/nvim/lazy/nvim-cmp/lua/cmp/core.lua , size = 15.795 KB
[20:27:29.657][info] [#0:script/workspace/loading.lua:112]: ++++As library of:	file:///home/yanfenggao/.local/share/nvim/lazy/nvim-cmp/lua
[20:27:29.657][info] [#0:script/workspace/loading.lua:100]: Preload file at: file:///home/yanfenggao/.local/share/nvim/lazy/nvim-cmp/lua/cmp/config.lua , size = 6.479 KB
[20:27:29.661][info] [#0:script/workspace/loading.lua:112]: ++++As library of:	file:///home/yanfenggao/.local/share/nvim/lazy/nvim-cmp/lua
[20:27:29.661][info] [#0:script/workspace/loading.lua:100]: Preload file at: file:///home/yanfenggao/.local/share/nvim/lazy/nvim-cmp/lua/cmp/view.lua , size = 8.688 KB
[20:27:29.665][info] [#0:script/workspace/loading.lua:112]: ++++As library of:	file:///home/yanfenggao/.local/share/nvim/lazy/nvim-cmp/lua
[20:27:29.665][info] [#0:script/workspace/loading.lua:100]: Preload file at: file:///home/yanfenggao/.local/share/nvim/lazy/nvim-cmp/lua/cmp/source_spec.lua , size = 3.209 KB
[20:27:29.667][info] [#0:script/workspace/loading.lua:112]: ++++As library of:	file:///home/yanfenggao/.local/share/nvim/lazy/nvim-cmp/lua
[20:27:29.668][info] [#0:script/workspace/loading.lua:100]: Preload file at: file:///home/yanfenggao/.local/share/nvim/lazy/nvim-cmp/lua/cmp/matcher_spec.lua , size = 5.454 KB
[20:27:29.671][info] [#0:script/workspace/loading.lua:112]: ++++As library of:	file:///home/yanfenggao/.local/share/nvim/lazy/nvim-cmp/lua
[20:27:29.671][info] [#0:script/workspace/loading.lua:100]: Preload file at: file:///home/yanfenggao/.local/share/nvim/lazy/nvim-cmp/lua/cmp/utils/snippet.lua , size = 10.169 KB
[20:27:29.678][info] [#0:script/workspace/loading.lua:112]: ++++As library of:	file:///home/yanfenggao/.local/share/nvim/lazy/nvim-cmp/lua
[20:27:29.678][info] [#0:script/workspace/loading.lua:100]: Preload file at: file:///home/yanfenggao/.local/share/nvim/lazy/nvim-cmp/lua/cmp/utils/str.lua , size = 3.864 KB
[20:27:29.681][info] [#0:script/workspace/loading.lua:112]: ++++As library of:	file:///home/yanfenggao/.local/share/nvim/lazy/nvim-cmp/lua
[20:27:29.681][info] [#0:script/workspace/loading.lua:100]: Preload file at: file:///home/yanfenggao/.local/share/nvim/lazy/nvim-cmp/lua/cmp/utils/pattern.lua , size = 0.481 KB
[20:27:29.682][info] [#0:script/workspace/loading.lua:112]: ++++As library of:	file:///home/yanfenggao/.local/share/nvim/lazy/nvim-cmp/lua
[20:27:29.682][info] [#0:script/workspace/loading.lua:100]: Preload file at: file:///home/yanfenggao/.local/share/nvim/lazy/nvim-cmp/lua/cmp/utils/autocmd.lua , size = 1.265 KB
[20:27:29.683][info] [#0:script/workspace/loading.lua:112]: ++++As library of:	file:///home/yanfenggao/.local/share/nvim/lazy/nvim-cmp/lua
[20:27:29.683][info] [#0:script/workspace/loading.lua:100]: Preload file at: file:///home/yanfenggao/.local/share/nvim/lazy/nvim-cmp/lua/cmp/utils/api_spec.lua , size = 2.200 KB
[20:27:29.685][info] [#0:script/workspace/loading.lua:112]: ++++As library of:	file:///home/yanfenggao/.local/share/nvim/lazy/nvim-cmp/lua
[20:27:29.685][info] [#0:script/workspace/loading.lua:100]: Preload file at: file:///home/yanfenggao/.local/share/nvim/lazy/nvim-cmp/lua/cmp/utils/buffer.lua , size = 0.519 KB
[20:27:29.686][info] [#0:script/workspace/loading.lua:112]: ++++As library of:	file:///home/yanfenggao/.local/share/nvim/lazy/nvim-cmp/lua
[20:27:29.686][info] [#0:script/workspace/loading.lua:100]: Preload file at: file:///home/yanfenggao/.local/share/nvim/lazy/nvim-cmp/lua/cmp/utils/binary.lua , size = 0.698 KB
[20:27:29.686][info] [#0:script/workspace/loading.lua:112]: ++++As library of:	file:///home/yanfenggao/.local/share/nvim/lazy/nvim-cmp/lua
[20:27:29.687][info] [#0:script/workspace/loading.lua:100]: Preload file at: file:///home/yanfenggao/.local/share/nvim/lazy/nvim-cmp/lua/cmp/utils/options.lua , size = 0.720 KB
[20:27:29.687][info] [#0:script/workspace/loading.lua:112]: ++++As library of:	file:///home/yanfenggao/.local/share/nvim/lazy/nvim-cmp/lua
[20:27:29.688][info] [#0:script/workspace/loading.lua:100]: Preload file at: file:///home/yanfenggao/.local/share/nvim/lazy/nvim-cmp/lua/cmp/utils/highlight.lua , size = 0.608 KB
[20:27:29.688][info] [#0:script/workspace/loading.lua:112]: ++++As library of:	file:///home/yanfenggao/.local/share/nvim/lazy/nvim-cmp/lua
[20:27:29.688][info] [#0:script/workspace/loading.lua:100]: Preload file at: file:///home/yanfenggao/.local/share/nvim/lazy/nvim-cmp/lua/cmp/utils/binary_spec.lua , size = 1.023 KB
[20:27:29.689][info] [#0:script/workspace/loading.lua:112]: ++++As library of:	file:///home/yanfenggao/.local/share/nvim/lazy/nvim-cmp/lua
[20:27:29.689][info] [#0:script/workspace/loading.lua:100]: Preload file at: file:///home/yanfenggao/.local/share/nvim/lazy/nvim-cmp/lua/cmp/utils/event.lua , size = 1.025 KB
[20:27:29.690][info] [#0:script/workspace/loading.lua:112]: ++++As library of:	file:///home/yanfenggao/.local/share/nvim/lazy/nvim-cmp/lua
[20:27:29.691][info] [#0:script/workspace/loading.lua:100]: Preload file at: file:///home/yanfenggao/.local/share/nvim/lazy/nvim-cmp/lua/cmp/utils/spec.lua , size = 2.305 KB
[20:27:29.692][info] [#0:script/workspace/loading.lua:112]: ++++As library of:	file:///home/yanfenggao/.local/share/nvim/lazy/nvim-cmp/lua
[20:27:29.692][info] [#0:script/workspace/loading.lua:100]: Preload file at: file:///home/yanfenggao/.local/share/nvim/lazy/nvim-cmp/lua/cmp/utils/misc_spec.lua , size = 1.497 KB
[20:27:29.693][info] [#0:script/workspace/loading.lua:112]: ++++As library of:	file:///home/yanfenggao/.local/share/nvim/lazy/nvim-cmp/lua
[20:27:29.694][info] [#0:script/workspace/loading.lua:100]: Preload file at: file:///home/yanfenggao/.local/share/nvim/lazy/nvim-cmp/lua/cmp/utils/feedkeys.lua , size = 1.823 KB
[20:27:29.695][info] [#0:script/workspace/loading.lua:112]: ++++As library of:	file:///home/yanfenggao/.local/share/nvim/lazy/nvim-cmp/lua
[20:27:29.695][info] [#0:script/workspace/loading.lua:100]: Preload file at: file:///home/yanfenggao/.local/share/nvim/lazy/nvim-cmp/lua/cmp/utils/debug.lua , size = 0.371 KB
[20:27:29.696][info] [#0:script/workspace/loading.lua:112]: ++++As library of:	file:///home/yanfenggao/.local/share/nvim/lazy/nvim-cmp/lua
[20:27:29.696][info] [#0:script/workspace/loading.lua:88]: Skip loaded file: file:///home/yanfenggao/.local/share/nvim/lazy/nvim-cmp/lua/cmp/utils/keymap.lua
[20:27:29.696][info] [#0:script/workspace/loading.lua:112]: ++++As library of:	file:///home/yanfenggao/.local/share/nvim/lazy/nvim-cmp/lua
[20:27:29.696][info] [#0:script/workspace/loading.lua:100]: Preload file at: file:///home/yanfenggao/.local/share/nvim/lazy/nvim-cmp/lua/cmp/utils/keymap_spec.lua , size = 6.110 KB
[20:27:29.700][info] [#0:script/workspace/loading.lua:112]: ++++As library of:	file:///home/yanfenggao/.local/share/nvim/lazy/nvim-cmp/lua
[20:27:29.700][info] [#0:script/workspace/loading.lua:100]: Preload file at: file:///home/yanfenggao/.local/share/nvim/lazy/nvim-cmp/lua/cmp/utils/window.lua , size = 9.228 KB
[20:27:29.706][info] [#0:script/workspace/loading.lua:112]: ++++As library of:	file:///home/yanfenggao/.local/share/nvim/lazy/nvim-cmp/lua
[20:27:29.706][info] [#0:script/workspace/loading.lua:100]: Preload file at: file:///home/yanfenggao/.local/share/nvim/lazy/nvim-cmp/lua/cmp/utils/api.lua , size = 1.808 KB
[20:27:29.707][info] [#0:script/workspace/loading.lua:112]: ++++As library of:	file:///home/yanfenggao/.local/share/nvim/lazy/nvim-cmp/lua
[20:27:29.708][info] [#0:script/workspace/loading.lua:100]: Preload file at: file:///home/yanfenggao/.local/share/nvim/lazy/nvim-cmp/lua/cmp/utils/async_spec.lua , size = 1.542 KB
[20:27:29.709][info] [#0:script/workspace/loading.lua:112]: ++++As library of:	file:///home/yanfenggao/.local/share/nvim/lazy/nvim-cmp/lua
[20:27:29.709][info] [#0:script/workspace/loading.lua:100]: Preload file at: file:///home/yanfenggao/.local/share/nvim/lazy/nvim-cmp/lua/cmp/utils/async.lua , size = 6.562 KB
[20:27:29.714][info] [#0:script/workspace/loading.lua:112]: ++++As library of:	file:///home/yanfenggao/.local/share/nvim/lazy/nvim-cmp/lua
[20:27:29.714][info] [#0:script/workspace/loading.lua:100]: Preload file at: file:///home/yanfenggao/.local/share/nvim/lazy/nvim-cmp/lua/cmp/utils/char.lua , size = 2.398 KB
[20:27:29.716][info] [#0:script/workspace/loading.lua:112]: ++++As library of:	file:///home/yanfenggao/.local/share/nvim/lazy/nvim-cmp/lua
[20:27:29.716][info] [#0:script/workspace/loading.lua:100]: Preload file at: file:///home/yanfenggao/.local/share/nvim/lazy/nvim-cmp/lua/cmp/utils/misc.lua , size = 5.318 KB
[20:27:29.720][info] [#0:script/workspace/loading.lua:112]: ++++As library of:	file:///home/yanfenggao/.local/share/nvim/lazy/nvim-cmp/lua
[20:27:29.720][info] [#0:script/workspace/loading.lua:100]: Preload file at: file:///home/yanfenggao/.local/share/nvim/lazy/nvim-cmp/lua/cmp/utils/str_spec.lua , size = 1.383 KB
[20:27:29.721][info] [#0:script/workspace/loading.lua:112]: ++++As library of:	file:///home/yanfenggao/.local/share/nvim/lazy/nvim-cmp/lua
[20:27:29.721][info] [#0:script/workspace/loading.lua:100]: Preload file at: file:///home/yanfenggao/.local/share/nvim/lazy/nvim-cmp/lua/cmp/utils/cache.lua , size = 1.115 KB
[20:27:29.723][info] [#0:script/workspace/loading.lua:112]: ++++As library of:	file:///home/yanfenggao/.local/share/nvim/lazy/nvim-cmp/lua
[20:27:29.723][info] [#0:script/workspace/loading.lua:100]: Preload file at: file:///home/yanfenggao/.local/share/nvim/lazy/nvim-cmp/lua/cmp/utils/feedkeys_spec.lua , size = 1.579 KB
[20:27:29.724][info] [#0:script/workspace/loading.lua:112]: ++++As library of:	file:///home/yanfenggao/.local/share/nvim/lazy/nvim-cmp/lua
[20:27:29.724][info] [#0:script/workspace/loading.lua:100]: Preload file at: file:///home/yanfenggao/.local/share/nvim/lazy/nvim-cmp/lua/cmp/entry_spec.lua , size = 9.357 KB
[20:27:29.738][info] [#0:script/workspace/loading.lua:112]: ++++As library of:	file:///home/yanfenggao/.local/share/nvim/lazy/nvim-cmp/lua
[20:27:29.738][info] [#0:script/workspace/loading.lua:100]: Preload file at: file:///home/yanfenggao/.local/share/nvim/lazy/nvim-cmp/lua/cmp/core_spec.lua , size = 7.007 KB
[20:27:29.742][info] [#0:script/workspace/loading.lua:112]: ++++As library of:	file:///home/yanfenggao/.local/share/nvim/lazy/nvim-cmp/lua
[20:27:29.742][info] [#0:script/workspace/loading.lua:100]: Preload file at: file:///home/yanfenggao/.local/share/nvim/lazy/nvim-cmp/lua/cmp/matcher.lua , size = 10.364 KB
[20:27:29.746][info] [#0:script/workspace/loading.lua:112]: ++++As library of:	file:///home/yanfenggao/.local/share/nvim/lazy/nvim-cmp/lua
[20:27:29.746][info] [#0:script/workspace/loading.lua:100]: Preload file at: file:///home/yanfenggao/.local/share/nvim/lazy/nvim-cmp/lua/cmp/context_spec.lua , size = 0.904 KB
[20:27:29.747][info] [#0:script/workspace/loading.lua:112]: ++++As library of:	file:///home/yanfenggao/.local/share/nvim/lazy/nvim-cmp/lua
[20:27:29.747][info] [#0:script/workspace/loading.lua:100]: Preload file at: file:///home/yanfenggao/.local/share/nvim/lazy/nvim-cmp/lua/cmp/vim_source.lua , size = 1.160 KB
[20:27:29.748][info] [#0:script/workspace/loading.lua:112]: ++++As library of:	file:///home/yanfenggao/.local/share/nvim/lazy/nvim-cmp/lua
[20:27:29.748][info] [#0:script/workspace/loading.lua:100]: Preload file at: file:///home/yanfenggao/.local/share/nvim/lazy/nvim-cmp/lua/cmp/types/lsp.lua , size = 7.992 KB
[20:27:29.753][info] [#0:script/workspace/loading.lua:112]: ++++As library of:	file:///home/yanfenggao/.local/share/nvim/lazy/nvim-cmp/lua
[20:27:29.753][info] [#0:script/workspace/loading.lua:100]: Preload file at: file:///home/yanfenggao/.local/share/nvim/lazy/nvim-cmp/lua/cmp/types/lsp_spec.lua , size = 1.686 KB
[20:27:29.754][info] [#0:script/workspace/loading.lua:112]: ++++As library of:	file:///home/yanfenggao/.local/share/nvim/lazy/nvim-cmp/lua
[20:27:29.754][info] [#0:script/workspace/loading.lua:100]: Preload file at: file:///home/yanfenggao/.local/share/nvim/lazy/nvim-cmp/lua/cmp/types/init.lua , size = 0.140 KB
[20:27:29.754][info] [#0:script/workspace/loading.lua:112]: ++++As library of:	file:///home/yanfenggao/.local/share/nvim/lazy/nvim-cmp/lua
[20:27:29.754][info] [#0:script/workspace/loading.lua:100]: Preload file at: file:///home/yanfenggao/.local/share/nvim/lazy/nvim-cmp/lua/cmp/types/cmp.lua , size = 6.331 KB
[20:27:29.757][info] [#0:script/workspace/loading.lua:112]: ++++As library of:	file:///home/yanfenggao/.local/share/nvim/lazy/nvim-cmp/lua
[20:27:29.758][info] [#0:script/workspace/loading.lua:100]: Preload file at: file:///home/yanfenggao/.local/share/nvim/lazy/nvim-cmp/lua/cmp/types/vim.lua , size = 0.582 KB
[20:27:29.758][info] [#0:script/workspace/loading.lua:112]: ++++As library of:	file:///home/yanfenggao/.local/share/nvim/lazy/nvim-cmp/lua
[20:27:29.758][info] [#0:script/workspace/loading.lua:100]: Preload file at: file:///home/yanfenggao/.local/share/nvim/lazy/nvim-cmp/lua/cmp/config/context.lua , size = 1.668 KB
[20:27:29.759][info] [#0:script/workspace/loading.lua:112]: ++++As library of:	file:///home/yanfenggao/.local/share/nvim/lazy/nvim-cmp/lua
[20:27:29.760][info] [#0:script/workspace/loading.lua:100]: Preload file at: file:///home/yanfenggao/.local/share/nvim/lazy/nvim-cmp/lua/cmp/config/default.lua , size = 3.149 KB
[20:27:29.761][info] [#0:script/workspace/loading.lua:112]: ++++As library of:	file:///home/yanfenggao/.local/share/nvim/lazy/nvim-cmp/lua
[20:27:29.761][info] [#0:script/workspace/loading.lua:100]: Preload file at: file:///home/yanfenggao/.local/share/nvim/lazy/nvim-cmp/lua/cmp/config/window.lua , size = 0.464 KB
[20:27:29.762][info] [#0:script/workspace/loading.lua:112]: ++++As library of:	file:///home/yanfenggao/.local/share/nvim/lazy/nvim-cmp/lua
[20:27:29.762][info] [#0:script/workspace/loading.lua:100]: Preload file at: file:///home/yanfenggao/.local/share/nvim/lazy/nvim-cmp/lua/cmp/config/compare.lua , size = 8.709 KB
[20:27:29.766][info] [#0:script/workspace/loading.lua:112]: ++++As library of:	file:///home/yanfenggao/.local/share/nvim/lazy/nvim-cmp/lua
[20:27:29.766][info] [#0:script/workspace/loading.lua:100]: Preload file at: file:///home/yanfenggao/.local/share/nvim/lazy/nvim-cmp/lua/cmp/config/mapping.lua , size = 4.974 KB
[20:27:29.769][info] [#0:script/workspace/loading.lua:112]: ++++As library of:	file:///home/yanfenggao/.local/share/nvim/lazy/nvim-cmp/lua
[20:27:29.769][info] [#0:script/workspace/loading.lua:100]: Preload file at: file:///home/yanfenggao/.local/share/nvim/lazy/nvim-cmp/lua/cmp/config/sources.lua , size = 0.212 KB
[20:27:29.769][info] [#0:script/workspace/loading.lua:112]: ++++As library of:	file:///home/yanfenggao/.local/share/nvim/lazy/nvim-cmp/lua
[20:27:29.769][info] [#0:script/workspace/loading.lua:100]: Preload file at: file:///home/yanfenggao/.local/share/nvim/mason/packages/lua-language-server/libexec/meta/LuaJIT%20en-us%20utf8/jit.lua , size = 0.884 KB
[20:27:29.770][info] [#0:script/workspace/loading.lua:112]: ++++As library of:	file:///home/yanfenggao/.local/share/nvim/mason/packages/lua-language-server/libexec/meta/LuaJIT%20en-us%20utf8/jit.lua
[20:27:29.771][info] [#0:script/workspace/loading.lua:100]: Preload file at: file:///home/yanfenggao/.local/share/nvim/mason/packages/lua-language-server/libexec/meta/LuaJIT%20en-us%20utf8/io.lua , size = 6.364 KB
[20:27:29.774][info] [#0:script/workspace/loading.lua:112]: ++++As library of:	file:///home/yanfenggao/.local/share/nvim/mason/packages/lua-language-server/libexec/meta/LuaJIT%20en-us%20utf8/io.lua
[20:27:29.774][info] [#0:script/workspace/loading.lua:100]: Preload file at: file:///home/yanfenggao/.local/share/nvim/mason/packages/lua-language-server/libexec/meta/LuaJIT%20en-us%20utf8/debug.lua , size = 7.310 KB
[20:27:29.778][info] [#0:script/workspace/loading.lua:112]: ++++As library of:	file:///home/yanfenggao/.local/share/nvim/mason/packages/lua-language-server/libexec/meta/LuaJIT%20en-us%20utf8/debug.lua
[20:27:29.779][info] [#0:script/workspace/loading.lua:100]: Preload file at: file:///home/yanfenggao/.local/share/nvim/mason/packages/lua-language-server/libexec/meta/LuaJIT%20en-us%20utf8/math.lua , size = 7.949 KB
[20:27:29.783][info] [#0:script/workspace/loading.lua:112]: ++++As library of:	file:///home/yanfenggao/.local/share/nvim/mason/packages/lua-language-server/libexec/meta/LuaJIT%20en-us%20utf8/math.lua
[20:27:29.783][info] [#0:script/workspace/loading.lua:100]: Preload file at: file:///home/yanfenggao/tools/nvim-linux64/share/nvim/runtime/lua/man.lua , size = 23.961 KB
[20:27:29.796][info] [#0:script/workspace/loading.lua:112]: ++++As library of:	file:///home/yanfenggao/tools/nvim-linux64/share/nvim/runtime/lua
[20:27:29.797][info] [#0:script/workspace/loading.lua:100]: Preload file at: file:///home/yanfenggao/tools/nvim-linux64/share/nvim/runtime/lua/_vim9script.lua , size = 15.418 KB
[20:27:29.805][info] [#0:script/workspace/loading.lua:112]: ++++As library of:	file:///home/yanfenggao/tools/nvim-linux64/share/nvim/runtime/lua
[20:27:29.805][info] [#0:script/workspace/loading.lua:100]: Preload file at: file:///home/yanfenggao/tools/nvim-linux64/share/nvim/runtime/lua/editorconfig.lua , size = 11.239 KB
[20:27:29.811][info] [#0:script/workspace/loading.lua:112]: ++++As library of:	file:///home/yanfenggao/tools/nvim-linux64/share/nvim/runtime/lua
[20:27:29.811][info] [#0:script/workspace/loading.lua:100]: Preload file at: file:///home/yanfenggao/tools/nvim-linux64/share/nvim/runtime/lua/jit/dis_mips64.lua , size = 0.689 KB
[20:27:29.811][info] [#0:script/workspace/loading.lua:112]: ++++As library of:	file:///home/yanfenggao/tools/nvim-linux64/share/nvim/runtime/lua
[20:27:29.811][info] [#0:script/workspace/loading.lua:100]: Preload file at: file:///home/yanfenggao/tools/nvim-linux64/share/nvim/runtime/lua/jit/bcsave.lua , size = 17.090 KB
[20:27:29.822][info] [#0:script/workspace/loading.lua:112]: ++++As library of:	file:///home/yanfenggao/tools/nvim-linux64/share/nvim/runtime/lua
[20:27:29.822][info] [#0:script/workspace/loading.lua:100]: Preload file at: file:///home/yanfenggao/tools/nvim-linux64/share/nvim/runtime/lua/jit/vmdef.lua , size = 7.920 KB
[20:27:29.824][info] [#0:script/workspace/loading.lua:112]: ++++As library of:	file:///home/yanfenggao/tools/nvim-linux64/share/nvim/runtime/lua
[20:27:29.824][info] [#0:script/workspace/loading.lua:100]: Preload file at: file:///home/yanfenggao/tools/nvim-linux64/share/nvim/runtime/lua/jit/dis_mips64r6el.lua , size = 0.711 KB
[20:27:29.825][info] [#0:script/workspace/loading.lua:112]: ++++As library of:	file:///home/yanfenggao/tools/nvim-linux64/share/nvim/runtime/lua
[20:27:29.825][info] [#0:script/workspace/loading.lua:100]: Preload file at: file:///home/yanfenggao/tools/nvim-linux64/share/nvim/runtime/lua/jit/dis_ppc.lua , size = 19.825 KB
[20:27:29.835][info] [#0:script/workspace/loading.lua:112]: ++++As library of:	file:///home/yanfenggao/tools/nvim-linux64/share/nvim/runtime/lua
[20:27:29.835][info] [#0:script/workspace/loading.lua:100]: Preload file at: file:///home/yanfenggao/tools/nvim-linux64/share/nvim/runtime/lua/jit/dis_mips64r6.lua , size = 0.700 KB
[20:27:29.836][info] [#0:script/workspace/loading.lua:112]: ++++As library of:	file:///home/yanfenggao/tools/nvim-linux64/share/nvim/runtime/lua
[20:27:29.836][info] [#0:script/workspace/loading.lua:100]: Preload file at: file:///home/yanfenggao/tools/nvim-linux64/share/nvim/runtime/lua/jit/dis_mips.lua , size = 21.494 KB
[20:27:29.864][info] [#0:script/workspace/loading.lua:112]: ++++As library of:	file:///home/yanfenggao/tools/nvim-linux64/share/nvim/runtime/lua
[20:27:29.864][info] [#0:script/workspace/loading.lua:100]: Preload file at: file:///home/yanfenggao/tools/nvim-linux64/share/nvim/runtime/lua/jit/dis_x64.lua , size = 0.695 KB
[20:27:29.865][info] [#0:script/workspace/loading.lua:112]: ++++As library of:	file:///home/yanfenggao/tools/nvim-linux64/share/nvim/runtime/lua
[20:27:29.865][info] [#0:script/workspace/loading.lua:100]: Preload file at: file:///home/yanfenggao/tools/nvim-linux64/share/nvim/runtime/lua/jit/zone.lua , size = 0.979 KB
[20:27:29.865][info] [#0:script/workspace/loading.lua:112]: ++++As library of:	file:///home/yanfenggao/tools/nvim-linux64/share/nvim/runtime/lua
[20:27:29.865][info] [#0:script/workspace/loading.lua:100]: Preload file at: file:///home/yanfenggao/tools/nvim-linux64/share/nvim/runtime/lua/jit/bc.lua , size = 5.417 KB
[20:27:29.868][info] [#0:script/workspace/loading.lua:112]: ++++As library of:	file:///home/yanfenggao/tools/nvim-linux64/share/nvim/runtime/lua
[20:27:29.868][info] [#0:script/workspace/loading.lua:100]: Preload file at: file:///home/yanfenggao/tools/nvim-linux64/share/nvim/runtime/lua/jit/dis_arm64be.lua , size = 0.604 KB
[20:27:29.869][info] [#0:script/workspace/loading.lua:112]: ++++As library of:	file:///home/yanfenggao/tools/nvim-linux64/share/nvim/runtime/lua
[20:27:29.869][info] [#0:script/workspace/loading.lua:100]: Preload file at: file:///home/yanfenggao/tools/nvim-linux64/share/nvim/runtime/lua/jit/dis_arm.lua , size = 18.891 KB
[20:27:29.880][info] [#0:script/workspace/loading.lua:112]: ++++As library of:	file:///home/yanfenggao/tools/nvim-linux64/share/nvim/runtime/lua
[20:27:29.880][info] [#0:script/workspace/loading.lua:100]: Preload file at: file:///home/yanfenggao/tools/nvim-linux64/share/nvim/runtime/lua/jit/v.lua , size = 5.731 KB
[20:27:29.883][info] [#0:script/workspace/loading.lua:112]: ++++As library of:	file:///home/yanfenggao/tools/nvim-linux64/share/nvim/runtime/lua
[20:27:29.883][info] [#0:script/workspace/loading.lua:100]: Preload file at: file:///home/yanfenggao/tools/nvim-linux64/share/nvim/runtime/lua/jit/dis_mipsel.lua , size = 0.698 KB
[20:27:29.883][info] [#0:script/workspace/loading.lua:112]: ++++As library of:	file:///home/yanfenggao/tools/nvim-linux64/share/nvim/runtime/lua
[20:27:29.883][info] [#0:script/workspace/loading.lua:100]: Preload file at: file:///home/yanfenggao/tools/nvim-linux64/share/nvim/runtime/lua/jit/dis_x86.lua , size = 33.033 KB
[20:27:29.900][info] [#0:script/workspace/loading.lua:112]: ++++As library of:	file:///home/yanfenggao/tools/nvim-linux64/share/nvim/runtime/lua
[20:27:29.900][info] [#0:script/workspace/loading.lua:100]: Preload file at: file:///home/yanfenggao/tools/nvim-linux64/share/nvim/runtime/lua/jit/dump.lua , size = 20.269 KB
[20:27:29.913][info] [#0:script/workspace/loading.lua:112]: ++++As library of:	file:///home/yanfenggao/tools/nvim-linux64/share/nvim/runtime/lua
[20:27:29.913][info] [#0:script/workspace/loading.lua:100]: Preload file at: file:///home/yanfenggao/tools/nvim-linux64/share/nvim/runtime/lua/jit/p.lua , size = 8.891 KB
[20:27:29.918][info] [#0:script/workspace/loading.lua:112]: ++++As library of:	file:///home/yanfenggao/tools/nvim-linux64/share/nvim/runtime/lua
[20:27:29.918][info] [#0:script/workspace/loading.lua:100]: Preload file at: file:///home/yanfenggao/tools/nvim-linux64/share/nvim/runtime/lua/jit/dis_mips64el.lua , size = 0.700 KB
[20:27:29.919][info] [#0:script/workspace/loading.lua:112]: ++++As library of:	file:///home/yanfenggao/tools/nvim-linux64/share/nvim/runtime/lua
[20:27:29.919][info] [#0:script/workspace/loading.lua:100]: Preload file at: file:///home/yanfenggao/tools/nvim-linux64/share/nvim/runtime/lua/jit/dis_arm64.lua , size = 29.971 KB
[20:27:29.938][info] [#0:script/workspace/loading.lua:112]: ++++As library of:	file:///home/yanfenggao/tools/nvim-linux64/share/nvim/runtime/lua
[20:27:29.938][info] [#0:script/workspace/loading.lua:100]: Preload file at: file:///home/yanfenggao/tools/nvim-linux64/share/nvim/runtime/lua/vim/filetype.lua , size = 75.192 KB
[20:27:29.971][info] [#0:script/workspace/loading.lua:112]: ++++As library of:	file:///home/yanfenggao/tools/nvim-linux64/share/nvim/runtime/lua
[20:27:29.971][info] [#0:script/workspace/loading.lua:100]: Preload file at: file:///home/yanfenggao/tools/nvim-linux64/share/nvim/runtime/lua/vim/deprecated/health.lua , size = 1.260 KB
[20:27:29.973][info] [#0:script/workspace/loading.lua:112]: ++++As library of:	file:///home/yanfenggao/tools/nvim-linux64/share/nvim/runtime/lua
[20:27:29.973][info] [#0:script/workspace/loading.lua:100]: Preload file at: file:///home/yanfenggao/tools/nvim-linux64/share/nvim/runtime/lua/vim/lsp.lua , size = 41.056 KB
[20:27:29.992][info] [#0:script/workspace/loading.lua:112]: ++++As library of:	file:///home/yanfenggao/tools/nvim-linux64/share/nvim/runtime/lua
[20:27:29.992][info] [#0:script/workspace/loading.lua:100]: Preload file at: file:///home/yanfenggao/tools/nvim-linux64/share/nvim/runtime/lua/vim/snippet.lua , size = 21.881 KB
[20:27:30.033][info] [#0:script/workspace/loading.lua:112]: ++++As library of:	file:///home/yanfenggao/tools/nvim-linux64/share/nvim/runtime/lua
[20:27:30.033][info] [#0:script/workspace/loading.lua:100]: Preload file at: file:///home/yanfenggao/tools/nvim-linux64/share/nvim/runtime/lua/vim/_watch.lua , size = 9.741 KB
[20:27:30.038][info] [#0:script/workspace/loading.lua:112]: ++++As library of:	file:///home/yanfenggao/tools/nvim-linux64/share/nvim/runtime/lua
[20:27:30.038][info] [#0:script/workspace/loading.lua:100]: Preload file at: file:///home/yanfenggao/tools/nvim-linux64/share/nvim/runtime/lua/vim/_meta.lua , size = 1.016 KB
[20:27:30.039][info] [#0:script/workspace/loading.lua:112]: ++++As library of:	file:///home/yanfenggao/tools/nvim-linux64/share/nvim/runtime/lua
[20:27:30.039][info] [#0:script/workspace/loading.lua:100]: Preload file at: file:///home/yanfenggao/tools/nvim-linux64/share/nvim/runtime/lua/vim/func.lua , size = 1.753 KB
[20:27:30.040][info] [#0:script/workspace/loading.lua:112]: ++++As library of:	file:///home/yanfenggao/tools/nvim-linux64/share/nvim/runtime/lua
[20:27:30.040][info] [#0:script/workspace/loading.lua:100]: Preload file at: file:///home/yanfenggao/tools/nvim-linux64/share/nvim/runtime/lua/vim/treesitter.lua , size = 14.652 KB
[20:27:30.047][info] [#0:script/workspace/loading.lua:112]: ++++As library of:	file:///home/yanfenggao/tools/nvim-linux64/share/nvim/runtime/lua
[20:27:30.047][info] [#0:script/workspace/loading.lua:100]: Preload file at: file:///home/yanfenggao/tools/nvim-linux64/share/nvim/runtime/lua/vim/fs.lua , size = 19.991 KB
[20:27:30.057][info] [#0:script/workspace/loading.lua:112]: ++++As library of:	file:///home/yanfenggao/tools/nvim-linux64/share/nvim/runtime/lua
[20:27:30.057][info] [#0:script/workspace/loading.lua:100]: Preload file at: file:///home/yanfenggao/tools/nvim-linux64/share/nvim/runtime/lua/vim/highlight.lua , size = 5.704 KB
[20:27:30.060][info] [#0:script/workspace/loading.lua:112]: ++++As library of:	file:///home/yanfenggao/tools/nvim-linux64/share/nvim/runtime/lua
[20:27:30.060][info] [#0:script/workspace/loading.lua:100]: Preload file at: file:///home/yanfenggao/tools/nvim-linux64/share/nvim/runtime/lua/vim/provider/ruby.lua , size = 1.563 KB
[20:27:30.062][info] [#0:script/workspace/loading.lua:112]: ++++As library of:	file:///home/yanfenggao/tools/nvim-linux64/share/nvim/runtime/lua
[20:27:30.062][info] [#0:script/workspace/loading.lua:100]: Preload file at: file:///home/yanfenggao/tools/nvim-linux64/share/nvim/runtime/lua/vim/provider/perl.lua , size = 1.998 KB
[20:27:30.063][info] [#0:script/workspace/loading.lua:112]: ++++As library of:	file:///home/yanfenggao/tools/nvim-linux64/share/nvim/runtime/lua
[20:27:30.063][info] [#0:script/workspace/loading.lua:100]: Preload file at: file:///home/yanfenggao/tools/nvim-linux64/share/nvim/runtime/lua/vim/provider/health.lua , size = 28.593 KB
[20:27:30.076][info] [#0:script/workspace/loading.lua:112]: ++++As library of:	file:///home/yanfenggao/tools/nvim-linux64/share/nvim/runtime/lua
[20:27:30.076][info] [#0:script/workspace/loading.lua:100]: Preload file at: file:///home/yanfenggao/tools/nvim-linux64/share/nvim/runtime/lua/vim/provider/python.lua , size = 4.224 KB
[20:27:30.078][info] [#0:script/workspace/loading.lua:112]: ++++As library of:	file:///home/yanfenggao/tools/nvim-linux64/share/nvim/runtime/lua
[20:27:30.078][info] [#0:script/workspace/loading.lua:100]: Preload file at: file:///home/yanfenggao/tools/nvim-linux64/share/nvim/runtime/lua/vim/loader.lua , size = 15.825 KB
[20:27:30.088][info] [#0:script/workspace/loading.lua:112]: ++++As library of:	file:///home/yanfenggao/tools/nvim-linux64/share/nvim/runtime/lua
[20:27:30.088][info] [#0:script/workspace/loading.lua:100]: Preload file at: file:///home/yanfenggao/tools/nvim-linux64/share/nvim/runtime/lua/vim/_editor.lua , size = 37.918 KB
[20:27:30.107][info] [#0:script/workspace/loading.lua:112]: ++++As library of:	file:///home/yanfenggao/tools/nvim-linux64/share/nvim/runtime/lua
[20:27:30.107][info] [#0:script/workspace/loading.lua:100]: Preload file at: file:///home/yanfenggao/tools/nvim-linux64/share/nvim/runtime/lua/vim/ui/clipboard/osc52.lua , size = 2.137 KB
[20:27:30.108][info] [#0:script/workspace/loading.lua:112]: ++++As library of:	file:///home/yanfenggao/tools/nvim-linux64/share/nvim/runtime/lua
[20:27:30.108][info] [#0:script/workspace/loading.lua:100]: Preload file at: file:///home/yanfenggao/tools/nvim-linux64/share/nvim/runtime/lua/vim/_meta/builtin_types.lua , size = 5.408 KB
[20:27:30.112][info] [#0:script/workspace/loading.lua:112]: ++++As library of:	file:///home/yanfenggao/tools/nvim-linux64/share/nvim/runtime/lua
[20:27:30.112][info] [#0:script/workspace/loading.lua:100]: Preload file at: file:///home/yanfenggao/tools/nvim-linux64/share/nvim/runtime/lua/vim/_meta/lpeg.lua , size = 15.348 KB
[20:27:30.117][info] [#0:script/workspace/loading.lua:112]: ++++As library of:	file:///home/yanfenggao/tools/nvim-linux64/share/nvim/runtime/lua
[20:27:30.117][info] [#0:script/workspace/loading.lua:100]: Preload file at: file:///home/yanfenggao/tools/nvim-linux64/share/nvim/runtime/lua/vim/_meta/json.lua , size = 1.359 KB
[20:27:30.118][info] [#0:script/workspace/loading.lua:112]: ++++As library of:	file:///home/yanfenggao/tools/nvim-linux64/share/nvim/runtime/lua
[20:27:30.118][info] [#0:script/workspace/loading.lua:100]: Preload file at: file:///home/yanfenggao/tools/nvim-linux64/share/nvim/runtime/lua/vim/_meta/api_keysets.lua , size = 8.349 KB
[20:27:30.124][info] [#0:script/workspace/loading.lua:112]: ++++As library of:	file:///home/yanfenggao/tools/nvim-linux64/share/nvim/runtime/lua
[20:27:30.124][info] [#0:script/workspace/loading.lua:100]: Preload file at: file:///home/yanfenggao/tools/nvim-linux64/share/nvim/runtime/lua/vim/_meta/regex.lua , size = 1.580 KB
[20:27:30.125][info] [#0:script/workspace/loading.lua:112]: ++++As library of:	file:///home/yanfenggao/tools/nvim-linux64/share/nvim/runtime/lua
[20:27:30.125][info] [#0:script/workspace/loading.lua:100]: Preload file at: file:///home/yanfenggao/tools/nvim-linux64/share/nvim/runtime/lua/vim/_meta/options.lua , size = 328.105 KB
[20:27:30.270][info] [#0:script/workspace/loading.lua:112]: ++++As library of:	file:///home/yanfenggao/tools/nvim-linux64/share/nvim/runtime/lua
[20:27:30.270][info] [#0:script/workspace/loading.lua:100]: Preload file at: file:///home/yanfenggao/tools/nvim-linux64/share/nvim/runtime/lua/vim/_meta/diff.lua , size = 2.493 KB
[20:27:30.272][info] [#0:script/workspace/loading.lua:112]: ++++As library of:	file:///home/yanfenggao/tools/nvim-linux64/share/nvim/runtime/lua
[20:27:30.272][info] [#0:script/workspace/loading.lua:100]: Preload file at: file:///home/yanfenggao/tools/nvim-linux64/share/nvim/runtime/lua/vim/_meta/mpack.lua , size = 0.478 KB
[20:27:30.272][info] [#0:script/workspace/loading.lua:112]: ++++As library of:	file:///home/yanfenggao/tools/nvim-linux64/share/nvim/runtime/lua
[20:27:30.272][info] [#0:script/workspace/loading.lua:100]: Preload file at: file:///home/yanfenggao/tools/nvim-linux64/share/nvim/runtime/lua/vim/_meta/vvars.lua , size = 25.343 KB
[20:27:30.280][info] [#0:script/workspace/loading.lua:112]: ++++As library of:	file:///home/yanfenggao/tools/nvim-linux64/share/nvim/runtime/lua
[20:27:30.280][info] [#0:script/workspace/loading.lua:100]: Preload file at: file:///home/yanfenggao/tools/nvim-linux64/share/nvim/runtime/lua/vim/_meta/builtin.lua , size = 11.225 KB
[20:27:30.284][info] [#0:script/workspace/loading.lua:112]: ++++As library of:	file:///home/yanfenggao/tools/nvim-linux64/share/nvim/runtime/lua
[20:27:30.284][info] [#0:script/workspace/loading.lua:100]: Preload file at: file:///home/yanfenggao/tools/nvim-linux64/share/nvim/runtime/lua/vim/_meta/api_keysets_extra.lua , size = 4.973 KB
[20:27:30.287][info] [#0:script/workspace/loading.lua:112]: ++++As library of:	file:///home/yanfenggao/tools/nvim-linux64/share/nvim/runtime/lua
[20:27:30.287][info] [#0:script/workspace/loading.lua:100]: Preload file at: file:///home/yanfenggao/tools/nvim-linux64/share/nvim/runtime/lua/vim/_meta/api.lua , size = 105.971 KB
[20:27:30.324][info] [#0:script/workspace/loading.lua:112]: ++++As library of:	file:///home/yanfenggao/tools/nvim-linux64/share/nvim/runtime/lua
[20:27:30.325][info] [#0:script/workspace/loading.lua:100]: Preload file at: file:///home/yanfenggao/tools/nvim-linux64/share/nvim/runtime/lua/vim/_meta/misc.lua , size = 0.291 KB
[20:27:30.326][info] [#0:script/workspace/loading.lua:112]: ++++As library of:	file:///home/yanfenggao/tools/nvim-linux64/share/nvim/runtime/lua
[20:27:30.326][info] [#0:script/workspace/loading.lua:100]: Preload file at: file:///home/yanfenggao/tools/nvim-linux64/share/nvim/runtime/lua/vim/_meta/base64.lua , size = 0.307 KB
[20:27:30.326][info] [#0:script/workspace/loading.lua:112]: ++++As library of:	file:///home/yanfenggao/tools/nvim-linux64/share/nvim/runtime/lua
[20:27:30.326][info] [#0:script/workspace/loading.lua:100]: Preload file at: file:///home/yanfenggao/tools/nvim-linux64/share/nvim/runtime/lua/vim/_meta/re.lua , size = 2.217 KB
[20:27:30.328][info] [#0:script/workspace/loading.lua:112]: ++++As library of:	file:///home/yanfenggao/tools/nvim-linux64/share/nvim/runtime/lua
[20:27:30.328][info] [#0:script/workspace/loading.lua:100]: Preload file at: file:///home/yanfenggao/tools/nvim-linux64/share/nvim/runtime/lua/vim/_meta/spell.lua , size = 0.929 KB
[20:27:30.328][info] [#0:script/workspace/loading.lua:112]: ++++As library of:	file:///home/yanfenggao/tools/nvim-linux64/share/nvim/runtime/lua
[20:27:30.329][info] [#0:script/workspace/loading.lua:100]: Preload file at: file:///home/yanfenggao/tools/nvim-linux64/share/nvim/runtime/lua/vim/_meta/vimfn.lua , size = 405.741 KB
[20:27:30.453][info] [#0:script/workspace/loading.lua:112]: ++++As library of:	file:///home/yanfenggao/tools/nvim-linux64/share/nvim/runtime/lua
[20:27:30.453][info] [#0:script/workspace/loading.lua:100]: Preload file at: file:///home/yanfenggao/tools/nvim-linux64/share/nvim/runtime/lua/vim/inspect.lua , size = 8.864 KB
[20:27:30.458][info] [#0:script/workspace/loading.lua:112]: ++++As library of:	file:///home/yanfenggao/tools/nvim-linux64/share/nvim/runtime/lua
[20:27:30.458][info] [#0:script/workspace/loading.lua:100]: Preload file at: file:///home/yanfenggao/tools/nvim-linux64/share/nvim/runtime/lua/vim/filetype/options.lua , size = 2.559 KB
[20:27:30.460][info] [#0:script/workspace/loading.lua:112]: ++++As library of:	file:///home/yanfenggao/tools/nvim-linux64/share/nvim/runtime/lua
[20:27:30.460][info] [#0:script/workspace/loading.lua:100]: Preload file at: file:///home/yanfenggao/tools/nvim-linux64/share/nvim/runtime/lua/vim/uri.lua , size = 3.569 KB
[20:27:30.463][info] [#0:script/workspace/loading.lua:112]: ++++As library of:	file:///home/yanfenggao/tools/nvim-linux64/share/nvim/runtime/lua
[20:27:30.463][info] [#0:script/workspace/loading.lua:100]: Preload file at: file:///home/yanfenggao/tools/nvim-linux64/share/nvim/runtime/lua/vim/filetype/detect.lua , size = 59.799 KB
[20:27:30.494][info] [#0:script/workspace/loading.lua:112]: ++++As library of:	file:///home/yanfenggao/tools/nvim-linux64/share/nvim/runtime/lua
[20:27:30.494][info] [#0:script/workspace/loading.lua:100]: Preload file at: file:///home/yanfenggao/tools/nvim-linux64/share/nvim/runtime/lua/vim/text.lua , size = 0.783 KB
[20:27:30.495][info] [#0:script/workspace/loading.lua:112]: ++++As library of:	file:///home/yanfenggao/tools/nvim-linux64/share/nvim/runtime/lua
[20:27:30.495][info] [#0:script/workspace/loading.lua:100]: Preload file at: file:///home/yanfenggao/tools/nvim-linux64/share/nvim/runtime/lua/vim/func/_memoize.lua , size = 1.354 KB
[20:27:30.497][info] [#0:script/workspace/loading.lua:112]: ++++As library of:	file:///home/yanfenggao/tools/nvim-linux64/share/nvim/runtime/lua
[20:27:30.501][info] [#0:script/workspace/loading.lua:100]: Preload file at: file:///home/yanfenggao/tools/nvim-linux64/share/nvim/runtime/lua/vim/version.lua , size = 13.708 KB
[20:27:30.509][info] [#0:script/workspace/loading.lua:112]: ++++As library of:	file:///home/yanfenggao/tools/nvim-linux64/share/nvim/runtime/lua
[20:27:30.509][info] [#0:script/workspace/loading.lua:100]: Preload file at: file:///home/yanfenggao/tools/nvim-linux64/share/nvim/runtime/lua/vim/F.lua , size = 1.076 KB
[20:27:30.510][info] [#0:script/workspace/loading.lua:112]: ++++As library of:	file:///home/yanfenggao/tools/nvim-linux64/share/nvim/runtime/lua
[20:27:30.510][info] [#0:script/workspace/loading.lua:100]: Preload file at: file:///home/yanfenggao/tools/nvim-linux64/share/nvim/runtime/lua/vim/provider.lua , size = 0.197 KB
[20:27:30.511][info] [#0:script/workspace/loading.lua:112]: ++++As library of:	file:///home/yanfenggao/tools/nvim-linux64/share/nvim/runtime/lua
[20:27:30.511][info] [#0:script/workspace/loading.lua:100]: Preload file at: file:///home/yanfenggao/tools/nvim-linux64/share/nvim/runtime/lua/vim/glob.lua , size = 3.261 KB
[20:27:30.513][info] [#0:script/workspace/loading.lua:112]: ++++As library of:	file:///home/yanfenggao/tools/nvim-linux64/share/nvim/runtime/lua
[20:27:30.513][info] [#0:script/workspace/loading.lua:100]: Preload file at: file:///home/yanfenggao/tools/nvim-linux64/share/nvim/runtime/lua/vim/diagnostic.lua , size = 72.462 KB
[20:27:30.551][info] [#0:script/workspace/loading.lua:112]: ++++As library of:	file:///home/yanfenggao/tools/nvim-linux64/share/nvim/runtime/lua
[20:27:30.551][info] [#0:script/workspace/loading.lua:100]: Preload file at: file:///home/yanfenggao/tools/nvim-linux64/share/nvim/runtime/lua/vim/iter.lua , size = 25.863 KB
[20:27:30.566][info] [#0:script/workspace/loading.lua:112]: ++++As library of:	file:///home/yanfenggao/tools/nvim-linux64/share/nvim/runtime/lua
[20:27:30.566][info] [#0:script/workspace/loading.lua:100]: Preload file at: file:///home/yanfenggao/tools/nvim-linux64/share/nvim/runtime/lua/vim/shared.lua , size = 37.258 KB
[20:27:30.664][info] [#0:script/workspace/loading.lua:112]: ++++As library of:	file:///home/yanfenggao/tools/nvim-linux64/share/nvim/runtime/lua
[20:27:30.664][info] [#0:script/workspace/loading.lua:100]: Preload file at: file:///home/yanfenggao/tools/nvim-linux64/share/nvim/runtime/lua/vim/health.lua , size = 12.767 KB
[20:27:30.670][info] [#0:script/workspace/loading.lua:112]: ++++As library of:	file:///home/yanfenggao/tools/nvim-linux64/share/nvim/runtime/lua
[20:27:30.670][info] [#0:script/workspace/loading.lua:100]: Preload file at: file:///home/yanfenggao/tools/nvim-linux64/share/nvim/runtime/lua/vim/_defaults.lua , size = 26.367 KB
[20:27:30.684][info] [#0:script/workspace/loading.lua:112]: ++++As library of:	file:///home/yanfenggao/tools/nvim-linux64/share/nvim/runtime/lua
[20:27:30.684][info] [#0:script/workspace/loading.lua:100]: Preload file at: file:///home/yanfenggao/tools/nvim-linux64/share/nvim/runtime/lua/vim/keymap.lua , size = 3.624 KB
[20:27:30.686][info] [#0:script/workspace/loading.lua:112]: ++++As library of:	file:///home/yanfenggao/tools/nvim-linux64/share/nvim/runtime/lua
[20:27:30.687][info] [#0:script/workspace/loading.lua:100]: Preload file at: file:///home/yanfenggao/tools/nvim-linux64/share/nvim/runtime/lua/vim/secure.lua , size = 5.043 KB
[20:27:30.691][info] [#0:script/workspace/loading.lua:112]: ++++As library of:	file:///home/yanfenggao/tools/nvim-linux64/share/nvim/runtime/lua
[20:27:30.691][info] [#0:script/workspace/loading.lua:100]: Preload file at: file:///home/yanfenggao/tools/nvim-linux64/share/nvim/runtime/lua/vim/_options.lua , size = 25.297 KB
[20:27:30.702][info] [#0:script/workspace/loading.lua:112]: ++++As library of:	file:///home/yanfenggao/tools/nvim-linux64/share/nvim/runtime/lua
[20:27:30.702][info] [#0:script/workspace/loading.lua:100]: Preload file at: file:///home/yanfenggao/tools/nvim-linux64/share/nvim/runtime/lua/vim/_comment.lua , size = 8.562 KB
[20:27:30.706][info] [#0:script/workspace/loading.lua:112]: ++++As library of:	file:///home/yanfenggao/tools/nvim-linux64/share/nvim/runtime/lua
[20:27:30.706][info] [#0:script/workspace/loading.lua:100]: Preload file at: file:///home/yanfenggao/tools/nvim-linux64/share/nvim/runtime/lua/vim/termcap.lua , size = 3.103 KB
[20:27:30.708][info] [#0:script/workspace/loading.lua:112]: ++++As library of:	file:///home/yanfenggao/tools/nvim-linux64/share/nvim/runtime/lua
[20:27:30.709][info] [#0:script/workspace/loading.lua:100]: Preload file at: file:///home/yanfenggao/tools/nvim-linux64/share/nvim/runtime/lua/vim/_init_packages.lua , size = 3.023 KB
[20:27:30.711][info] [#0:script/workspace/loading.lua:112]: ++++As library of:	file:///home/yanfenggao/tools/nvim-linux64/share/nvim/runtime/lua
[20:27:30.711][info] [#0:script/workspace/loading.lua:100]: Preload file at: file:///home/yanfenggao/tools/nvim-linux64/share/nvim/runtime/lua/vim/_system.lua , size = 9.135 KB
[20:27:30.717][info] [#0:script/workspace/loading.lua:112]: ++++As library of:	file:///home/yanfenggao/tools/nvim-linux64/share/nvim/runtime/lua
[20:27:30.717][info] [#0:script/workspace/loading.lua:100]: Preload file at: file:///home/yanfenggao/tools/nvim-linux64/share/nvim/runtime/lua/vim/health/health.lua , size = 12.696 KB
[20:27:30.723][info] [#0:script/workspace/loading.lua:112]: ++++As library of:	file:///home/yanfenggao/tools/nvim-linux64/share/nvim/runtime/lua
[20:27:30.723][info] [#0:script/workspace/loading.lua:100]: Preload file at: file:///home/yanfenggao/tools/nvim-linux64/share/nvim/runtime/lua/vim/re.lua , size = 6.495 KB
[20:27:30.728][info] [#0:script/workspace/loading.lua:112]: ++++As library of:	file:///home/yanfenggao/tools/nvim-linux64/share/nvim/runtime/lua
[20:27:30.728][info] [#0:script/workspace/loading.lua:100]: Preload file at: file:///home/yanfenggao/tools/nvim-linux64/share/nvim/runtime/lua/vim/treesitter/languagetree.lua , size = 32.823 KB
[20:27:30.746][info] [#0:script/workspace/loading.lua:112]: ++++As library of:	file:///home/yanfenggao/tools/nvim-linux64/share/nvim/runtime/lua
[20:27:30.746][info] [#0:script/workspace/loading.lua:100]: Preload file at: file:///home/yanfenggao/tools/nvim-linux64/share/nvim/runtime/lua/vim/treesitter/dev.lua , size = 20.469 KB
[20:27:30.757][info] [#0:script/workspace/loading.lua:112]: ++++As library of:	file:///home/yanfenggao/tools/nvim-linux64/share/nvim/runtime/lua
[20:27:30.757][info] [#0:script/workspace/loading.lua:100]: Preload file at: file:///home/yanfenggao/tools/nvim-linux64/share/nvim/runtime/lua/vim/treesitter/language.lua , size = 5.125 KB
[20:27:30.760][info] [#0:script/workspace/loading.lua:112]: ++++As library of:	file:///home/yanfenggao/tools/nvim-linux64/share/nvim/runtime/lua
[20:27:30.760][info] [#0:script/workspace/loading.lua:100]: Preload file at: file:///home/yanfenggao/tools/nvim-linux64/share/nvim/runtime/lua/vim/treesitter/_range.lua , size = 3.923 KB
[20:27:30.763][info] [#0:script/workspace/loading.lua:112]: ++++As library of:	file:///home/yanfenggao/tools/nvim-linux64/share/nvim/runtime/lua
[20:27:30.763][info] [#0:script/workspace/loading.lua:100]: Preload file at: file:///home/yanfenggao/tools/nvim-linux64/share/nvim/runtime/lua/vim/treesitter/_meta/misc.lua , size = 2.495 KB
[20:27:30.766][info] [#0:script/workspace/loading.lua:112]: ++++As library of:	file:///home/yanfenggao/tools/nvim-linux64/share/nvim/runtime/lua
[20:27:30.766][info] [#0:script/workspace/loading.lua:100]: Preload file at: file:///home/yanfenggao/tools/nvim-linux64/share/nvim/runtime/lua/vim/treesitter/_meta/tsnode.lua , size = 5.981 KB
[20:27:30.769][info] [#0:script/workspace/loading.lua:112]: ++++As library of:	file:///home/yanfenggao/tools/nvim-linux64/share/nvim/runtime/lua
[20:27:30.769][info] [#0:script/workspace/loading.lua:100]: Preload file at: file:///home/yanfenggao/tools/nvim-linux64/share/nvim/runtime/lua/vim/treesitter/_meta/tstree.lua , size = 1.234 KB
[20:27:30.770][info] [#0:script/workspace/loading.lua:112]: ++++As library of:	file:///home/yanfenggao/tools/nvim-linux64/share/nvim/runtime/lua
[20:27:30.770][info] [#0:script/workspace/loading.lua:100]: Preload file at: file:///home/yanfenggao/tools/nvim-linux64/share/nvim/runtime/lua/vim/treesitter/_query_linter.lua , size = 7.700 KB
[20:27:30.775][info] [#0:script/workspace/loading.lua:112]: ++++As library of:	file:///home/yanfenggao/tools/nvim-linux64/share/nvim/runtime/lua
[20:27:30.776][info] [#0:script/workspace/loading.lua:100]: Preload file at: file:///home/yanfenggao/tools/nvim-linux64/share/nvim/runtime/lua/vim/treesitter/health.lua , size = 0.989 KB
[20:27:30.777][info] [#0:script/workspace/loading.lua:112]: ++++As library of:	file:///home/yanfenggao/tools/nvim-linux64/share/nvim/runtime/lua
[20:27:30.777][info] [#0:script/workspace/loading.lua:100]: Preload file at: file:///home/yanfenggao/tools/nvim-linux64/share/nvim/runtime/lua/vim/treesitter/query.lua , size = 31.771 KB
[20:27:30.792][info] [#0:script/workspace/loading.lua:112]: ++++As library of:	file:///home/yanfenggao/tools/nvim-linux64/share/nvim/runtime/lua
[20:27:30.792][info] [#0:script/workspace/loading.lua:100]: Preload file at: file:///home/yanfenggao/tools/nvim-linux64/share/nvim/runtime/lua/vim/treesitter/_fold.lua , size = 14.430 KB
[20:27:30.799][info] [#0:script/workspace/loading.lua:112]: ++++As library of:	file:///home/yanfenggao/tools/nvim-linux64/share/nvim/runtime/lua
[20:27:30.799][info] [#0:script/workspace/loading.lua:100]: Preload file at: file:///home/yanfenggao/tools/nvim-linux64/share/nvim/runtime/lua/vim/treesitter/highlighter.lua , size = 11.807 KB
[20:27:30.805][info] [#0:script/workspace/loading.lua:112]: ++++As library of:	file:///home/yanfenggao/tools/nvim-linux64/share/nvim/runtime/lua
[20:27:30.805][info] [#0:script/workspace/loading.lua:100]: Preload file at: file:///home/yanfenggao/tools/nvim-linux64/share/nvim/runtime/lua/vim/_inspector.lua , size = 7.518 KB
[20:27:30.809][info] [#0:script/workspace/loading.lua:112]: ++++As library of:	file:///home/yanfenggao/tools/nvim-linux64/share/nvim/runtime/lua
[20:27:30.809][info] [#0:script/workspace/loading.lua:100]: Preload file at: file:///home/yanfenggao/tools/nvim-linux64/share/nvim/runtime/lua/vim/lsp/_meta.lua , size = 0.440 KB
[20:27:30.810][info] [#0:script/workspace/loading.lua:112]: ++++As library of:	file:///home/yanfenggao/tools/nvim-linux64/share/nvim/runtime/lua
[20:27:30.810][info] [#0:script/workspace/loading.lua:100]: Preload file at: file:///home/yanfenggao/tools/nvim-linux64/share/nvim/runtime/lua/vim/lsp/buf.lua , size = 32.057 KB
[20:27:30.824][info] [#0:script/workspace/loading.lua:112]: ++++As library of:	file:///home/yanfenggao/tools/nvim-linux64/share/nvim/runtime/lua
[20:27:30.826][info] [#0:script/workspace/loading.lua:100]: Preload file at: file:///home/yanfenggao/tools/nvim-linux64/share/nvim/runtime/lua/vim/lsp/client.lua , size = 38.034 KB
[20:27:30.844][info] [#0:script/workspace/loading.lua:112]: ++++As library of:	file:///home/yanfenggao/tools/nvim-linux64/share/nvim/runtime/lua
[20:27:30.844][info] [#0:script/workspace/loading.lua:100]: Preload file at: file:///home/yanfenggao/tools/nvim-linux64/share/nvim/runtime/lua/vim/lsp/completion.lua , size = 22.663 KB
[20:27:30.857][info] [#0:script/workspace/loading.lua:112]: ++++As library of:	file:///home/yanfenggao/tools/nvim-linux64/share/nvim/runtime/lua
[20:27:30.857][info] [#0:script/workspace/loading.lua:100]: Preload file at: file:///home/yanfenggao/tools/nvim-linux64/share/nvim/runtime/lua/vim/lsp/_snippet_grammar.lua , size = 6.179 KB
[20:27:30.861][info] [#0:script/workspace/loading.lua:112]: ++++As library of:	file:///home/yanfenggao/tools/nvim-linux64/share/nvim/runtime/lua
[20:27:30.861][info] [#0:script/workspace/loading.lua:100]: Preload file at: file:///home/yanfenggao/tools/nvim-linux64/share/nvim/runtime/lua/vim/lsp/codelens.lua , size = 9.336 KB
[20:27:30.867][info] [#0:script/workspace/loading.lua:112]: ++++As library of:	file:///home/yanfenggao/tools/nvim-linux64/share/nvim/runtime/lua
[20:27:30.867][info] [#0:script/workspace/loading.lua:100]: Preload file at: file:///home/yanfenggao/tools/nvim-linux64/share/nvim/runtime/lua/vim/lsp/handlers.lua , size = 26.850 KB
[20:27:30.880][info] [#0:script/workspace/loading.lua:112]: ++++As library of:	file:///home/yanfenggao/tools/nvim-linux64/share/nvim/runtime/lua
[20:27:30.880][info] [#0:script/workspace/loading.lua:100]: Preload file at: file:///home/yanfenggao/tools/nvim-linux64/share/nvim/runtime/lua/vim/lsp/_watchfiles.lua , size = 6.893 KB
[20:27:30.884][info] [#0:script/workspace/loading.lua:112]: ++++As library of:	file:///home/yanfenggao/tools/nvim-linux64/share/nvim/runtime/lua
[20:27:30.884][info] [#0:script/workspace/loading.lua:100]: Preload file at: file:///home/yanfenggao/tools/nvim-linux64/share/nvim/runtime/lua/vim/lsp/_meta/protocol.lua , size = 182.005 KB
[20:27:30.941][info] [#0:script/workspace/loading.lua:112]: ++++As library of:	file:///home/yanfenggao/tools/nvim-linux64/share/nvim/runtime/lua
[20:27:30.942][info] [#0:script/workspace/loading.lua:100]: Preload file at: file:///home/yanfenggao/tools/nvim-linux64/share/nvim/runtime/lua/vim/lsp/log.lua , size = 4.695 KB
[20:27:30.945][info] [#0:script/workspace/loading.lua:112]: ++++As library of:	file:///home/yanfenggao/tools/nvim-linux64/share/nvim/runtime/lua
[20:27:30.946][info] [#0:script/workspace/loading.lua:100]: Preload file at: file:///home/yanfenggao/tools/nvim-linux64/share/nvim/runtime/lua/vim/lsp/diagnostic.lua , size = 14.132 KB
[20:27:30.953][info] [#0:script/workspace/loading.lua:112]: ++++As library of:	file:///home/yanfenggao/tools/nvim-linux64/share/nvim/runtime/lua
[20:27:30.953][info] [#0:script/workspace/loading.lua:100]: Preload file at: file:///home/yanfenggao/tools/nvim-linux64/share/nvim/runtime/lua/vim/lsp/health.lua , size = 5.412 KB
[20:27:30.956][info] [#0:script/workspace/loading.lua:112]: ++++As library of:	file:///home/yanfenggao/tools/nvim-linux64/share/nvim/runtime/lua
[20:27:30.957][info] [#0:script/workspace/loading.lua:100]: Preload file at: file:///home/yanfenggao/tools/nvim-linux64/share/nvim/runtime/lua/vim/lsp/_tagfunc.lua , size = 2.787 KB
[20:27:30.959][info] [#0:script/workspace/loading.lua:112]: ++++As library of:	file:///home/yanfenggao/tools/nvim-linux64/share/nvim/runtime/lua
[20:27:30.959][info] [#0:script/workspace/loading.lua:100]: Preload file at: file:///home/yanfenggao/tools/nvim-linux64/share/nvim/runtime/lua/vim/lsp/rpc.lua , size = 26.228 KB
[20:27:30.972][info] [#0:script/workspace/loading.lua:112]: ++++As library of:	file:///home/yanfenggao/tools/nvim-linux64/share/nvim/runtime/lua
[20:27:30.972][info] [#0:script/workspace/loading.lua:100]: Preload file at: file:///home/yanfenggao/tools/nvim-linux64/share/nvim/runtime/lua/vim/lsp/protocol.lua , size = 36.793 KB
[20:27:30.980][info] [#0:script/workspace/loading.lua:112]: ++++As library of:	file:///home/yanfenggao/tools/nvim-linux64/share/nvim/runtime/lua
[20:27:30.981][info] [#0:script/workspace/loading.lua:100]: Preload file at: file:///home/yanfenggao/tools/nvim-linux64/share/nvim/runtime/lua/vim/lsp/_dynamic.lua , size = 2.922 KB
[20:27:30.983][info] [#0:script/workspace/loading.lua:112]: ++++As library of:	file:///home/yanfenggao/tools/nvim-linux64/share/nvim/runtime/lua
[20:27:30.984][info] [#0:script/workspace/loading.lua:100]: Preload file at: file:///home/yanfenggao/tools/nvim-linux64/share/nvim/runtime/lua/vim/lsp/inlay_hint.lua , size = 12.187 KB
[20:27:30.991][info] [#0:script/workspace/loading.lua:112]: ++++As library of:	file:///home/yanfenggao/tools/nvim-linux64/share/nvim/runtime/lua
[20:27:30.991][info] [#0:script/workspace/loading.lua:100]: Preload file at: file:///home/yanfenggao/tools/nvim-linux64/share/nvim/runtime/lua/vim/lsp/_changetracking.lua , size = 11.492 KB
[20:27:30.997][info] [#0:script/workspace/loading.lua:112]: ++++As library of:	file:///home/yanfenggao/tools/nvim-linux64/share/nvim/runtime/lua
[20:27:30.997][info] [#0:script/workspace/loading.lua:100]: Preload file at: file:///home/yanfenggao/tools/nvim-linux64/share/nvim/runtime/lua/vim/lsp/sync.lua , size = 16.744 KB
[20:27:31.003][info] [#0:script/workspace/loading.lua:112]: ++++As library of:	file:///home/yanfenggao/tools/nvim-linux64/share/nvim/runtime/lua
[20:27:31.003][info] [#0:script/workspace/loading.lua:100]: Preload file at: file:///home/yanfenggao/tools/nvim-linux64/share/nvim/runtime/lua/vim/lsp/util.lua , size = 75.569 KB
[20:27:31.042][info] [#0:script/workspace/loading.lua:112]: ++++As library of:	file:///home/yanfenggao/tools/nvim-linux64/share/nvim/runtime/lua
[20:27:31.043][info] [#0:script/workspace/loading.lua:100]: Preload file at: file:///home/yanfenggao/tools/nvim-linux64/share/nvim/runtime/lua/vim/lsp/semantic_tokens.lua , size = 26.599 KB
[20:27:31.055][info] [#0:script/workspace/loading.lua:112]: ++++As library of:	file:///home/yanfenggao/tools/nvim-linux64/share/nvim/runtime/lua
[20:27:31.055][info] [#0:script/workspace/loading.lua:100]: Preload file at: file:///home/yanfenggao/tools/nvim-linux64/share/nvim/runtime/lua/vim/ui.lua , size = 7.497 KB
[20:27:31.059][info] [#0:script/workspace/loading.lua:112]: ++++As library of:	file:///home/yanfenggao/tools/nvim-linux64/share/nvim/runtime/lua
[20:27:31.059][info] [#0:script/workspace/loading.lua:100]: Preload file at: file:///home/yanfenggao/tools/nvim-linux64/share/nvim/runtime/lua/vim/vimhelp.lua , size = 2.286 KB
[20:27:31.061][info] [#0:script/workspace/loading.lua:112]: ++++As library of:	file:///home/yanfenggao/tools/nvim-linux64/share/nvim/runtime/lua
[20:27:31.061][info] [#0:script/workspace/loading.lua:100]: Preload file at: file:///home/yanfenggao/tools/nvim-linux64/share/nvim/runtime/lua/coxpcall.lua , size = 3.451 KB
[20:27:31.063][info] [#0:script/workspace/loading.lua:112]: ++++As library of:	file:///home/yanfenggao/tools/nvim-linux64/share/nvim/runtime/lua
[20:27:31.063][info] [#0:script/workspace/loading.lua:100]: Preload file at: file:///home/yanfenggao/tools/nvim-linux64/share/nvim/runtime/lua/tohtml.lua , size = 43.129 KB
[20:27:31.090][info] [#0:script/workspace/loading.lua:112]: ++++As library of:	file:///home/yanfenggao/tools/nvim-linux64/share/nvim/runtime/lua
[20:27:31.090][info] [#0:script/workspace/loading.lua:100]: Preload file at: file:///home/yanfenggao/.local/share/nvim/lazy/nvim-cmp/plugin/cmp.lua , size = 2.530 KB
[20:27:31.091][info] [#0:script/workspace/loading.lua:172]: Loaded files takes [1.616] sec: file:///home/yanfenggao/.local/share/nvim/lazy/nvim-cmp
[20:27:31.091][info] [#0:script/workspace/loading.lua:181]: Compile files takes [0.000] sec: file:///home/yanfenggao/.local/share/nvim/lazy/nvim-cmp
[20:27:31.091][info] [#0:script/workspace/loading.lua:182]: Loaded finish:	file:///home/yanfenggao/.local/share/nvim/lazy/nvim-cmp
[20:27:31.091][info] [#0:script/workspace/workspace.lua:381]: Preload finish at:	file:///home/yanfenggao/.local/share/nvim/lazy/nvim-cmp
[20:27:31.124][info] [#0:script/provider/diagnostic.lua:560]: Diagnostics scope [file:///home/yanfenggao/.local/share/nvim/lazy/nvim-cmp], files count:[193]
[20:27:31.126][warn] [#0:script/proto/proto.lua:189]: Method [textDocument/didOpen] takes [1.765]sec. {
  jsonrpc = "2.0",
  method = "textDocument/didOpen",
  params = {
    textDocument = {
      languageId = "lua",
      text = '"***"',
      uri = "file:///home/yanfenggao/.local/share/nvim/lazy/nvim-cmp/lua/cmp/utils/keymap.lua",
      version = 0
    }
  }
}
[20:27:31.127][warn] [#0:script/proto/proto.lua:189]: Method [textDocument/documentHighlight] takes [1.692]sec. {
  id = 12,
  jsonrpc = "2.0",
  method = "textDocument/documentHighlight",
  params = {
    position = {
      character = 0,
      line = 132
    },
    textDocument = {
      uri = "file:///home/yanfenggao/.local/share/nvim/lazy/nvim-cmp/lua/cmp/utils/keymap.lua"
    }
  }
}
[20:27:31.240][warn] [#0:script/vm/global.lua:71]: global-manager getSets costs	0.109036	number
[20:27:31.352][warn] [#0:script/proto/proto.lua:189]: Method [textDocument/semanticTokens/full] takes [1.912]sec. {
  id = 10,
  jsonrpc = "2.0",
  method = "textDocument/semanticTokens/full",
  params = {
    textDocument = {
      uri = "file:///home/yanfenggao/.local/share/nvim/lazy/nvim-cmp/lua/cmp/utils/keymap.lua"
    }
  }
}
[20:27:31.414][warn] [#0:script/proto/proto.lua:189]: Method [textDocument/inlayHint] takes [1.949]sec. {
  id = 7,
  jsonrpc = "2.0",
  method = "textDocument/inlayHint",
  params = {
    range = {
      end = {
        character = 0,
        line = 279
      },
      start = {
        character = 0,
        line = 0
      }
    },
    textDocument = {
      uri = "file:///home/yanfenggao/.local/share/nvim/lazy/nvim-cmp/lua/cmp/utils/keymap.lua"
    }
  }
}
[20:27:31.415][warn] [#0:script/proto/proto.lua:189]: Method [textDocument/inlayHint] takes [1.949]sec. {
  id = 9,
  jsonrpc = "2.0",
  method = "textDocument/inlayHint",
  params = {
    range = {
      end = {
        character = 0,
        line = 279
      },
      start = {
        character = 0,
        line = 0
      }
    },
    textDocument = {
      uri = "file:///home/yanfenggao/.local/share/nvim/lazy/nvim-cmp/lua/cmp/utils/keymap.lua"
    }
  }
}
[20:27:31.416][warn] [#0:script/proto/proto.lua:189]: Method [textDocument/inlayHint] takes [1.950]sec. {
  id = 11,
  jsonrpc = "2.0",
  method = "textDocument/inlayHint",
  params = {
    range = {
      end = {
        character = 0,
        line = 279
      },
      start = {
        character = 0,
        line = 0
      }
    },
    textDocument = {
      uri = "file:///home/yanfenggao/.local/share/nvim/lazy/nvim-cmp/lua/cmp/utils/keymap.lua"
    }
  }
}
[20:27:31.439][warn] [#0:script/proto/proto.lua:189]: Method [textDocument/documentSymbol] takes [2.037]sec. {
  id = 5,
  jsonrpc = "2.0",
  method = "textDocument/documentSymbol",
  params = {
    textDocument = {
      uri = "file:///home/yanfenggao/.local/share/nvim/lazy/nvim-cmp/lua/cmp/utils/keymap.lua"
    }
  }
}
[20:27:31.692][info] [#0:script/provider/diagnostic.lua:577]: Diagnostics scope [file:///home/yanfenggao/.local/share/nvim/lazy/nvim-cmp] finished, takes [0.443] sec.
[20:28:17.465][info] [#0:script/provider/provider.lua:173]: Server shutdown.
[20:28:17.566][warn] [#0:script/pub/report.lua:24]: Load proto error:	Disconnected!
