[10:54:03.240][info] [#0:/home/yanfenggao/.local/share/nvim/mason/packages/lua-language-server/libexec/main.lua:68]: Lua Lsp startup, root: 	/home/yanfenggao/.local/share/nvim/mason/packages/lua-language-server/libexec
[10:54:03.241][info] [#0:/home/yanfenggao/.local/share/nvim/mason/packages/lua-language-server/libexec/main.lua:69]: ROOT:	/home/yanfenggao/.local/share/nvim/mason/packages/lua-language-server/libexec
[10:54:03.241][info] [#0:/home/yanfenggao/.local/share/nvim/mason/packages/lua-language-server/libexec/main.lua:70]: LOGPATH:	/home/yanfenggao/.local/share/nvim/mason/packages/lua-language-server/libexec/log
[10:54:03.241][info] [#0:/home/yanfenggao/.local/share/nvim/mason/packages/lua-language-server/libexec/main.lua:71]: METAPATH:	/home/yanfenggao/.local/share/nvim/mason/packages/lua-language-server/libexec/meta
[10:54:03.241][info] [#0:/home/yanfenggao/.local/share/nvim/mason/packages/lua-language-server/libexec/main.lua:72]: VERSION:	3.11.1
[10:54:03.308][info] [#0:script/proto/proto.lua:260]: Listen Mode: stdio
[10:54:03.308][info] [#0:script/service/service.lua:145]: 
========= Medical Examination Report =========
    --------------- Memory ---------------
        Total: 2.246 MB
        # 00 : 2.246 MB
        # 01 : 0.000 MB
        # 02 : 0.000 MB
        # 03 : 0.000 MB
        # 04 : 0.000 MB
    --------------- Coroutine ---------------
        Total:     0
        Running:   0
        Suspended: 0
        Normal:    0
        Dead:      0
    --------------- Cache ---------------
        Total: 1
        Dead:  0
    ---------------  RPC  ---------------
        Holdon:   0
        Waiting:  0
==============================================
[10:54:03.421][info] [#0:script/client.lua:657]: Client init	{
  capabilities = {
    general = {
      positionEncodings = { "utf-16" }
    },
    textDocument = {
      callHierarchy = {
        dynamicRegistration = false
      },
      codeAction = {
        codeActionLiteralSupport = {
          codeActionKind = {
            valueSet = { "", "quickfix", "refactor", "refactor.extract", "refactor.inline", "refactor.rewrite", "source", "source.organizeImports" }
          }
        },
        dataSupport = true,
        dynamicRegistration = true,
        isPreferredSupport = true,
        resolveSupport = {
          properties = { "edit" }
        }
      },
      codeLens = {
        dynamicRegistration = false,
        resolveSupport = {
          properties = { "command" }
        }
      },
      completion = {
        completionItem = {
          commitCharactersSupport = true,
          deprecatedSupport = true,
          documentationFormat = { "markdown", "plaintext" },
          insertReplaceSupport = true,
          insertTextModeSupport = {
            valueSet = { 1, 2 }
          },
          labelDetailsSupport = true,
          preselectSupport = true,
          resolveSupport = {
            properties = { "documentation", "detail", "additionalTextEdits", "sortText", "filterText", "insertText", "textEdit", "insertTextFormat", "insertTextMode" }
          },
          snippetSupport = true,
          tagSupport = {
            valueSet = { 1 }
          }
        },
        completionItemKind = {
          valueSet = { 1, 2, 3, 4, 5, 6, 7, 8, 9, 10, 11, 12, 13, 14, 15, 16, 17, 18, 19, 20, 21, 22, 23, 24, 25 }
        },
        completionList = {
          itemDefaults = { "commitCharacters", "editRange", "insertTextFormat", "insertTextMode", "data" }
        },
        contextSupport = true,
        dynamicRegistration = false,
        insertTextMode = 1
      },
      declaration = {
        linkSupport = true
      },
      definition = {
        dynamicRegistration = true,
        linkSupport = true
      },
      diagnostic = {
        dynamicRegistration = false
      },
      documentHighlight = {
        dynamicRegistration = false
      },
      documentSymbol = {
        dynamicRegistration = false,
        hierarchicalDocumentSymbolSupport = true,
        symbolKind = {
          valueSet = { 1, 2, 3, 4, 5, 6, 7, 8, 9, 10, 11, 12, 13, 14, 15, 16, 17, 18, 19, 20, 21, 22, 23, 24, 25, 26 }
        }
      },
      formatting = {
        dynamicRegistration = true
      },
      hover = {
        contentFormat = { "markdown", "plaintext" },
        dynamicRegistration = true
      },
      implementation = {
        linkSupport = true
      },
      inlayHint = {
        dynamicRegistration = true,
        resolveSupport = {
          properties = { "textEdits", "tooltip", "location", "command" }
        }
      },
      publishDiagnostics = {
        dataSupport = true,
        relatedInformation = true,
        tagSupport = {
          valueSet = { 1, 2 }
        }
      },
      rangeFormatting = {
        dynamicRegistration = true,
        rangesSupport = true
      },
      references = {
        dynamicRegistration = false
      },
      rename = {
        dynamicRegistration = true,
        prepareSupport = true
      },
      semanticTokens = {
        augmentsSyntaxTokens = true,
        dynamicRegistration = false,
        formats = { "relative" },
        multilineTokenSupport = false,
        overlappingTokenSupport = true,
        requests = {
          full = {
            delta = true
          },
          range = false
        },
        serverCancelSupport = false,
        tokenModifiers = { "declaration", "definition", "readonly", "static", "deprecated", "abstract", "async", "modification", "documentation", "defaultLibrary" },
        tokenTypes = { "namespace", "type", "class", "enum", "interface", "struct", "typeParameter", "parameter", "variable", "property", "enumMember", "event", "function", "method", "macro", "keyword", "modifier", "comment", "string", "number", "regexp", "operator", "decorator" }
      },
      signatureHelp = {
        dynamicRegistration = false,
        signatureInformation = {
          activeParameterSupport = true,
          documentationFormat = { "markdown", "plaintext" },
          parameterInformation = {
            labelOffsetSupport = true
          }
        }
      },
      synchronization = {
        didSave = true,
        dynamicRegistration = false,
        willSave = true,
        willSaveWaitUntil = true
      },
      typeDefinition = {
        linkSupport = true
      }
    },
    window = {
      showDocument = {
        support = true
      },
      showMessage = {
        messageActionItem = {
          additionalPropertiesSupport = true
        }
      },
      workDoneProgress = true
    },
    workspace = {
      applyEdit = true,
      configuration = true,
      didChangeConfiguration = {
        dynamicRegistration = false
      },
      didChangeWatchedFiles = {
        dynamicRegistration = false,
        relativePatternSupport = true
      },
      fileOperations = {
        didRename = true,
        willRename = true
      },
      inlayHint = {
        refreshSupport = true
      },
      semanticTokens = {
        refreshSupport = true
      },
      symbol = {
        dynamicRegistration = false,
        symbolKind = {
          valueSet = { 1, 2, 3, 4, 5, 6, 7, 8, 9, 10, 11, 12, 13, 14, 15, 16, 17, 18, 19, 20, 21, 22, 23, 24, 25, 26 }
        }
      },
      workspaceEdit = {
        resourceOperations = { "rename", "create", "delete" }
      },
      workspaceFolders = true
    }
  },
  clientInfo = {
    name = "Neovim",
    version = "0.11.0-dev+gfae4d3fa1"
  },
  initializationOptions = {},
  processId = 103709,
  rootPath = "/home/yanfenggao/.local/share/nvim/depends/nvim-ufo",
  rootUri = "file:///home/yanfenggao/.local/share/nvim/depends/nvim-ufo",
  trace = "off",
  workDoneToken = "1",
  workspaceFolders = { {
      name = "/home/yanfenggao/.local/share/nvim/depends/nvim-ufo",
      uri = "file:///home/yanfenggao/.local/share/nvim/depends/nvim-ufo"
    } }
}
[10:54:03.422][info] [#0:script/language.lua:137]: VSC language: nil
[10:54:03.422][info] [#0:script/language.lua:138]: LS  language: en-us
[10:54:03.422][info] [#0:script/workspace/workspace.lua:38]: Workspace init root: 	file:///home/yanfenggao/.local/share/nvim/depends/nvim-ufo
[10:54:03.422][info] [#0:script/workspace/workspace.lua:42]: Log path: 	/home/yanfenggao/.local/share/nvim/mason/packages/lua-language-server/libexec/log/file_home_yanfenggao_.local_share_nvim_depends_nvim-ufo.log
[10:54:03.423][info] [#0:script/workspace/workspace.lua:48]: Workspace create: 	file:///home/yanfenggao/.local/share/nvim/depends/nvim-ufo
[10:54:03.828][info] [#0:script/provider/provider.lua:48]: Load config from client	file:///home/yanfenggao/.local/share/nvim/depends/nvim-ufo
[10:54:03.828][info] [#0:script/provider/provider.lua:49]: {
  Lua = {
    codeLens = {
      enable = true
    },
    completion = {
      callSnippet = "Replace"
    },
    doc = {
      privateName = { "^_" }
    },
    hint = {
      arrayIndex = "Disable",
      enable = true,
      paramName = "Disable",
      paramType = true,
      semicolon = "Disable",
      setType = false
    },
    runtime = {
      path = { "?.lua", "?/init.lua" },
      pathStrict = true,
      version = "LuaJIT"
    },
    workspace = {
      checkThirdParty = false,
      ignoreDir = { "/lua" },
      library = { "/home/yanfenggao/tools/nvim-linux64/share/nvim/runtime/lua", "/home/yanfenggao/.local/share/nvim/depends/nvim-ufo/lua" }
    }
  }
}
[10:54:03.829][info] [#0:script/provider/provider.lua:55]: Load config from .luarc.json/.luarc.jsonc	file:///home/yanfenggao/.local/share/nvim/depends/nvim-ufo
[10:54:03.829][info] [#0:script/provider/provider.lua:56]: {
  ["$schema"] = "https://raw.githubusercontent.com/sumneko/vscode-lua/master/setting/schema.json",
  ["completion.callSnippet"] = "Replace",
  ["completion.displayContext"] = 50,
  ["completion.keywordSnippet"] = "Disable",
  ["completion.postfix"] = ".",
  ["diagnostics.disable"] = { "different-requires", "param-type-mismatch", "assign-type-mismatch" },
  ["diagnostics.globals"] = { "jit", "it", "describe", "before_each", "after_each", "setup", "teardown" },
  ["diagnostics.libraryFiles"] = "Disable",
  ["runtime.version"] = "LuaJIT",
  ["type.castNumberToInteger"] = true,
  ["type.weakUnionCheck"] = true,
  ["workspace.library"] = { "$VIM/runtime/lua", "$VIM/site/pack/packer/start/promise-async/typings" }
}
[10:54:03.830][info] [#0:script/provider/provider.lua:48]: Load config from client	file:///home/yanfenggao/.local/share/nvim/depends/nvim-ufo
[10:54:03.830][info] [#0:script/provider/provider.lua:49]: {
  Lua = {
    codeLens = {
      enable = true
    },
    completion = {
      callSnippet = "Replace"
    },
    doc = {
      privateName = { "^_" }
    },
    hint = {
      arrayIndex = "Disable",
      enable = true,
      paramName = "Disable",
      paramType = true,
      semicolon = "Disable",
      setType = false
    },
    runtime = {
      path = { "?.lua", "?/init.lua" },
      pathStrict = true,
      version = "LuaJIT"
    },
    workspace = {
      checkThirdParty = false,
      ignoreDir = { "/lua" },
      library = { "/home/yanfenggao/tools/nvim-linux64/share/nvim/runtime/lua", "/home/yanfenggao/.local/share/nvim/depends/nvim-ufo/lua" }
    }
  }
}
[10:54:03.830][info] [#0:script/provider/provider.lua:55]: Load config from .luarc.json/.luarc.jsonc	file:///home/yanfenggao/.local/share/nvim/depends/nvim-ufo
[10:54:03.831][info] [#0:script/provider/provider.lua:56]: {
  ["$schema"] = "https://raw.githubusercontent.com/sumneko/vscode-lua/master/setting/schema.json",
  ["completion.callSnippet"] = "Replace",
  ["completion.displayContext"] = 50,
  ["completion.keywordSnippet"] = "Disable",
  ["completion.postfix"] = ".",
  ["diagnostics.disable"] = { "different-requires", "param-type-mismatch", "assign-type-mismatch" },
  ["diagnostics.globals"] = { "jit", "it", "describe", "before_each", "after_each", "setup", "teardown" },
  ["diagnostics.libraryFiles"] = "Disable",
  ["runtime.version"] = "LuaJIT",
  ["type.castNumberToInteger"] = true,
  ["type.weakUnionCheck"] = true,
  ["workspace.library"] = { "$VIM/runtime/lua", "$VIM/site/pack/packer/start/promise-async/typings" }
}
[10:54:03.831][info] [#0:script/provider/provider.lua:48]: Load config from client	file:///home/yanfenggao/.local/share/nvim/depends/nvim-ufo
[10:54:03.832][info] [#0:script/provider/provider.lua:49]: {
  Lua = {
    codeLens = {
      enable = true
    },
    completion = {
      callSnippet = "Replace"
    },
    doc = {
      privateName = { "^_" }
    },
    hint = {
      arrayIndex = "Disable",
      enable = true,
      paramName = "Disable",
      paramType = true,
      semicolon = "Disable",
      setType = false
    },
    runtime = {
      path = { "?.lua", "?/init.lua" },
      pathStrict = true,
      version = "LuaJIT"
    },
    workspace = {
      checkThirdParty = false,
      ignoreDir = { "/lua" },
      library = { "/home/yanfenggao/tools/nvim-linux64/share/nvim/runtime/lua", "/home/yanfenggao/.local/share/nvim/depends/nvim-ufo/lua" }
    }
  }
}
[10:54:03.832][info] [#0:script/provider/provider.lua:55]: Load config from .luarc.json/.luarc.jsonc	file:///home/yanfenggao/.local/share/nvim/depends/nvim-ufo
[10:54:03.832][info] [#0:script/provider/provider.lua:56]: {
  ["$schema"] = "https://raw.githubusercontent.com/sumneko/vscode-lua/master/setting/schema.json",
  ["completion.callSnippet"] = "Replace",
  ["completion.displayContext"] = 50,
  ["completion.keywordSnippet"] = "Disable",
  ["completion.postfix"] = ".",
  ["diagnostics.disable"] = { "different-requires", "param-type-mismatch", "assign-type-mismatch" },
  ["diagnostics.globals"] = { "jit", "it", "describe", "before_each", "after_each", "setup", "teardown" },
  ["diagnostics.libraryFiles"] = "Disable",
  ["runtime.version"] = "LuaJIT",
  ["type.castNumberToInteger"] = true,
  ["type.weakUnionCheck"] = true,
  ["workspace.library"] = { "$VIM/runtime/lua", "$VIM/site/pack/packer/start/promise-async/typings" }
}
[10:54:03.833][warn] [#0:script/config/loader.lua:116]: No config?	{}
[10:54:03.833][info] [#0:script/provider/provider.lua:64]: Load config from client	fallback
[10:54:03.833][info] [#0:script/provider/provider.lua:65]: nil
[10:54:03.833][warn] [#0:script/config/loader.lua:116]: No config?	{}
[10:54:03.833][info] [#0:script/provider/provider.lua:64]: Load config from client	fallback
[10:54:03.833][info] [#0:script/provider/provider.lua:65]: nil
[10:54:03.833][warn] [#0:script/config/loader.lua:116]: No config?	{}
[10:54:03.833][info] [#0:script/provider/provider.lua:64]: Load config from client	fallback
[10:54:03.833][info] [#0:script/provider/provider.lua:65]: nil
[10:54:03.962][info] [#0:script/library.lua:212]: Init builtin library at:	file:///home/yanfenggao/.local/share/nvim/depends/nvim-ufo
[10:54:04.257][info] [#0:script/library.lua:212]: Init builtin library at:	nil
[10:54:04.466][info] [#0:script/workspace/workspace.lua:324]: Preload start:	file:///home/yanfenggao/.local/share/nvim/depends/nvim-ufo
[10:54:04.479][info] [#0:script/workspace/workspace.lua:330]: Scan files at:	file:///home/yanfenggao/.local/share/nvim/depends/nvim-ufo
[10:54:04.483][info] [#0:script/workspace/workspace.lua:324]: Preload start:	<fallback>
[10:54:04.487][info] [#0:script/workspace/workspace.lua:353]: Scan library at:	file:///home/yanfenggao/.local/share/nvim/mason/packages/lua-language-server/libexec/meta/Lua%205.4%20en-us%20utf8/table.lua
[10:54:04.487][info] [#0:script/workspace/workspace.lua:353]: Scan library at:	file:///home/yanfenggao/.local/share/nvim/mason/packages/lua-language-server/libexec/meta/Lua%205.4%20en-us%20utf8/utf8.lua
[10:54:04.488][info] [#0:script/workspace/workspace.lua:353]: Scan library at:	file:///home/yanfenggao/.local/share/nvim/mason/packages/lua-language-server/libexec/meta/Lua%205.4%20en-us%20utf8/io.lua
[10:54:04.488][info] [#0:script/workspace/workspace.lua:353]: Scan library at:	file:///home/yanfenggao/.local/share/nvim/mason/packages/lua-language-server/libexec/meta/Lua%205.4%20en-us%20utf8/builtin.lua
[10:54:04.488][info] [#0:script/workspace/workspace.lua:353]: Scan library at:	file:///home/yanfenggao/.local/share/nvim/mason/packages/lua-language-server/libexec/meta/Lua%205.4%20en-us%20utf8/string.lua
[10:54:04.489][info] [#0:script/workspace/workspace.lua:353]: Scan library at:	file:///home/yanfenggao/.local/share/nvim/mason/packages/lua-language-server/libexec/meta/Lua%205.4%20en-us%20utf8/basic.lua
[10:54:04.489][info] [#0:script/workspace/workspace.lua:353]: Scan library at:	file:///home/yanfenggao/.local/share/nvim/mason/packages/lua-language-server/libexec/meta/Lua%205.4%20en-us%20utf8/math.lua
[10:54:04.490][info] [#0:script/workspace/workspace.lua:353]: Scan library at:	file:///home/yanfenggao/.local/share/nvim/mason/packages/lua-language-server/libexec/meta/Lua%205.4%20en-us%20utf8/package.lua
[10:54:04.490][info] [#0:script/workspace/workspace.lua:353]: Scan library at:	file:///home/yanfenggao/.local/share/nvim/mason/packages/lua-language-server/libexec/meta/Lua%205.4%20en-us%20utf8/debug.lua
[10:54:04.490][info] [#0:script/workspace/workspace.lua:353]: Scan library at:	file:///home/yanfenggao/.local/share/nvim/mason/packages/lua-language-server/libexec/meta/Lua%205.4%20en-us%20utf8/coroutine.lua
[10:54:04.491][info] [#0:script/workspace/workspace.lua:353]: Scan library at:	file:///home/yanfenggao/.local/share/nvim/mason/packages/lua-language-server/libexec/meta/Lua%205.4%20en-us%20utf8/os.lua
[10:54:04.492][info] [#0:script/workspace/workspace.lua:353]: Scan library at:	file:///home/yanfenggao/tools/nvim-linux64/share/nvim/runtime/lua
[10:54:04.511][info] [#0:script/workspace/workspace.lua:353]: Scan library at:	file:///home/yanfenggao/.local/share/nvim/mason/packages/lua-language-server/libexec/meta/LuaJIT%20en-us%20utf8/math.lua
[10:54:04.512][info] [#0:script/workspace/workspace.lua:353]: Scan library at:	file:///home/yanfenggao/.local/share/nvim/mason/packages/lua-language-server/libexec/meta/LuaJIT%20en-us%20utf8/debug.lua
[10:54:04.512][info] [#0:script/workspace/workspace.lua:353]: Scan library at:	file:///home/yanfenggao/.local/share/nvim/mason/packages/lua-language-server/libexec/meta/LuaJIT%20en-us%20utf8/io.lua
[10:54:04.512][info] [#0:script/workspace/workspace.lua:353]: Scan library at:	file:///home/yanfenggao/.local/share/nvim/mason/packages/lua-language-server/libexec/meta/LuaJIT%20en-us%20utf8/jit.lua
[10:54:04.512][info] [#0:script/workspace/workspace.lua:353]: Scan library at:	file:///home/yanfenggao/.local/share/nvim/mason/packages/lua-language-server/libexec/meta/LuaJIT%20en-us%20utf8/coroutine.lua
[10:54:04.512][info] [#0:script/workspace/workspace.lua:353]: Scan library at:	file:///home/yanfenggao/.local/share/nvim/mason/packages/lua-language-server/libexec/meta/LuaJIT%20en-us%20utf8/string/buffer.lua
[10:54:04.513][info] [#0:script/workspace/workspace.lua:353]: Scan library at:	file:///home/yanfenggao/.local/share/nvim/mason/packages/lua-language-server/libexec/meta/LuaJIT%20en-us%20utf8/builtin.lua
[10:54:04.513][info] [#0:script/workspace/workspace.lua:353]: Scan library at:	file:///home/yanfenggao/.local/share/nvim/mason/packages/lua-language-server/libexec/meta/LuaJIT%20en-us%20utf8/jit/profile.lua
[10:54:04.513][info] [#0:script/workspace/workspace.lua:353]: Scan library at:	file:///home/yanfenggao/.local/share/nvim/mason/packages/lua-language-server/libexec/meta/LuaJIT%20en-us%20utf8/ffi.lua
[10:54:04.514][info] [#0:script/workspace/workspace.lua:353]: Scan library at:	file:///home/yanfenggao/.local/share/nvim/mason/packages/lua-language-server/libexec/meta/LuaJIT%20en-us%20utf8/table.lua
[10:54:04.514][info] [#0:script/workspace/workspace.lua:353]: Scan library at:	file:///home/yanfenggao/.local/share/nvim/mason/packages/lua-language-server/libexec/meta/LuaJIT%20en-us%20utf8/jit/util.lua
[10:54:04.514][info] [#0:script/workspace/workspace.lua:353]: Scan library at:	file:///home/yanfenggao/.local/share/nvim/mason/packages/lua-language-server/libexec/meta/LuaJIT%20en-us%20utf8/bit.lua
[10:54:04.514][info] [#0:script/workspace/workspace.lua:353]: Scan library at:	file:///home/yanfenggao/.local/share/nvim/mason/packages/lua-language-server/libexec/meta/LuaJIT%20en-us%20utf8/table/new.lua
[10:54:04.514][info] [#0:script/workspace/workspace.lua:353]: Scan library at:	file:///home/yanfenggao/.local/share/nvim/mason/packages/lua-language-server/libexec/meta/LuaJIT%20en-us%20utf8/string.lua
[10:54:04.514][info] [#0:script/workspace/workspace.lua:353]: Scan library at:	file:///home/yanfenggao/.local/share/nvim/mason/packages/lua-language-server/libexec/meta/LuaJIT%20en-us%20utf8/package.lua
[10:54:04.515][info] [#0:script/workspace/workspace.lua:353]: Scan library at:	file:///home/yanfenggao/.local/share/nvim/mason/packages/lua-language-server/libexec/meta/LuaJIT%20en-us%20utf8/os.lua
[10:54:04.515][info] [#0:script/workspace/workspace.lua:353]: Scan library at:	file:///home/yanfenggao/.local/share/nvim/mason/packages/lua-language-server/libexec/meta/LuaJIT%20en-us%20utf8/basic.lua
[10:54:04.515][info] [#0:script/workspace/workspace.lua:353]: Scan library at:	file:///home/yanfenggao/.local/share/nvim/mason/packages/lua-language-server/libexec/meta/LuaJIT%20en-us%20utf8/table/clear.lua
[10:54:04.615][info] [#0:script/workspace/workspace.lua:379]: Found 11 files at:	<fallback>
[10:54:04.615][info] [#0:script/workspace/loading.lua:160]: Load files from disk:	<fallback>
[10:54:04.615][info] [#0:script/workspace/workspace.lua:379]: Found 137 files at:	file:///home/yanfenggao/.local/share/nvim/depends/nvim-ufo
[10:54:04.615][info] [#0:script/workspace/loading.lua:160]: Load files from disk:	file:///home/yanfenggao/.local/share/nvim/depends/nvim-ufo
[10:54:04.618][info] [#0:script/workspace/loading.lua:100]: Preload file at: file:///home/yanfenggao/.local/share/nvim/mason/packages/lua-language-server/libexec/meta/Lua%205.4%20en-us%20utf8/os.lua , size = 5.600 KB
[10:54:04.628][info] [#0:script/workspace/loading.lua:112]: ++++As library of:	file:///home/yanfenggao/.local/share/nvim/mason/packages/lua-language-server/libexec/meta/Lua%205.4%20en-us%20utf8/os.lua
[10:54:04.628][info] [#0:script/workspace/loading.lua:100]: Preload file at: file:///home/yanfenggao/.local/share/nvim/mason/packages/lua-language-server/libexec/meta/LuaJIT%20en-us%20utf8/table/clear.lua , size = 0.797 KB
[10:54:04.633][info] [#0:script/workspace/loading.lua:112]: ++++As library of:	file:///home/yanfenggao/.local/share/nvim/mason/packages/lua-language-server/libexec/meta/LuaJIT%20en-us%20utf8/table/clear.lua
[10:54:04.633][info] [#0:script/workspace/loading.lua:100]: Preload file at: file:///home/yanfenggao/.local/share/nvim/mason/packages/lua-language-server/libexec/meta/Lua%205.4%20en-us%20utf8/coroutine.lua , size = 2.590 KB
[10:54:04.636][info] [#0:script/workspace/loading.lua:112]: ++++As library of:	file:///home/yanfenggao/.local/share/nvim/mason/packages/lua-language-server/libexec/meta/Lua%205.4%20en-us%20utf8/coroutine.lua
[10:54:04.636][info] [#0:script/workspace/loading.lua:100]: Preload file at: file:///home/yanfenggao/.local/share/nvim/mason/packages/lua-language-server/libexec/meta/Lua%205.4%20en-us%20utf8/debug.lua , size = 7.637 KB
[10:54:04.644][info] [#0:script/workspace/loading.lua:112]: ++++As library of:	file:///home/yanfenggao/.local/share/nvim/mason/packages/lua-language-server/libexec/meta/Lua%205.4%20en-us%20utf8/debug.lua
[10:54:04.644][info] [#0:script/workspace/loading.lua:100]: Preload file at: file:///home/yanfenggao/.local/share/nvim/mason/packages/lua-language-server/libexec/meta/LuaJIT%20en-us%20utf8/basic.lua , size = 15.233 KB
[10:54:04.655][info] [#0:script/workspace/loading.lua:112]: ++++As library of:	file:///home/yanfenggao/.local/share/nvim/mason/packages/lua-language-server/libexec/meta/LuaJIT%20en-us%20utf8/basic.lua
[10:54:04.655][info] [#0:script/workspace/loading.lua:100]: Preload file at: file:///home/yanfenggao/.local/share/nvim/mason/packages/lua-language-server/libexec/meta/LuaJIT%20en-us%20utf8/os.lua , size = 5.600 KB
[10:54:04.658][info] [#0:script/workspace/loading.lua:112]: ++++As library of:	file:///home/yanfenggao/.local/share/nvim/mason/packages/lua-language-server/libexec/meta/LuaJIT%20en-us%20utf8/os.lua
[10:54:04.658][info] [#0:script/workspace/loading.lua:100]: Preload file at: file:///home/yanfenggao/.local/share/nvim/mason/packages/lua-language-server/libexec/meta/Lua%205.4%20en-us%20utf8/package.lua , size = 2.944 KB
[10:54:04.660][info] [#0:script/workspace/loading.lua:112]: ++++As library of:	file:///home/yanfenggao/.local/share/nvim/mason/packages/lua-language-server/libexec/meta/Lua%205.4%20en-us%20utf8/package.lua
[10:54:04.660][info] [#0:script/workspace/loading.lua:100]: Preload file at: file:///home/yanfenggao/.local/share/nvim/mason/packages/lua-language-server/libexec/meta/LuaJIT%20en-us%20utf8/package.lua , size = 2.699 KB
[10:54:04.661][info] [#0:script/workspace/loading.lua:112]: ++++As library of:	file:///home/yanfenggao/.local/share/nvim/mason/packages/lua-language-server/libexec/meta/LuaJIT%20en-us%20utf8/package.lua
[10:54:04.661][info] [#0:script/workspace/loading.lua:100]: Preload file at: file:///home/yanfenggao/.local/share/nvim/mason/packages/lua-language-server/libexec/meta/Lua%205.4%20en-us%20utf8/math.lua , size = 8.509 KB
[10:54:04.666][info] [#0:script/workspace/loading.lua:112]: ++++As library of:	file:///home/yanfenggao/.local/share/nvim/mason/packages/lua-language-server/libexec/meta/Lua%205.4%20en-us%20utf8/math.lua
[10:54:04.666][info] [#0:script/workspace/loading.lua:100]: Preload file at: file:///home/yanfenggao/.local/share/nvim/mason/packages/lua-language-server/libexec/meta/LuaJIT%20en-us%20utf8/string.lua , size = 6.310 KB
[10:54:04.672][info] [#0:script/workspace/loading.lua:112]: ++++As library of:	file:///home/yanfenggao/.local/share/nvim/mason/packages/lua-language-server/libexec/meta/LuaJIT%20en-us%20utf8/string.lua
[10:54:04.672][info] [#0:script/workspace/loading.lua:100]: Preload file at: file:///home/yanfenggao/.local/share/nvim/mason/packages/lua-language-server/libexec/meta/LuaJIT%20en-us%20utf8/table/new.lua , size = 0.642 KB
[10:54:04.672][info] [#0:script/workspace/loading.lua:112]: ++++As library of:	file:///home/yanfenggao/.local/share/nvim/mason/packages/lua-language-server/libexec/meta/LuaJIT%20en-us%20utf8/table/new.lua
[10:54:04.672][info] [#0:script/workspace/loading.lua:100]: Preload file at: file:///home/yanfenggao/.local/share/nvim/mason/packages/lua-language-server/libexec/meta/Lua%205.4%20en-us%20utf8/basic.lua , size = 15.621 KB
[10:54:04.680][info] [#0:script/workspace/loading.lua:112]: ++++As library of:	file:///home/yanfenggao/.local/share/nvim/mason/packages/lua-language-server/libexec/meta/Lua%205.4%20en-us%20utf8/basic.lua
[10:54:04.680][info] [#0:script/workspace/loading.lua:100]: Preload file at: file:///home/yanfenggao/.local/share/nvim/mason/packages/lua-language-server/libexec/meta/Lua%205.4%20en-us%20utf8/string.lua , size = 6.327 KB
[10:54:04.683][info] [#0:script/workspace/loading.lua:112]: ++++As library of:	file:///home/yanfenggao/.local/share/nvim/mason/packages/lua-language-server/libexec/meta/Lua%205.4%20en-us%20utf8/string.lua
[10:54:04.683][info] [#0:script/workspace/loading.lua:100]: Preload file at: file:///home/yanfenggao/.local/share/nvim/mason/packages/lua-language-server/libexec/meta/LuaJIT%20en-us%20utf8/bit.lua , size = 1.319 KB
[10:54:04.685][info] [#0:script/workspace/loading.lua:112]: ++++As library of:	file:///home/yanfenggao/.local/share/nvim/mason/packages/lua-language-server/libexec/meta/LuaJIT%20en-us%20utf8/bit.lua
[10:54:04.685][info] [#0:script/workspace/loading.lua:100]: Preload file at: file:///home/yanfenggao/.local/share/nvim/mason/packages/lua-language-server/libexec/meta/Lua%205.4%20en-us%20utf8/builtin.lua , size = 0.302 KB
[10:54:04.686][info] [#0:script/workspace/loading.lua:112]: ++++As library of:	file:///home/yanfenggao/.local/share/nvim/mason/packages/lua-language-server/libexec/meta/Lua%205.4%20en-us%20utf8/builtin.lua
[10:54:04.686][info] [#0:script/workspace/loading.lua:100]: Preload file at: file:///home/yanfenggao/.local/share/nvim/mason/packages/lua-language-server/libexec/meta/LuaJIT%20en-us%20utf8/jit/util.lua , size = 1.984 KB
[10:54:04.688][info] [#0:script/workspace/loading.lua:112]: ++++As library of:	file:///home/yanfenggao/.local/share/nvim/mason/packages/lua-language-server/libexec/meta/LuaJIT%20en-us%20utf8/jit/util.lua
[10:54:04.688][info] [#0:script/workspace/loading.lua:100]: Preload file at: file:///home/yanfenggao/.local/share/nvim/mason/packages/lua-language-server/libexec/meta/Lua%205.4%20en-us%20utf8/io.lua , size = 6.364 KB
[10:54:04.694][info] [#0:script/workspace/loading.lua:112]: ++++As library of:	file:///home/yanfenggao/.local/share/nvim/mason/packages/lua-language-server/libexec/meta/Lua%205.4%20en-us%20utf8/io.lua
[10:54:04.694][info] [#0:script/workspace/loading.lua:100]: Preload file at: file:///home/yanfenggao/.local/share/nvim/mason/packages/lua-language-server/libexec/meta/LuaJIT%20en-us%20utf8/table.lua , size = 4.235 KB
[10:54:04.697][info] [#0:script/workspace/loading.lua:112]: ++++As library of:	file:///home/yanfenggao/.local/share/nvim/mason/packages/lua-language-server/libexec/meta/LuaJIT%20en-us%20utf8/table.lua
[10:54:04.697][info] [#0:script/workspace/loading.lua:100]: Preload file at: file:///home/yanfenggao/.local/share/nvim/mason/packages/lua-language-server/libexec/meta/Lua%205.4%20en-us%20utf8/utf8.lua , size = 2.386 KB
[10:54:04.698][info] [#0:script/workspace/loading.lua:112]: ++++As library of:	file:///home/yanfenggao/.local/share/nvim/mason/packages/lua-language-server/libexec/meta/Lua%205.4%20en-us%20utf8/utf8.lua
[10:54:04.698][info] [#0:script/workspace/loading.lua:100]: Preload file at: file:///home/yanfenggao/.local/share/nvim/mason/packages/lua-language-server/libexec/meta/LuaJIT%20en-us%20utf8/ffi.lua , size = 2.529 KB
[10:54:04.700][info] [#0:script/workspace/loading.lua:112]: ++++As library of:	file:///home/yanfenggao/.local/share/nvim/mason/packages/lua-language-server/libexec/meta/LuaJIT%20en-us%20utf8/ffi.lua
[10:54:04.700][info] [#0:script/workspace/loading.lua:100]: Preload file at: file:///home/yanfenggao/.local/share/nvim/mason/packages/lua-language-server/libexec/meta/Lua%205.4%20en-us%20utf8/table.lua , size = 4.235 KB
[10:54:04.703][info] [#0:script/workspace/loading.lua:112]: ++++As library of:	file:///home/yanfenggao/.local/share/nvim/mason/packages/lua-language-server/libexec/meta/Lua%205.4%20en-us%20utf8/table.lua
[10:54:04.703][info] [#0:script/workspace/loading.lua:100]: Preload file at: file:///home/yanfenggao/.local/share/nvim/mason/packages/lua-language-server/libexec/meta/LuaJIT%20en-us%20utf8/jit/profile.lua , size = 0.348 KB
[10:54:04.703][info] [#0:script/workspace/loading.lua:112]: ++++As library of:	file:///home/yanfenggao/.local/share/nvim/mason/packages/lua-language-server/libexec/meta/LuaJIT%20en-us%20utf8/jit/profile.lua
[10:54:04.703][info] [#0:script/workspace/loading.lua:100]: Preload file at: file:///home/yanfenggao/.local/share/nvim/mason/packages/lua-language-server/libexec/meta/LuaJIT%20en-us%20utf8/builtin.lua , size = 0.302 KB
[10:54:04.704][info] [#0:script/workspace/loading.lua:112]: ++++As library of:	file:///home/yanfenggao/.local/share/nvim/mason/packages/lua-language-server/libexec/meta/LuaJIT%20en-us%20utf8/builtin.lua
[10:54:04.704][info] [#0:script/workspace/loading.lua:100]: Preload file at: file:///home/yanfenggao/.local/share/nvim/mason/packages/lua-language-server/libexec/meta/LuaJIT%20en-us%20utf8/string/buffer.lua , size = 18.123 KB
[10:54:04.708][info] [#0:script/workspace/loading.lua:112]: ++++As library of:	file:///home/yanfenggao/.local/share/nvim/mason/packages/lua-language-server/libexec/meta/LuaJIT%20en-us%20utf8/string/buffer.lua
[10:54:04.708][info] [#0:script/workspace/loading.lua:100]: Preload file at: file:///home/yanfenggao/.local/share/nvim/mason/packages/lua-language-server/libexec/meta/LuaJIT%20en-us%20utf8/coroutine.lua , size = 2.541 KB
[10:54:04.710][info] [#0:script/workspace/loading.lua:112]: ++++As library of:	file:///home/yanfenggao/.local/share/nvim/mason/packages/lua-language-server/libexec/meta/LuaJIT%20en-us%20utf8/coroutine.lua
[10:54:04.710][info] [#0:script/workspace/loading.lua:100]: Preload file at: file:///home/yanfenggao/.local/share/nvim/mason/packages/lua-language-server/libexec/meta/LuaJIT%20en-us%20utf8/jit.lua , size = 0.884 KB
[10:54:04.711][info] [#0:script/workspace/loading.lua:112]: ++++As library of:	file:///home/yanfenggao/.local/share/nvim/mason/packages/lua-language-server/libexec/meta/LuaJIT%20en-us%20utf8/jit.lua
[10:54:04.711][info] [#0:script/workspace/loading.lua:100]: Preload file at: file:///home/yanfenggao/.local/share/nvim/mason/packages/lua-language-server/libexec/meta/LuaJIT%20en-us%20utf8/io.lua , size = 6.364 KB
[10:54:04.715][info] [#0:script/workspace/loading.lua:112]: ++++As library of:	file:///home/yanfenggao/.local/share/nvim/mason/packages/lua-language-server/libexec/meta/LuaJIT%20en-us%20utf8/io.lua
[10:54:04.715][info] [#0:script/workspace/loading.lua:100]: Preload file at: file:///home/yanfenggao/.local/share/nvim/mason/packages/lua-language-server/libexec/meta/LuaJIT%20en-us%20utf8/debug.lua , size = 7.310 KB
[10:54:04.723][info] [#0:script/workspace/loading.lua:112]: ++++As library of:	file:///home/yanfenggao/.local/share/nvim/mason/packages/lua-language-server/libexec/meta/LuaJIT%20en-us%20utf8/debug.lua
[10:54:04.723][info] [#0:script/workspace/loading.lua:100]: Preload file at: file:///home/yanfenggao/.local/share/nvim/mason/packages/lua-language-server/libexec/meta/LuaJIT%20en-us%20utf8/math.lua , size = 7.949 KB
[10:54:04.727][info] [#0:script/workspace/loading.lua:112]: ++++As library of:	file:///home/yanfenggao/.local/share/nvim/mason/packages/lua-language-server/libexec/meta/LuaJIT%20en-us%20utf8/math.lua
[10:54:04.727][info] [#0:script/workspace/loading.lua:172]: Loaded files takes [0.117] sec: <fallback>
[10:54:04.727][info] [#0:script/workspace/loading.lua:181]: Compile files takes [0.000] sec: <fallback>
[10:54:04.727][info] [#0:script/workspace/loading.lua:182]: Loaded finish:	<fallback>
[10:54:04.727][info] [#0:script/workspace/workspace.lua:381]: Preload finish at:	<fallback>
[10:54:04.732][info] [#0:script/workspace/loading.lua:100]: Preload file at: file:///home/yanfenggao/tools/nvim-linux64/share/nvim/runtime/lua/man.lua , size = 23.961 KB
[10:54:04.744][info] [#0:script/workspace/loading.lua:112]: ++++As library of:	file:///home/yanfenggao/tools/nvim-linux64/share/nvim/runtime/lua
[10:54:04.745][info] [#0:script/workspace/loading.lua:100]: Preload file at: file:///home/yanfenggao/tools/nvim-linux64/share/nvim/runtime/lua/_vim9script.lua , size = 15.418 KB
[10:54:04.753][info] [#0:script/workspace/loading.lua:112]: ++++As library of:	file:///home/yanfenggao/tools/nvim-linux64/share/nvim/runtime/lua
[10:54:04.753][info] [#0:script/workspace/loading.lua:100]: Preload file at: file:///home/yanfenggao/tools/nvim-linux64/share/nvim/runtime/lua/editorconfig.lua , size = 11.239 KB
[10:54:04.759][info] [#0:script/workspace/loading.lua:112]: ++++As library of:	file:///home/yanfenggao/tools/nvim-linux64/share/nvim/runtime/lua
[10:54:04.759][info] [#0:script/workspace/loading.lua:100]: Preload file at: file:///home/yanfenggao/tools/nvim-linux64/share/nvim/runtime/lua/jit/dis_mips64.lua , size = 0.689 KB
[10:54:04.759][info] [#0:script/workspace/loading.lua:112]: ++++As library of:	file:///home/yanfenggao/tools/nvim-linux64/share/nvim/runtime/lua
[10:54:04.759][info] [#0:script/workspace/loading.lua:100]: Preload file at: file:///home/yanfenggao/tools/nvim-linux64/share/nvim/runtime/lua/jit/bcsave.lua , size = 17.090 KB
[10:54:04.769][info] [#0:script/workspace/loading.lua:112]: ++++As library of:	file:///home/yanfenggao/tools/nvim-linux64/share/nvim/runtime/lua
[10:54:04.769][info] [#0:script/workspace/loading.lua:100]: Preload file at: file:///home/yanfenggao/tools/nvim-linux64/share/nvim/runtime/lua/jit/vmdef.lua , size = 7.920 KB
[10:54:04.776][info] [#0:script/workspace/loading.lua:112]: ++++As library of:	file:///home/yanfenggao/tools/nvim-linux64/share/nvim/runtime/lua
[10:54:04.776][info] [#0:script/workspace/loading.lua:100]: Preload file at: file:///home/yanfenggao/tools/nvim-linux64/share/nvim/runtime/lua/jit/dis_mips64r6el.lua , size = 0.711 KB
[10:54:04.777][info] [#0:script/workspace/loading.lua:112]: ++++As library of:	file:///home/yanfenggao/tools/nvim-linux64/share/nvim/runtime/lua
[10:54:04.777][info] [#0:script/workspace/loading.lua:100]: Preload file at: file:///home/yanfenggao/tools/nvim-linux64/share/nvim/runtime/lua/jit/dis_ppc.lua , size = 19.825 KB
[10:54:04.787][info] [#0:script/workspace/loading.lua:112]: ++++As library of:	file:///home/yanfenggao/tools/nvim-linux64/share/nvim/runtime/lua
[10:54:04.787][info] [#0:script/workspace/loading.lua:100]: Preload file at: file:///home/yanfenggao/tools/nvim-linux64/share/nvim/runtime/lua/jit/dis_mips64r6.lua , size = 0.700 KB
[10:54:04.787][info] [#0:script/workspace/loading.lua:112]: ++++As library of:	file:///home/yanfenggao/tools/nvim-linux64/share/nvim/runtime/lua
[10:54:04.787][info] [#0:script/workspace/loading.lua:100]: Preload file at: file:///home/yanfenggao/tools/nvim-linux64/share/nvim/runtime/lua/jit/dis_x64.lua , size = 0.695 KB
[10:54:04.788][info] [#0:script/workspace/loading.lua:112]: ++++As library of:	file:///home/yanfenggao/tools/nvim-linux64/share/nvim/runtime/lua
[10:54:04.788][info] [#0:script/workspace/loading.lua:100]: Preload file at: file:///home/yanfenggao/tools/nvim-linux64/share/nvim/runtime/lua/jit/dis_mips.lua , size = 21.494 KB
[10:54:04.799][info] [#0:script/workspace/loading.lua:112]: ++++As library of:	file:///home/yanfenggao/tools/nvim-linux64/share/nvim/runtime/lua
[10:54:04.799][info] [#0:script/workspace/loading.lua:100]: Preload file at: file:///home/yanfenggao/tools/nvim-linux64/share/nvim/runtime/lua/jit/zone.lua , size = 0.979 KB
[10:54:04.800][info] [#0:script/workspace/loading.lua:112]: ++++As library of:	file:///home/yanfenggao/tools/nvim-linux64/share/nvim/runtime/lua
[10:54:04.800][info] [#0:script/workspace/loading.lua:100]: Preload file at: file:///home/yanfenggao/tools/nvim-linux64/share/nvim/runtime/lua/jit/bc.lua , size = 5.417 KB
[10:54:04.803][info] [#0:script/workspace/loading.lua:112]: ++++As library of:	file:///home/yanfenggao/tools/nvim-linux64/share/nvim/runtime/lua
[10:54:04.803][info] [#0:script/workspace/loading.lua:100]: Preload file at: file:///home/yanfenggao/tools/nvim-linux64/share/nvim/runtime/lua/jit/dis_arm64be.lua , size = 0.604 KB
[10:54:04.804][info] [#0:script/workspace/loading.lua:112]: ++++As library of:	file:///home/yanfenggao/tools/nvim-linux64/share/nvim/runtime/lua
[10:54:04.804][info] [#0:script/workspace/loading.lua:100]: Preload file at: file:///home/yanfenggao/tools/nvim-linux64/share/nvim/runtime/lua/jit/dis_arm.lua , size = 18.891 KB
[10:54:04.816][info] [#0:script/workspace/loading.lua:112]: ++++As library of:	file:///home/yanfenggao/tools/nvim-linux64/share/nvim/runtime/lua
[10:54:04.816][info] [#0:script/workspace/loading.lua:100]: Preload file at: file:///home/yanfenggao/tools/nvim-linux64/share/nvim/runtime/lua/jit/v.lua , size = 5.731 KB
[10:54:04.818][info] [#0:script/workspace/loading.lua:112]: ++++As library of:	file:///home/yanfenggao/tools/nvim-linux64/share/nvim/runtime/lua
[10:54:04.818][info] [#0:script/workspace/loading.lua:100]: Preload file at: file:///home/yanfenggao/tools/nvim-linux64/share/nvim/runtime/lua/jit/dis_x86.lua , size = 33.033 KB
[10:54:04.837][info] [#0:script/workspace/loading.lua:112]: ++++As library of:	file:///home/yanfenggao/tools/nvim-linux64/share/nvim/runtime/lua
[10:54:04.837][info] [#0:script/workspace/loading.lua:100]: Preload file at: file:///home/yanfenggao/tools/nvim-linux64/share/nvim/runtime/lua/jit/dis_mipsel.lua , size = 0.698 KB
[10:54:04.838][info] [#0:script/workspace/loading.lua:112]: ++++As library of:	file:///home/yanfenggao/tools/nvim-linux64/share/nvim/runtime/lua
[10:54:04.838][info] [#0:script/workspace/loading.lua:100]: Preload file at: file:///home/yanfenggao/tools/nvim-linux64/share/nvim/runtime/lua/jit/dump.lua , size = 20.269 KB
[10:54:04.858][info] [#0:script/workspace/loading.lua:112]: ++++As library of:	file:///home/yanfenggao/tools/nvim-linux64/share/nvim/runtime/lua
[10:54:04.858][info] [#0:script/workspace/loading.lua:100]: Preload file at: file:///home/yanfenggao/tools/nvim-linux64/share/nvim/runtime/lua/jit/p.lua , size = 8.891 KB
[10:54:04.863][info] [#0:script/workspace/loading.lua:112]: ++++As library of:	file:///home/yanfenggao/tools/nvim-linux64/share/nvim/runtime/lua
[10:54:04.863][info] [#0:script/workspace/loading.lua:100]: Preload file at: file:///home/yanfenggao/tools/nvim-linux64/share/nvim/runtime/lua/jit/dis_mips64el.lua , size = 0.700 KB
[10:54:04.863][info] [#0:script/workspace/loading.lua:112]: ++++As library of:	file:///home/yanfenggao/tools/nvim-linux64/share/nvim/runtime/lua
[10:54:04.864][info] [#0:script/workspace/loading.lua:100]: Preload file at: file:///home/yanfenggao/tools/nvim-linux64/share/nvim/runtime/lua/jit/dis_arm64.lua , size = 29.971 KB
[10:54:04.881][info] [#0:script/workspace/loading.lua:112]: ++++As library of:	file:///home/yanfenggao/tools/nvim-linux64/share/nvim/runtime/lua
[10:54:04.881][info] [#0:script/workspace/loading.lua:100]: Preload file at: file:///home/yanfenggao/tools/nvim-linux64/share/nvim/runtime/lua/vim/deprecated/health.lua , size = 1.260 KB
[10:54:04.882][info] [#0:script/workspace/loading.lua:112]: ++++As library of:	file:///home/yanfenggao/tools/nvim-linux64/share/nvim/runtime/lua
[10:54:04.882][info] [#0:script/workspace/loading.lua:100]: Preload file at: file:///home/yanfenggao/tools/nvim-linux64/share/nvim/runtime/lua/vim/filetype.lua , size = 75.192 KB
[10:54:04.914][info] [#0:script/workspace/loading.lua:112]: ++++As library of:	file:///home/yanfenggao/tools/nvim-linux64/share/nvim/runtime/lua
[10:54:04.914][info] [#0:script/workspace/loading.lua:100]: Preload file at: file:///home/yanfenggao/tools/nvim-linux64/share/nvim/runtime/lua/vim/lsp.lua , size = 41.056 KB
[10:54:04.934][info] [#0:script/workspace/loading.lua:112]: ++++As library of:	file:///home/yanfenggao/tools/nvim-linux64/share/nvim/runtime/lua
[10:54:04.934][info] [#0:script/workspace/loading.lua:100]: Preload file at: file:///home/yanfenggao/tools/nvim-linux64/share/nvim/runtime/lua/vim/snippet.lua , size = 21.881 KB
[10:54:04.961][info] [#0:script/workspace/loading.lua:112]: ++++As library of:	file:///home/yanfenggao/tools/nvim-linux64/share/nvim/runtime/lua
[10:54:04.961][info] [#0:script/workspace/loading.lua:100]: Preload file at: file:///home/yanfenggao/tools/nvim-linux64/share/nvim/runtime/lua/vim/_watch.lua , size = 9.741 KB
[10:54:04.966][info] [#0:script/workspace/loading.lua:112]: ++++As library of:	file:///home/yanfenggao/tools/nvim-linux64/share/nvim/runtime/lua
[10:54:04.966][info] [#0:script/workspace/loading.lua:100]: Preload file at: file:///home/yanfenggao/tools/nvim-linux64/share/nvim/runtime/lua/vim/_meta.lua , size = 1.016 KB
[10:54:04.967][info] [#0:script/workspace/loading.lua:112]: ++++As library of:	file:///home/yanfenggao/tools/nvim-linux64/share/nvim/runtime/lua
[10:54:04.967][info] [#0:script/workspace/loading.lua:100]: Preload file at: file:///home/yanfenggao/tools/nvim-linux64/share/nvim/runtime/lua/vim/func.lua , size = 1.753 KB
[10:54:04.968][info] [#0:script/workspace/loading.lua:112]: ++++As library of:	file:///home/yanfenggao/tools/nvim-linux64/share/nvim/runtime/lua
[10:54:04.968][info] [#0:script/workspace/loading.lua:100]: Preload file at: file:///home/yanfenggao/tools/nvim-linux64/share/nvim/runtime/lua/vim/treesitter.lua , size = 14.652 KB
[10:54:04.975][info] [#0:script/workspace/loading.lua:112]: ++++As library of:	file:///home/yanfenggao/tools/nvim-linux64/share/nvim/runtime/lua
[10:54:04.975][info] [#0:script/workspace/loading.lua:100]: Preload file at: file:///home/yanfenggao/tools/nvim-linux64/share/nvim/runtime/lua/vim/fs.lua , size = 19.991 KB
[10:54:04.984][info] [#0:script/workspace/loading.lua:112]: ++++As library of:	file:///home/yanfenggao/tools/nvim-linux64/share/nvim/runtime/lua
[10:54:04.984][info] [#0:script/workspace/loading.lua:100]: Preload file at: file:///home/yanfenggao/tools/nvim-linux64/share/nvim/runtime/lua/vim/highlight.lua , size = 5.704 KB
[10:54:04.987][info] [#0:script/workspace/loading.lua:112]: ++++As library of:	file:///home/yanfenggao/tools/nvim-linux64/share/nvim/runtime/lua
[10:54:04.988][info] [#0:script/workspace/loading.lua:100]: Preload file at: file:///home/yanfenggao/tools/nvim-linux64/share/nvim/runtime/lua/vim/provider/ruby.lua , size = 1.563 KB
[10:54:04.989][info] [#0:script/workspace/loading.lua:112]: ++++As library of:	file:///home/yanfenggao/tools/nvim-linux64/share/nvim/runtime/lua
[10:54:04.989][info] [#0:script/workspace/loading.lua:100]: Preload file at: file:///home/yanfenggao/tools/nvim-linux64/share/nvim/runtime/lua/vim/provider/health.lua , size = 28.593 KB
[10:54:05.001][info] [#0:script/workspace/loading.lua:112]: ++++As library of:	file:///home/yanfenggao/tools/nvim-linux64/share/nvim/runtime/lua
[10:54:05.001][info] [#0:script/workspace/loading.lua:100]: Preload file at: file:///home/yanfenggao/tools/nvim-linux64/share/nvim/runtime/lua/vim/provider/perl.lua , size = 1.998 KB
[10:54:05.003][info] [#0:script/workspace/loading.lua:112]: ++++As library of:	file:///home/yanfenggao/tools/nvim-linux64/share/nvim/runtime/lua
[10:54:05.003][info] [#0:script/workspace/loading.lua:100]: Preload file at: file:///home/yanfenggao/tools/nvim-linux64/share/nvim/runtime/lua/vim/provider/python.lua , size = 4.224 KB
[10:54:05.005][info] [#0:script/workspace/loading.lua:112]: ++++As library of:	file:///home/yanfenggao/tools/nvim-linux64/share/nvim/runtime/lua
[10:54:05.006][info] [#0:script/workspace/loading.lua:100]: Preload file at: file:///home/yanfenggao/tools/nvim-linux64/share/nvim/runtime/lua/vim/loader.lua , size = 15.825 KB
[10:54:05.016][info] [#0:script/workspace/loading.lua:112]: ++++As library of:	file:///home/yanfenggao/tools/nvim-linux64/share/nvim/runtime/lua
[10:54:05.016][info] [#0:script/workspace/loading.lua:100]: Preload file at: file:///home/yanfenggao/tools/nvim-linux64/share/nvim/runtime/lua/vim/_editor.lua , size = 37.918 KB
[10:54:05.035][info] [#0:script/workspace/loading.lua:112]: ++++As library of:	file:///home/yanfenggao/tools/nvim-linux64/share/nvim/runtime/lua
[10:54:05.035][info] [#0:script/workspace/loading.lua:100]: Preload file at: file:///home/yanfenggao/tools/nvim-linux64/share/nvim/runtime/lua/vim/ui/clipboard/osc52.lua , size = 2.137 KB
[10:54:05.037][info] [#0:script/workspace/loading.lua:112]: ++++As library of:	file:///home/yanfenggao/tools/nvim-linux64/share/nvim/runtime/lua
[10:54:05.037][info] [#0:script/workspace/loading.lua:100]: Preload file at: file:///home/yanfenggao/tools/nvim-linux64/share/nvim/runtime/lua/vim/_meta/builtin_types.lua , size = 5.408 KB
[10:54:05.040][info] [#0:script/workspace/loading.lua:112]: ++++As library of:	file:///home/yanfenggao/tools/nvim-linux64/share/nvim/runtime/lua
[10:54:05.040][info] [#0:script/workspace/loading.lua:100]: Preload file at: file:///home/yanfenggao/tools/nvim-linux64/share/nvim/runtime/lua/vim/_meta/lpeg.lua , size = 15.348 KB
[10:54:05.045][info] [#0:script/workspace/loading.lua:112]: ++++As library of:	file:///home/yanfenggao/tools/nvim-linux64/share/nvim/runtime/lua
[10:54:05.046][info] [#0:script/workspace/loading.lua:100]: Preload file at: file:///home/yanfenggao/tools/nvim-linux64/share/nvim/runtime/lua/vim/_meta/json.lua , size = 1.359 KB
[10:54:05.047][info] [#0:script/workspace/loading.lua:112]: ++++As library of:	file:///home/yanfenggao/tools/nvim-linux64/share/nvim/runtime/lua
[10:54:05.047][info] [#0:script/workspace/loading.lua:100]: Preload file at: file:///home/yanfenggao/tools/nvim-linux64/share/nvim/runtime/lua/vim/_meta/api_keysets.lua , size = 8.349 KB
[10:54:05.052][info] [#0:script/workspace/loading.lua:112]: ++++As library of:	file:///home/yanfenggao/tools/nvim-linux64/share/nvim/runtime/lua
[10:54:05.052][info] [#0:script/workspace/loading.lua:100]: Preload file at: file:///home/yanfenggao/tools/nvim-linux64/share/nvim/runtime/lua/vim/_meta/regex.lua , size = 1.580 KB
[10:54:05.053][info] [#0:script/workspace/loading.lua:112]: ++++As library of:	file:///home/yanfenggao/tools/nvim-linux64/share/nvim/runtime/lua
[10:54:05.053][info] [#0:script/workspace/loading.lua:100]: Preload file at: file:///home/yanfenggao/tools/nvim-linux64/share/nvim/runtime/lua/vim/_meta/options.lua , size = 328.105 KB
[10:54:05.176][info] [#0:script/workspace/loading.lua:112]: ++++As library of:	file:///home/yanfenggao/tools/nvim-linux64/share/nvim/runtime/lua
[10:54:05.176][info] [#0:script/workspace/loading.lua:100]: Preload file at: file:///home/yanfenggao/tools/nvim-linux64/share/nvim/runtime/lua/vim/_meta/diff.lua , size = 2.493 KB
[10:54:05.177][info] [#0:script/workspace/loading.lua:112]: ++++As library of:	file:///home/yanfenggao/tools/nvim-linux64/share/nvim/runtime/lua
[10:54:05.177][info] [#0:script/workspace/loading.lua:100]: Preload file at: file:///home/yanfenggao/tools/nvim-linux64/share/nvim/runtime/lua/vim/_meta/mpack.lua , size = 0.478 KB
[10:54:05.178][info] [#0:script/workspace/loading.lua:112]: ++++As library of:	file:///home/yanfenggao/tools/nvim-linux64/share/nvim/runtime/lua
[10:54:05.178][info] [#0:script/workspace/loading.lua:100]: Preload file at: file:///home/yanfenggao/tools/nvim-linux64/share/nvim/runtime/lua/vim/_meta/vvars.lua , size = 25.343 KB
[10:54:05.186][info] [#0:script/workspace/loading.lua:112]: ++++As library of:	file:///home/yanfenggao/tools/nvim-linux64/share/nvim/runtime/lua
[10:54:05.186][info] [#0:script/workspace/loading.lua:100]: Preload file at: file:///home/yanfenggao/tools/nvim-linux64/share/nvim/runtime/lua/vim/_meta/api.lua , size = 105.971 KB
[10:54:05.221][info] [#0:script/workspace/loading.lua:112]: ++++As library of:	file:///home/yanfenggao/tools/nvim-linux64/share/nvim/runtime/lua
[10:54:05.221][info] [#0:script/workspace/loading.lua:100]: Preload file at: file:///home/yanfenggao/tools/nvim-linux64/share/nvim/runtime/lua/vim/_meta/builtin.lua , size = 11.225 KB
[10:54:05.225][info] [#0:script/workspace/loading.lua:112]: ++++As library of:	file:///home/yanfenggao/tools/nvim-linux64/share/nvim/runtime/lua
[10:54:05.225][info] [#0:script/workspace/loading.lua:100]: Preload file at: file:///home/yanfenggao/tools/nvim-linux64/share/nvim/runtime/lua/vim/_meta/api_keysets_extra.lua , size = 4.973 KB
[10:54:05.228][info] [#0:script/workspace/loading.lua:112]: ++++As library of:	file:///home/yanfenggao/tools/nvim-linux64/share/nvim/runtime/lua
[10:54:05.228][info] [#0:script/workspace/loading.lua:100]: Preload file at: file:///home/yanfenggao/tools/nvim-linux64/share/nvim/runtime/lua/vim/_meta/misc.lua , size = 0.291 KB
[10:54:05.229][info] [#0:script/workspace/loading.lua:112]: ++++As library of:	file:///home/yanfenggao/tools/nvim-linux64/share/nvim/runtime/lua
[10:54:05.229][info] [#0:script/workspace/loading.lua:100]: Preload file at: file:///home/yanfenggao/tools/nvim-linux64/share/nvim/runtime/lua/vim/_meta/base64.lua , size = 0.307 KB
[10:54:05.229][info] [#0:script/workspace/loading.lua:112]: ++++As library of:	file:///home/yanfenggao/tools/nvim-linux64/share/nvim/runtime/lua
[10:54:05.229][info] [#0:script/workspace/loading.lua:100]: Preload file at: file:///home/yanfenggao/tools/nvim-linux64/share/nvim/runtime/lua/vim/_meta/re.lua , size = 2.217 KB
[10:54:05.231][info] [#0:script/workspace/loading.lua:112]: ++++As library of:	file:///home/yanfenggao/tools/nvim-linux64/share/nvim/runtime/lua
[10:54:05.231][info] [#0:script/workspace/loading.lua:100]: Preload file at: file:///home/yanfenggao/tools/nvim-linux64/share/nvim/runtime/lua/vim/_meta/spell.lua , size = 0.929 KB
[10:54:05.232][info] [#0:script/workspace/loading.lua:112]: ++++As library of:	file:///home/yanfenggao/tools/nvim-linux64/share/nvim/runtime/lua
[10:54:05.232][info] [#0:script/workspace/loading.lua:100]: Preload file at: file:///home/yanfenggao/tools/nvim-linux64/share/nvim/runtime/lua/vim/inspect.lua , size = 8.864 KB
[10:54:05.237][info] [#0:script/workspace/loading.lua:112]: ++++As library of:	file:///home/yanfenggao/tools/nvim-linux64/share/nvim/runtime/lua
[10:54:05.237][info] [#0:script/workspace/loading.lua:100]: Preload file at: file:///home/yanfenggao/tools/nvim-linux64/share/nvim/runtime/lua/vim/filetype/options.lua , size = 2.559 KB
[10:54:05.239][info] [#0:script/workspace/loading.lua:112]: ++++As library of:	file:///home/yanfenggao/tools/nvim-linux64/share/nvim/runtime/lua
[10:54:05.239][info] [#0:script/workspace/loading.lua:100]: Preload file at: file:///home/yanfenggao/tools/nvim-linux64/share/nvim/runtime/lua/vim/filetype/detect.lua , size = 59.799 KB
[10:54:05.270][info] [#0:script/workspace/loading.lua:112]: ++++As library of:	file:///home/yanfenggao/tools/nvim-linux64/share/nvim/runtime/lua
[10:54:05.270][info] [#0:script/workspace/loading.lua:100]: Preload file at: file:///home/yanfenggao/tools/nvim-linux64/share/nvim/runtime/lua/vim/_meta/vimfn.lua , size = 405.741 KB
[10:54:05.425][info] [#0:script/workspace/loading.lua:112]: ++++As library of:	file:///home/yanfenggao/tools/nvim-linux64/share/nvim/runtime/lua
[10:54:05.425][info] [#0:script/workspace/loading.lua:100]: Preload file at: file:///home/yanfenggao/tools/nvim-linux64/share/nvim/runtime/lua/vim/uri.lua , size = 3.569 KB
[10:54:05.428][info] [#0:script/workspace/loading.lua:112]: ++++As library of:	file:///home/yanfenggao/tools/nvim-linux64/share/nvim/runtime/lua
[10:54:05.428][info] [#0:script/workspace/loading.lua:100]: Preload file at: file:///home/yanfenggao/tools/nvim-linux64/share/nvim/runtime/lua/vim/text.lua , size = 0.783 KB
[10:54:05.429][info] [#0:script/workspace/loading.lua:112]: ++++As library of:	file:///home/yanfenggao/tools/nvim-linux64/share/nvim/runtime/lua
[10:54:05.429][info] [#0:script/workspace/loading.lua:100]: Preload file at: file:///home/yanfenggao/tools/nvim-linux64/share/nvim/runtime/lua/vim/func/_memoize.lua , size = 1.354 KB
[10:54:05.430][info] [#0:script/workspace/loading.lua:112]: ++++As library of:	file:///home/yanfenggao/tools/nvim-linux64/share/nvim/runtime/lua
[10:54:05.430][info] [#0:script/workspace/loading.lua:100]: Preload file at: file:///home/yanfenggao/tools/nvim-linux64/share/nvim/runtime/lua/vim/version.lua , size = 13.708 KB
[10:54:05.438][info] [#0:script/workspace/loading.lua:112]: ++++As library of:	file:///home/yanfenggao/tools/nvim-linux64/share/nvim/runtime/lua
[10:54:05.439][info] [#0:script/workspace/loading.lua:100]: Preload file at: file:///home/yanfenggao/tools/nvim-linux64/share/nvim/runtime/lua/vim/F.lua , size = 1.076 KB
[10:54:05.440][info] [#0:script/workspace/loading.lua:112]: ++++As library of:	file:///home/yanfenggao/tools/nvim-linux64/share/nvim/runtime/lua
[10:54:05.440][info] [#0:script/workspace/loading.lua:100]: Preload file at: file:///home/yanfenggao/tools/nvim-linux64/share/nvim/runtime/lua/vim/provider.lua , size = 0.197 KB
[10:54:05.440][info] [#0:script/workspace/loading.lua:112]: ++++As library of:	file:///home/yanfenggao/tools/nvim-linux64/share/nvim/runtime/lua
[10:54:05.440][info] [#0:script/workspace/loading.lua:100]: Preload file at: file:///home/yanfenggao/tools/nvim-linux64/share/nvim/runtime/lua/vim/glob.lua , size = 3.261 KB
[10:54:05.444][info] [#0:script/workspace/loading.lua:112]: ++++As library of:	file:///home/yanfenggao/tools/nvim-linux64/share/nvim/runtime/lua
[10:54:05.444][info] [#0:script/workspace/loading.lua:100]: Preload file at: file:///home/yanfenggao/tools/nvim-linux64/share/nvim/runtime/lua/vim/diagnostic.lua , size = 72.462 KB
[10:54:05.490][info] [#0:script/workspace/loading.lua:112]: ++++As library of:	file:///home/yanfenggao/tools/nvim-linux64/share/nvim/runtime/lua
[10:54:05.491][info] [#0:script/workspace/loading.lua:100]: Preload file at: file:///home/yanfenggao/tools/nvim-linux64/share/nvim/runtime/lua/vim/iter.lua , size = 25.863 KB
[10:54:05.506][info] [#0:script/workspace/loading.lua:112]: ++++As library of:	file:///home/yanfenggao/tools/nvim-linux64/share/nvim/runtime/lua
[10:54:05.506][info] [#0:script/workspace/loading.lua:100]: Preload file at: file:///home/yanfenggao/tools/nvim-linux64/share/nvim/runtime/lua/vim/shared.lua , size = 37.258 KB
[10:54:05.527][info] [#0:script/workspace/loading.lua:112]: ++++As library of:	file:///home/yanfenggao/tools/nvim-linux64/share/nvim/runtime/lua
[10:54:05.527][info] [#0:script/workspace/loading.lua:100]: Preload file at: file:///home/yanfenggao/tools/nvim-linux64/share/nvim/runtime/lua/vim/health.lua , size = 12.767 KB
[10:54:05.533][info] [#0:script/workspace/loading.lua:112]: ++++As library of:	file:///home/yanfenggao/tools/nvim-linux64/share/nvim/runtime/lua
[10:54:05.533][info] [#0:script/workspace/loading.lua:100]: Preload file at: file:///home/yanfenggao/tools/nvim-linux64/share/nvim/runtime/lua/vim/_defaults.lua , size = 26.367 KB
[10:54:05.546][info] [#0:script/workspace/loading.lua:112]: ++++As library of:	file:///home/yanfenggao/tools/nvim-linux64/share/nvim/runtime/lua
[10:54:05.546][info] [#0:script/workspace/loading.lua:100]: Preload file at: file:///home/yanfenggao/tools/nvim-linux64/share/nvim/runtime/lua/vim/keymap.lua , size = 3.624 KB
[10:54:05.549][info] [#0:script/workspace/loading.lua:112]: ++++As library of:	file:///home/yanfenggao/tools/nvim-linux64/share/nvim/runtime/lua
[10:54:05.549][info] [#0:script/workspace/loading.lua:100]: Preload file at: file:///home/yanfenggao/tools/nvim-linux64/share/nvim/runtime/lua/vim/secure.lua , size = 5.043 KB
[10:54:05.552][info] [#0:script/workspace/loading.lua:112]: ++++As library of:	file:///home/yanfenggao/tools/nvim-linux64/share/nvim/runtime/lua
[10:54:05.552][info] [#0:script/workspace/loading.lua:100]: Preload file at: file:///home/yanfenggao/tools/nvim-linux64/share/nvim/runtime/lua/vim/_options.lua , size = 25.297 KB
[10:54:05.563][info] [#0:script/workspace/loading.lua:112]: ++++As library of:	file:///home/yanfenggao/tools/nvim-linux64/share/nvim/runtime/lua
[10:54:05.563][info] [#0:script/workspace/loading.lua:100]: Preload file at: file:///home/yanfenggao/tools/nvim-linux64/share/nvim/runtime/lua/vim/_comment.lua , size = 8.562 KB
[10:54:05.568][info] [#0:script/workspace/loading.lua:112]: ++++As library of:	file:///home/yanfenggao/tools/nvim-linux64/share/nvim/runtime/lua
[10:54:05.568][info] [#0:script/workspace/loading.lua:100]: Preload file at: file:///home/yanfenggao/tools/nvim-linux64/share/nvim/runtime/lua/vim/termcap.lua , size = 3.103 KB
[10:54:05.570][info] [#0:script/workspace/loading.lua:112]: ++++As library of:	file:///home/yanfenggao/tools/nvim-linux64/share/nvim/runtime/lua
[10:54:05.570][info] [#0:script/workspace/loading.lua:100]: Preload file at: file:///home/yanfenggao/tools/nvim-linux64/share/nvim/runtime/lua/vim/_init_packages.lua , size = 3.023 KB
[10:54:05.572][info] [#0:script/workspace/loading.lua:112]: ++++As library of:	file:///home/yanfenggao/tools/nvim-linux64/share/nvim/runtime/lua
[10:54:05.572][info] [#0:script/workspace/loading.lua:100]: Preload file at: file:///home/yanfenggao/tools/nvim-linux64/share/nvim/runtime/lua/vim/_system.lua , size = 9.135 KB
[10:54:05.579][info] [#0:script/workspace/loading.lua:112]: ++++As library of:	file:///home/yanfenggao/tools/nvim-linux64/share/nvim/runtime/lua
[10:54:05.579][info] [#0:script/workspace/loading.lua:100]: Preload file at: file:///home/yanfenggao/tools/nvim-linux64/share/nvim/runtime/lua/vim/health/health.lua , size = 12.696 KB
[10:54:05.585][info] [#0:script/workspace/loading.lua:112]: ++++As library of:	file:///home/yanfenggao/tools/nvim-linux64/share/nvim/runtime/lua
[10:54:05.585][info] [#0:script/workspace/loading.lua:100]: Preload file at: file:///home/yanfenggao/tools/nvim-linux64/share/nvim/runtime/lua/vim/re.lua , size = 6.495 KB
[10:54:05.590][info] [#0:script/workspace/loading.lua:112]: ++++As library of:	file:///home/yanfenggao/tools/nvim-linux64/share/nvim/runtime/lua
[10:54:05.591][info] [#0:script/workspace/loading.lua:100]: Preload file at: file:///home/yanfenggao/tools/nvim-linux64/share/nvim/runtime/lua/vim/treesitter/languagetree.lua , size = 32.823 KB
[10:54:05.609][info] [#0:script/workspace/loading.lua:112]: ++++As library of:	file:///home/yanfenggao/tools/nvim-linux64/share/nvim/runtime/lua
[10:54:05.609][info] [#0:script/workspace/loading.lua:100]: Preload file at: file:///home/yanfenggao/tools/nvim-linux64/share/nvim/runtime/lua/vim/treesitter/dev.lua , size = 20.469 KB
[10:54:05.621][info] [#0:script/workspace/loading.lua:112]: ++++As library of:	file:///home/yanfenggao/tools/nvim-linux64/share/nvim/runtime/lua
[10:54:05.621][info] [#0:script/workspace/loading.lua:100]: Preload file at: file:///home/yanfenggao/tools/nvim-linux64/share/nvim/runtime/lua/vim/treesitter/language.lua , size = 5.125 KB
[10:54:05.624][info] [#0:script/workspace/loading.lua:112]: ++++As library of:	file:///home/yanfenggao/tools/nvim-linux64/share/nvim/runtime/lua
[10:54:05.624][info] [#0:script/workspace/loading.lua:100]: Preload file at: file:///home/yanfenggao/tools/nvim-linux64/share/nvim/runtime/lua/vim/treesitter/_range.lua , size = 3.923 KB
[10:54:05.627][info] [#0:script/workspace/loading.lua:112]: ++++As library of:	file:///home/yanfenggao/tools/nvim-linux64/share/nvim/runtime/lua
[10:54:05.627][info] [#0:script/workspace/loading.lua:100]: Preload file at: file:///home/yanfenggao/tools/nvim-linux64/share/nvim/runtime/lua/vim/treesitter/_meta/misc.lua , size = 2.495 KB
[10:54:05.630][info] [#0:script/workspace/loading.lua:112]: ++++As library of:	file:///home/yanfenggao/tools/nvim-linux64/share/nvim/runtime/lua
[10:54:05.630][info] [#0:script/workspace/loading.lua:100]: Preload file at: file:///home/yanfenggao/tools/nvim-linux64/share/nvim/runtime/lua/vim/treesitter/_meta/tsnode.lua , size = 5.981 KB
[10:54:05.633][info] [#0:script/workspace/loading.lua:112]: ++++As library of:	file:///home/yanfenggao/tools/nvim-linux64/share/nvim/runtime/lua
[10:54:05.637][info] [#0:script/workspace/loading.lua:100]: Preload file at: file:///home/yanfenggao/tools/nvim-linux64/share/nvim/runtime/lua/vim/treesitter/_meta/tstree.lua , size = 1.234 KB
[10:54:05.638][info] [#0:script/workspace/loading.lua:112]: ++++As library of:	file:///home/yanfenggao/tools/nvim-linux64/share/nvim/runtime/lua
[10:54:05.638][info] [#0:script/workspace/loading.lua:100]: Preload file at: file:///home/yanfenggao/tools/nvim-linux64/share/nvim/runtime/lua/vim/treesitter/_query_linter.lua , size = 7.700 KB
[10:54:05.644][info] [#0:script/workspace/loading.lua:112]: ++++As library of:	file:///home/yanfenggao/tools/nvim-linux64/share/nvim/runtime/lua
[10:54:05.644][info] [#0:script/workspace/loading.lua:100]: Preload file at: file:///home/yanfenggao/tools/nvim-linux64/share/nvim/runtime/lua/vim/treesitter/health.lua , size = 0.989 KB
[10:54:05.644][info] [#0:script/workspace/loading.lua:112]: ++++As library of:	file:///home/yanfenggao/tools/nvim-linux64/share/nvim/runtime/lua
[10:54:05.644][info] [#0:script/workspace/loading.lua:100]: Preload file at: file:///home/yanfenggao/tools/nvim-linux64/share/nvim/runtime/lua/vim/treesitter/_fold.lua , size = 14.430 KB
[10:54:05.651][info] [#0:script/workspace/loading.lua:112]: ++++As library of:	file:///home/yanfenggao/tools/nvim-linux64/share/nvim/runtime/lua
[10:54:05.651][info] [#0:script/workspace/loading.lua:100]: Preload file at: file:///home/yanfenggao/tools/nvim-linux64/share/nvim/runtime/lua/vim/treesitter/query.lua , size = 31.771 KB
[10:54:05.742][info] [#0:script/workspace/loading.lua:112]: ++++As library of:	file:///home/yanfenggao/tools/nvim-linux64/share/nvim/runtime/lua
[10:54:05.744][info] [#0:script/workspace/loading.lua:100]: Preload file at: file:///home/yanfenggao/tools/nvim-linux64/share/nvim/runtime/lua/vim/treesitter/highlighter.lua , size = 11.807 KB
[10:54:05.751][info] [#0:script/workspace/loading.lua:112]: ++++As library of:	file:///home/yanfenggao/tools/nvim-linux64/share/nvim/runtime/lua
[10:54:05.752][info] [#0:script/workspace/loading.lua:100]: Preload file at: file:///home/yanfenggao/tools/nvim-linux64/share/nvim/runtime/lua/vim/_inspector.lua , size = 7.518 KB
[10:54:05.756][info] [#0:script/workspace/loading.lua:112]: ++++As library of:	file:///home/yanfenggao/tools/nvim-linux64/share/nvim/runtime/lua
[10:54:05.757][info] [#0:script/workspace/loading.lua:100]: Preload file at: file:///home/yanfenggao/tools/nvim-linux64/share/nvim/runtime/lua/vim/lsp/_meta.lua , size = 0.440 KB
[10:54:05.758][info] [#0:script/workspace/loading.lua:112]: ++++As library of:	file:///home/yanfenggao/tools/nvim-linux64/share/nvim/runtime/lua
[10:54:05.758][info] [#0:script/workspace/loading.lua:100]: Preload file at: file:///home/yanfenggao/tools/nvim-linux64/share/nvim/runtime/lua/vim/lsp/buf.lua , size = 32.057 KB
[10:54:05.773][info] [#0:script/workspace/loading.lua:112]: ++++As library of:	file:///home/yanfenggao/tools/nvim-linux64/share/nvim/runtime/lua
[10:54:05.773][info] [#0:script/workspace/loading.lua:100]: Preload file at: file:///home/yanfenggao/tools/nvim-linux64/share/nvim/runtime/lua/vim/lsp/client.lua , size = 38.034 KB
[10:54:05.792][info] [#0:script/workspace/loading.lua:112]: ++++As library of:	file:///home/yanfenggao/tools/nvim-linux64/share/nvim/runtime/lua
[10:54:05.792][info] [#0:script/workspace/loading.lua:100]: Preload file at: file:///home/yanfenggao/tools/nvim-linux64/share/nvim/runtime/lua/vim/lsp/completion.lua , size = 22.663 KB
[10:54:05.804][info] [#0:script/workspace/loading.lua:112]: ++++As library of:	file:///home/yanfenggao/tools/nvim-linux64/share/nvim/runtime/lua
[10:54:05.804][info] [#0:script/workspace/loading.lua:100]: Preload file at: file:///home/yanfenggao/tools/nvim-linux64/share/nvim/runtime/lua/vim/lsp/_snippet_grammar.lua , size = 6.179 KB
[10:54:05.808][info] [#0:script/workspace/loading.lua:112]: ++++As library of:	file:///home/yanfenggao/tools/nvim-linux64/share/nvim/runtime/lua
[10:54:05.808][info] [#0:script/workspace/loading.lua:100]: Preload file at: file:///home/yanfenggao/tools/nvim-linux64/share/nvim/runtime/lua/vim/lsp/handlers.lua , size = 26.850 KB
[10:54:05.820][info] [#0:script/workspace/loading.lua:112]: ++++As library of:	file:///home/yanfenggao/tools/nvim-linux64/share/nvim/runtime/lua
[10:54:05.822][info] [#0:script/workspace/loading.lua:100]: Preload file at: file:///home/yanfenggao/tools/nvim-linux64/share/nvim/runtime/lua/vim/lsp/codelens.lua , size = 9.336 KB
[10:54:05.827][info] [#0:script/workspace/loading.lua:112]: ++++As library of:	file:///home/yanfenggao/tools/nvim-linux64/share/nvim/runtime/lua
[10:54:05.827][info] [#0:script/workspace/loading.lua:100]: Preload file at: file:///home/yanfenggao/tools/nvim-linux64/share/nvim/runtime/lua/vim/lsp/_watchfiles.lua , size = 6.893 KB
[10:54:05.831][info] [#0:script/workspace/loading.lua:112]: ++++As library of:	file:///home/yanfenggao/tools/nvim-linux64/share/nvim/runtime/lua
[10:54:05.831][info] [#0:script/workspace/loading.lua:100]: Preload file at: file:///home/yanfenggao/tools/nvim-linux64/share/nvim/runtime/lua/vim/lsp/log.lua , size = 4.695 KB
[10:54:05.834][info] [#0:script/workspace/loading.lua:112]: ++++As library of:	file:///home/yanfenggao/tools/nvim-linux64/share/nvim/runtime/lua
[10:54:05.834][info] [#0:script/workspace/loading.lua:100]: Preload file at: file:///home/yanfenggao/tools/nvim-linux64/share/nvim/runtime/lua/vim/lsp/diagnostic.lua , size = 14.132 KB
[10:54:05.841][info] [#0:script/workspace/loading.lua:112]: ++++As library of:	file:///home/yanfenggao/tools/nvim-linux64/share/nvim/runtime/lua
[10:54:05.841][info] [#0:script/workspace/loading.lua:100]: Preload file at: file:///home/yanfenggao/tools/nvim-linux64/share/nvim/runtime/lua/vim/lsp/health.lua , size = 5.412 KB
[10:54:05.844][info] [#0:script/workspace/loading.lua:112]: ++++As library of:	file:///home/yanfenggao/tools/nvim-linux64/share/nvim/runtime/lua
[10:54:05.844][info] [#0:script/workspace/loading.lua:100]: Preload file at: file:///home/yanfenggao/tools/nvim-linux64/share/nvim/runtime/lua/vim/lsp/_meta/protocol.lua , size = 182.005 KB
[10:54:05.897][info] [#0:script/workspace/loading.lua:112]: ++++As library of:	file:///home/yanfenggao/tools/nvim-linux64/share/nvim/runtime/lua
[10:54:05.897][info] [#0:script/workspace/loading.lua:100]: Preload file at: file:///home/yanfenggao/tools/nvim-linux64/share/nvim/runtime/lua/vim/lsp/_tagfunc.lua , size = 2.787 KB
[10:54:05.899][info] [#0:script/workspace/loading.lua:112]: ++++As library of:	file:///home/yanfenggao/tools/nvim-linux64/share/nvim/runtime/lua
[10:54:05.901][info] [#0:script/workspace/loading.lua:100]: Preload file at: file:///home/yanfenggao/tools/nvim-linux64/share/nvim/runtime/lua/vim/lsp/protocol.lua , size = 36.793 KB
[10:54:05.909][info] [#0:script/workspace/loading.lua:112]: ++++As library of:	file:///home/yanfenggao/tools/nvim-linux64/share/nvim/runtime/lua
[10:54:05.909][info] [#0:script/workspace/loading.lua:100]: Preload file at: file:///home/yanfenggao/tools/nvim-linux64/share/nvim/runtime/lua/vim/lsp/_dynamic.lua , size = 2.922 KB
[10:54:05.912][info] [#0:script/workspace/loading.lua:112]: ++++As library of:	file:///home/yanfenggao/tools/nvim-linux64/share/nvim/runtime/lua
[10:54:05.912][info] [#0:script/workspace/loading.lua:100]: Preload file at: file:///home/yanfenggao/tools/nvim-linux64/share/nvim/runtime/lua/vim/lsp/rpc.lua , size = 26.228 KB
[10:54:05.925][info] [#0:script/workspace/loading.lua:112]: ++++As library of:	file:///home/yanfenggao/tools/nvim-linux64/share/nvim/runtime/lua
[10:54:05.925][info] [#0:script/workspace/loading.lua:100]: Preload file at: file:///home/yanfenggao/tools/nvim-linux64/share/nvim/runtime/lua/vim/lsp/inlay_hint.lua , size = 12.187 KB
[10:54:05.932][info] [#0:script/workspace/loading.lua:112]: ++++As library of:	file:///home/yanfenggao/tools/nvim-linux64/share/nvim/runtime/lua
[10:54:05.932][info] [#0:script/workspace/loading.lua:100]: Preload file at: file:///home/yanfenggao/tools/nvim-linux64/share/nvim/runtime/lua/vim/lsp/_changetracking.lua , size = 11.492 KB
[10:54:05.938][info] [#0:script/workspace/loading.lua:112]: ++++As library of:	file:///home/yanfenggao/tools/nvim-linux64/share/nvim/runtime/lua
[10:54:05.938][info] [#0:script/workspace/loading.lua:100]: Preload file at: file:///home/yanfenggao/tools/nvim-linux64/share/nvim/runtime/lua/vim/lsp/util.lua , size = 75.569 KB
[10:54:05.977][info] [#0:script/workspace/loading.lua:112]: ++++As library of:	file:///home/yanfenggao/tools/nvim-linux64/share/nvim/runtime/lua
[10:54:05.977][info] [#0:script/workspace/loading.lua:100]: Preload file at: file:///home/yanfenggao/tools/nvim-linux64/share/nvim/runtime/lua/vim/lsp/sync.lua , size = 16.744 KB
[10:54:05.984][info] [#0:script/workspace/loading.lua:112]: ++++As library of:	file:///home/yanfenggao/tools/nvim-linux64/share/nvim/runtime/lua
[10:54:05.984][info] [#0:script/workspace/loading.lua:100]: Preload file at: file:///home/yanfenggao/tools/nvim-linux64/share/nvim/runtime/lua/vim/lsp/semantic_tokens.lua , size = 26.599 KB
[10:54:05.997][info] [#0:script/workspace/loading.lua:112]: ++++As library of:	file:///home/yanfenggao/tools/nvim-linux64/share/nvim/runtime/lua
[10:54:05.997][info] [#0:script/workspace/loading.lua:100]: Preload file at: file:///home/yanfenggao/tools/nvim-linux64/share/nvim/runtime/lua/vim/ui.lua , size = 7.497 KB
[10:54:06.001][info] [#0:script/workspace/loading.lua:112]: ++++As library of:	file:///home/yanfenggao/tools/nvim-linux64/share/nvim/runtime/lua
[10:54:06.001][info] [#0:script/workspace/loading.lua:100]: Preload file at: file:///home/yanfenggao/tools/nvim-linux64/share/nvim/runtime/lua/vim/vimhelp.lua , size = 2.286 KB
[10:54:06.002][info] [#0:script/workspace/loading.lua:112]: ++++As library of:	file:///home/yanfenggao/tools/nvim-linux64/share/nvim/runtime/lua
[10:54:06.002][info] [#0:script/workspace/loading.lua:100]: Preload file at: file:///home/yanfenggao/tools/nvim-linux64/share/nvim/runtime/lua/coxpcall.lua , size = 3.451 KB
[10:54:06.004][info] [#0:script/workspace/loading.lua:112]: ++++As library of:	file:///home/yanfenggao/tools/nvim-linux64/share/nvim/runtime/lua
[10:54:06.004][info] [#0:script/workspace/loading.lua:100]: Preload file at: file:///home/yanfenggao/.local/share/nvim/depends/nvim-ufo/doc/example.lua , size = 6.330 KB
[10:54:06.007][info] [#0:script/workspace/loading.lua:100]: Preload file at: file:///home/yanfenggao/tools/nvim-linux64/share/nvim/runtime/lua/tohtml.lua , size = 43.129 KB
[10:54:06.034][info] [#0:script/workspace/loading.lua:112]: ++++As library of:	file:///home/yanfenggao/tools/nvim-linux64/share/nvim/runtime/lua
[10:54:06.139][info] [#0:script/workspace/loading.lua:172]: Loaded files takes [1.445] sec: file:///home/yanfenggao/.local/share/nvim/depends/nvim-ufo
[10:54:06.139][info] [#0:script/workspace/loading.lua:181]: Compile files takes [0.000] sec: file:///home/yanfenggao/.local/share/nvim/depends/nvim-ufo
[10:54:06.139][info] [#0:script/workspace/loading.lua:182]: Loaded finish:	file:///home/yanfenggao/.local/share/nvim/depends/nvim-ufo
[10:54:06.139][info] [#0:script/workspace/workspace.lua:381]: Preload finish at:	file:///home/yanfenggao/.local/share/nvim/depends/nvim-ufo
[10:54:06.178][warn] [#0:script/proto/proto.lua:189]: Method [textDocument/didOpen] takes [1.593]sec. {
  jsonrpc = "2.0",
  method = "textDocument/didOpen",
  params = {
    textDocument = {
      languageId = "lua",
      text = '"***"',
      uri = "file:///home/yanfenggao/.local/share/nvim/depends/nvim-ufo/lua/ufo/highlight.lua",
      version = 0
    }
  }
}
[10:54:06.192][info] [#0:script/provider/diagnostic.lua:560]: Diagnostics scope [file:///home/yanfenggao/.local/share/nvim/depends/nvim-ufo], files count:[138]
[10:54:06.194][warn] [#0:script/proto/proto.lua:189]: Method [textDocument/documentHighlight] takes [1.536]sec. {
  id = 18,
  jsonrpc = "2.0",
  method = "textDocument/documentHighlight",
  params = {
    position = {
      character = 0,
      line = 59
    },
    textDocument = {
      uri = "file:///home/yanfenggao/.local/share/nvim/depends/nvim-ufo/lua/ufo/highlight.lua"
    }
  }
}
[10:54:06.226][warn] [#0:script/proto/proto.lua:189]: Method [textDocument/semanticTokens/full] takes [1.565]sec. {
  id = 16,
  jsonrpc = "2.0",
  method = "textDocument/semanticTokens/full",
  params = {
    textDocument = {
      uri = "file:///home/yanfenggao/.local/share/nvim/depends/nvim-ufo/lua/ufo/highlight.lua"
    }
  }
}
[10:54:06.252][warn] [#0:script/proto/proto.lua:189]: Method [textDocument/inlayHint] takes [1.576]sec. {
  id = 7,
  jsonrpc = "2.0",
  method = "textDocument/inlayHint",
  params = {
    range = {
      end = {
        character = 0,
        line = 116
      },
      start = {
        character = 0,
        line = 0
      }
    },
    textDocument = {
      uri = "file:///home/yanfenggao/.local/share/nvim/depends/nvim-ufo/lua/ufo/highlight.lua"
    }
  }
}
[10:54:06.252][warn] [#0:script/proto/proto.lua:189]: Method [textDocument/inlayHint] takes [1.576]sec. {
  id = 9,
  jsonrpc = "2.0",
  method = "textDocument/inlayHint",
  params = {
    range = {
      end = {
        character = 0,
        line = 116
      },
      start = {
        character = 0,
        line = 0
      }
    },
    textDocument = {
      uri = "file:///home/yanfenggao/.local/share/nvim/depends/nvim-ufo/lua/ufo/highlight.lua"
    }
  }
}
[10:54:06.253][warn] [#0:script/proto/proto.lua:189]: Method [textDocument/inlayHint] takes [1.576]sec. {
  id = 11,
  jsonrpc = "2.0",
  method = "textDocument/inlayHint",
  params = {
    range = {
      end = {
        character = 0,
        line = 116
      },
      start = {
        character = 0,
        line = 0
      }
    },
    textDocument = {
      uri = "file:///home/yanfenggao/.local/share/nvim/depends/nvim-ufo/lua/ufo/highlight.lua"
    }
  }
}
[10:54:06.253][warn] [#0:script/proto/proto.lua:189]: Method [textDocument/inlayHint] takes [1.576]sec. {
  id = 13,
  jsonrpc = "2.0",
  method = "textDocument/inlayHint",
  params = {
    range = {
      end = {
        character = 0,
        line = 116
      },
      start = {
        character = 0,
        line = 0
      }
    },
    textDocument = {
      uri = "file:///home/yanfenggao/.local/share/nvim/depends/nvim-ufo/lua/ufo/highlight.lua"
    }
  }
}
[10:54:06.253][warn] [#0:script/proto/proto.lua:189]: Method [textDocument/inlayHint] takes [1.576]sec. {
  id = 15,
  jsonrpc = "2.0",
  method = "textDocument/inlayHint",
  params = {
    range = {
      end = {
        character = 0,
        line = 116
      },
      start = {
        character = 0,
        line = 0
      }
    },
    textDocument = {
      uri = "file:///home/yanfenggao/.local/share/nvim/depends/nvim-ufo/lua/ufo/highlight.lua"
    }
  }
}
[10:54:06.253][warn] [#0:script/proto/proto.lua:189]: Method [textDocument/inlayHint] takes [1.576]sec. {
  id = 17,
  jsonrpc = "2.0",
  method = "textDocument/inlayHint",
  params = {
    range = {
      end = {
        character = 0,
        line = 116
      },
      start = {
        character = 0,
        line = 0
      }
    },
    textDocument = {
      uri = "file:///home/yanfenggao/.local/share/nvim/depends/nvim-ufo/lua/ufo/highlight.lua"
    }
  }
}
[10:54:06.261][warn] [#0:script/proto/proto.lua:189]: Method [textDocument/documentSymbol] takes [1.653]sec. {
  id = 5,
  jsonrpc = "2.0",
  method = "textDocument/documentSymbol",
  params = {
    textDocument = {
      uri = "file:///home/yanfenggao/.local/share/nvim/depends/nvim-ufo/lua/ufo/highlight.lua"
    }
  }
}
[10:54:06.264][warn] [#0:script/proto/proto.lua:189]: Method [textDocument/documentSymbol] takes [0.575]sec. {
  id = 19,
  jsonrpc = "2.0",
  method = "textDocument/documentSymbol",
  params = {
    textDocument = {
      uri = "file:///home/yanfenggao/.local/share/nvim/depends/nvim-ufo/lua/ufo/highlight.lua"
    }
  }
}
[10:54:06.412][info] [#0:script/provider/diagnostic.lua:577]: Diagnostics scope [file:///home/yanfenggao/.local/share/nvim/depends/nvim-ufo] finished, takes [0.138] sec.
[10:54:45.223][warn] [#0:script/pub/report.lua:24]: Load proto error:	Disconnected!
[11:02:20.719][info] [#0:script/service/service.lua:145]: 
========= Medical Examination Report =========
    --------------- Memory ---------------
        Total: 129.706 MB
        # 00 : 128.728 MB
        # 01 : 0.053 MB
        # 02 : 0.053 MB
        # 03 : 0.133 MB
        # 04 : 0.739 MB
    --------------- Coroutine ---------------
        Total:     52
        Running:   0
        Suspended: 0
        Normal:    0
        Dead:      52
    --------------- Cache ---------------
        Total: 1
        Dead:  0
    ---------------  RPC  ---------------
        Holdon:   0
        Waiting:  0
==============================================
[11:12:20.765][info] [#0:script/service/service.lua:145]: 
========= Medical Examination Report =========
    --------------- Memory ---------------
        Total: 129.711 MB
        # 00 : 128.732 MB
        # 01 : 0.053 MB
        # 02 : 0.053 MB
        # 03 : 0.133 MB
        # 04 : 0.739 MB
    --------------- Coroutine ---------------
        Total:     52
        Running:   0
        Suspended: 0
        Normal:    0
        Dead:      52
    --------------- Cache ---------------
        Total: 1
        Dead:  0
    ---------------  RPC  ---------------
        Holdon:   0
        Waiting:  0
==============================================
[11:22:20.811][info] [#0:script/service/service.lua:145]: 
========= Medical Examination Report =========
    --------------- Memory ---------------
        Total: 129.715 MB
        # 00 : 128.736 MB
        # 01 : 0.053 MB
        # 02 : 0.053 MB
        # 03 : 0.133 MB
        # 04 : 0.739 MB
    --------------- Coroutine ---------------
        Total:     52
        Running:   0
        Suspended: 0
        Normal:    0
        Dead:      52
    --------------- Cache ---------------
        Total: 1
        Dead:  0
    ---------------  RPC  ---------------
        Holdon:   0
        Waiting:  0
==============================================
[11:32:20.857][info] [#0:script/service/service.lua:145]: 
========= Medical Examination Report =========
    --------------- Memory ---------------
        Total: 129.718 MB
        # 00 : 128.740 MB
        # 01 : 0.053 MB
        # 02 : 0.053 MB
        # 03 : 0.133 MB
        # 04 : 0.739 MB
    --------------- Coroutine ---------------
        Total:     52
        Running:   0
        Suspended: 0
        Normal:    0
        Dead:      52
    --------------- Cache ---------------
        Total: 1
        Dead:  0
    ---------------  RPC  ---------------
        Holdon:   0
        Waiting:  0
==============================================
[11:42:20.903][info] [#0:script/service/service.lua:145]: 
========= Medical Examination Report =========
    --------------- Memory ---------------
        Total: 129.722 MB
        # 00 : 128.744 MB
        # 01 : 0.053 MB
        # 02 : 0.053 MB
        # 03 : 0.133 MB
        # 04 : 0.739 MB
    --------------- Coroutine ---------------
        Total:     52
        Running:   0
        Suspended: 0
        Normal:    0
        Dead:      52
    --------------- Cache ---------------
        Total: 1
        Dead:  0
    ---------------  RPC  ---------------
        Holdon:   0
        Waiting:  0
==============================================
[11:50:56.589][info] [#0:script/provider/provider.lua:173]: Server shutdown.
[11:50:56.689][warn] [#0:script/pub/report.lua:24]: Load proto error:	Disconnected!
